[begin]------------------------=
[2013/05/25 21:49:28] [articles_controller.rb: 1585]


categorize_new3_soci(a_tags)----------------------
File size=0------------------------=[end]

[begin]------------------------=
[2013/05/25 21:52:07] [articles_controller.rb: 1368]

number=3
File size=189------------------------=[end]

[begin]------------------------=
[2013/05/25 21:52:07] [C:/WORKS/WS/WS_Android~/NewsReader3/app/controllers/articles_controller.rb: 1388]
soci
File size=336------------------------=[end]

[begin]------------------------=
[2013/05/25 21:52:07] [articles_controller.rb: 39]
genre=soci
File size=529------------------------=[end]

[begin]------------------------=
[2013/05/25 21:52:08] [articles_controller.rb: 492]
vendor_list.size=0/a_tags_href.size=75
File size=674------------------------=[end]

[begin]------------------------=
[2013/05/25 21:52:08] [articles_controller.rb: 1585]


categorize_new3_soci(a_tags)----------------------
File size=848------------------------=[end]

[begin]------------------------=
[2013/05/25 21:53:14] [articles_controller.rb: 1368]

number=3
File size=1039------------------------=[end]

[begin]------------------------=
[2013/05/25 21:53:14] [C:/WORKS/WS/WS_Android~/NewsReader3/app/controllers/articles_controller.rb: 1388]
soci
File size=1187------------------------=[end]

[begin]------------------------=
[2013/05/25 21:53:14] [articles_controller.rb: 39]
genre=soci
File size=1381------------------------=[end]

[begin]------------------------=
[2013/05/25 21:53:15] [articles_controller.rb: 492]
vendor_list.size=0/a_tags_href.size=75
File size=1527------------------------=[end]

[begin]------------------------=
[2013/05/25 21:53:15] [articles_controller.rb: 1585]


categorize_new3_soci(a_tags)----------------------
File size=1702------------------------=[end]

[begin]------------------------=
[2013/05/29 07:47:03] [keywords_controller.rb: 96]
keyword.to_s: {"name"=>"米国", "category_id"=>"1"}
File size=1894------------------------=[end]

[begin]------------------------=
[2013/05/29 07:47:03] [keywords_controller.rb: 105]
keywords.size: 1
File size=2082------------------------=[end]

[begin]------------------------=
[2013/05/29 07:47:06] [articles_controller.rb: 1368]

number=3
File size=2235------------------------=[end]

[begin]------------------------=
[2013/05/29 07:47:06] [C:/WORKS/WS/WS_Android~/NewsReader3/app/controllers/articles_controller.rb: 1388]
soci
File size=2383------------------------=[end]

[begin]------------------------=
[2013/05/29 07:47:06] [articles_controller.rb: 39]
genre=soci
File size=2577------------------------=[end]

[begin]------------------------=
[2013/05/29 07:47:07] [articles_controller.rb: 492]
vendor_list.size=0/a_tags_href.size=75
File size=2723------------------------=[end]

[begin]------------------------=
[2013/05/29 07:47:07] [articles_controller.rb: 1585]


categorize_new3_soci(a_tags)----------------------
File size=2898------------------------=[end]

[begin]------------------------=
[2013/05/29 07:47:11] [articles_controller.rb: 1368]

number=3
File size=3090------------------------=[end]

[begin]------------------------=
[2013/05/29 07:47:11] [C:/WORKS/WS/WS_Android~/NewsReader3/app/controllers/articles_controller.rb: 1388]
int
File size=3238------------------------=[end]

[begin]------------------------=
[2013/05/29 07:47:11] [articles_controller.rb: 39]
genre=int
File size=3431------------------------=[end]

[begin]------------------------=
[2013/05/29 07:47:11] [articles_controller.rb: 140]
genre.name =>Overseas
File size=3576------------------------=[end]

[begin]------------------------=
[2013/05/29 07:47:11] [articles_controller.rb: 150]
genre != nil => Overseas
File size=3734------------------------=[end]

[begin]------------------------=
[2013/05/29 07:47:11] [articles_controller.rb: 159]
categories.size=1
File size=3895------------------------=[end]

[begin]------------------------=
[2013/05/29 07:47:11] [articles_controller.rb: 204]
category_names.size=2
File size=4049------------------------=[end]

[begin]------------------------=
[2013/05/29 07:47:11] [articles_controller.rb: 78]
@category_names.size=2
File size=4207------------------------=[end]

[begin]------------------------=
[2013/05/29 07:47:11] [articles_controller.rb: 1298]
category.name=US
File size=4365------------------------=[end]

[begin]------------------------=
[2013/05/29 07:47:11] [articles_controller.rb: 1307]
kws.size=1
File size=4519------------------------=[end]

[begin]------------------------=
[2013/05/29 07:47:12] [articles_controller.rb: 492]
vendor_list.size=0/a_tags_href.size=75
File size=4667------------------------=[end]

