[begin]------------------------=
[2013/05/29 09:39:49] [articles_controller.rb: 1669]
kw=米国
File size=0------------------------=[end]

[begin]------------------------=
[2013/05/29 09:39:49] [articles_controller.rb: 1669]
kw=米国
File size=144------------------------=[end]

[begin]------------------------=
[2013/05/29 09:39:49] [articles_controller.rb: 1669]
kw=米国
File size=290------------------------=[end]

[begin]------------------------=
[2013/05/29 09:39:49] [articles_controller.rb: 1669]
kw=米国
File size=436------------------------=[end]

[begin]------------------------=
[2013/05/29 09:39:49] [articles_controller.rb: 1669]
kw=米国
File size=582------------------------=[end]

[begin]------------------------=
[2013/05/29 09:39:49] [articles_controller.rb: 1669]
kw=米国
File size=728------------------------=[end]

[begin]------------------------=
[2013/05/29 09:39:49] [articles_controller.rb: 1669]
kw=米国
File size=874------------------------=[end]

[begin]------------------------=
[2013/05/29 09:39:49] [articles_controller.rb: 1669]
kw=米国
File size=1020------------------------=[end]

[begin]------------------------=
[2013/05/29 09:39:49] [articles_controller.rb: 1669]
kw=米国
File size=1167------------------------=[end]

[begin]------------------------=
[2013/05/29 09:39:49] [articles_controller.rb: 1669]
kw=米国
File size=1314------------------------=[end]

[begin]------------------------=
[2013/05/29 09:39:49] [articles_controller.rb: 1669]
kw=米国
File size=1461------------------------=[end]

[begin]------------------------=
[2013/05/29 09:39:49] [articles_controller.rb: 1669]
kw=米国
File size=1608------------------------=[end]

[begin]------------------------=
[2013/05/29 09:39:49] [articles_controller.rb: 1669]
kw=米国
File size=1755------------------------=[end]

[begin]------------------------=
[2013/05/29 09:39:49] [articles_controller.rb: 1669]
kw=米国
File size=1902------------------------=[end]

[begin]------------------------=
[2013/05/29 09:39:49] [articles_controller.rb: 1669]
kw=米国
File size=2049------------------------=[end]

[begin]------------------------=
[2013/05/29 09:39:49] [articles_controller.rb: 1669]
kw=米国
File size=2196------------------------=[end]

[begin]------------------------=
[2013/05/29 09:39:49] [articles_controller.rb: 1669]
kw=米国
File size=2343------------------------=[end]

[begin]------------------------=
[2013/05/29 09:39:49] [articles_controller.rb: 1669]
kw=米国
File size=2490------------------------=[end]

[begin]------------------------=
[2013/05/29 09:39:49] [articles_controller.rb: 1669]
kw=米国
File size=2637------------------------=[end]

[begin]------------------------=
[2013/05/29 09:39:49] [articles_controller.rb: 1669]
kw=米国
File size=2784------------------------=[end]

[begin]------------------------=
[2013/05/29 09:39:49] [articles_controller.rb: 1669]
kw=米国
File size=2931------------------------=[end]

[begin]------------------------=
[2013/05/29 09:39:49] [articles_controller.rb: 1669]
kw=米国
File size=3078------------------------=[end]

[begin]------------------------=
[2013/05/29 09:39:49] [articles_controller.rb: 1669]
kw=米国
File size=3225------------------------=[end]

[begin]------------------------=
[2013/05/29 09:39:49] [articles_controller.rb: 1669]
kw=米国
File size=3372------------------------=[end]

[begin]------------------------=
[2013/05/29 09:39:49] [articles_controller.rb: 1669]
kw=米国
File size=3519------------------------=[end]

[begin]------------------------=
[2013/05/29 09:39:49] [articles_controller.rb: 1669]
kw=米国
File size=3666------------------------=[end]

[begin]------------------------=
[2013/05/29 09:39:49] [articles_controller.rb: 1669]
kw=米国
File size=3813------------------------=[end]

[begin]------------------------=
[2013/05/29 09:39:49] [articles_controller.rb: 1669]
kw=米国
File size=3960------------------------=[end]

[begin]------------------------=
[2013/05/29 09:39:49] [articles_controller.rb: 1669]
kw=米国
File size=4107------------------------=[end]

[begin]------------------------=
[2013/05/29 09:39:49] [articles_controller.rb: 1669]
kw=米国
File size=4254------------------------=[end]

[begin]------------------------=
[2013/05/29 09:39:49] [articles_controller.rb: 1669]
kw=米国
File size=4401------------------------=[end]

[begin]------------------------=
[2013/05/29 09:39:49] [articles_controller.rb: 1669]
kw=米国
File size=4548------------------------=[end]

[begin]------------------------=
[2013/05/29 09:39:49] [articles_controller.rb: 1669]
kw=米国
File size=4695------------------------=[end]

[begin]------------------------=
[2013/05/29 09:39:49] [articles_controller.rb: 1669]
kw=米国
File size=4842------------------------=[end]

[begin]------------------------=
[2013/05/29 09:39:49] [articles_controller.rb: 1669]
kw=米国
File size=4989------------------------=[end]

[begin]------------------------=
[2013/05/29 09:39:49] [articles_controller.rb: 1669]
kw=米国
File size=5136------------------------=[end]

[begin]------------------------=
[2013/05/29 09:39:49] [articles_controller.rb: 1669]
kw=米国
File size=5283------------------------=[end]

[begin]------------------------=
[2013/05/29 09:39:49] [articles_controller.rb: 1669]
kw=米国
File size=5430------------------------=[end]

[begin]------------------------=
[2013/05/29 09:39:49] [articles_controller.rb: 1669]
kw=米国
File size=5577------------------------=[end]

[begin]------------------------=
[2013/05/29 09:39:49] [articles_controller.rb: 1669]
kw=米国
File size=5724------------------------=[end]

[begin]------------------------=
[2013/05/29 09:39:49] [articles_controller.rb: 1669]
kw=米国
File size=5871------------------------=[end]

[begin]------------------------=
[2013/05/29 09:42:09] [keywords_controller.rb: 96]
keyword.to_s: {"name"=>"米", "category_id"=>"1"}
File size=6018------------------------=[end]

[begin]------------------------=
[2013/05/29 09:42:09] [keywords_controller.rb: 105]
keywords.size: 1
File size=6203------------------------=[end]

[begin]------------------------=
[2013/05/29 09:42:12] [articles_controller.rb: 1368]

number=3
File size=6356------------------------=[end]

[begin]------------------------=
[2013/05/29 09:42:12] [C:/WORKS/WS/WS_Android~/NewsReader3/app/controllers/articles_controller.rb: 1388]
int
File size=6504------------------------=[end]

[begin]------------------------=
[2013/05/29 09:42:12] [articles_controller.rb: 39]
genre=int
File size=6697------------------------=[end]

[begin]------------------------=
[2013/05/29 09:42:12] [articles_controller.rb: 140]
genre.name =>Overseas
File size=6842------------------------=[end]

[begin]------------------------=
[2013/05/29 09:42:12] [articles_controller.rb: 150]
genre != nil => Overseas
File size=7000------------------------=[end]

[begin]------------------------=
[2013/05/29 09:42:12] [articles_controller.rb: 159]
categories.size=1
File size=7161------------------------=[end]

[begin]------------------------=
[2013/05/29 09:42:12] [articles_controller.rb: 204]
category_names.size=2
File size=7315------------------------=[end]

[begin]------------------------=
[2013/05/29 09:42:12] [articles_controller.rb: 78]
@category_names.size=2
File size=7473------------------------=[end]

[begin]------------------------=
[2013/05/29 09:42:12] [articles_controller.rb: 1298]
category.name=US
File size=7631------------------------=[end]

[begin]------------------------=
[2013/05/29 09:42:12] [articles_controller.rb: 1307]
kws.size=2
File size=7785------------------------=[end]

[begin]------------------------=
[2013/05/29 09:42:13] [articles_controller.rb: 492]
vendor_list.size=0/a_tags_href.size=75
File size=7933------------------------=[end]

[begin]------------------------=
[2013/05/29 09:42:13] [articles_controller.rb: 1650]
keywords.length=2
File size=8108------------------------=[end]

[begin]------------------------=
[2013/05/29 09:42:13] [articles_controller.rb: 1669]
kw=米国
File size=8263------------------------=[end]

[begin]------------------------=
[2013/05/29 09:42:13] [articles_controller.rb: 1669]
kw=米
File size=8410------------------------=[end]

[begin]------------------------=
[2013/05/29 09:42:13] [articles_controller.rb: 1669]
kw=米国
File size=8554------------------------=[end]

[begin]------------------------=
[2013/05/29 09:42:13] [articles_controller.rb: 1669]
kw=米
File size=8701------------------------=[end]

[begin]------------------------=
[2013/05/29 09:42:13] [articles_controller.rb: 1669]
kw=米国
File size=8845------------------------=[end]

[begin]------------------------=
[2013/05/29 09:42:13] [articles_controller.rb: 1669]
kw=米
File size=8992------------------------=[end]

[begin]------------------------=
[2013/05/29 09:42:13] [articles_controller.rb: 1669]
kw=米国
File size=9136------------------------=[end]

[begin]------------------------=
[2013/05/29 09:42:13] [articles_controller.rb: 1669]
kw=米
File size=9283------------------------=[end]

[begin]------------------------=
[2013/05/29 09:42:13] [articles_controller.rb: 1669]
kw=米国
File size=9427------------------------=[end]

[begin]------------------------=
[2013/05/29 09:42:13] [articles_controller.rb: 1669]
kw=米
File size=9574------------------------=[end]

[begin]------------------------=
[2013/05/29 09:42:13] [articles_controller.rb: 1669]
kw=米国
File size=9718------------------------=[end]

[begin]------------------------=
[2013/05/29 09:42:13] [articles_controller.rb: 1669]
kw=米
File size=9865------------------------=[end]

[begin]------------------------=
[2013/05/29 09:42:13] [articles_controller.rb: 1669]
kw=米国
File size=10009------------------------=[end]

[begin]------------------------=
[2013/05/29 09:42:13] [articles_controller.rb: 1669]
kw=米
File size=10157------------------------=[end]

[begin]------------------------=
[2013/05/29 09:42:13] [articles_controller.rb: 1669]
kw=米国
File size=10302------------------------=[end]

[begin]------------------------=
[2013/05/29 09:42:13] [articles_controller.rb: 1669]
kw=米
File size=10450------------------------=[end]

[begin]------------------------=
[2013/05/29 09:42:13] [articles_controller.rb: 1669]
kw=米国
File size=10595------------------------=[end]

[begin]------------------------=
[2013/05/29 09:42:13] [articles_controller.rb: 1669]
kw=米
File size=10743------------------------=[end]

[begin]------------------------=
[2013/05/29 09:42:13] [articles_controller.rb: 1669]
kw=米国
File size=10888------------------------=[end]

[begin]------------------------=
[2013/05/29 09:42:13] [articles_controller.rb: 1669]
kw=米国
File size=11036------------------------=[end]

[begin]------------------------=
[2013/05/29 09:42:13] [articles_controller.rb: 1669]
kw=米
File size=11184------------------------=[end]

[begin]------------------------=
[2013/05/29 09:42:13] [articles_controller.rb: 1669]
kw=米国
File size=11329------------------------=[end]

[begin]------------------------=
[2013/05/29 09:42:13] [articles_controller.rb: 1669]
kw=米
File size=11477------------------------=[end]

[begin]------------------------=
[2013/05/29 09:42:13] [articles_controller.rb: 1669]
kw=米国
File size=11622------------------------=[end]

[begin]------------------------=
[2013/05/29 09:42:13] [articles_controller.rb: 1669]
kw=米
File size=11770------------------------=[end]

[begin]------------------------=
[2013/05/29 09:42:13] [articles_controller.rb: 1669]
kw=米国
File size=11915------------------------=[end]

[begin]------------------------=
[2013/05/29 09:42:13] [articles_controller.rb: 1669]
kw=米国
File size=12063------------------------=[end]

[begin]------------------------=
[2013/05/29 09:42:13] [articles_controller.rb: 1669]
kw=米
File size=12211------------------------=[end]

[begin]------------------------=
[2013/05/29 09:42:13] [articles_controller.rb: 1669]
kw=米国
File size=12356------------------------=[end]

[begin]------------------------=
[2013/05/29 09:42:13] [articles_controller.rb: 1669]
kw=米
File size=12504------------------------=[end]

[begin]------------------------=
[2013/05/29 09:42:13] [articles_controller.rb: 1669]
kw=米国
File size=12649------------------------=[end]

[begin]------------------------=
[2013/05/29 09:42:13] [articles_controller.rb: 1669]
kw=米
File size=12797------------------------=[end]

[begin]------------------------=
[2013/05/29 09:42:13] [articles_controller.rb: 1669]
kw=米国
File size=12942------------------------=[end]

[begin]------------------------=
[2013/05/29 09:42:13] [articles_controller.rb: 1669]
kw=米
File size=13090------------------------=[end]

[begin]------------------------=
[2013/05/29 09:42:13] [articles_controller.rb: 1669]
kw=米国
File size=13235------------------------=[end]

[begin]------------------------=
[2013/05/29 09:42:13] [articles_controller.rb: 1669]
kw=米
File size=13383------------------------=[end]

[begin]------------------------=
[2013/05/29 09:42:13] [articles_controller.rb: 1669]
kw=米国
File size=13528------------------------=[end]

[begin]------------------------=
[2013/05/29 09:42:13] [articles_controller.rb: 1669]
kw=米
File size=13676------------------------=[end]

[begin]------------------------=
[2013/05/29 09:42:13] [articles_controller.rb: 1669]
kw=米国
File size=13821------------------------=[end]

[begin]------------------------=
[2013/05/29 09:42:13] [articles_controller.rb: 1669]
kw=米
File size=13969------------------------=[end]

[begin]------------------------=
[2013/05/29 09:42:13] [articles_controller.rb: 1669]
kw=米国
File size=14114------------------------=[end]

[begin]------------------------=
[2013/05/29 09:42:13] [articles_controller.rb: 1669]
kw=米
File size=14262------------------------=[end]

[begin]------------------------=
[2013/05/29 09:42:13] [articles_controller.rb: 1669]
kw=米国
File size=14407------------------------=[end]

[begin]------------------------=
[2013/05/29 09:42:13] [articles_controller.rb: 1669]
kw=米
File size=14555------------------------=[end]

[begin]------------------------=
[2013/05/29 09:42:13] [articles_controller.rb: 1669]
kw=米国
File size=14700------------------------=[end]

[begin]------------------------=
[2013/05/29 09:42:13] [articles_controller.rb: 1669]
kw=米
File size=14848------------------------=[end]

[begin]------------------------=
[2013/05/29 09:42:13] [articles_controller.rb: 1669]
kw=米国
File size=14993------------------------=[end]

[begin]------------------------=
[2013/05/29 09:42:13] [articles_controller.rb: 1669]
kw=米
File size=15141------------------------=[end]

[begin]------------------------=
[2013/05/29 09:42:13] [articles_controller.rb: 1669]
kw=米国
File size=15286------------------------=[end]

[begin]------------------------=
[2013/05/29 09:42:13] [articles_controller.rb: 1669]
kw=米
File size=15434------------------------=[end]

[begin]------------------------=
[2013/05/29 09:42:13] [articles_controller.rb: 1669]
kw=米国
File size=15579------------------------=[end]

[begin]------------------------=
[2013/05/29 09:42:13] [articles_controller.rb: 1669]
kw=米
File size=15727------------------------=[end]

[begin]------------------------=
[2013/05/29 09:42:13] [articles_controller.rb: 1669]
kw=米国
File size=15872------------------------=[end]

[begin]------------------------=
[2013/05/29 09:42:13] [articles_controller.rb: 1669]
kw=米
File size=16020------------------------=[end]

[begin]------------------------=
[2013/05/29 09:42:13] [articles_controller.rb: 1669]
kw=米国
File size=16165------------------------=[end]

[begin]------------------------=
[2013/05/29 09:42:13] [articles_controller.rb: 1669]
kw=米
File size=16313------------------------=[end]

[begin]------------------------=
[2013/05/29 09:42:13] [articles_controller.rb: 1669]
kw=米国
File size=16458------------------------=[end]

[begin]------------------------=
[2013/05/29 09:42:13] [articles_controller.rb: 1669]
kw=米
File size=16606------------------------=[end]

[begin]------------------------=
[2013/05/29 09:42:13] [articles_controller.rb: 1669]
kw=米国
File size=16751------------------------=[end]

[begin]------------------------=
[2013/05/29 09:42:13] [articles_controller.rb: 1669]
kw=米
File size=16899------------------------=[end]

[begin]------------------------=
[2013/05/29 09:42:13] [articles_controller.rb: 1669]
kw=米国
File size=17044------------------------=[end]

[begin]------------------------=
[2013/05/29 09:42:13] [articles_controller.rb: 1669]
kw=米
File size=17192------------------------=[end]

[begin]------------------------=
[2013/05/29 09:42:13] [articles_controller.rb: 1669]
kw=米国
File size=17337------------------------=[end]

[begin]------------------------=
[2013/05/29 09:42:13] [articles_controller.rb: 1669]
kw=米
File size=17485------------------------=[end]

[begin]------------------------=
[2013/05/29 09:42:13] [articles_controller.rb: 1669]
kw=米国
File size=17630------------------------=[end]

[begin]------------------------=
[2013/05/29 09:42:13] [articles_controller.rb: 1669]
kw=米
File size=17778------------------------=[end]

[begin]------------------------=
[2013/05/29 09:42:13] [articles_controller.rb: 1669]
kw=米国
File size=17923------------------------=[end]

[begin]------------------------=
[2013/05/29 09:42:13] [articles_controller.rb: 1669]
kw=米
File size=18071------------------------=[end]

[begin]------------------------=
[2013/05/29 09:42:13] [articles_controller.rb: 1669]
kw=米国
File size=18216------------------------=[end]

[begin]------------------------=
[2013/05/29 09:42:13] [articles_controller.rb: 1669]
kw=米
File size=18364------------------------=[end]

[begin]------------------------=
[2013/05/29 09:42:13] [articles_controller.rb: 1669]
kw=米国
File size=18509------------------------=[end]

[begin]------------------------=
[2013/05/29 09:42:13] [articles_controller.rb: 1669]
kw=米
File size=18657------------------------=[end]

[begin]------------------------=
[2013/05/29 09:42:13] [articles_controller.rb: 1669]
kw=米国
File size=18802------------------------=[end]

[begin]------------------------=
[2013/05/29 09:42:13] [articles_controller.rb: 1669]
kw=米
File size=18950------------------------=[end]

[begin]------------------------=
[2013/05/29 09:42:13] [articles_controller.rb: 1669]
kw=米国
File size=19095------------------------=[end]

[begin]------------------------=
[2013/05/29 09:42:13] [articles_controller.rb: 1669]
kw=米
File size=19243------------------------=[end]

[begin]------------------------=
[2013/05/29 09:42:13] [articles_controller.rb: 1669]
kw=米国
File size=19388------------------------=[end]

[begin]------------------------=
[2013/05/29 09:42:13] [articles_controller.rb: 1669]
kw=米
File size=19536------------------------=[end]

[begin]------------------------=
[2013/05/29 09:42:13] [articles_controller.rb: 1669]
kw=米国
File size=19681------------------------=[end]

[begin]------------------------=
[2013/05/29 09:42:13] [articles_controller.rb: 1669]
kw=米
File size=19829------------------------=[end]

[begin]------------------------=
[2013/05/29 09:42:13] [articles_controller.rb: 1669]
kw=米国
File size=19974------------------------=[end]

