[begin]------------------------=
[2013/05/29 09:11:03] [articles_controller.rb: 1576]
word=ソニー
File size=0------------------------=[end]

[begin]------------------------=
[2013/05/29 09:11:03] [articles_controller.rb: 1576]
word=パナソニック
File size=149------------------------=[end]

[begin]------------------------=
[2013/05/29 09:11:03] [articles_controller.rb: 1576]
word=松下
File size=309------------------------=[end]

[begin]------------------------=
[2013/05/29 09:11:03] [articles_controller.rb: 1576]
word=シャープ
File size=457------------------------=[end]

[begin]------------------------=
[2013/05/29 09:11:03] [articles_controller.rb: 1576]
word=東芝
File size=611------------------------=[end]

[begin]------------------------=
[2013/05/29 09:11:03] [articles_controller.rb: 1576]
word=三菱電
File size=759------------------------=[end]

[begin]------------------------=
[2013/05/29 09:11:03] [articles_controller.rb: 1576]
word=セイコー
File size=910------------------------=[end]

[begin]------------------------=
[2013/05/29 09:11:03] [articles_controller.rb: 1576]
word=ガソリン
File size=1064------------------------=[end]

[begin]------------------------=
[2013/05/29 09:11:03] [articles_controller.rb: 1576]
word=ソーラー
File size=1219------------------------=[end]

[begin]------------------------=
[2013/05/29 09:11:03] [articles_controller.rb: 1576]
word=原油
File size=1374------------------------=[end]

[begin]------------------------=
[2013/05/29 09:11:03] [articles_controller.rb: 1576]
word=原発
File size=1523------------------------=[end]

[begin]------------------------=
[2013/05/29 09:11:03] [articles_controller.rb: 1576]
word=石油
File size=1672------------------------=[end]

[begin]------------------------=
[2013/05/29 09:11:03] [articles_controller.rb: 1576]
word=エネルギー
File size=1821------------------------=[end]

[begin]------------------------=
[2013/05/29 09:11:03] [articles_controller.rb: 1576]
word=発電
File size=1979------------------------=[end]

[begin]------------------------=
[2013/05/29 09:11:03] [articles_controller.rb: 1576]
word=火力
File size=2128------------------------=[end]

[begin]------------------------=
[2013/05/29 09:11:03] [articles_controller.rb: 1576]
word=証券
File size=2277------------------------=[end]

[begin]------------------------=
[2013/05/29 09:11:03] [articles_controller.rb: 1576]
word=相場
File size=2426------------------------=[end]

[begin]------------------------=
[2013/05/29 09:11:03] [articles_controller.rb: 1576]
word=円
File size=2575------------------------=[end]

[begin]------------------------=
[2013/05/29 09:11:03] [articles_controller.rb: 1576]
word=日経平均
File size=2721------------------------=[end]

[begin]------------------------=
[2013/05/29 09:11:03] [articles_controller.rb: 1576]
word=ＥＵＲＩＢＯＲ
File size=2876------------------------=[end]

[begin]------------------------=
[2013/05/29 09:11:03] [articles_controller.rb: 1576]
word=米国
File size=3040------------------------=[end]

[begin]------------------------=
[2013/05/29 09:11:03] [articles_controller.rb: 1576]
word=米
File size=3189------------------------=[end]

[begin]------------------------=
[2013/05/29 09:11:03] [articles_controller.rb: 1576]
word=アメリカ
File size=3335------------------------=[end]

[begin]------------------------=
[2013/05/29 09:11:03] [articles_controller.rb: 1576]
word=中国
File size=3490------------------------=[end]

[begin]------------------------=
[2013/05/29 09:11:03] [articles_controller.rb: 1576]
word=中
File size=3639------------------------=[end]

[begin]------------------------=
[2013/05/29 09:11:03] [articles_controller.rb: 1576]
word=ヨーロッパ
File size=3785------------------------=[end]

[begin]------------------------=
[2013/05/29 09:11:03] [articles_controller.rb: 1576]
word=欧州
File size=3943------------------------=[end]

[begin]------------------------=
[2013/05/29 09:11:03] [articles_controller.rb: 1576]
word=欧
File size=4092------------------------=[end]

[begin]------------------------=
[2013/05/29 09:11:03] [articles_controller.rb: 1576]
word=EURIBOR
File size=4238------------------------=[end]

[begin]------------------------=
[2013/05/29 09:11:03] [articles_controller.rb: 1576]
word=EURO
File size=4388------------------------=[end]

[begin]------------------------=
[2013/05/29 09:11:03] [articles_controller.rb: 1576]
word=ユーロ
File size=4535------------------------=[end]

[begin]------------------------=
[2013/05/29 09:11:03] [articles_controller.rb: 1576]
word=ロシア
File size=4687------------------------=[end]

[begin]------------------------=
[2013/05/29 09:11:03] [articles_controller.rb: 1576]
word=東欧
File size=4839------------------------=[end]

[begin]------------------------=
[2013/05/29 09:11:03] [articles_controller.rb: 1576]
word=ポーランド
File size=4988------------------------=[end]

[begin]------------------------=
[2013/05/29 09:11:03] [articles_controller.rb: 1576]
word=イギリス
File size=5146------------------------=[end]

[begin]------------------------=
[2013/05/29 09:11:03] [articles_controller.rb: 1576]
word=フランス
File size=5301------------------------=[end]

[begin]------------------------=
[2013/05/29 09:11:03] [articles_controller.rb: 1576]
word=ドイツ
File size=5456------------------------=[end]

[begin]------------------------=
[2013/05/29 09:11:03] [articles_controller.rb: 1576]
word=スペイン
File size=5608------------------------=[end]

[begin]------------------------=
[2013/05/29 09:11:03] [articles_controller.rb: 1576]
word=イタリア
File size=5763------------------------=[end]

[begin]------------------------=
[2013/05/29 09:11:03] [articles_controller.rb: 1576]
word=伊
File size=5918------------------------=[end]

[begin]------------------------=
[2013/05/29 09:11:03] [articles_controller.rb: 1576]
word=ポルトガル
File size=6064------------------------=[end]

[begin]------------------------=
[2013/05/29 09:11:03] [articles_controller.rb: 1576]
word=韓国
File size=6222------------------------=[end]

[begin]------------------------=
[2013/05/29 09:11:03] [articles_controller.rb: 1576]
word=韓
File size=6371------------------------=[end]

[begin]------------------------=
[2013/05/29 09:11:03] [articles_controller.rb: 1576]
word=朝鮮
File size=6517------------------------=[end]

[begin]------------------------=
[2013/05/29 09:11:03] [articles_controller.rb: 1576]
word=サムスン
File size=6666------------------------=[end]

[begin]------------------------=
[2013/05/29 09:11:03] [articles_controller.rb: 1576]
word=現代
File size=6821------------------------=[end]

[begin]------------------------=
[2013/05/29 09:11:03] [articles_controller.rb: 1576]
word=イラン
File size=6970------------------------=[end]

[begin]------------------------=
[2013/05/29 09:11:03] [articles_controller.rb: 1576]
word=シリア
File size=7122------------------------=[end]

[begin]------------------------=
[2013/05/29 09:11:03] [articles_controller.rb: 1576]
word=イラク
File size=7274------------------------=[end]

[begin]------------------------=
[2013/05/29 09:11:03] [articles_controller.rb: 1576]
word=自動車
File size=7426------------------------=[end]

[begin]------------------------=
[2013/05/29 09:11:03] [articles_controller.rb: 1576]
word=乗用車
File size=7578------------------------=[end]

[begin]------------------------=
[2013/05/29 09:11:03] [articles_controller.rb: 1576]
word=日産
File size=7730------------------------=[end]

[begin]------------------------=
[2013/05/29 09:11:03] [articles_controller.rb: 1576]
word=日野
File size=7879------------------------=[end]

[begin]------------------------=
[2013/05/29 09:11:03] [articles_controller.rb: 1576]
word=三菱自
File size=8028------------------------=[end]

[begin]------------------------=
[2013/05/29 09:11:03] [articles_controller.rb: 1576]
word=トヨタ
File size=8180------------------------=[end]

[begin]------------------------=
[2013/05/29 09:11:03] [articles_controller.rb: 1576]
word=ダイハツ
File size=8332------------------------=[end]

[begin]------------------------=
[2013/05/29 09:11:03] [articles_controller.rb: 1576]
word=ホンダ
File size=8487------------------------=[end]

[begin]------------------------=
[2013/05/29 09:11:03] [articles_controller.rb: 1576]
word=マツダ
File size=8639------------------------=[end]

[begin]------------------------=
[2013/05/29 09:11:03] [articles_controller.rb: 1576]
word=ＢＭＷ
File size=8791------------------------=[end]

[begin]------------------------=
[2013/05/29 09:11:03] [articles_controller.rb: 1576]
word=BMW
File size=8943------------------------=[end]

[begin]------------------------=
[2013/05/29 09:11:03] [articles_controller.rb: 1576]
word=ベンツ
File size=9089------------------------=[end]

[begin]------------------------=
[2013/05/29 09:11:03] [articles_controller.rb: 1576]
word=ソニー
File size=9241------------------------=[end]

[begin]------------------------=
[2013/05/29 09:11:03] [articles_controller.rb: 1576]
word=パナソニック
File size=9393------------------------=[end]

[begin]------------------------=
[2013/05/29 09:11:03] [articles_controller.rb: 1576]
word=松下
File size=9554------------------------=[end]

[begin]------------------------=
[2013/05/29 09:11:03] [articles_controller.rb: 1576]
word=シャープ
File size=9703------------------------=[end]

[begin]------------------------=
[2013/05/29 09:11:03] [articles_controller.rb: 1576]
word=東芝
File size=9858------------------------=[end]

[begin]------------------------=
[2013/05/29 09:11:03] [articles_controller.rb: 1576]
word=三菱電
File size=10007------------------------=[end]

[begin]------------------------=
[2013/05/29 09:11:03] [articles_controller.rb: 1576]
word=セイコー
File size=10160------------------------=[end]

[begin]------------------------=
[2013/05/29 09:11:03] [articles_controller.rb: 1576]
word=ガソリン
File size=10316------------------------=[end]

[begin]------------------------=
[2013/05/29 09:11:03] [articles_controller.rb: 1576]
word=ソーラー
File size=10472------------------------=[end]

[begin]------------------------=
[2013/05/29 09:11:03] [articles_controller.rb: 1576]
word=原油
File size=10628------------------------=[end]

[begin]------------------------=
[2013/05/29 09:11:03] [articles_controller.rb: 1576]
word=原発
File size=10778------------------------=[end]

[begin]------------------------=
[2013/05/29 09:11:03] [articles_controller.rb: 1576]
word=石油
File size=10928------------------------=[end]

[begin]------------------------=
[2013/05/29 09:11:03] [articles_controller.rb: 1576]
word=エネルギー
File size=11078------------------------=[end]

[begin]------------------------=
[2013/05/29 09:11:03] [articles_controller.rb: 1576]
word=発電
File size=11237------------------------=[end]

[begin]------------------------=
[2013/05/29 09:11:03] [articles_controller.rb: 1576]
word=火力
File size=11387------------------------=[end]

[begin]------------------------=
[2013/05/29 09:11:03] [articles_controller.rb: 1576]
word=証券
File size=11537------------------------=[end]

[begin]------------------------=
[2013/05/29 09:11:03] [articles_controller.rb: 1576]
word=相場
File size=11687------------------------=[end]

[begin]------------------------=
[2013/05/29 09:11:03] [articles_controller.rb: 1576]
word=円
File size=11837------------------------=[end]

[begin]------------------------=
[2013/05/29 09:11:03] [articles_controller.rb: 1576]
word=日経平均
File size=11984------------------------=[end]

[begin]------------------------=
[2013/05/29 09:11:03] [articles_controller.rb: 1576]
word=ＥＵＲＩＢＯＲ
File size=12140------------------------=[end]

[begin]------------------------=
[2013/05/29 09:11:03] [articles_controller.rb: 1576]
word=米国
File size=12305------------------------=[end]

[begin]------------------------=
[2013/05/29 09:11:03] [articles_controller.rb: 1576]
word=米
File size=12455------------------------=[end]

[begin]------------------------=
[2013/05/29 09:11:03] [articles_controller.rb: 1576]
word=アメリカ
File size=12602------------------------=[end]

[begin]------------------------=
[2013/05/29 09:11:03] [articles_controller.rb: 1576]
word=中国
File size=12758------------------------=[end]

[begin]------------------------=
[2013/05/29 09:11:03] [articles_controller.rb: 1576]
word=中
File size=12908------------------------=[end]

[begin]------------------------=
[2013/05/29 09:11:03] [articles_controller.rb: 1576]
word=ヨーロッパ
File size=13055------------------------=[end]

[begin]------------------------=
[2013/05/29 09:11:03] [articles_controller.rb: 1576]
word=欧州
File size=13214------------------------=[end]

[begin]------------------------=
[2013/05/29 09:11:03] [articles_controller.rb: 1576]
word=欧
File size=13364------------------------=[end]

[begin]------------------------=
[2013/05/29 09:11:03] [articles_controller.rb: 1576]
word=EURIBOR
File size=13511------------------------=[end]

[begin]------------------------=
[2013/05/29 09:11:03] [articles_controller.rb: 1576]
word=EURO
File size=13662------------------------=[end]

[begin]------------------------=
[2013/05/29 09:11:03] [articles_controller.rb: 1576]
word=ユーロ
File size=13810------------------------=[end]

[begin]------------------------=
[2013/05/29 09:11:03] [articles_controller.rb: 1576]
word=ロシア
File size=13963------------------------=[end]

[begin]------------------------=
[2013/05/29 09:11:03] [articles_controller.rb: 1576]
word=東欧
File size=14116------------------------=[end]

[begin]------------------------=
[2013/05/29 09:11:03] [articles_controller.rb: 1576]
word=ポーランド
File size=14266------------------------=[end]

[begin]------------------------=
[2013/05/29 09:11:03] [articles_controller.rb: 1576]
word=イギリス
File size=14425------------------------=[end]

[begin]------------------------=
[2013/05/29 09:11:03] [articles_controller.rb: 1576]
word=フランス
File size=14581------------------------=[end]

[begin]------------------------=
[2013/05/29 09:11:03] [articles_controller.rb: 1576]
word=ドイツ
File size=14737------------------------=[end]

[begin]------------------------=
[2013/05/29 09:11:03] [articles_controller.rb: 1576]
word=スペイン
File size=14890------------------------=[end]

[begin]------------------------=
[2013/05/29 09:11:03] [articles_controller.rb: 1576]
word=イタリア
File size=15046------------------------=[end]

[begin]------------------------=
[2013/05/29 09:11:03] [articles_controller.rb: 1576]
word=伊
File size=15202------------------------=[end]

[begin]------------------------=
[2013/05/29 09:11:03] [articles_controller.rb: 1576]
word=ポルトガル
File size=15349------------------------=[end]

[begin]------------------------=
[2013/05/29 09:11:03] [articles_controller.rb: 1576]
word=韓国
File size=15508------------------------=[end]

[begin]------------------------=
[2013/05/29 09:11:03] [articles_controller.rb: 1576]
word=韓
File size=15658------------------------=[end]

[begin]------------------------=
[2013/05/29 09:11:03] [articles_controller.rb: 1576]
word=朝鮮
File size=15805------------------------=[end]

[begin]------------------------=
[2013/05/29 09:11:03] [articles_controller.rb: 1576]
word=サムスン
File size=15955------------------------=[end]

[begin]------------------------=
[2013/05/29 09:11:03] [articles_controller.rb: 1576]
word=現代
File size=16111------------------------=[end]

[begin]------------------------=
[2013/05/29 09:11:03] [articles_controller.rb: 1576]
word=イラン
File size=16261------------------------=[end]

[begin]------------------------=
[2013/05/29 09:11:03] [articles_controller.rb: 1576]
word=シリア
File size=16414------------------------=[end]

[begin]------------------------=
[2013/05/29 09:11:03] [articles_controller.rb: 1576]
word=イラク
File size=16567------------------------=[end]

[begin]------------------------=
[2013/05/29 09:11:03] [articles_controller.rb: 1576]
word=自動車
File size=16720------------------------=[end]

[begin]------------------------=
[2013/05/29 09:11:03] [articles_controller.rb: 1576]
word=乗用車
File size=16873------------------------=[end]

[begin]------------------------=
[2013/05/29 09:11:03] [articles_controller.rb: 1576]
word=日産
File size=17026------------------------=[end]

[begin]------------------------=
[2013/05/29 09:11:03] [articles_controller.rb: 1576]
word=日野
File size=17176------------------------=[end]

[begin]------------------------=
[2013/05/29 09:11:03] [articles_controller.rb: 1576]
word=三菱自
File size=17326------------------------=[end]

[begin]------------------------=
[2013/05/29 09:11:03] [articles_controller.rb: 1576]
word=トヨタ
File size=17479------------------------=[end]

[begin]------------------------=
[2013/05/29 09:11:03] [articles_controller.rb: 1576]
word=ダイハツ
File size=17632------------------------=[end]

[begin]------------------------=
[2013/05/29 09:11:03] [articles_controller.rb: 1576]
word=ホンダ
File size=17788------------------------=[end]

[begin]------------------------=
[2013/05/29 09:11:03] [articles_controller.rb: 1576]
word=マツダ
File size=17941------------------------=[end]

[begin]------------------------=
[2013/05/29 09:11:03] [articles_controller.rb: 1576]
word=ＢＭＷ
File size=18094------------------------=[end]

[begin]------------------------=
[2013/05/29 09:11:03] [articles_controller.rb: 1576]
word=BMW
File size=18247------------------------=[end]

[begin]------------------------=
[2013/05/29 09:11:03] [articles_controller.rb: 1576]
word=ベンツ
File size=18394------------------------=[end]

[begin]------------------------=
[2013/05/29 09:11:03] [articles_controller.rb: 1576]
word=ソニー
File size=18547------------------------=[end]

[begin]------------------------=
[2013/05/29 09:11:03] [articles_controller.rb: 1576]
word=パナソニック
File size=18700------------------------=[end]

[begin]------------------------=
[2013/05/29 09:11:03] [articles_controller.rb: 1576]
word=松下
File size=18862------------------------=[end]

[begin]------------------------=
[2013/05/29 09:11:03] [articles_controller.rb: 1576]
word=シャープ
File size=19012------------------------=[end]

[begin]------------------------=
[2013/05/29 09:11:03] [articles_controller.rb: 1576]
word=東芝
File size=19168------------------------=[end]

[begin]------------------------=
[2013/05/29 09:11:03] [articles_controller.rb: 1576]
word=三菱電
File size=19318------------------------=[end]

[begin]------------------------=
[2013/05/29 09:11:03] [articles_controller.rb: 1576]
word=セイコー
File size=19471------------------------=[end]

[begin]------------------------=
[2013/05/29 09:11:03] [articles_controller.rb: 1576]
word=ガソリン
File size=19627------------------------=[end]

[begin]------------------------=
[2013/05/29 09:11:03] [articles_controller.rb: 1576]
word=ソーラー
File size=19783------------------------=[end]

[begin]------------------------=
[2013/05/29 09:11:03] [articles_controller.rb: 1576]
word=原油
File size=19939------------------------=[end]

