[begin]------------------------=
[2013/05/29 08:22:21] [articles_controller.rb: 1576]
word=エネルギー
File size=0------------------------=[end]

[begin]------------------------=
[2013/05/29 08:22:21] [articles_controller.rb: 1576]
word=発電
File size=155------------------------=[end]

[begin]------------------------=
[2013/05/29 08:22:21] [articles_controller.rb: 1576]
word=火力
File size=303------------------------=[end]

[begin]------------------------=
[2013/05/29 08:22:21] [articles_controller.rb: 1576]
word=証券
File size=451------------------------=[end]

[begin]------------------------=
[2013/05/29 08:22:21] [articles_controller.rb: 1576]
word=相場
File size=599------------------------=[end]

[begin]------------------------=
[2013/05/29 08:22:21] [articles_controller.rb: 1576]
word=円
File size=747------------------------=[end]

[begin]------------------------=
[2013/05/29 08:22:21] [articles_controller.rb: 1576]
word=日経平均
File size=892------------------------=[end]

[begin]------------------------=
[2013/05/29 08:22:21] [articles_controller.rb: 1576]
word=ＥＵＲＩＢＯＲ
File size=1046------------------------=[end]

[begin]------------------------=
[2013/05/29 08:22:21] [articles_controller.rb: 1576]
word=米国
File size=1210------------------------=[end]

[begin]------------------------=
[2013/05/29 08:22:21] [articles_controller.rb: 1576]
word=米
File size=1359------------------------=[end]

[begin]------------------------=
[2013/05/29 08:22:21] [articles_controller.rb: 1576]
word=アメリカ
File size=1505------------------------=[end]

[begin]------------------------=
[2013/05/29 08:22:21] [articles_controller.rb: 1576]
word=中国
File size=1660------------------------=[end]

[begin]------------------------=
[2013/05/29 08:22:21] [articles_controller.rb: 1576]
word=中
File size=1809------------------------=[end]

[begin]------------------------=
[2013/05/29 08:22:21] [articles_controller.rb: 1576]
word=ヨーロッパ
File size=1955------------------------=[end]

[begin]------------------------=
[2013/05/29 08:22:21] [articles_controller.rb: 1576]
word=欧州
File size=2113------------------------=[end]

[begin]------------------------=
[2013/05/29 08:22:21] [articles_controller.rb: 1576]
word=欧
File size=2262------------------------=[end]

[begin]------------------------=
[2013/05/29 08:22:21] [articles_controller.rb: 1576]
word=EURIBOR
File size=2408------------------------=[end]

[begin]------------------------=
[2013/05/29 08:22:21] [articles_controller.rb: 1576]
word=EURO
File size=2558------------------------=[end]

[begin]------------------------=
[2013/05/29 08:22:21] [articles_controller.rb: 1576]
word=ユーロ
File size=2705------------------------=[end]

[begin]------------------------=
[2013/05/29 08:22:21] [articles_controller.rb: 1576]
word=ロシア
File size=2857------------------------=[end]

[begin]------------------------=
[2013/05/29 08:22:21] [articles_controller.rb: 1576]
word=東欧
File size=3009------------------------=[end]

[begin]------------------------=
[2013/05/29 08:22:21] [articles_controller.rb: 1576]
word=ポーランド
File size=3158------------------------=[end]

[begin]------------------------=
[2013/05/29 08:22:21] [articles_controller.rb: 1576]
word=イギリス
File size=3316------------------------=[end]

[begin]------------------------=
[2013/05/29 08:22:21] [articles_controller.rb: 1576]
word=フランス
File size=3471------------------------=[end]

[begin]------------------------=
[2013/05/29 08:22:21] [articles_controller.rb: 1576]
word=ドイツ
File size=3626------------------------=[end]

[begin]------------------------=
[2013/05/29 08:22:21] [articles_controller.rb: 1576]
word=スペイン
File size=3778------------------------=[end]

[begin]------------------------=
[2013/05/29 08:22:21] [articles_controller.rb: 1576]
word=イタリア
File size=3933------------------------=[end]

[begin]------------------------=
[2013/05/29 08:22:21] [articles_controller.rb: 1576]
word=伊
File size=4088------------------------=[end]

[begin]------------------------=
[2013/05/29 08:22:21] [articles_controller.rb: 1576]
word=ポルトガル
File size=4234------------------------=[end]

[begin]------------------------=
[2013/05/29 08:22:21] [articles_controller.rb: 1576]
word=韓国
File size=4392------------------------=[end]

[begin]------------------------=
[2013/05/29 08:22:21] [articles_controller.rb: 1576]
word=韓
File size=4541------------------------=[end]

[begin]------------------------=
[2013/05/29 08:22:21] [articles_controller.rb: 1576]
word=朝鮮
File size=4687------------------------=[end]

[begin]------------------------=
[2013/05/29 08:22:21] [articles_controller.rb: 1576]
word=サムスン
File size=4836------------------------=[end]

[begin]------------------------=
[2013/05/29 08:22:21] [articles_controller.rb: 1576]
word=現代
File size=4991------------------------=[end]

[begin]------------------------=
[2013/05/29 08:22:21] [articles_controller.rb: 1576]
word=イラン
File size=5140------------------------=[end]

[begin]------------------------=
[2013/05/29 08:22:21] [articles_controller.rb: 1576]
word=シリア
File size=5292------------------------=[end]

[begin]------------------------=
[2013/05/29 08:22:21] [articles_controller.rb: 1576]
word=イラク
File size=5444------------------------=[end]

[begin]------------------------=
[2013/05/29 08:22:21] [articles_controller.rb: 1576]
word=自動車
File size=5596------------------------=[end]

[begin]------------------------=
[2013/05/29 08:22:21] [articles_controller.rb: 1576]
word=乗用車
File size=5748------------------------=[end]

[begin]------------------------=
[2013/05/29 08:22:21] [articles_controller.rb: 1576]
word=日産
File size=5900------------------------=[end]

[begin]------------------------=
[2013/05/29 08:22:21] [articles_controller.rb: 1576]
word=日野
File size=6049------------------------=[end]

[begin]------------------------=
[2013/05/29 08:22:21] [articles_controller.rb: 1576]
word=三菱自
File size=6198------------------------=[end]

[begin]------------------------=
[2013/05/29 08:22:21] [articles_controller.rb: 1576]
word=トヨタ
File size=6350------------------------=[end]

[begin]------------------------=
[2013/05/29 08:22:21] [articles_controller.rb: 1576]
word=ダイハツ
File size=6502------------------------=[end]

[begin]------------------------=
[2013/05/29 08:22:21] [articles_controller.rb: 1576]
word=ホンダ
File size=6657------------------------=[end]

[begin]------------------------=
[2013/05/29 08:22:21] [articles_controller.rb: 1576]
word=マツダ
File size=6809------------------------=[end]

[begin]------------------------=
[2013/05/29 08:22:21] [articles_controller.rb: 1576]
word=ＢＭＷ
File size=6961------------------------=[end]

[begin]------------------------=
[2013/05/29 08:22:21] [articles_controller.rb: 1576]
word=BMW
File size=7113------------------------=[end]

[begin]------------------------=
[2013/05/29 08:22:21] [articles_controller.rb: 1576]
word=ベンツ
File size=7259------------------------=[end]

[begin]------------------------=
[2013/05/29 08:22:21] [articles_controller.rb: 1576]
word=ソニー
File size=7411------------------------=[end]

[begin]------------------------=
[2013/05/29 08:22:21] [articles_controller.rb: 1576]
word=パナソニック
File size=7563------------------------=[end]

[begin]------------------------=
[2013/05/29 08:22:21] [articles_controller.rb: 1576]
word=松下
File size=7724------------------------=[end]

[begin]------------------------=
[2013/05/29 08:22:21] [articles_controller.rb: 1576]
word=シャープ
File size=7873------------------------=[end]

[begin]------------------------=
[2013/05/29 08:22:21] [articles_controller.rb: 1576]
word=東芝
File size=8028------------------------=[end]

[begin]------------------------=
[2013/05/29 08:22:21] [articles_controller.rb: 1576]
word=三菱電
File size=8177------------------------=[end]

[begin]------------------------=
[2013/05/29 08:22:21] [articles_controller.rb: 1576]
word=セイコー
File size=8329------------------------=[end]

[begin]------------------------=
[2013/05/29 08:22:21] [articles_controller.rb: 1576]
word=ガソリン
File size=8484------------------------=[end]

[begin]------------------------=
[2013/05/29 08:22:21] [articles_controller.rb: 1576]
word=ソーラー
File size=8639------------------------=[end]

[begin]------------------------=
[2013/05/29 08:22:21] [articles_controller.rb: 1576]
word=原油
File size=8794------------------------=[end]

[begin]------------------------=
[2013/05/29 08:22:21] [articles_controller.rb: 1576]
word=原発
File size=8943------------------------=[end]

[begin]------------------------=
[2013/05/29 08:22:21] [articles_controller.rb: 1576]
word=石油
File size=9092------------------------=[end]

[begin]------------------------=
[2013/05/29 08:22:21] [articles_controller.rb: 1576]
word=エネルギー
File size=9241------------------------=[end]

[begin]------------------------=
[2013/05/29 08:22:21] [articles_controller.rb: 1576]
word=発電
File size=9399------------------------=[end]

[begin]------------------------=
[2013/05/29 08:22:21] [articles_controller.rb: 1576]
word=火力
File size=9548------------------------=[end]

[begin]------------------------=
[2013/05/29 08:22:21] [articles_controller.rb: 1576]
word=証券
File size=9697------------------------=[end]

[begin]------------------------=
[2013/05/29 08:22:21] [articles_controller.rb: 1576]
word=相場
File size=9846------------------------=[end]

[begin]------------------------=
[2013/05/29 08:22:21] [articles_controller.rb: 1576]
word=円
File size=9995------------------------=[end]

[begin]------------------------=
[2013/05/29 08:22:21] [articles_controller.rb: 1576]
word=日経平均
File size=10141------------------------=[end]

[begin]------------------------=
[2013/05/29 08:22:21] [articles_controller.rb: 1576]
word=ＥＵＲＩＢＯＲ
File size=10297------------------------=[end]

[begin]------------------------=
[2013/05/29 08:22:21] [articles_controller.rb: 1576]
word=米国
File size=10462------------------------=[end]

[begin]------------------------=
[2013/05/29 08:22:21] [articles_controller.rb: 1576]
word=米
File size=10612------------------------=[end]

[begin]------------------------=
[2013/05/29 08:22:21] [articles_controller.rb: 1576]
word=アメリカ
File size=10759------------------------=[end]

[begin]------------------------=
[2013/05/29 08:22:21] [articles_controller.rb: 1576]
word=中国
File size=10915------------------------=[end]

[begin]------------------------=
[2013/05/29 08:22:21] [articles_controller.rb: 1576]
word=中
File size=11065------------------------=[end]

[begin]------------------------=
[2013/05/29 08:22:21] [articles_controller.rb: 1576]
word=ヨーロッパ
File size=11212------------------------=[end]

[begin]------------------------=
[2013/05/29 08:22:21] [articles_controller.rb: 1576]
word=欧州
File size=11371------------------------=[end]

[begin]------------------------=
[2013/05/29 08:22:21] [articles_controller.rb: 1576]
word=欧
File size=11521------------------------=[end]

[begin]------------------------=
[2013/05/29 08:22:21] [articles_controller.rb: 1576]
word=EURIBOR
File size=11668------------------------=[end]

[begin]------------------------=
[2013/05/29 08:22:21] [articles_controller.rb: 1576]
word=EURO
File size=11819------------------------=[end]

[begin]------------------------=
[2013/05/29 08:22:21] [articles_controller.rb: 1576]
word=ユーロ
File size=11967------------------------=[end]

[begin]------------------------=
[2013/05/29 08:22:21] [articles_controller.rb: 1576]
word=ロシア
File size=12120------------------------=[end]

[begin]------------------------=
[2013/05/29 08:22:21] [articles_controller.rb: 1576]
word=東欧
File size=12273------------------------=[end]

[begin]------------------------=
[2013/05/29 08:22:21] [articles_controller.rb: 1576]
word=ポーランド
File size=12423------------------------=[end]

[begin]------------------------=
[2013/05/29 08:22:21] [articles_controller.rb: 1576]
word=イギリス
File size=12582------------------------=[end]

[begin]------------------------=
[2013/05/29 08:22:21] [articles_controller.rb: 1576]
word=フランス
File size=12738------------------------=[end]

[begin]------------------------=
[2013/05/29 08:22:21] [articles_controller.rb: 1576]
word=ドイツ
File size=12894------------------------=[end]

[begin]------------------------=
[2013/05/29 08:22:21] [articles_controller.rb: 1576]
word=スペイン
File size=13047------------------------=[end]

[begin]------------------------=
[2013/05/29 08:22:21] [articles_controller.rb: 1576]
word=イタリア
File size=13203------------------------=[end]

[begin]------------------------=
[2013/05/29 08:22:21] [articles_controller.rb: 1576]
word=伊
File size=13359------------------------=[end]

[begin]------------------------=
[2013/05/29 08:22:21] [articles_controller.rb: 1576]
word=ポルトガル
File size=13506------------------------=[end]

[begin]------------------------=
[2013/05/29 08:22:21] [articles_controller.rb: 1576]
word=韓国
File size=13665------------------------=[end]

[begin]------------------------=
[2013/05/29 08:22:21] [articles_controller.rb: 1576]
word=韓
File size=13815------------------------=[end]

[begin]------------------------=
[2013/05/29 08:22:21] [articles_controller.rb: 1576]
word=朝鮮
File size=13962------------------------=[end]

[begin]------------------------=
[2013/05/29 08:22:21] [articles_controller.rb: 1576]
word=サムスン
File size=14112------------------------=[end]

[begin]------------------------=
[2013/05/29 08:22:21] [articles_controller.rb: 1576]
word=現代
File size=14268------------------------=[end]

[begin]------------------------=
[2013/05/29 08:22:21] [articles_controller.rb: 1576]
word=イラン
File size=14418------------------------=[end]

[begin]------------------------=
[2013/05/29 08:22:21] [articles_controller.rb: 1576]
word=シリア
File size=14571------------------------=[end]

[begin]------------------------=
[2013/05/29 08:22:21] [articles_controller.rb: 1576]
word=イラク
File size=14724------------------------=[end]

[begin]------------------------=
[2013/05/29 08:22:21] [articles_controller.rb: 1576]
word=自動車
File size=14877------------------------=[end]

[begin]------------------------=
[2013/05/29 08:22:21] [articles_controller.rb: 1576]
word=乗用車
File size=15030------------------------=[end]

[begin]------------------------=
[2013/05/29 08:22:21] [articles_controller.rb: 1576]
word=日産
File size=15183------------------------=[end]

[begin]------------------------=
[2013/05/29 08:22:21] [articles_controller.rb: 1576]
word=日野
File size=15333------------------------=[end]

[begin]------------------------=
[2013/05/29 08:22:21] [articles_controller.rb: 1576]
word=三菱自
File size=15483------------------------=[end]

[begin]------------------------=
[2013/05/29 08:22:21] [articles_controller.rb: 1576]
word=トヨタ
File size=15636------------------------=[end]

[begin]------------------------=
[2013/05/29 08:22:21] [articles_controller.rb: 1576]
word=ダイハツ
File size=15789------------------------=[end]

[begin]------------------------=
[2013/05/29 08:22:21] [articles_controller.rb: 1576]
word=ホンダ
File size=15945------------------------=[end]

[begin]------------------------=
[2013/05/29 08:22:21] [articles_controller.rb: 1576]
word=マツダ
File size=16098------------------------=[end]

[begin]------------------------=
[2013/05/29 08:22:21] [articles_controller.rb: 1576]
word=ＢＭＷ
File size=16251------------------------=[end]

[begin]------------------------=
[2013/05/29 08:22:21] [articles_controller.rb: 1576]
word=BMW
File size=16404------------------------=[end]

[begin]------------------------=
[2013/05/29 08:22:21] [articles_controller.rb: 1576]
word=ベンツ
File size=16551------------------------=[end]

[begin]------------------------=
[2013/05/29 08:22:21] [articles_controller.rb: 1576]
word=ソニー
File size=16704------------------------=[end]

[begin]------------------------=
[2013/05/29 08:22:21] [articles_controller.rb: 1576]
word=パナソニック
File size=16857------------------------=[end]

[begin]------------------------=
[2013/05/29 08:22:21] [articles_controller.rb: 1576]
word=松下
File size=17019------------------------=[end]

[begin]------------------------=
[2013/05/29 08:22:21] [articles_controller.rb: 1576]
word=シャープ
File size=17169------------------------=[end]

[begin]------------------------=
[2013/05/29 08:22:21] [articles_controller.rb: 1576]
word=東芝
File size=17325------------------------=[end]

[begin]------------------------=
[2013/05/29 08:22:21] [articles_controller.rb: 1576]
word=三菱電
File size=17475------------------------=[end]

[begin]------------------------=
[2013/05/29 08:22:21] [articles_controller.rb: 1576]
word=セイコー
File size=17628------------------------=[end]

[begin]------------------------=
[2013/05/29 08:22:21] [articles_controller.rb: 1576]
word=ガソリン
File size=17784------------------------=[end]

[begin]------------------------=
[2013/05/29 08:22:21] [articles_controller.rb: 1576]
word=ソーラー
File size=17940------------------------=[end]

[begin]------------------------=
[2013/05/29 08:22:21] [articles_controller.rb: 1576]
word=原油
File size=18096------------------------=[end]

[begin]------------------------=
[2013/05/29 08:22:21] [articles_controller.rb: 1576]
word=原発
File size=18246------------------------=[end]

[begin]------------------------=
[2013/05/29 08:22:21] [articles_controller.rb: 1576]
word=石油
File size=18396------------------------=[end]

[begin]------------------------=
[2013/05/29 08:22:21] [articles_controller.rb: 1576]
word=エネルギー
File size=18546------------------------=[end]

[begin]------------------------=
[2013/05/29 08:22:21] [articles_controller.rb: 1576]
word=発電
File size=18705------------------------=[end]

[begin]------------------------=
[2013/05/29 08:22:21] [articles_controller.rb: 1576]
word=火力
File size=18855------------------------=[end]

[begin]------------------------=
[2013/05/29 08:22:21] [articles_controller.rb: 1576]
word=証券
File size=19005------------------------=[end]

[begin]------------------------=
[2013/05/29 08:22:21] [articles_controller.rb: 1576]
word=相場
File size=19155------------------------=[end]

[begin]------------------------=
[2013/05/29 08:22:21] [articles_controller.rb: 1576]
word=円
File size=19305------------------------=[end]

[begin]------------------------=
[2013/05/29 08:22:21] [articles_controller.rb: 1576]
word=日経平均
File size=19452------------------------=[end]

[begin]------------------------=
[2013/05/29 08:22:21] [articles_controller.rb: 1576]
word=ＥＵＲＩＢＯＲ
File size=19608------------------------=[end]

[begin]------------------------=
[2013/05/29 08:22:21] [articles_controller.rb: 1576]
word=米国
File size=19773------------------------=[end]

[begin]------------------------=
[2013/05/29 08:22:21] [articles_controller.rb: 1576]
word=米
File size=19923------------------------=[end]

