[begin]------------------------=
[2013/05/29 09:11:11] [articles_controller.rb: 1576]
word=欧州
File size=0------------------------=[end]

[begin]------------------------=
[2013/05/29 09:11:11] [articles_controller.rb: 1576]
word=欧
File size=146------------------------=[end]

[begin]------------------------=
[2013/05/29 09:11:11] [articles_controller.rb: 1576]
word=EURIBOR
File size=291------------------------=[end]

[begin]------------------------=
[2013/05/29 09:11:11] [articles_controller.rb: 1576]
word=EURO
File size=440------------------------=[end]

[begin]------------------------=
[2013/05/29 09:11:11] [articles_controller.rb: 1576]
word=ユーロ
File size=586------------------------=[end]

[begin]------------------------=
[2013/05/29 09:11:11] [articles_controller.rb: 1576]
word=ロシア
File size=737------------------------=[end]

[begin]------------------------=
[2013/05/29 09:11:11] [articles_controller.rb: 1576]
word=東欧
File size=888------------------------=[end]

[begin]------------------------=
[2013/05/29 09:11:11] [articles_controller.rb: 1576]
word=ポーランド
File size=1036------------------------=[end]

[begin]------------------------=
[2013/05/29 09:11:11] [articles_controller.rb: 1576]
word=イギリス
File size=1194------------------------=[end]

[begin]------------------------=
[2013/05/29 09:11:11] [articles_controller.rb: 1576]
word=フランス
File size=1349------------------------=[end]

[begin]------------------------=
[2013/05/29 09:11:11] [articles_controller.rb: 1576]
word=ドイツ
File size=1504------------------------=[end]

[begin]------------------------=
[2013/05/29 09:11:11] [articles_controller.rb: 1576]
word=スペイン
File size=1656------------------------=[end]

[begin]------------------------=
[2013/05/29 09:11:11] [articles_controller.rb: 1576]
word=イタリア
File size=1811------------------------=[end]

[begin]------------------------=
[2013/05/29 09:11:11] [articles_controller.rb: 1576]
word=伊
File size=1966------------------------=[end]

[begin]------------------------=
[2013/05/29 09:11:11] [articles_controller.rb: 1576]
word=ポルトガル
File size=2112------------------------=[end]

[begin]------------------------=
[2013/05/29 09:11:11] [articles_controller.rb: 1576]
word=韓国
File size=2270------------------------=[end]

[begin]------------------------=
[2013/05/29 09:11:11] [articles_controller.rb: 1576]
word=韓
File size=2419------------------------=[end]

[begin]------------------------=
[2013/05/29 09:11:11] [articles_controller.rb: 1576]
word=朝鮮
File size=2565------------------------=[end]

[begin]------------------------=
[2013/05/29 09:11:11] [articles_controller.rb: 1576]
word=サムスン
File size=2714------------------------=[end]

[begin]------------------------=
[2013/05/29 09:11:11] [articles_controller.rb: 1576]
word=現代
File size=2869------------------------=[end]

[begin]------------------------=
[2013/05/29 09:11:11] [articles_controller.rb: 1576]
word=イラン
File size=3018------------------------=[end]

[begin]------------------------=
[2013/05/29 09:11:11] [articles_controller.rb: 1576]
word=シリア
File size=3170------------------------=[end]

[begin]------------------------=
[2013/05/29 09:11:11] [articles_controller.rb: 1576]
word=イラク
File size=3322------------------------=[end]

[begin]------------------------=
[2013/05/29 09:11:11] [articles_controller.rb: 1576]
word=自動車
File size=3474------------------------=[end]

[begin]------------------------=
[2013/05/29 09:11:11] [articles_controller.rb: 1576]
word=乗用車
File size=3626------------------------=[end]

[begin]------------------------=
[2013/05/29 09:11:11] [articles_controller.rb: 1576]
word=日産
File size=3778------------------------=[end]

[begin]------------------------=
[2013/05/29 09:11:11] [articles_controller.rb: 1576]
word=日野
File size=3927------------------------=[end]

[begin]------------------------=
[2013/05/29 09:11:11] [articles_controller.rb: 1576]
word=三菱自
File size=4076------------------------=[end]

[begin]------------------------=
[2013/05/29 09:11:11] [articles_controller.rb: 1576]
word=トヨタ
File size=4228------------------------=[end]

[begin]------------------------=
[2013/05/29 09:11:11] [articles_controller.rb: 1576]
word=米国
File size=4380------------------------=[end]

[begin]------------------------=
[2013/05/29 09:11:11] [articles_controller.rb: 1576]
word=米
File size=4529------------------------=[end]

[begin]------------------------=
[2013/05/29 09:11:11] [articles_controller.rb: 1576]
word=アメリカ
File size=4675------------------------=[end]

[begin]------------------------=
[2013/05/29 09:11:11] [articles_controller.rb: 1576]
word=中国
File size=4830------------------------=[end]

[begin]------------------------=
[2013/05/29 09:11:11] [articles_controller.rb: 1576]
word=中
File size=4979------------------------=[end]

[begin]------------------------=
[2013/05/29 09:11:11] [articles_controller.rb: 1576]
word=ヨーロッパ
File size=5125------------------------=[end]

[begin]------------------------=
[2013/05/29 09:11:11] [articles_controller.rb: 1576]
word=欧州
File size=5283------------------------=[end]

[begin]------------------------=
[2013/05/29 09:11:11] [articles_controller.rb: 1576]
word=欧
File size=5432------------------------=[end]

[begin]------------------------=
[2013/05/29 09:11:11] [articles_controller.rb: 1576]
word=EURIBOR
File size=5578------------------------=[end]

[begin]------------------------=
[2013/05/29 09:11:11] [articles_controller.rb: 1576]
word=EURO
File size=5728------------------------=[end]

[begin]------------------------=
[2013/05/29 09:11:11] [articles_controller.rb: 1576]
word=ユーロ
File size=5875------------------------=[end]

[begin]------------------------=
[2013/05/29 09:11:11] [articles_controller.rb: 1576]
word=ロシア
File size=6027------------------------=[end]

[begin]------------------------=
[2013/05/29 09:11:11] [articles_controller.rb: 1576]
word=東欧
File size=6179------------------------=[end]

[begin]------------------------=
[2013/05/29 09:11:11] [articles_controller.rb: 1576]
word=ポーランド
File size=6328------------------------=[end]

[begin]------------------------=
[2013/05/29 09:11:11] [articles_controller.rb: 1576]
word=イギリス
File size=6486------------------------=[end]

[begin]------------------------=
[2013/05/29 09:11:11] [articles_controller.rb: 1576]
word=フランス
File size=6641------------------------=[end]

[begin]------------------------=
[2013/05/29 09:11:11] [articles_controller.rb: 1576]
word=ドイツ
File size=6796------------------------=[end]

[begin]------------------------=
[2013/05/29 09:11:11] [articles_controller.rb: 1576]
word=スペイン
File size=6948------------------------=[end]

[begin]------------------------=
[2013/05/29 09:11:11] [articles_controller.rb: 1576]
word=イタリア
File size=7103------------------------=[end]

[begin]------------------------=
[2013/05/29 09:11:11] [articles_controller.rb: 1576]
word=伊
File size=7258------------------------=[end]

[begin]------------------------=
[2013/05/29 09:11:11] [articles_controller.rb: 1576]
word=ポルトガル
File size=7404------------------------=[end]

[begin]------------------------=
[2013/05/29 09:11:11] [articles_controller.rb: 1576]
word=韓国
File size=7562------------------------=[end]

[begin]------------------------=
[2013/05/29 09:11:11] [articles_controller.rb: 1576]
word=韓
File size=7711------------------------=[end]

[begin]------------------------=
[2013/05/29 09:11:11] [articles_controller.rb: 1576]
word=朝鮮
File size=7857------------------------=[end]

[begin]------------------------=
[2013/05/29 09:11:11] [articles_controller.rb: 1576]
word=サムスン
File size=8006------------------------=[end]

[begin]------------------------=
[2013/05/29 09:11:11] [articles_controller.rb: 1576]
word=現代
File size=8161------------------------=[end]

[begin]------------------------=
[2013/05/29 09:11:11] [articles_controller.rb: 1576]
word=イラン
File size=8310------------------------=[end]

[begin]------------------------=
[2013/05/29 09:11:11] [articles_controller.rb: 1576]
word=シリア
File size=8462------------------------=[end]

[begin]------------------------=
[2013/05/29 09:11:11] [articles_controller.rb: 1576]
word=イラク
File size=8614------------------------=[end]

[begin]------------------------=
[2013/05/29 09:11:11] [articles_controller.rb: 1576]
word=自動車
File size=8766------------------------=[end]

[begin]------------------------=
[2013/05/29 09:11:11] [articles_controller.rb: 1576]
word=乗用車
File size=8918------------------------=[end]

[begin]------------------------=
[2013/05/29 09:11:11] [articles_controller.rb: 1576]
word=日産
File size=9070------------------------=[end]

[begin]------------------------=
[2013/05/29 09:11:11] [articles_controller.rb: 1576]
word=日野
File size=9219------------------------=[end]

[begin]------------------------=
[2013/05/29 09:11:11] [articles_controller.rb: 1576]
word=三菱自
File size=9368------------------------=[end]

[begin]------------------------=
[2013/05/29 09:11:11] [articles_controller.rb: 1576]
word=トヨタ
File size=9520------------------------=[end]

[begin]------------------------=
[2013/05/29 09:11:11] [articles_controller.rb: 1576]
word=ダイハツ
File size=9672------------------------=[end]

[begin]------------------------=
[2013/05/29 09:11:11] [articles_controller.rb: 1576]
word=ホンダ
File size=9827------------------------=[end]

[begin]------------------------=
[2013/05/29 09:11:11] [articles_controller.rb: 1576]
word=マツダ
File size=9979------------------------=[end]

[begin]------------------------=
[2013/05/29 09:11:11] [articles_controller.rb: 1576]
word=ＢＭＷ
File size=10131------------------------=[end]

[begin]------------------------=
[2013/05/29 09:11:11] [articles_controller.rb: 1576]
word=BMW
File size=10284------------------------=[end]

[begin]------------------------=
[2013/05/29 09:11:11] [articles_controller.rb: 1576]
word=ベンツ
File size=10431------------------------=[end]

[begin]------------------------=
[2013/05/29 09:11:11] [articles_controller.rb: 1576]
word=ソニー
File size=10584------------------------=[end]

[begin]------------------------=
[2013/05/29 09:11:11] [articles_controller.rb: 1576]
word=パナソニック
File size=10737------------------------=[end]

[begin]------------------------=
[2013/05/29 09:11:11] [articles_controller.rb: 1576]
word=松下
File size=10899------------------------=[end]

[begin]------------------------=
[2013/05/29 09:11:11] [articles_controller.rb: 1576]
word=シャープ
File size=11049------------------------=[end]

[begin]------------------------=
[2013/05/29 09:11:11] [articles_controller.rb: 1576]
word=東芝
File size=11205------------------------=[end]

[begin]------------------------=
[2013/05/29 09:11:11] [articles_controller.rb: 1576]
word=三菱電
File size=11355------------------------=[end]

[begin]------------------------=
[2013/05/29 09:11:11] [articles_controller.rb: 1576]
word=セイコー
File size=11508------------------------=[end]

[begin]------------------------=
[2013/05/29 09:11:11] [articles_controller.rb: 1576]
word=ガソリン
File size=11664------------------------=[end]

[begin]------------------------=
[2013/05/29 09:11:11] [articles_controller.rb: 1576]
word=ソーラー
File size=11820------------------------=[end]

[begin]------------------------=
[2013/05/29 09:11:11] [articles_controller.rb: 1576]
word=原油
File size=11976------------------------=[end]

[begin]------------------------=
[2013/05/29 09:11:11] [articles_controller.rb: 1576]
word=原発
File size=12126------------------------=[end]

[begin]------------------------=
[2013/05/29 09:11:11] [articles_controller.rb: 1576]
word=石油
File size=12276------------------------=[end]

[begin]------------------------=
[2013/05/29 09:11:11] [articles_controller.rb: 1576]
word=エネルギー
File size=12426------------------------=[end]

[begin]------------------------=
[2013/05/29 09:11:11] [articles_controller.rb: 1576]
word=発電
File size=12585------------------------=[end]

[begin]------------------------=
[2013/05/29 09:11:11] [articles_controller.rb: 1576]
word=火力
File size=12735------------------------=[end]

[begin]------------------------=
[2013/05/29 09:11:11] [articles_controller.rb: 1576]
word=証券
File size=12885------------------------=[end]

[begin]------------------------=
[2013/05/29 09:11:11] [articles_controller.rb: 1576]
word=相場
File size=13035------------------------=[end]

[begin]------------------------=
[2013/05/29 09:11:11] [articles_controller.rb: 1576]
word=円
File size=13185------------------------=[end]

[begin]------------------------=
[2013/05/29 09:11:11] [articles_controller.rb: 1576]
word=米国
File size=13332------------------------=[end]

[begin]------------------------=
[2013/05/29 09:11:11] [articles_controller.rb: 1576]
word=米
File size=13482------------------------=[end]

[begin]------------------------=
[2013/05/29 09:11:11] [articles_controller.rb: 1576]
word=アメリカ
File size=13629------------------------=[end]

[begin]------------------------=
[2013/05/29 09:11:11] [articles_controller.rb: 1576]
word=中国
File size=13785------------------------=[end]

[begin]------------------------=
[2013/05/29 09:11:11] [articles_controller.rb: 1576]
word=中
File size=13935------------------------=[end]

[begin]------------------------=
[2013/05/29 09:11:11] [articles_controller.rb: 1576]
word=ヨーロッパ
File size=14082------------------------=[end]

[begin]------------------------=
[2013/05/29 09:11:11] [articles_controller.rb: 1576]
word=欧州
File size=14241------------------------=[end]

[begin]------------------------=
[2013/05/29 09:11:11] [articles_controller.rb: 1576]
word=欧
File size=14391------------------------=[end]

[begin]------------------------=
[2013/05/29 09:11:11] [articles_controller.rb: 1576]
word=EURIBOR
File size=14538------------------------=[end]

[begin]------------------------=
[2013/05/29 09:11:11] [articles_controller.rb: 1576]
word=EURO
File size=14689------------------------=[end]

[begin]------------------------=
[2013/05/29 09:11:11] [articles_controller.rb: 1576]
word=ユーロ
File size=14837------------------------=[end]

[begin]------------------------=
[2013/05/29 09:11:11] [articles_controller.rb: 1576]
word=ロシア
File size=14990------------------------=[end]

[begin]------------------------=
[2013/05/29 09:11:11] [articles_controller.rb: 1576]
word=東欧
File size=15143------------------------=[end]

[begin]------------------------=
[2013/05/29 09:11:11] [articles_controller.rb: 1576]
word=ポーランド
File size=15293------------------------=[end]

[begin]------------------------=
[2013/05/29 09:11:11] [articles_controller.rb: 1576]
word=イギリス
File size=15452------------------------=[end]

[begin]------------------------=
[2013/05/29 09:11:11] [articles_controller.rb: 1576]
word=フランス
File size=15608------------------------=[end]

[begin]------------------------=
[2013/05/29 09:11:11] [articles_controller.rb: 1576]
word=ドイツ
File size=15764------------------------=[end]

[begin]------------------------=
[2013/05/29 09:11:11] [articles_controller.rb: 1576]
word=スペイン
File size=15917------------------------=[end]

[begin]------------------------=
[2013/05/29 09:11:11] [articles_controller.rb: 1576]
word=イタリア
File size=16073------------------------=[end]

[begin]------------------------=
[2013/05/29 09:11:11] [articles_controller.rb: 1576]
word=伊
File size=16229------------------------=[end]

[begin]------------------------=
[2013/05/29 09:11:11] [articles_controller.rb: 1576]
word=ポルトガル
File size=16376------------------------=[end]

[begin]------------------------=
[2013/05/29 09:11:11] [articles_controller.rb: 1576]
word=韓国
File size=16535------------------------=[end]

[begin]------------------------=
[2013/05/29 09:11:11] [articles_controller.rb: 1576]
word=韓
File size=16685------------------------=[end]

[begin]------------------------=
[2013/05/29 09:11:11] [articles_controller.rb: 1576]
word=朝鮮
File size=16832------------------------=[end]

[begin]------------------------=
[2013/05/29 09:11:11] [articles_controller.rb: 1576]
word=サムスン
File size=16982------------------------=[end]

[begin]------------------------=
[2013/05/29 09:11:11] [articles_controller.rb: 1576]
word=現代
File size=17138------------------------=[end]

[begin]------------------------=
[2013/05/29 09:11:11] [articles_controller.rb: 1576]
word=イラン
File size=17288------------------------=[end]

[begin]------------------------=
[2013/05/29 09:11:11] [articles_controller.rb: 1576]
word=シリア
File size=17441------------------------=[end]

[begin]------------------------=
[2013/05/29 09:11:11] [articles_controller.rb: 1576]
word=イラク
File size=17594------------------------=[end]

[begin]------------------------=
[2013/05/29 09:11:11] [articles_controller.rb: 1576]
word=自動車
File size=17747------------------------=[end]

[begin]------------------------=
[2013/05/29 09:11:11] [articles_controller.rb: 1576]
word=乗用車
File size=17900------------------------=[end]

[begin]------------------------=
[2013/05/29 09:11:11] [articles_controller.rb: 1576]
word=日産
File size=18053------------------------=[end]

[begin]------------------------=
[2013/05/29 09:11:11] [articles_controller.rb: 1576]
word=日野
File size=18203------------------------=[end]

[begin]------------------------=
[2013/05/29 09:11:11] [articles_controller.rb: 1576]
word=三菱自
File size=18353------------------------=[end]

[begin]------------------------=
[2013/05/29 09:11:11] [articles_controller.rb: 1576]
word=トヨタ
File size=18506------------------------=[end]

[begin]------------------------=
[2013/05/29 09:11:11] [articles_controller.rb: 1576]
word=ダイハツ
File size=18659------------------------=[end]

[begin]------------------------=
[2013/05/29 09:11:11] [articles_controller.rb: 1576]
word=ホンダ
File size=18815------------------------=[end]

[begin]------------------------=
[2013/05/29 09:11:11] [articles_controller.rb: 1576]
word=マツダ
File size=18968------------------------=[end]

[begin]------------------------=
[2013/05/29 09:11:11] [articles_controller.rb: 1576]
word=ＢＭＷ
File size=19121------------------------=[end]

[begin]------------------------=
[2013/05/29 09:11:11] [articles_controller.rb: 1576]
word=BMW
File size=19274------------------------=[end]

[begin]------------------------=
[2013/05/29 09:11:11] [articles_controller.rb: 1576]
word=ベンツ
File size=19421------------------------=[end]

[begin]------------------------=
[2013/05/29 09:11:11] [articles_controller.rb: 1576]
word=ソニー
File size=19574------------------------=[end]

[begin]------------------------=
[2013/05/29 09:11:11] [articles_controller.rb: 1576]
word=パナソニック
File size=19727------------------------=[end]

[begin]------------------------=
[2013/05/29 09:11:11] [articles_controller.rb: 1576]
word=松下
File size=19889------------------------=[end]

