[begin]------------------------=
[2013/05/29 09:11:02] [articles_controller.rb: 1576]
word=松下
File size=0------------------------=[end]

[begin]------------------------=
[2013/05/29 09:11:02] [articles_controller.rb: 1576]
word=シャープ
File size=146------------------------=[end]

[begin]------------------------=
[2013/05/29 09:11:02] [articles_controller.rb: 1576]
word=東芝
File size=300------------------------=[end]

[begin]------------------------=
[2013/05/29 09:11:02] [articles_controller.rb: 1576]
word=三菱電
File size=448------------------------=[end]

[begin]------------------------=
[2013/05/29 09:11:02] [articles_controller.rb: 1576]
word=セイコー
File size=599------------------------=[end]

[begin]------------------------=
[2013/05/29 09:11:02] [articles_controller.rb: 1576]
word=ガソリン
File size=753------------------------=[end]

[begin]------------------------=
[2013/05/29 09:11:02] [articles_controller.rb: 1576]
word=ソーラー
File size=907------------------------=[end]

[begin]------------------------=
[2013/05/29 09:11:02] [articles_controller.rb: 1576]
word=原油
File size=1061------------------------=[end]

[begin]------------------------=
[2013/05/29 09:11:02] [articles_controller.rb: 1576]
word=原発
File size=1210------------------------=[end]

[begin]------------------------=
[2013/05/29 09:11:02] [articles_controller.rb: 1576]
word=石油
File size=1359------------------------=[end]

[begin]------------------------=
[2013/05/29 09:11:02] [articles_controller.rb: 1576]
word=エネルギー
File size=1508------------------------=[end]

[begin]------------------------=
[2013/05/29 09:11:02] [articles_controller.rb: 1576]
word=発電
File size=1666------------------------=[end]

[begin]------------------------=
[2013/05/29 09:11:02] [articles_controller.rb: 1576]
word=火力
File size=1815------------------------=[end]

[begin]------------------------=
[2013/05/29 09:11:02] [articles_controller.rb: 1576]
word=証券
File size=1964------------------------=[end]

[begin]------------------------=
[2013/05/29 09:11:02] [articles_controller.rb: 1576]
word=相場
File size=2113------------------------=[end]

[begin]------------------------=
[2013/05/29 09:11:02] [articles_controller.rb: 1576]
word=円
File size=2262------------------------=[end]

[begin]------------------------=
[2013/05/29 09:11:02] [articles_controller.rb: 1576]
word=日経平均
File size=2408------------------------=[end]

[begin]------------------------=
[2013/05/29 09:11:02] [articles_controller.rb: 1576]
word=ＥＵＲＩＢＯＲ
File size=2563------------------------=[end]

[begin]------------------------=
[2013/05/29 09:11:02] [articles_controller.rb: 1576]
word=米国
File size=2727------------------------=[end]

[begin]------------------------=
[2013/05/29 09:11:02] [articles_controller.rb: 1576]
word=米
File size=2876------------------------=[end]

[begin]------------------------=
[2013/05/29 09:11:02] [articles_controller.rb: 1576]
word=アメリカ
File size=3022------------------------=[end]

[begin]------------------------=
[2013/05/29 09:11:02] [articles_controller.rb: 1576]
word=中国
File size=3177------------------------=[end]

[begin]------------------------=
[2013/05/29 09:11:02] [articles_controller.rb: 1576]
word=中
File size=3326------------------------=[end]

[begin]------------------------=
[2013/05/29 09:11:02] [articles_controller.rb: 1576]
word=ヨーロッパ
File size=3472------------------------=[end]

[begin]------------------------=
[2013/05/29 09:11:02] [articles_controller.rb: 1576]
word=欧州
File size=3630------------------------=[end]

[begin]------------------------=
[2013/05/29 09:11:02] [articles_controller.rb: 1576]
word=欧
File size=3779------------------------=[end]

[begin]------------------------=
[2013/05/29 09:11:02] [articles_controller.rb: 1576]
word=EURIBOR
File size=3925------------------------=[end]

[begin]------------------------=
[2013/05/29 09:11:02] [articles_controller.rb: 1576]
word=EURO
File size=4075------------------------=[end]

[begin]------------------------=
[2013/05/29 09:11:02] [articles_controller.rb: 1576]
word=ユーロ
File size=4222------------------------=[end]

[begin]------------------------=
[2013/05/29 09:11:02] [articles_controller.rb: 1576]
word=ロシア
File size=4374------------------------=[end]

[begin]------------------------=
[2013/05/29 09:11:02] [articles_controller.rb: 1576]
word=東欧
File size=4526------------------------=[end]

[begin]------------------------=
[2013/05/29 09:11:02] [articles_controller.rb: 1576]
word=ポーランド
File size=4675------------------------=[end]

[begin]------------------------=
[2013/05/29 09:11:02] [articles_controller.rb: 1576]
word=イギリス
File size=4833------------------------=[end]

[begin]------------------------=
[2013/05/29 09:11:02] [articles_controller.rb: 1576]
word=フランス
File size=4988------------------------=[end]

[begin]------------------------=
[2013/05/29 09:11:02] [articles_controller.rb: 1576]
word=ドイツ
File size=5143------------------------=[end]

[begin]------------------------=
[2013/05/29 09:11:02] [articles_controller.rb: 1576]
word=スペイン
File size=5295------------------------=[end]

[begin]------------------------=
[2013/05/29 09:11:02] [articles_controller.rb: 1576]
word=イタリア
File size=5450------------------------=[end]

[begin]------------------------=
[2013/05/29 09:11:02] [articles_controller.rb: 1576]
word=伊
File size=5605------------------------=[end]

[begin]------------------------=
[2013/05/29 09:11:02] [articles_controller.rb: 1576]
word=ポルトガル
File size=5751------------------------=[end]

[begin]------------------------=
[2013/05/29 09:11:02] [articles_controller.rb: 1576]
word=韓国
File size=5909------------------------=[end]

[begin]------------------------=
[2013/05/29 09:11:02] [articles_controller.rb: 1576]
word=韓
File size=6058------------------------=[end]

[begin]------------------------=
[2013/05/29 09:11:02] [articles_controller.rb: 1576]
word=朝鮮
File size=6204------------------------=[end]

[begin]------------------------=
[2013/05/29 09:11:02] [articles_controller.rb: 1576]
word=サムスン
File size=6353------------------------=[end]

[begin]------------------------=
[2013/05/29 09:11:02] [articles_controller.rb: 1576]
word=現代
File size=6508------------------------=[end]

[begin]------------------------=
[2013/05/29 09:11:02] [articles_controller.rb: 1576]
word=イラン
File size=6657------------------------=[end]

[begin]------------------------=
[2013/05/29 09:11:02] [articles_controller.rb: 1576]
word=シリア
File size=6809------------------------=[end]

[begin]------------------------=
[2013/05/29 09:11:02] [articles_controller.rb: 1576]
word=イラク
File size=6961------------------------=[end]

[begin]------------------------=
[2013/05/29 09:11:02] [articles_controller.rb: 1576]
word=自動車
File size=7113------------------------=[end]

[begin]------------------------=
[2013/05/29 09:11:02] [articles_controller.rb: 1576]
word=乗用車
File size=7265------------------------=[end]

[begin]------------------------=
[2013/05/29 09:11:02] [articles_controller.rb: 1576]
word=日産
File size=7417------------------------=[end]

[begin]------------------------=
[2013/05/29 09:11:02] [articles_controller.rb: 1576]
word=日野
File size=7566------------------------=[end]

[begin]------------------------=
[2013/05/29 09:11:02] [articles_controller.rb: 1576]
word=三菱自
File size=7715------------------------=[end]

[begin]------------------------=
[2013/05/29 09:11:02] [articles_controller.rb: 1576]
word=トヨタ
File size=7867------------------------=[end]

[begin]------------------------=
[2013/05/29 09:11:02] [articles_controller.rb: 1576]
word=ダイハツ
File size=8019------------------------=[end]

[begin]------------------------=
[2013/05/29 09:11:02] [articles_controller.rb: 1576]
word=ホンダ
File size=8174------------------------=[end]

[begin]------------------------=
[2013/05/29 09:11:02] [articles_controller.rb: 1576]
word=マツダ
File size=8326------------------------=[end]

[begin]------------------------=
[2013/05/29 09:11:02] [articles_controller.rb: 1576]
word=ＢＭＷ
File size=8478------------------------=[end]

[begin]------------------------=
[2013/05/29 09:11:02] [articles_controller.rb: 1576]
word=BMW
File size=8630------------------------=[end]

[begin]------------------------=
[2013/05/29 09:11:02] [articles_controller.rb: 1576]
word=ベンツ
File size=8776------------------------=[end]

[begin]------------------------=
[2013/05/29 09:11:02] [articles_controller.rb: 1576]
word=ソニー
File size=8928------------------------=[end]

[begin]------------------------=
[2013/05/29 09:11:02] [articles_controller.rb: 1576]
word=パナソニック
File size=9080------------------------=[end]

[begin]------------------------=
[2013/05/29 09:11:02] [articles_controller.rb: 1576]
word=松下
File size=9241------------------------=[end]

[begin]------------------------=
[2013/05/29 09:11:02] [articles_controller.rb: 1576]
word=シャープ
File size=9390------------------------=[end]

[begin]------------------------=
[2013/05/29 09:11:02] [articles_controller.rb: 1576]
word=東芝
File size=9545------------------------=[end]

[begin]------------------------=
[2013/05/29 09:11:02] [articles_controller.rb: 1576]
word=三菱電
File size=9694------------------------=[end]

[begin]------------------------=
[2013/05/29 09:11:02] [articles_controller.rb: 1576]
word=セイコー
File size=9846------------------------=[end]

[begin]------------------------=
[2013/05/29 09:11:02] [articles_controller.rb: 1576]
word=ガソリン
File size=10001------------------------=[end]

[begin]------------------------=
[2013/05/29 09:11:02] [articles_controller.rb: 1576]
word=ソーラー
File size=10157------------------------=[end]

[begin]------------------------=
[2013/05/29 09:11:02] [articles_controller.rb: 1576]
word=原油
File size=10313------------------------=[end]

[begin]------------------------=
[2013/05/29 09:11:02] [articles_controller.rb: 1576]
word=原発
File size=10463------------------------=[end]

[begin]------------------------=
[2013/05/29 09:11:02] [articles_controller.rb: 1576]
word=石油
File size=10613------------------------=[end]

[begin]------------------------=
[2013/05/29 09:11:02] [articles_controller.rb: 1576]
word=エネルギー
File size=10763------------------------=[end]

[begin]------------------------=
[2013/05/29 09:11:02] [articles_controller.rb: 1576]
word=発電
File size=10922------------------------=[end]

[begin]------------------------=
[2013/05/29 09:11:02] [articles_controller.rb: 1576]
word=米国
File size=11072------------------------=[end]

[begin]------------------------=
[2013/05/29 09:11:02] [articles_controller.rb: 1576]
word=米
File size=11222------------------------=[end]

[begin]------------------------=
[2013/05/29 09:11:02] [articles_controller.rb: 1576]
word=アメリカ
File size=11369------------------------=[end]

[begin]------------------------=
[2013/05/29 09:11:02] [articles_controller.rb: 1576]
word=中国
File size=11525------------------------=[end]

[begin]------------------------=
[2013/05/29 09:11:02] [articles_controller.rb: 1576]
word=中
File size=11675------------------------=[end]

[begin]------------------------=
[2013/05/29 09:11:02] [articles_controller.rb: 1576]
word=ヨーロッパ
File size=11822------------------------=[end]

[begin]------------------------=
[2013/05/29 09:11:02] [articles_controller.rb: 1576]
word=欧州
File size=11981------------------------=[end]

[begin]------------------------=
[2013/05/29 09:11:02] [articles_controller.rb: 1576]
word=欧
File size=12131------------------------=[end]

[begin]------------------------=
[2013/05/29 09:11:02] [articles_controller.rb: 1576]
word=EURIBOR
File size=12278------------------------=[end]

[begin]------------------------=
[2013/05/29 09:11:02] [articles_controller.rb: 1576]
word=EURO
File size=12429------------------------=[end]

[begin]------------------------=
[2013/05/29 09:11:02] [articles_controller.rb: 1576]
word=ユーロ
File size=12577------------------------=[end]

[begin]------------------------=
[2013/05/29 09:11:02] [articles_controller.rb: 1576]
word=ロシア
File size=12730------------------------=[end]

[begin]------------------------=
[2013/05/29 09:11:02] [articles_controller.rb: 1576]
word=東欧
File size=12883------------------------=[end]

[begin]------------------------=
[2013/05/29 09:11:02] [articles_controller.rb: 1576]
word=ポーランド
File size=13033------------------------=[end]

[begin]------------------------=
[2013/05/29 09:11:02] [articles_controller.rb: 1576]
word=イギリス
File size=13192------------------------=[end]

[begin]------------------------=
[2013/05/29 09:11:02] [articles_controller.rb: 1576]
word=フランス
File size=13348------------------------=[end]

[begin]------------------------=
[2013/05/29 09:11:02] [articles_controller.rb: 1576]
word=ドイツ
File size=13504------------------------=[end]

[begin]------------------------=
[2013/05/29 09:11:02] [articles_controller.rb: 1576]
word=スペイン
File size=13657------------------------=[end]

[begin]------------------------=
[2013/05/29 09:11:02] [articles_controller.rb: 1576]
word=イタリア
File size=13813------------------------=[end]

[begin]------------------------=
[2013/05/29 09:11:02] [articles_controller.rb: 1576]
word=伊
File size=13969------------------------=[end]

[begin]------------------------=
[2013/05/29 09:11:02] [articles_controller.rb: 1576]
word=ポルトガル
File size=14116------------------------=[end]

[begin]------------------------=
[2013/05/29 09:11:02] [articles_controller.rb: 1576]
word=韓国
File size=14275------------------------=[end]

[begin]------------------------=
[2013/05/29 09:11:02] [articles_controller.rb: 1576]
word=韓
File size=14425------------------------=[end]

[begin]------------------------=
[2013/05/29 09:11:02] [articles_controller.rb: 1576]
word=朝鮮
File size=14572------------------------=[end]

[begin]------------------------=
[2013/05/29 09:11:02] [articles_controller.rb: 1576]
word=サムスン
File size=14722------------------------=[end]

[begin]------------------------=
[2013/05/29 09:11:02] [articles_controller.rb: 1576]
word=現代
File size=14878------------------------=[end]

[begin]------------------------=
[2013/05/29 09:11:02] [articles_controller.rb: 1576]
word=イラン
File size=15028------------------------=[end]

[begin]------------------------=
[2013/05/29 09:11:02] [articles_controller.rb: 1576]
word=シリア
File size=15181------------------------=[end]

[begin]------------------------=
[2013/05/29 09:11:02] [articles_controller.rb: 1576]
word=イラク
File size=15334------------------------=[end]

[begin]------------------------=
[2013/05/29 09:11:02] [articles_controller.rb: 1576]
word=自動車
File size=15487------------------------=[end]

[begin]------------------------=
[2013/05/29 09:11:02] [articles_controller.rb: 1576]
word=乗用車
File size=15640------------------------=[end]

[begin]------------------------=
[2013/05/29 09:11:02] [articles_controller.rb: 1576]
word=日産
File size=15793------------------------=[end]

[begin]------------------------=
[2013/05/29 09:11:02] [articles_controller.rb: 1576]
word=日野
File size=15943------------------------=[end]

[begin]------------------------=
[2013/05/29 09:11:02] [articles_controller.rb: 1576]
word=三菱自
File size=16093------------------------=[end]

[begin]------------------------=
[2013/05/29 09:11:02] [articles_controller.rb: 1576]
word=トヨタ
File size=16246------------------------=[end]

[begin]------------------------=
[2013/05/29 09:11:02] [articles_controller.rb: 1576]
word=ダイハツ
File size=16399------------------------=[end]

[begin]------------------------=
[2013/05/29 09:11:02] [articles_controller.rb: 1576]
word=ホンダ
File size=16555------------------------=[end]

[begin]------------------------=
[2013/05/29 09:11:02] [articles_controller.rb: 1576]
word=マツダ
File size=16708------------------------=[end]

[begin]------------------------=
[2013/05/29 09:11:02] [articles_controller.rb: 1576]
word=ＢＭＷ
File size=16861------------------------=[end]

[begin]------------------------=
[2013/05/29 09:11:02] [articles_controller.rb: 1576]
word=BMW
File size=17014------------------------=[end]

[begin]------------------------=
[2013/05/29 09:11:02] [articles_controller.rb: 1576]
word=ベンツ
File size=17161------------------------=[end]

[begin]------------------------=
[2013/05/29 09:11:02] [articles_controller.rb: 1576]
word=ソニー
File size=17314------------------------=[end]

[begin]------------------------=
[2013/05/29 09:11:02] [articles_controller.rb: 1576]
word=パナソニック
File size=17467------------------------=[end]

[begin]------------------------=
[2013/05/29 09:11:02] [articles_controller.rb: 1576]
word=松下
File size=17629------------------------=[end]

[begin]------------------------=
[2013/05/29 09:11:02] [articles_controller.rb: 1576]
word=シャープ
File size=17779------------------------=[end]

[begin]------------------------=
[2013/05/29 09:11:02] [articles_controller.rb: 1576]
word=東芝
File size=17935------------------------=[end]

[begin]------------------------=
[2013/05/29 09:11:02] [articles_controller.rb: 1576]
word=三菱電
File size=18085------------------------=[end]

[begin]------------------------=
[2013/05/29 09:11:02] [articles_controller.rb: 1576]
word=セイコー
File size=18238------------------------=[end]

[begin]------------------------=
[2013/05/29 09:11:02] [articles_controller.rb: 1576]
word=ガソリン
File size=18394------------------------=[end]

[begin]------------------------=
[2013/05/29 09:11:02] [articles_controller.rb: 1576]
word=ソーラー
File size=18550------------------------=[end]

[begin]------------------------=
[2013/05/29 09:11:02] [articles_controller.rb: 1576]
word=原油
File size=18706------------------------=[end]

[begin]------------------------=
[2013/05/29 09:11:02] [articles_controller.rb: 1576]
word=原発
File size=18856------------------------=[end]

[begin]------------------------=
[2013/05/29 09:11:02] [articles_controller.rb: 1576]
word=石油
File size=19006------------------------=[end]

[begin]------------------------=
[2013/05/29 09:11:02] [articles_controller.rb: 1576]
word=エネルギー
File size=19156------------------------=[end]

[begin]------------------------=
[2013/05/29 09:11:02] [articles_controller.rb: 1576]
word=発電
File size=19315------------------------=[end]

[begin]------------------------=
[2013/05/29 09:11:02] [articles_controller.rb: 1576]
word=火力
File size=19465------------------------=[end]

[begin]------------------------=
[2013/05/29 09:11:02] [articles_controller.rb: 1576]
word=証券
File size=19615------------------------=[end]

[begin]------------------------=
[2013/05/29 09:11:02] [articles_controller.rb: 1576]
word=相場
File size=19765------------------------=[end]

[begin]------------------------=
[2013/05/29 09:11:02] [articles_controller.rb: 1576]
word=円
File size=19915------------------------=[end]

