[begin]------------------------=
[2013/05/29 08:49:36] [articles_controller.rb: 1576]
word=エネルギー
File size=0------------------------=[end]

[begin]------------------------=
[2013/05/29 08:49:36] [articles_controller.rb: 1576]
word=発電
File size=155------------------------=[end]

[begin]------------------------=
[2013/05/29 08:49:36] [articles_controller.rb: 1576]
word=火力
File size=303------------------------=[end]

[begin]------------------------=
[2013/05/29 08:49:36] [articles_controller.rb: 1576]
word=証券
File size=451------------------------=[end]

[begin]------------------------=
[2013/05/29 08:49:36] [articles_controller.rb: 1576]
word=相場
File size=599------------------------=[end]

[begin]------------------------=
[2013/05/29 08:49:36] [articles_controller.rb: 1576]
word=円
File size=747------------------------=[end]

[begin]------------------------=
[2013/05/29 08:49:36] [articles_controller.rb: 1576]
word=米国
File size=892------------------------=[end]

[begin]------------------------=
[2013/05/29 08:49:36] [articles_controller.rb: 1576]
word=米
File size=1040------------------------=[end]

[begin]------------------------=
[2013/05/29 08:49:36] [articles_controller.rb: 1576]
word=アメリカ
File size=1186------------------------=[end]

[begin]------------------------=
[2013/05/29 08:49:36] [articles_controller.rb: 1576]
word=中国
File size=1341------------------------=[end]

[begin]------------------------=
[2013/05/29 08:49:36] [articles_controller.rb: 1576]
word=中
File size=1490------------------------=[end]

[begin]------------------------=
[2013/05/29 08:49:36] [articles_controller.rb: 1576]
word=ヨーロッパ
File size=1636------------------------=[end]

[begin]------------------------=
[2013/05/29 08:49:36] [articles_controller.rb: 1576]
word=欧州
File size=1794------------------------=[end]

[begin]------------------------=
[2013/05/29 08:49:36] [articles_controller.rb: 1576]
word=欧
File size=1943------------------------=[end]

[begin]------------------------=
[2013/05/29 08:49:36] [articles_controller.rb: 1576]
word=EURIBOR
File size=2089------------------------=[end]

[begin]------------------------=
[2013/05/29 08:49:36] [articles_controller.rb: 1576]
word=EURO
File size=2239------------------------=[end]

[begin]------------------------=
[2013/05/29 08:49:36] [articles_controller.rb: 1576]
word=ユーロ
File size=2386------------------------=[end]

[begin]------------------------=
[2013/05/29 08:49:36] [articles_controller.rb: 1576]
word=ロシア
File size=2538------------------------=[end]

[begin]------------------------=
[2013/05/29 08:49:36] [articles_controller.rb: 1576]
word=東欧
File size=2690------------------------=[end]

[begin]------------------------=
[2013/05/29 08:49:36] [articles_controller.rb: 1576]
word=ポーランド
File size=2839------------------------=[end]

[begin]------------------------=
[2013/05/29 08:49:36] [articles_controller.rb: 1576]
word=イギリス
File size=2997------------------------=[end]

[begin]------------------------=
[2013/05/29 08:49:36] [articles_controller.rb: 1576]
word=フランス
File size=3152------------------------=[end]

[begin]------------------------=
[2013/05/29 08:49:36] [articles_controller.rb: 1576]
word=ドイツ
File size=3307------------------------=[end]

[begin]------------------------=
[2013/05/29 08:49:36] [articles_controller.rb: 1576]
word=スペイン
File size=3459------------------------=[end]

[begin]------------------------=
[2013/05/29 08:49:36] [articles_controller.rb: 1576]
word=イタリア
File size=3614------------------------=[end]

[begin]------------------------=
[2013/05/29 08:49:36] [articles_controller.rb: 1576]
word=伊
File size=3769------------------------=[end]

[begin]------------------------=
[2013/05/29 08:49:36] [articles_controller.rb: 1576]
word=ポルトガル
File size=3915------------------------=[end]

[begin]------------------------=
[2013/05/29 08:49:36] [articles_controller.rb: 1576]
word=韓国
File size=4073------------------------=[end]

[begin]------------------------=
[2013/05/29 08:49:36] [articles_controller.rb: 1576]
word=韓
File size=4222------------------------=[end]

[begin]------------------------=
[2013/05/29 08:49:36] [articles_controller.rb: 1576]
word=朝鮮
File size=4368------------------------=[end]

[begin]------------------------=
[2013/05/29 08:49:36] [articles_controller.rb: 1576]
word=サムスン
File size=4517------------------------=[end]

[begin]------------------------=
[2013/05/29 08:49:36] [articles_controller.rb: 1576]
word=現代
File size=4672------------------------=[end]

[begin]------------------------=
[2013/05/29 08:49:36] [articles_controller.rb: 1576]
word=イラン
File size=4821------------------------=[end]

[begin]------------------------=
[2013/05/29 08:49:36] [articles_controller.rb: 1576]
word=シリア
File size=4973------------------------=[end]

[begin]------------------------=
[2013/05/29 08:49:36] [articles_controller.rb: 1576]
word=イラク
File size=5125------------------------=[end]

[begin]------------------------=
[2013/05/29 08:49:36] [articles_controller.rb: 1576]
word=自動車
File size=5277------------------------=[end]

[begin]------------------------=
[2013/05/29 08:49:36] [articles_controller.rb: 1576]
word=乗用車
File size=5429------------------------=[end]

[begin]------------------------=
[2013/05/29 08:49:36] [articles_controller.rb: 1576]
word=日産
File size=5581------------------------=[end]

[begin]------------------------=
[2013/05/29 08:49:36] [articles_controller.rb: 1576]
word=日野
File size=5730------------------------=[end]

[begin]------------------------=
[2013/05/29 08:49:36] [articles_controller.rb: 1576]
word=三菱自
File size=5879------------------------=[end]

[begin]------------------------=
[2013/05/29 08:49:36] [articles_controller.rb: 1576]
word=トヨタ
File size=6031------------------------=[end]

[begin]------------------------=
[2013/05/29 08:49:36] [articles_controller.rb: 1576]
word=ダイハツ
File size=6183------------------------=[end]

[begin]------------------------=
[2013/05/29 08:49:36] [articles_controller.rb: 1576]
word=ホンダ
File size=6338------------------------=[end]

[begin]------------------------=
[2013/05/29 08:49:36] [articles_controller.rb: 1576]
word=マツダ
File size=6490------------------------=[end]

[begin]------------------------=
[2013/05/29 08:49:36] [articles_controller.rb: 1576]
word=ＢＭＷ
File size=6642------------------------=[end]

[begin]------------------------=
[2013/05/29 08:49:36] [articles_controller.rb: 1576]
word=BMW
File size=6794------------------------=[end]

[begin]------------------------=
[2013/05/29 08:49:36] [articles_controller.rb: 1576]
word=ベンツ
File size=6940------------------------=[end]

[begin]------------------------=
[2013/05/29 08:49:36] [articles_controller.rb: 1576]
word=ソニー
File size=7092------------------------=[end]

[begin]------------------------=
[2013/05/29 08:49:36] [articles_controller.rb: 1576]
word=パナソニック
File size=7244------------------------=[end]

[begin]------------------------=
[2013/05/29 08:49:36] [articles_controller.rb: 1576]
word=松下
File size=7405------------------------=[end]

[begin]------------------------=
[2013/05/29 08:49:36] [articles_controller.rb: 1576]
word=シャープ
File size=7554------------------------=[end]

[begin]------------------------=
[2013/05/29 08:49:36] [articles_controller.rb: 1576]
word=東芝
File size=7709------------------------=[end]

[begin]------------------------=
[2013/05/29 08:49:36] [articles_controller.rb: 1576]
word=三菱電
File size=7858------------------------=[end]

[begin]------------------------=
[2013/05/29 08:49:36] [articles_controller.rb: 1576]
word=セイコー
File size=8010------------------------=[end]

[begin]------------------------=
[2013/05/29 08:49:36] [articles_controller.rb: 1576]
word=ガソリン
File size=8165------------------------=[end]

[begin]------------------------=
[2013/05/29 08:49:36] [articles_controller.rb: 1576]
word=ソーラー
File size=8320------------------------=[end]

[begin]------------------------=
[2013/05/29 08:49:36] [articles_controller.rb: 1576]
word=原油
File size=8475------------------------=[end]

[begin]------------------------=
[2013/05/29 08:49:36] [articles_controller.rb: 1576]
word=原発
File size=8624------------------------=[end]

[begin]------------------------=
[2013/05/29 08:49:36] [articles_controller.rb: 1576]
word=石油
File size=8773------------------------=[end]

[begin]------------------------=
[2013/05/29 08:49:36] [articles_controller.rb: 1576]
word=エネルギー
File size=8922------------------------=[end]

[begin]------------------------=
[2013/05/29 08:49:36] [articles_controller.rb: 1576]
word=発電
File size=9080------------------------=[end]

[begin]------------------------=
[2013/05/29 08:49:36] [articles_controller.rb: 1576]
word=火力
File size=9229------------------------=[end]

[begin]------------------------=
[2013/05/29 08:49:36] [articles_controller.rb: 1576]
word=証券
File size=9378------------------------=[end]

[begin]------------------------=
[2013/05/29 08:49:36] [articles_controller.rb: 1576]
word=相場
File size=9527------------------------=[end]

[begin]------------------------=
[2013/05/29 08:49:36] [articles_controller.rb: 1576]
word=円
File size=9676------------------------=[end]

[begin]------------------------=
[2013/05/29 08:49:36] [articles_controller.rb: 1576]
word=日経平均
File size=9822------------------------=[end]

[begin]------------------------=
[2013/05/29 08:49:36] [articles_controller.rb: 1576]
word=ＥＵＲＩＢＯＲ
File size=9977------------------------=[end]

[begin]------------------------=
[2013/05/29 08:49:36] [articles_controller.rb: 1576]
word=米国
File size=10141------------------------=[end]

[begin]------------------------=
[2013/05/29 08:49:36] [articles_controller.rb: 1576]
word=米
File size=10291------------------------=[end]

[begin]------------------------=
[2013/05/29 08:49:36] [articles_controller.rb: 1576]
word=アメリカ
File size=10438------------------------=[end]

[begin]------------------------=
[2013/05/29 08:49:36] [articles_controller.rb: 1576]
word=中国
File size=10594------------------------=[end]

[begin]------------------------=
[2013/05/29 08:49:36] [articles_controller.rb: 1576]
word=中
File size=10744------------------------=[end]

[begin]------------------------=
[2013/05/29 08:49:36] [articles_controller.rb: 1576]
word=ヨーロッパ
File size=10891------------------------=[end]

[begin]------------------------=
[2013/05/29 08:49:36] [articles_controller.rb: 1576]
word=欧州
File size=11050------------------------=[end]

[begin]------------------------=
[2013/05/29 08:49:36] [articles_controller.rb: 1576]
word=欧
File size=11200------------------------=[end]

[begin]------------------------=
[2013/05/29 08:49:37] [articles_controller.rb: 1576]
word=EURIBOR
File size=11347------------------------=[end]

[begin]------------------------=
[2013/05/29 08:49:37] [articles_controller.rb: 1576]
word=EURO
File size=11498------------------------=[end]

[begin]------------------------=
[2013/05/29 08:49:37] [articles_controller.rb: 1576]
word=ユーロ
File size=11646------------------------=[end]

[begin]------------------------=
[2013/05/29 08:49:37] [articles_controller.rb: 1576]
word=ロシア
File size=11799------------------------=[end]

[begin]------------------------=
[2013/05/29 08:49:37] [articles_controller.rb: 1576]
word=東欧
File size=11952------------------------=[end]

[begin]------------------------=
[2013/05/29 08:49:37] [articles_controller.rb: 1576]
word=ポーランド
File size=12102------------------------=[end]

[begin]------------------------=
[2013/05/29 08:49:37] [articles_controller.rb: 1576]
word=イギリス
File size=12261------------------------=[end]

[begin]------------------------=
[2013/05/29 08:49:37] [articles_controller.rb: 1576]
word=フランス
File size=12417------------------------=[end]

[begin]------------------------=
[2013/05/29 08:49:37] [articles_controller.rb: 1576]
word=ドイツ
File size=12573------------------------=[end]

[begin]------------------------=
[2013/05/29 08:49:37] [articles_controller.rb: 1576]
word=スペイン
File size=12726------------------------=[end]

[begin]------------------------=
[2013/05/29 08:49:37] [articles_controller.rb: 1576]
word=イタリア
File size=12882------------------------=[end]

[begin]------------------------=
[2013/05/29 08:49:37] [articles_controller.rb: 1576]
word=伊
File size=13038------------------------=[end]

[begin]------------------------=
[2013/05/29 08:49:37] [articles_controller.rb: 1576]
word=ポルトガル
File size=13185------------------------=[end]

[begin]------------------------=
[2013/05/29 08:49:37] [articles_controller.rb: 1576]
word=韓国
File size=13344------------------------=[end]

[begin]------------------------=
[2013/05/29 08:49:37] [articles_controller.rb: 1576]
word=韓
File size=13494------------------------=[end]

[begin]------------------------=
[2013/05/29 08:49:37] [articles_controller.rb: 1576]
word=朝鮮
File size=13641------------------------=[end]

[begin]------------------------=
[2013/05/29 08:49:37] [articles_controller.rb: 1576]
word=サムスン
File size=13791------------------------=[end]

[begin]------------------------=
[2013/05/29 08:49:37] [articles_controller.rb: 1576]
word=現代
File size=13947------------------------=[end]

[begin]------------------------=
[2013/05/29 08:49:37] [articles_controller.rb: 1576]
word=イラン
File size=14097------------------------=[end]

[begin]------------------------=
[2013/05/29 08:49:37] [articles_controller.rb: 1576]
word=シリア
File size=14250------------------------=[end]

[begin]------------------------=
[2013/05/29 08:49:37] [articles_controller.rb: 1576]
word=イラク
File size=14403------------------------=[end]

[begin]------------------------=
[2013/05/29 08:49:37] [articles_controller.rb: 1576]
word=自動車
File size=14556------------------------=[end]

[begin]------------------------=
[2013/05/29 08:49:37] [articles_controller.rb: 1576]
word=米国
File size=14709------------------------=[end]

[begin]------------------------=
[2013/05/29 08:49:37] [articles_controller.rb: 1576]
word=米
File size=14859------------------------=[end]

[begin]------------------------=
[2013/05/29 08:49:37] [articles_controller.rb: 1576]
word=アメリカ
File size=15006------------------------=[end]

[begin]------------------------=
[2013/05/29 08:49:37] [articles_controller.rb: 1576]
word=中国
File size=15162------------------------=[end]

[begin]------------------------=
[2013/05/29 08:49:37] [articles_controller.rb: 1576]
word=中
File size=15312------------------------=[end]

[begin]------------------------=
[2013/05/29 08:49:37] [articles_controller.rb: 1576]
word=ヨーロッパ
File size=15459------------------------=[end]

[begin]------------------------=
[2013/05/29 08:49:37] [articles_controller.rb: 1576]
word=欧州
File size=15618------------------------=[end]

[begin]------------------------=
[2013/05/29 08:49:37] [articles_controller.rb: 1576]
word=欧
File size=15768------------------------=[end]

[begin]------------------------=
[2013/05/29 08:49:37] [articles_controller.rb: 1576]
word=EURIBOR
File size=15915------------------------=[end]

[begin]------------------------=
[2013/05/29 08:49:37] [articles_controller.rb: 1576]
word=EURO
File size=16066------------------------=[end]

[begin]------------------------=
[2013/05/29 08:49:37] [articles_controller.rb: 1576]
word=ユーロ
File size=16214------------------------=[end]

[begin]------------------------=
[2013/05/29 08:49:37] [articles_controller.rb: 1576]
word=ロシア
File size=16367------------------------=[end]

[begin]------------------------=
[2013/05/29 08:49:37] [articles_controller.rb: 1576]
word=東欧
File size=16520------------------------=[end]

[begin]------------------------=
[2013/05/29 08:49:37] [articles_controller.rb: 1576]
word=ポーランド
File size=16670------------------------=[end]

[begin]------------------------=
[2013/05/29 08:49:37] [articles_controller.rb: 1576]
word=イギリス
File size=16829------------------------=[end]

[begin]------------------------=
[2013/05/29 08:49:37] [articles_controller.rb: 1576]
word=フランス
File size=16985------------------------=[end]

[begin]------------------------=
[2013/05/29 08:49:37] [articles_controller.rb: 1576]
word=ドイツ
File size=17141------------------------=[end]

[begin]------------------------=
[2013/05/29 08:49:37] [articles_controller.rb: 1576]
word=スペイン
File size=17294------------------------=[end]

[begin]------------------------=
[2013/05/29 08:49:37] [articles_controller.rb: 1576]
word=イタリア
File size=17450------------------------=[end]

[begin]------------------------=
[2013/05/29 08:49:37] [articles_controller.rb: 1576]
word=伊
File size=17606------------------------=[end]

[begin]------------------------=
[2013/05/29 08:49:37] [articles_controller.rb: 1576]
word=ポルトガル
File size=17753------------------------=[end]

[begin]------------------------=
[2013/05/29 08:49:37] [articles_controller.rb: 1576]
word=韓国
File size=17912------------------------=[end]

[begin]------------------------=
[2013/05/29 08:49:37] [articles_controller.rb: 1576]
word=韓
File size=18062------------------------=[end]

[begin]------------------------=
[2013/05/29 08:49:37] [articles_controller.rb: 1576]
word=朝鮮
File size=18209------------------------=[end]

[begin]------------------------=
[2013/05/29 08:49:37] [articles_controller.rb: 1576]
word=サムスン
File size=18359------------------------=[end]

[begin]------------------------=
[2013/05/29 08:49:37] [articles_controller.rb: 1576]
word=現代
File size=18515------------------------=[end]

[begin]------------------------=
[2013/05/29 08:49:37] [articles_controller.rb: 1576]
word=イラン
File size=18665------------------------=[end]

[begin]------------------------=
[2013/05/29 08:49:37] [articles_controller.rb: 1576]
word=シリア
File size=18818------------------------=[end]

[begin]------------------------=
[2013/05/29 08:49:37] [articles_controller.rb: 1576]
word=イラク
File size=18971------------------------=[end]

[begin]------------------------=
[2013/05/29 08:49:37] [articles_controller.rb: 1576]
word=自動車
File size=19124------------------------=[end]

[begin]------------------------=
[2013/05/29 08:49:37] [articles_controller.rb: 1576]
word=乗用車
File size=19277------------------------=[end]

[begin]------------------------=
[2013/05/29 08:49:37] [articles_controller.rb: 1576]
word=日産
File size=19430------------------------=[end]

[begin]------------------------=
[2013/05/29 08:49:37] [articles_controller.rb: 1576]
word=日野
File size=19580------------------------=[end]

[begin]------------------------=
[2013/05/29 08:49:37] [articles_controller.rb: 1576]
word=三菱自
File size=19730------------------------=[end]

[begin]------------------------=
[2013/05/29 08:49:37] [articles_controller.rb: 1576]
word=トヨタ
File size=19883------------------------=[end]

