[begin]------------------------=
[2013/05/29 08:45:54] [articles_controller.rb: 1576]
word=EURIBOR
File size=0------------------------=[end]

[begin]------------------------=
[2013/05/29 08:45:54] [articles_controller.rb: 1576]
word=EURO
File size=147------------------------=[end]

[begin]------------------------=
[2013/05/29 08:45:54] [articles_controller.rb: 1576]
word=ユーロ
File size=293------------------------=[end]

[begin]------------------------=
[2013/05/29 08:45:54] [articles_controller.rb: 1576]
word=ロシア
File size=444------------------------=[end]

[begin]------------------------=
[2013/05/29 08:45:54] [articles_controller.rb: 1576]
word=東欧
File size=595------------------------=[end]

[begin]------------------------=
[2013/05/29 08:45:54] [articles_controller.rb: 1576]
word=ポーランド
File size=743------------------------=[end]

[begin]------------------------=
[2013/05/29 08:45:54] [articles_controller.rb: 1576]
word=イギリス
File size=900------------------------=[end]

[begin]------------------------=
[2013/05/29 08:45:54] [articles_controller.rb: 1576]
word=フランス
File size=1054------------------------=[end]

[begin]------------------------=
[2013/05/29 08:45:54] [articles_controller.rb: 1576]
word=ドイツ
File size=1209------------------------=[end]

[begin]------------------------=
[2013/05/29 08:45:54] [articles_controller.rb: 1576]
word=スペイン
File size=1361------------------------=[end]

[begin]------------------------=
[2013/05/29 08:45:54] [articles_controller.rb: 1576]
word=イタリア
File size=1516------------------------=[end]

[begin]------------------------=
[2013/05/29 08:45:54] [articles_controller.rb: 1576]
word=伊
File size=1671------------------------=[end]

[begin]------------------------=
[2013/05/29 08:45:54] [articles_controller.rb: 1576]
word=ポルトガル
File size=1817------------------------=[end]

[begin]------------------------=
[2013/05/29 08:45:54] [articles_controller.rb: 1576]
word=韓国
File size=1975------------------------=[end]

[begin]------------------------=
[2013/05/29 08:45:54] [articles_controller.rb: 1576]
word=韓
File size=2124------------------------=[end]

[begin]------------------------=
[2013/05/29 08:45:54] [articles_controller.rb: 1576]
word=朝鮮
File size=2270------------------------=[end]

[begin]------------------------=
[2013/05/29 08:45:54] [articles_controller.rb: 1576]
word=サムスン
File size=2419------------------------=[end]

[begin]------------------------=
[2013/05/29 08:45:54] [articles_controller.rb: 1576]
word=現代
File size=2574------------------------=[end]

[begin]------------------------=
[2013/05/29 08:45:54] [articles_controller.rb: 1576]
word=イラン
File size=2723------------------------=[end]

[begin]------------------------=
[2013/05/29 08:45:54] [articles_controller.rb: 1576]
word=シリア
File size=2875------------------------=[end]

[begin]------------------------=
[2013/05/29 08:45:54] [articles_controller.rb: 1576]
word=イラク
File size=3027------------------------=[end]

[begin]------------------------=
[2013/05/29 08:45:54] [articles_controller.rb: 1576]
word=自動車
File size=3179------------------------=[end]

[begin]------------------------=
[2013/05/29 08:45:54] [articles_controller.rb: 1576]
word=乗用車
File size=3331------------------------=[end]

[begin]------------------------=
[2013/05/29 08:45:54] [articles_controller.rb: 1576]
word=日産
File size=3483------------------------=[end]

[begin]------------------------=
[2013/05/29 08:45:54] [articles_controller.rb: 1576]
word=日野
File size=3632------------------------=[end]

[begin]------------------------=
[2013/05/29 08:45:54] [articles_controller.rb: 1576]
word=三菱自
File size=3781------------------------=[end]

[begin]------------------------=
[2013/05/29 08:45:54] [articles_controller.rb: 1576]
word=トヨタ
File size=3933------------------------=[end]

[begin]------------------------=
[2013/05/29 08:45:54] [articles_controller.rb: 1576]
word=ダイハツ
File size=4085------------------------=[end]

[begin]------------------------=
[2013/05/29 08:45:54] [articles_controller.rb: 1576]
word=ホンダ
File size=4240------------------------=[end]

[begin]------------------------=
[2013/05/29 08:45:54] [articles_controller.rb: 1576]
word=マツダ
File size=4392------------------------=[end]

[begin]------------------------=
[2013/05/29 08:45:54] [articles_controller.rb: 1576]
word=ＢＭＷ
File size=4544------------------------=[end]

[begin]------------------------=
[2013/05/29 08:45:54] [articles_controller.rb: 1576]
word=BMW
File size=4696------------------------=[end]

[begin]------------------------=
[2013/05/29 08:45:54] [articles_controller.rb: 1576]
word=ベンツ
File size=4842------------------------=[end]

[begin]------------------------=
[2013/05/29 08:45:54] [articles_controller.rb: 1576]
word=ソニー
File size=4994------------------------=[end]

[begin]------------------------=
[2013/05/29 08:45:54] [articles_controller.rb: 1576]
word=パナソニック
File size=5146------------------------=[end]

[begin]------------------------=
[2013/05/29 08:45:54] [articles_controller.rb: 1576]
word=松下
File size=5307------------------------=[end]

[begin]------------------------=
[2013/05/29 08:45:54] [articles_controller.rb: 1576]
word=シャープ
File size=5456------------------------=[end]

[begin]------------------------=
[2013/05/29 08:45:54] [articles_controller.rb: 1576]
word=東芝
File size=5611------------------------=[end]

[begin]------------------------=
[2013/05/29 08:45:54] [articles_controller.rb: 1576]
word=三菱電
File size=5760------------------------=[end]

[begin]------------------------=
[2013/05/29 08:45:54] [articles_controller.rb: 1576]
word=セイコー
File size=5912------------------------=[end]

[begin]------------------------=
[2013/05/29 08:45:54] [articles_controller.rb: 1576]
word=ガソリン
File size=6067------------------------=[end]

[begin]------------------------=
[2013/05/29 08:45:54] [articles_controller.rb: 1576]
word=ソーラー
File size=6222------------------------=[end]

[begin]------------------------=
[2013/05/29 08:45:54] [articles_controller.rb: 1576]
word=原油
File size=6377------------------------=[end]

[begin]------------------------=
[2013/05/29 08:45:54] [articles_controller.rb: 1576]
word=原発
File size=6526------------------------=[end]

[begin]------------------------=
[2013/05/29 08:45:54] [articles_controller.rb: 1576]
word=石油
File size=6675------------------------=[end]

[begin]------------------------=
[2013/05/29 08:45:54] [articles_controller.rb: 1576]
word=エネルギー
File size=6824------------------------=[end]

[begin]------------------------=
[2013/05/29 08:45:54] [articles_controller.rb: 1576]
word=発電
File size=6982------------------------=[end]

[begin]------------------------=
[2013/05/29 08:45:54] [articles_controller.rb: 1576]
word=火力
File size=7131------------------------=[end]

[begin]------------------------=
[2013/05/29 08:45:54] [articles_controller.rb: 1576]
word=証券
File size=7280------------------------=[end]

[begin]------------------------=
[2013/05/29 08:45:54] [articles_controller.rb: 1576]
word=相場
File size=7429------------------------=[end]

[begin]------------------------=
[2013/05/29 08:45:54] [articles_controller.rb: 1576]
word=円
File size=7578------------------------=[end]

[begin]------------------------=
[2013/05/29 08:45:54] [articles_controller.rb: 1576]
word=日経平均
File size=7724------------------------=[end]

[begin]------------------------=
[2013/05/29 08:45:54] [articles_controller.rb: 1576]
word=ＥＵＲＩＢＯＲ
File size=7879------------------------=[end]

[begin]------------------------=
[2013/05/29 08:45:54] [articles_controller.rb: 1576]
word=米国
File size=8043------------------------=[end]

[begin]------------------------=
[2013/05/29 08:45:54] [articles_controller.rb: 1576]
word=米
File size=8192------------------------=[end]

[begin]------------------------=
[2013/05/29 08:45:54] [articles_controller.rb: 1576]
word=アメリカ
File size=8338------------------------=[end]

[begin]------------------------=
[2013/05/29 08:45:54] [articles_controller.rb: 1576]
word=中国
File size=8493------------------------=[end]

[begin]------------------------=
[2013/05/29 08:45:54] [articles_controller.rb: 1576]
word=中
File size=8642------------------------=[end]

[begin]------------------------=
[2013/05/29 08:45:54] [articles_controller.rb: 1576]
word=米国
File size=8788------------------------=[end]

[begin]------------------------=
[2013/05/29 08:45:54] [articles_controller.rb: 1576]
word=米
File size=8937------------------------=[end]

[begin]------------------------=
[2013/05/29 08:45:54] [articles_controller.rb: 1576]
word=アメリカ
File size=9083------------------------=[end]

[begin]------------------------=
[2013/05/29 08:45:54] [articles_controller.rb: 1576]
word=中国
File size=9238------------------------=[end]

[begin]------------------------=
[2013/05/29 08:45:54] [articles_controller.rb: 1576]
word=中
File size=9387------------------------=[end]

[begin]------------------------=
[2013/05/29 08:45:54] [articles_controller.rb: 1576]
word=ヨーロッパ
File size=9533------------------------=[end]

[begin]------------------------=
[2013/05/29 08:45:54] [articles_controller.rb: 1576]
word=欧州
File size=9691------------------------=[end]

[begin]------------------------=
[2013/05/29 08:45:54] [articles_controller.rb: 1576]
word=欧
File size=9840------------------------=[end]

[begin]------------------------=
[2013/05/29 08:45:54] [articles_controller.rb: 1576]
word=EURIBOR
File size=9986------------------------=[end]

[begin]------------------------=
[2013/05/29 08:45:54] [articles_controller.rb: 1576]
word=EURO
File size=10136------------------------=[end]

[begin]------------------------=
[2013/05/29 08:45:54] [articles_controller.rb: 1576]
word=ユーロ
File size=10284------------------------=[end]

[begin]------------------------=
[2013/05/29 08:45:54] [articles_controller.rb: 1576]
word=ロシア
File size=10437------------------------=[end]

[begin]------------------------=
[2013/05/29 08:45:54] [articles_controller.rb: 1576]
word=東欧
File size=10590------------------------=[end]

[begin]------------------------=
[2013/05/29 08:45:54] [articles_controller.rb: 1576]
word=ポーランド
File size=10740------------------------=[end]

[begin]------------------------=
[2013/05/29 08:45:54] [articles_controller.rb: 1576]
word=イギリス
File size=10899------------------------=[end]

[begin]------------------------=
[2013/05/29 08:45:54] [articles_controller.rb: 1576]
word=フランス
File size=11055------------------------=[end]

[begin]------------------------=
[2013/05/29 08:45:54] [articles_controller.rb: 1576]
word=ドイツ
File size=11211------------------------=[end]

[begin]------------------------=
[2013/05/29 08:45:54] [articles_controller.rb: 1576]
word=スペイン
File size=11364------------------------=[end]

[begin]------------------------=
[2013/05/29 08:45:54] [articles_controller.rb: 1576]
word=イタリア
File size=11520------------------------=[end]

[begin]------------------------=
[2013/05/29 08:45:54] [articles_controller.rb: 1576]
word=伊
File size=11676------------------------=[end]

[begin]------------------------=
[2013/05/29 08:45:54] [articles_controller.rb: 1576]
word=ポルトガル
File size=11823------------------------=[end]

[begin]------------------------=
[2013/05/29 08:45:54] [articles_controller.rb: 1576]
word=韓国
File size=11982------------------------=[end]

[begin]------------------------=
[2013/05/29 08:45:54] [articles_controller.rb: 1576]
word=韓
File size=12132------------------------=[end]

[begin]------------------------=
[2013/05/29 08:45:54] [articles_controller.rb: 1576]
word=朝鮮
File size=12279------------------------=[end]

[begin]------------------------=
[2013/05/29 08:45:54] [articles_controller.rb: 1576]
word=サムスン
File size=12429------------------------=[end]

[begin]------------------------=
[2013/05/29 08:45:54] [articles_controller.rb: 1576]
word=現代
File size=12585------------------------=[end]

[begin]------------------------=
[2013/05/29 08:45:54] [articles_controller.rb: 1576]
word=イラン
File size=12735------------------------=[end]

[begin]------------------------=
[2013/05/29 08:45:54] [articles_controller.rb: 1576]
word=シリア
File size=12888------------------------=[end]

[begin]------------------------=
[2013/05/29 08:45:54] [articles_controller.rb: 1576]
word=イラク
File size=13041------------------------=[end]

[begin]------------------------=
[2013/05/29 08:45:54] [articles_controller.rb: 1576]
word=自動車
File size=13194------------------------=[end]

[begin]------------------------=
[2013/05/29 08:45:54] [articles_controller.rb: 1576]
word=乗用車
File size=13347------------------------=[end]

[begin]------------------------=
[2013/05/29 08:45:54] [articles_controller.rb: 1576]
word=日産
File size=13500------------------------=[end]

[begin]------------------------=
[2013/05/29 08:45:54] [articles_controller.rb: 1576]
word=日野
File size=13650------------------------=[end]

[begin]------------------------=
[2013/05/29 08:45:54] [articles_controller.rb: 1576]
word=三菱自
File size=13800------------------------=[end]

[begin]------------------------=
[2013/05/29 08:45:54] [articles_controller.rb: 1576]
word=トヨタ
File size=13953------------------------=[end]

[begin]------------------------=
[2013/05/29 08:45:54] [articles_controller.rb: 1576]
word=ダイハツ
File size=14106------------------------=[end]

[begin]------------------------=
[2013/05/29 08:45:54] [articles_controller.rb: 1576]
word=ホンダ
File size=14262------------------------=[end]

[begin]------------------------=
[2013/05/29 08:45:54] [articles_controller.rb: 1576]
word=マツダ
File size=14415------------------------=[end]

[begin]------------------------=
[2013/05/29 08:45:54] [articles_controller.rb: 1576]
word=ＢＭＷ
File size=14568------------------------=[end]

[begin]------------------------=
[2013/05/29 08:45:54] [articles_controller.rb: 1576]
word=BMW
File size=14721------------------------=[end]

[begin]------------------------=
[2013/05/29 08:45:54] [articles_controller.rb: 1576]
word=ベンツ
File size=14868------------------------=[end]

[begin]------------------------=
[2013/05/29 08:45:54] [articles_controller.rb: 1576]
word=ソニー
File size=15021------------------------=[end]

[begin]------------------------=
[2013/05/29 08:45:54] [articles_controller.rb: 1576]
word=パナソニック
File size=15174------------------------=[end]

[begin]------------------------=
[2013/05/29 08:45:54] [articles_controller.rb: 1576]
word=松下
File size=15336------------------------=[end]

[begin]------------------------=
[2013/05/29 08:45:54] [articles_controller.rb: 1576]
word=シャープ
File size=15486------------------------=[end]

[begin]------------------------=
[2013/05/29 08:45:54] [articles_controller.rb: 1576]
word=東芝
File size=15642------------------------=[end]

[begin]------------------------=
[2013/05/29 08:45:54] [articles_controller.rb: 1576]
word=三菱電
File size=15792------------------------=[end]

[begin]------------------------=
[2013/05/29 08:45:54] [articles_controller.rb: 1576]
word=セイコー
File size=15945------------------------=[end]

[begin]------------------------=
[2013/05/29 08:45:54] [articles_controller.rb: 1576]
word=ガソリン
File size=16101------------------------=[end]

[begin]------------------------=
[2013/05/29 08:45:54] [articles_controller.rb: 1576]
word=ソーラー
File size=16257------------------------=[end]

[begin]------------------------=
[2013/05/29 08:45:54] [articles_controller.rb: 1576]
word=原油
File size=16413------------------------=[end]

[begin]------------------------=
[2013/05/29 08:45:54] [articles_controller.rb: 1576]
word=原発
File size=16563------------------------=[end]

[begin]------------------------=
[2013/05/29 08:45:54] [articles_controller.rb: 1576]
word=石油
File size=16713------------------------=[end]

[begin]------------------------=
[2013/05/29 08:45:54] [articles_controller.rb: 1576]
word=エネルギー
File size=16863------------------------=[end]

[begin]------------------------=
[2013/05/29 08:45:54] [articles_controller.rb: 1576]
word=発電
File size=17022------------------------=[end]

[begin]------------------------=
[2013/05/29 08:45:54] [articles_controller.rb: 1576]
word=火力
File size=17172------------------------=[end]

[begin]------------------------=
[2013/05/29 08:45:54] [articles_controller.rb: 1576]
word=証券
File size=17322------------------------=[end]

[begin]------------------------=
[2013/05/29 08:45:54] [articles_controller.rb: 1576]
word=相場
File size=17472------------------------=[end]

[begin]------------------------=
[2013/05/29 08:45:54] [articles_controller.rb: 1576]
word=円
File size=17622------------------------=[end]

[begin]------------------------=
[2013/05/29 08:45:54] [articles_controller.rb: 1576]
word=日経平均
File size=17769------------------------=[end]

[begin]------------------------=
[2013/05/29 08:45:54] [articles_controller.rb: 1576]
word=ＥＵＲＩＢＯＲ
File size=17925------------------------=[end]

[begin]------------------------=
[2013/05/29 08:45:54] [articles_controller.rb: 1576]
word=米国
File size=18090------------------------=[end]

[begin]------------------------=
[2013/05/29 08:45:54] [articles_controller.rb: 1576]
word=米
File size=18240------------------------=[end]

[begin]------------------------=
[2013/05/29 08:45:54] [articles_controller.rb: 1576]
word=アメリカ
File size=18387------------------------=[end]

[begin]------------------------=
[2013/05/29 08:45:54] [articles_controller.rb: 1576]
word=中国
File size=18543------------------------=[end]

[begin]------------------------=
[2013/05/29 08:45:54] [articles_controller.rb: 1576]
word=中
File size=18693------------------------=[end]

[begin]------------------------=
[2013/05/29 08:45:54] [articles_controller.rb: 1576]
word=ヨーロッパ
File size=18840------------------------=[end]

[begin]------------------------=
[2013/05/29 08:45:54] [articles_controller.rb: 1576]
word=欧州
File size=18999------------------------=[end]

[begin]------------------------=
[2013/05/29 08:45:54] [articles_controller.rb: 1576]
word=欧
File size=19149------------------------=[end]

[begin]------------------------=
[2013/05/29 08:45:54] [articles_controller.rb: 1576]
word=EURIBOR
File size=19296------------------------=[end]

[begin]------------------------=
[2013/05/29 08:45:54] [articles_controller.rb: 1576]
word=EURO
File size=19447------------------------=[end]

[begin]------------------------=
[2013/05/29 08:45:54] [articles_controller.rb: 1576]
word=ユーロ
File size=19595------------------------=[end]

[begin]------------------------=
[2013/05/29 08:45:54] [articles_controller.rb: 1576]
word=ロシア
File size=19748------------------------=[end]

[begin]------------------------=
[2013/05/29 08:45:54] [articles_controller.rb: 1576]
word=東欧
File size=19901------------------------=[end]

