[begin]------------------------=
[2013/05/29 08:45:55] [articles_controller.rb: 1576]
word=ドイツ
File size=0------------------------=[end]

[begin]------------------------=
[2013/05/29 08:45:55] [articles_controller.rb: 1576]
word=スペイン
File size=149------------------------=[end]

[begin]------------------------=
[2013/05/29 08:45:55] [articles_controller.rb: 1576]
word=イタリア
File size=303------------------------=[end]

[begin]------------------------=
[2013/05/29 08:45:55] [articles_controller.rb: 1576]
word=伊
File size=457------------------------=[end]

[begin]------------------------=
[2013/05/29 08:45:55] [articles_controller.rb: 1576]
word=ポルトガル
File size=602------------------------=[end]

[begin]------------------------=
[2013/05/29 08:45:55] [articles_controller.rb: 1576]
word=韓国
File size=759------------------------=[end]

[begin]------------------------=
[2013/05/29 08:45:55] [articles_controller.rb: 1576]
word=韓
File size=907------------------------=[end]

[begin]------------------------=
[2013/05/29 08:45:55] [articles_controller.rb: 1576]
word=朝鮮
File size=1052------------------------=[end]

[begin]------------------------=
[2013/05/29 08:45:55] [articles_controller.rb: 1576]
word=サムスン
File size=1201------------------------=[end]

[begin]------------------------=
[2013/05/29 08:45:55] [articles_controller.rb: 1576]
word=現代
File size=1356------------------------=[end]

[begin]------------------------=
[2013/05/29 08:45:55] [articles_controller.rb: 1576]
word=イラン
File size=1505------------------------=[end]

[begin]------------------------=
[2013/05/29 08:45:55] [articles_controller.rb: 1576]
word=シリア
File size=1657------------------------=[end]

[begin]------------------------=
[2013/05/29 08:45:55] [articles_controller.rb: 1576]
word=イラク
File size=1809------------------------=[end]

[begin]------------------------=
[2013/05/29 08:45:55] [articles_controller.rb: 1576]
word=自動車
File size=1961------------------------=[end]

[begin]------------------------=
[2013/05/29 08:45:55] [articles_controller.rb: 1576]
word=乗用車
File size=2113------------------------=[end]

[begin]------------------------=
[2013/05/29 08:45:55] [articles_controller.rb: 1576]
word=日産
File size=2265------------------------=[end]

[begin]------------------------=
[2013/05/29 08:45:55] [articles_controller.rb: 1576]
word=日野
File size=2414------------------------=[end]

[begin]------------------------=
[2013/05/29 08:45:55] [articles_controller.rb: 1576]
word=三菱自
File size=2563------------------------=[end]

[begin]------------------------=
[2013/05/29 08:45:55] [articles_controller.rb: 1576]
word=トヨタ
File size=2715------------------------=[end]

[begin]------------------------=
[2013/05/29 08:45:55] [articles_controller.rb: 1576]
word=ダイハツ
File size=2867------------------------=[end]

[begin]------------------------=
[2013/05/29 08:45:55] [articles_controller.rb: 1576]
word=ホンダ
File size=3022------------------------=[end]

[begin]------------------------=
[2013/05/29 08:45:55] [articles_controller.rb: 1576]
word=マツダ
File size=3174------------------------=[end]

[begin]------------------------=
[2013/05/29 08:45:55] [articles_controller.rb: 1576]
word=ＢＭＷ
File size=3326------------------------=[end]

[begin]------------------------=
[2013/05/29 08:45:55] [articles_controller.rb: 1576]
word=BMW
File size=3478------------------------=[end]

[begin]------------------------=
[2013/05/29 08:45:55] [articles_controller.rb: 1576]
word=ベンツ
File size=3624------------------------=[end]

[begin]------------------------=
[2013/05/29 08:45:55] [articles_controller.rb: 1576]
word=ソニー
File size=3776------------------------=[end]

[begin]------------------------=
[2013/05/29 08:45:55] [articles_controller.rb: 1576]
word=パナソニック
File size=3928------------------------=[end]

[begin]------------------------=
[2013/05/29 08:45:55] [articles_controller.rb: 1576]
word=松下
File size=4089------------------------=[end]

[begin]------------------------=
[2013/05/29 08:45:55] [articles_controller.rb: 1576]
word=シャープ
File size=4238------------------------=[end]

[begin]------------------------=
[2013/05/29 08:45:55] [articles_controller.rb: 1576]
word=東芝
File size=4393------------------------=[end]

[begin]------------------------=
[2013/05/29 08:45:55] [articles_controller.rb: 1576]
word=三菱電
File size=4542------------------------=[end]

[begin]------------------------=
[2013/05/29 08:45:55] [articles_controller.rb: 1576]
word=セイコー
File size=4694------------------------=[end]

[begin]------------------------=
[2013/05/29 08:45:55] [articles_controller.rb: 1576]
word=ガソリン
File size=4849------------------------=[end]

[begin]------------------------=
[2013/05/29 08:45:55] [articles_controller.rb: 1576]
word=ソーラー
File size=5004------------------------=[end]

[begin]------------------------=
[2013/05/29 08:45:55] [articles_controller.rb: 1576]
word=原油
File size=5159------------------------=[end]

[begin]------------------------=
[2013/05/29 08:45:55] [articles_controller.rb: 1576]
word=原発
File size=5308------------------------=[end]

[begin]------------------------=
[2013/05/29 08:45:55] [articles_controller.rb: 1576]
word=石油
File size=5457------------------------=[end]

[begin]------------------------=
[2013/05/29 08:45:55] [articles_controller.rb: 1576]
word=エネルギー
File size=5606------------------------=[end]

[begin]------------------------=
[2013/05/29 08:45:55] [articles_controller.rb: 1576]
word=発電
File size=5764------------------------=[end]

[begin]------------------------=
[2013/05/29 08:45:55] [articles_controller.rb: 1576]
word=火力
File size=5913------------------------=[end]

[begin]------------------------=
[2013/05/29 08:45:55] [articles_controller.rb: 1576]
word=証券
File size=6062------------------------=[end]

[begin]------------------------=
[2013/05/29 08:45:55] [articles_controller.rb: 1576]
word=相場
File size=6211------------------------=[end]

[begin]------------------------=
[2013/05/29 08:45:55] [articles_controller.rb: 1576]
word=円
File size=6360------------------------=[end]

[begin]------------------------=
[2013/05/29 08:45:55] [articles_controller.rb: 1576]
word=日経平均
File size=6506------------------------=[end]

[begin]------------------------=
[2013/05/29 08:45:55] [articles_controller.rb: 1576]
word=ＥＵＲＩＢＯＲ
File size=6661------------------------=[end]

[begin]------------------------=
[2013/05/29 08:45:55] [articles_controller.rb: 1576]
word=米国
File size=6825------------------------=[end]

[begin]------------------------=
[2013/05/29 08:45:55] [articles_controller.rb: 1576]
word=米
File size=6974------------------------=[end]

[begin]------------------------=
[2013/05/29 08:45:55] [articles_controller.rb: 1576]
word=アメリカ
File size=7120------------------------=[end]

[begin]------------------------=
[2013/05/29 08:45:55] [articles_controller.rb: 1576]
word=中国
File size=7275------------------------=[end]

[begin]------------------------=
[2013/05/29 08:45:55] [articles_controller.rb: 1576]
word=中
File size=7424------------------------=[end]

[begin]------------------------=
[2013/05/29 08:45:55] [articles_controller.rb: 1576]
word=ヨーロッパ
File size=7570------------------------=[end]

[begin]------------------------=
[2013/05/29 08:45:55] [articles_controller.rb: 1576]
word=欧州
File size=7728------------------------=[end]

[begin]------------------------=
[2013/05/29 08:45:55] [articles_controller.rb: 1576]
word=欧
File size=7877------------------------=[end]

[begin]------------------------=
[2013/05/29 08:45:55] [articles_controller.rb: 1576]
word=EURIBOR
File size=8023------------------------=[end]

[begin]------------------------=
[2013/05/29 08:45:55] [articles_controller.rb: 1576]
word=EURO
File size=8173------------------------=[end]

[begin]------------------------=
[2013/05/29 08:45:55] [articles_controller.rb: 1576]
word=ユーロ
File size=8320------------------------=[end]

[begin]------------------------=
[2013/05/29 08:45:55] [articles_controller.rb: 1576]
word=ロシア
File size=8472------------------------=[end]

[begin]------------------------=
[2013/05/29 08:45:55] [articles_controller.rb: 1576]
word=東欧
File size=8624------------------------=[end]

[begin]------------------------=
[2013/05/29 08:45:55] [articles_controller.rb: 1576]
word=ポーランド
File size=8773------------------------=[end]

[begin]------------------------=
[2013/05/29 08:45:55] [articles_controller.rb: 1576]
word=イギリス
File size=8931------------------------=[end]

[begin]------------------------=
[2013/05/29 08:45:55] [articles_controller.rb: 1576]
word=フランス
File size=9086------------------------=[end]

[begin]------------------------=
[2013/05/29 08:45:55] [articles_controller.rb: 1576]
word=ドイツ
File size=9241------------------------=[end]

[begin]------------------------=
[2013/05/29 08:45:55] [articles_controller.rb: 1576]
word=スペイン
File size=9393------------------------=[end]

[begin]------------------------=
[2013/05/29 08:45:55] [articles_controller.rb: 1576]
word=イタリア
File size=9548------------------------=[end]

[begin]------------------------=
[2013/05/29 08:45:55] [articles_controller.rb: 1576]
word=伊
File size=9703------------------------=[end]

[begin]------------------------=
[2013/05/29 08:45:55] [articles_controller.rb: 1576]
word=ポルトガル
File size=9849------------------------=[end]

[begin]------------------------=
[2013/05/29 08:45:55] [articles_controller.rb: 1576]
word=韓国
File size=10007------------------------=[end]

[begin]------------------------=
[2013/05/29 08:45:55] [articles_controller.rb: 1576]
word=韓
File size=10157------------------------=[end]

[begin]------------------------=
[2013/05/29 08:45:55] [articles_controller.rb: 1576]
word=朝鮮
File size=10304------------------------=[end]

[begin]------------------------=
[2013/05/29 08:45:55] [articles_controller.rb: 1576]
word=サムスン
File size=10454------------------------=[end]

[begin]------------------------=
[2013/05/29 08:45:55] [articles_controller.rb: 1576]
word=現代
File size=10610------------------------=[end]

[begin]------------------------=
[2013/05/29 08:45:55] [articles_controller.rb: 1576]
word=イラン
File size=10760------------------------=[end]

[begin]------------------------=
[2013/05/29 08:45:55] [articles_controller.rb: 1576]
word=シリア
File size=10913------------------------=[end]

[begin]------------------------=
[2013/05/29 08:45:55] [articles_controller.rb: 1576]
word=イラク
File size=11066------------------------=[end]

[begin]------------------------=
[2013/05/29 08:45:55] [articles_controller.rb: 1576]
word=自動車
File size=11219------------------------=[end]

[begin]------------------------=
[2013/05/29 08:45:55] [articles_controller.rb: 1576]
word=乗用車
File size=11372------------------------=[end]

[begin]------------------------=
[2013/05/29 08:45:55] [articles_controller.rb: 1576]
word=日産
File size=11525------------------------=[end]

[begin]------------------------=
[2013/05/29 08:45:55] [articles_controller.rb: 1576]
word=日野
File size=11675------------------------=[end]

[begin]------------------------=
[2013/05/29 08:45:55] [articles_controller.rb: 1576]
word=三菱自
File size=11825------------------------=[end]

[begin]------------------------=
[2013/05/29 08:45:55] [articles_controller.rb: 1576]
word=トヨタ
File size=11978------------------------=[end]

[begin]------------------------=
[2013/05/29 08:45:55] [articles_controller.rb: 1576]
word=ダイハツ
File size=12131------------------------=[end]

[begin]------------------------=
[2013/05/29 08:45:55] [articles_controller.rb: 1576]
word=ホンダ
File size=12287------------------------=[end]

[begin]------------------------=
[2013/05/29 08:45:55] [articles_controller.rb: 1576]
word=マツダ
File size=12440------------------------=[end]

[begin]------------------------=
[2013/05/29 08:45:55] [articles_controller.rb: 1576]
word=ＢＭＷ
File size=12593------------------------=[end]

[begin]------------------------=
[2013/05/29 08:45:55] [articles_controller.rb: 1576]
word=BMW
File size=12746------------------------=[end]

[begin]------------------------=
[2013/05/29 08:45:55] [articles_controller.rb: 1576]
word=ベンツ
File size=12893------------------------=[end]

[begin]------------------------=
[2013/05/29 08:45:55] [articles_controller.rb: 1576]
word=ソニー
File size=13046------------------------=[end]

[begin]------------------------=
[2013/05/29 08:45:55] [articles_controller.rb: 1576]
word=パナソニック
File size=13199------------------------=[end]

[begin]------------------------=
[2013/05/29 08:45:55] [articles_controller.rb: 1576]
word=松下
File size=13361------------------------=[end]

[begin]------------------------=
[2013/05/29 08:45:55] [articles_controller.rb: 1576]
word=シャープ
File size=13511------------------------=[end]

[begin]------------------------=
[2013/05/29 08:45:55] [articles_controller.rb: 1576]
word=東芝
File size=13667------------------------=[end]

[begin]------------------------=
[2013/05/29 08:45:55] [articles_controller.rb: 1576]
word=三菱電
File size=13817------------------------=[end]

[begin]------------------------=
[2013/05/29 08:45:55] [articles_controller.rb: 1576]
word=セイコー
File size=13970------------------------=[end]

[begin]------------------------=
[2013/05/29 08:45:55] [articles_controller.rb: 1576]
word=ガソリン
File size=14126------------------------=[end]

[begin]------------------------=
[2013/05/29 08:45:55] [articles_controller.rb: 1576]
word=ソーラー
File size=14282------------------------=[end]

[begin]------------------------=
[2013/05/29 08:45:55] [articles_controller.rb: 1576]
word=原油
File size=14438------------------------=[end]

[begin]------------------------=
[2013/05/29 08:45:55] [articles_controller.rb: 1576]
word=原発
File size=14588------------------------=[end]

[begin]------------------------=
[2013/05/29 08:45:55] [articles_controller.rb: 1576]
word=石油
File size=14738------------------------=[end]

[begin]------------------------=
[2013/05/29 08:45:55] [articles_controller.rb: 1576]
word=エネルギー
File size=14888------------------------=[end]

[begin]------------------------=
[2013/05/29 08:45:55] [articles_controller.rb: 1576]
word=発電
File size=15047------------------------=[end]

[begin]------------------------=
[2013/05/29 08:45:55] [articles_controller.rb: 1576]
word=火力
File size=15197------------------------=[end]

[begin]------------------------=
[2013/05/29 08:45:55] [articles_controller.rb: 1576]
word=証券
File size=15347------------------------=[end]

[begin]------------------------=
[2013/05/29 08:45:55] [articles_controller.rb: 1576]
word=相場
File size=15497------------------------=[end]

[begin]------------------------=
[2013/05/29 08:45:55] [articles_controller.rb: 1576]
word=円
File size=15647------------------------=[end]

[begin]------------------------=
[2013/05/29 08:45:55] [articles_controller.rb: 1576]
word=日経平均
File size=15794------------------------=[end]

[begin]------------------------=
[2013/05/29 08:45:55] [articles_controller.rb: 1576]
word=ＥＵＲＩＢＯＲ
File size=15950------------------------=[end]

[begin]------------------------=
[2013/05/29 08:45:55] [articles_controller.rb: 1576]
word=米国
File size=16115------------------------=[end]

[begin]------------------------=
[2013/05/29 08:45:55] [articles_controller.rb: 1576]
word=米
File size=16265------------------------=[end]

[begin]------------------------=
[2013/05/29 08:45:55] [articles_controller.rb: 1576]
word=アメリカ
File size=16412------------------------=[end]

[begin]------------------------=
[2013/05/29 08:45:55] [articles_controller.rb: 1576]
word=中国
File size=16568------------------------=[end]

[begin]------------------------=
[2013/05/29 08:45:55] [articles_controller.rb: 1576]
word=中
File size=16718------------------------=[end]

[begin]------------------------=
[2013/05/29 08:45:55] [articles_controller.rb: 1576]
word=ヨーロッパ
File size=16865------------------------=[end]

[begin]------------------------=
[2013/05/29 08:45:55] [articles_controller.rb: 1576]
word=欧州
File size=17024------------------------=[end]

[begin]------------------------=
[2013/05/29 08:45:55] [articles_controller.rb: 1576]
word=欧
File size=17174------------------------=[end]

[begin]------------------------=
[2013/05/29 08:45:55] [articles_controller.rb: 1576]
word=EURIBOR
File size=17321------------------------=[end]

[begin]------------------------=
[2013/05/29 08:45:55] [articles_controller.rb: 1576]
word=EURO
File size=17472------------------------=[end]

[begin]------------------------=
[2013/05/29 08:45:55] [articles_controller.rb: 1576]
word=ユーロ
File size=17620------------------------=[end]

[begin]------------------------=
[2013/05/29 08:45:55] [articles_controller.rb: 1576]
word=ロシア
File size=17773------------------------=[end]

[begin]------------------------=
[2013/05/29 08:45:55] [articles_controller.rb: 1576]
word=東欧
File size=17926------------------------=[end]

[begin]------------------------=
[2013/05/29 08:45:55] [articles_controller.rb: 1576]
word=ポーランド
File size=18076------------------------=[end]

[begin]------------------------=
[2013/05/29 08:45:55] [articles_controller.rb: 1576]
word=イギリス
File size=18235------------------------=[end]

[begin]------------------------=
[2013/05/29 08:45:55] [articles_controller.rb: 1576]
word=フランス
File size=18391------------------------=[end]

[begin]------------------------=
[2013/05/29 08:45:55] [articles_controller.rb: 1576]
word=ドイツ
File size=18547------------------------=[end]

[begin]------------------------=
[2013/05/29 08:45:55] [articles_controller.rb: 1576]
word=スペイン
File size=18700------------------------=[end]

[begin]------------------------=
[2013/05/29 08:45:55] [articles_controller.rb: 1576]
word=イタリア
File size=18856------------------------=[end]

[begin]------------------------=
[2013/05/29 08:45:55] [articles_controller.rb: 1576]
word=伊
File size=19012------------------------=[end]

[begin]------------------------=
[2013/05/29 08:45:55] [articles_controller.rb: 1576]
word=ポルトガル
File size=19159------------------------=[end]

[begin]------------------------=
[2013/05/29 08:45:55] [articles_controller.rb: 1576]
word=韓国
File size=19318------------------------=[end]

[begin]------------------------=
[2013/05/29 08:45:55] [articles_controller.rb: 1576]
word=韓
File size=19468------------------------=[end]

[begin]------------------------=
[2013/05/29 08:45:55] [articles_controller.rb: 1576]
word=朝鮮
File size=19615------------------------=[end]

[begin]------------------------=
[2013/05/29 08:45:55] [articles_controller.rb: 1576]
word=サムスン
File size=19765------------------------=[end]

[begin]------------------------=
[2013/05/29 08:45:55] [articles_controller.rb: 1576]
word=現代
File size=19921------------------------=[end]

