[begin]------------------------=
[2013/05/29 08:45:49] [articles_controller.rb: 1576]
word=発電
File size=0------------------------=[end]

[begin]------------------------=
[2013/05/29 08:45:49] [articles_controller.rb: 1576]
word=火力
File size=146------------------------=[end]

[begin]------------------------=
[2013/05/29 08:45:49] [articles_controller.rb: 1576]
word=証券
File size=294------------------------=[end]

[begin]------------------------=
[2013/05/29 08:45:49] [articles_controller.rb: 1576]
word=相場
File size=442------------------------=[end]

[begin]------------------------=
[2013/05/29 08:45:49] [articles_controller.rb: 1576]
word=円
File size=590------------------------=[end]

[begin]------------------------=
[2013/05/29 08:45:49] [articles_controller.rb: 1576]
word=日経平均
File size=735------------------------=[end]

[begin]------------------------=
[2013/05/29 08:45:49] [articles_controller.rb: 1576]
word=ＥＵＲＩＢＯＲ
File size=889------------------------=[end]

[begin]------------------------=
[2013/05/29 08:45:49] [articles_controller.rb: 1576]
word=米国
File size=1052------------------------=[end]

[begin]------------------------=
[2013/05/29 08:45:49] [articles_controller.rb: 1576]
word=米
File size=1201------------------------=[end]

[begin]------------------------=
[2013/05/29 08:45:49] [articles_controller.rb: 1576]
word=米国
File size=1347------------------------=[end]

[begin]------------------------=
[2013/05/29 08:45:49] [articles_controller.rb: 1576]
word=米
File size=1496------------------------=[end]

[begin]------------------------=
[2013/05/29 08:45:49] [articles_controller.rb: 1576]
word=アメリカ
File size=1642------------------------=[end]

[begin]------------------------=
[2013/05/29 08:45:49] [articles_controller.rb: 1576]
word=中国
File size=1797------------------------=[end]

[begin]------------------------=
[2013/05/29 08:45:49] [articles_controller.rb: 1576]
word=中
File size=1946------------------------=[end]

[begin]------------------------=
[2013/05/29 08:45:49] [articles_controller.rb: 1576]
word=ヨーロッパ
File size=2092------------------------=[end]

[begin]------------------------=
[2013/05/29 08:45:49] [articles_controller.rb: 1576]
word=欧州
File size=2250------------------------=[end]

[begin]------------------------=
[2013/05/29 08:45:49] [articles_controller.rb: 1576]
word=欧
File size=2399------------------------=[end]

[begin]------------------------=
[2013/05/29 08:45:49] [articles_controller.rb: 1576]
word=EURIBOR
File size=2545------------------------=[end]

[begin]------------------------=
[2013/05/29 08:45:49] [articles_controller.rb: 1576]
word=EURO
File size=2695------------------------=[end]

[begin]------------------------=
[2013/05/29 08:45:49] [articles_controller.rb: 1576]
word=ユーロ
File size=2842------------------------=[end]

[begin]------------------------=
[2013/05/29 08:45:49] [articles_controller.rb: 1576]
word=ロシア
File size=2994------------------------=[end]

[begin]------------------------=
[2013/05/29 08:45:49] [articles_controller.rb: 1576]
word=東欧
File size=3146------------------------=[end]

[begin]------------------------=
[2013/05/29 08:45:49] [articles_controller.rb: 1576]
word=ポーランド
File size=3295------------------------=[end]

[begin]------------------------=
[2013/05/29 08:45:49] [articles_controller.rb: 1576]
word=イギリス
File size=3453------------------------=[end]

[begin]------------------------=
[2013/05/29 08:45:49] [articles_controller.rb: 1576]
word=フランス
File size=3608------------------------=[end]

[begin]------------------------=
[2013/05/29 08:45:49] [articles_controller.rb: 1576]
word=ドイツ
File size=3763------------------------=[end]

[begin]------------------------=
[2013/05/29 08:45:49] [articles_controller.rb: 1576]
word=スペイン
File size=3915------------------------=[end]

[begin]------------------------=
[2013/05/29 08:45:49] [articles_controller.rb: 1576]
word=イタリア
File size=4070------------------------=[end]

[begin]------------------------=
[2013/05/29 08:45:49] [articles_controller.rb: 1576]
word=伊
File size=4225------------------------=[end]

[begin]------------------------=
[2013/05/29 08:45:49] [articles_controller.rb: 1576]
word=ポルトガル
File size=4371------------------------=[end]

[begin]------------------------=
[2013/05/29 08:45:49] [articles_controller.rb: 1576]
word=韓国
File size=4529------------------------=[end]

[begin]------------------------=
[2013/05/29 08:45:49] [articles_controller.rb: 1576]
word=韓
File size=4678------------------------=[end]

[begin]------------------------=
[2013/05/29 08:45:49] [articles_controller.rb: 1576]
word=朝鮮
File size=4824------------------------=[end]

[begin]------------------------=
[2013/05/29 08:45:49] [articles_controller.rb: 1576]
word=サムスン
File size=4973------------------------=[end]

[begin]------------------------=
[2013/05/29 08:45:49] [articles_controller.rb: 1576]
word=現代
File size=5128------------------------=[end]

[begin]------------------------=
[2013/05/29 08:45:49] [articles_controller.rb: 1576]
word=イラン
File size=5277------------------------=[end]

[begin]------------------------=
[2013/05/29 08:45:49] [articles_controller.rb: 1576]
word=シリア
File size=5429------------------------=[end]

[begin]------------------------=
[2013/05/29 08:45:49] [articles_controller.rb: 1576]
word=イラク
File size=5581------------------------=[end]

[begin]------------------------=
[2013/05/29 08:45:49] [articles_controller.rb: 1576]
word=自動車
File size=5733------------------------=[end]

[begin]------------------------=
[2013/05/29 08:45:49] [articles_controller.rb: 1576]
word=乗用車
File size=5885------------------------=[end]

[begin]------------------------=
[2013/05/29 08:45:49] [articles_controller.rb: 1576]
word=日産
File size=6037------------------------=[end]

[begin]------------------------=
[2013/05/29 08:45:49] [articles_controller.rb: 1576]
word=日野
File size=6186------------------------=[end]

[begin]------------------------=
[2013/05/29 08:45:49] [articles_controller.rb: 1576]
word=三菱自
File size=6335------------------------=[end]

[begin]------------------------=
[2013/05/29 08:45:49] [articles_controller.rb: 1576]
word=トヨタ
File size=6487------------------------=[end]

[begin]------------------------=
[2013/05/29 08:45:49] [articles_controller.rb: 1576]
word=ダイハツ
File size=6639------------------------=[end]

[begin]------------------------=
[2013/05/29 08:45:49] [articles_controller.rb: 1576]
word=ホンダ
File size=6794------------------------=[end]

[begin]------------------------=
[2013/05/29 08:45:49] [articles_controller.rb: 1576]
word=マツダ
File size=6946------------------------=[end]

[begin]------------------------=
[2013/05/29 08:45:49] [articles_controller.rb: 1576]
word=ＢＭＷ
File size=7098------------------------=[end]

[begin]------------------------=
[2013/05/29 08:45:49] [articles_controller.rb: 1576]
word=BMW
File size=7250------------------------=[end]

[begin]------------------------=
[2013/05/29 08:45:49] [articles_controller.rb: 1576]
word=ベンツ
File size=7396------------------------=[end]

[begin]------------------------=
[2013/05/29 08:45:49] [articles_controller.rb: 1576]
word=ソニー
File size=7548------------------------=[end]

[begin]------------------------=
[2013/05/29 08:45:49] [articles_controller.rb: 1576]
word=パナソニック
File size=7700------------------------=[end]

[begin]------------------------=
[2013/05/29 08:45:49] [articles_controller.rb: 1576]
word=松下
File size=7861------------------------=[end]

[begin]------------------------=
[2013/05/29 08:45:49] [articles_controller.rb: 1576]
word=シャープ
File size=8010------------------------=[end]

[begin]------------------------=
[2013/05/29 08:45:49] [articles_controller.rb: 1576]
word=東芝
File size=8165------------------------=[end]

[begin]------------------------=
[2013/05/29 08:45:49] [articles_controller.rb: 1576]
word=三菱電
File size=8314------------------------=[end]

[begin]------------------------=
[2013/05/29 08:45:49] [articles_controller.rb: 1576]
word=セイコー
File size=8466------------------------=[end]

[begin]------------------------=
[2013/05/29 08:45:49] [articles_controller.rb: 1576]
word=ガソリン
File size=8621------------------------=[end]

[begin]------------------------=
[2013/05/29 08:45:49] [articles_controller.rb: 1576]
word=ソーラー
File size=8776------------------------=[end]

[begin]------------------------=
[2013/05/29 08:45:49] [articles_controller.rb: 1576]
word=原油
File size=8931------------------------=[end]

[begin]------------------------=
[2013/05/29 08:45:49] [articles_controller.rb: 1576]
word=原発
File size=9080------------------------=[end]

[begin]------------------------=
[2013/05/29 08:45:49] [articles_controller.rb: 1576]
word=石油
File size=9229------------------------=[end]

[begin]------------------------=
[2013/05/29 08:45:49] [articles_controller.rb: 1576]
word=エネルギー
File size=9378------------------------=[end]

[begin]------------------------=
[2013/05/29 08:45:49] [articles_controller.rb: 1576]
word=発電
File size=9536------------------------=[end]

[begin]------------------------=
[2013/05/29 08:45:49] [articles_controller.rb: 1576]
word=火力
File size=9685------------------------=[end]

[begin]------------------------=
[2013/05/29 08:45:49] [articles_controller.rb: 1576]
word=証券
File size=9834------------------------=[end]

[begin]------------------------=
[2013/05/29 08:45:49] [articles_controller.rb: 1576]
word=相場
File size=9983------------------------=[end]

[begin]------------------------=
[2013/05/29 08:45:49] [articles_controller.rb: 1576]
word=円
File size=10132------------------------=[end]

[begin]------------------------=
[2013/05/29 08:45:49] [articles_controller.rb: 1576]
word=日経平均
File size=10279------------------------=[end]

[begin]------------------------=
[2013/05/29 08:45:49] [articles_controller.rb: 1576]
word=ＥＵＲＩＢＯＲ
File size=10435------------------------=[end]

[begin]------------------------=
[2013/05/29 08:45:49] [articles_controller.rb: 1576]
word=米国
File size=10600------------------------=[end]

[begin]------------------------=
[2013/05/29 08:45:49] [articles_controller.rb: 1576]
word=米
File size=10750------------------------=[end]

[begin]------------------------=
[2013/05/29 08:45:49] [articles_controller.rb: 1576]
word=米国
File size=10897------------------------=[end]

[begin]------------------------=
[2013/05/29 08:45:49] [articles_controller.rb: 1576]
word=米
File size=11047------------------------=[end]

[begin]------------------------=
[2013/05/29 08:45:49] [articles_controller.rb: 1576]
word=アメリカ
File size=11194------------------------=[end]

[begin]------------------------=
[2013/05/29 08:45:49] [articles_controller.rb: 1576]
word=中国
File size=11350------------------------=[end]

[begin]------------------------=
[2013/05/29 08:45:49] [articles_controller.rb: 1576]
word=中
File size=11500------------------------=[end]

[begin]------------------------=
[2013/05/29 08:45:49] [articles_controller.rb: 1576]
word=ヨーロッパ
File size=11647------------------------=[end]

[begin]------------------------=
[2013/05/29 08:45:49] [articles_controller.rb: 1576]
word=欧州
File size=11806------------------------=[end]

[begin]------------------------=
[2013/05/29 08:45:49] [articles_controller.rb: 1576]
word=欧
File size=11956------------------------=[end]

[begin]------------------------=
[2013/05/29 08:45:49] [articles_controller.rb: 1576]
word=EURIBOR
File size=12103------------------------=[end]

[begin]------------------------=
[2013/05/29 08:45:49] [articles_controller.rb: 1576]
word=EURO
File size=12254------------------------=[end]

[begin]------------------------=
[2013/05/29 08:45:49] [articles_controller.rb: 1576]
word=ユーロ
File size=12402------------------------=[end]

[begin]------------------------=
[2013/05/29 08:45:49] [articles_controller.rb: 1576]
word=ロシア
File size=12555------------------------=[end]

[begin]------------------------=
[2013/05/29 08:45:49] [articles_controller.rb: 1576]
word=東欧
File size=12708------------------------=[end]

[begin]------------------------=
[2013/05/29 08:45:49] [articles_controller.rb: 1576]
word=ポーランド
File size=12858------------------------=[end]

[begin]------------------------=
[2013/05/29 08:45:49] [articles_controller.rb: 1576]
word=イギリス
File size=13017------------------------=[end]

[begin]------------------------=
[2013/05/29 08:45:49] [articles_controller.rb: 1576]
word=フランス
File size=13173------------------------=[end]

[begin]------------------------=
[2013/05/29 08:45:49] [articles_controller.rb: 1576]
word=ドイツ
File size=13329------------------------=[end]

[begin]------------------------=
[2013/05/29 08:45:49] [articles_controller.rb: 1576]
word=スペイン
File size=13482------------------------=[end]

[begin]------------------------=
[2013/05/29 08:45:49] [articles_controller.rb: 1576]
word=イタリア
File size=13638------------------------=[end]

[begin]------------------------=
[2013/05/29 08:45:49] [articles_controller.rb: 1576]
word=伊
File size=13794------------------------=[end]

[begin]------------------------=
[2013/05/29 08:45:49] [articles_controller.rb: 1576]
word=ポルトガル
File size=13941------------------------=[end]

[begin]------------------------=
[2013/05/29 08:45:49] [articles_controller.rb: 1576]
word=韓国
File size=14100------------------------=[end]

[begin]------------------------=
[2013/05/29 08:45:49] [articles_controller.rb: 1576]
word=韓
File size=14250------------------------=[end]

[begin]------------------------=
[2013/05/29 08:45:49] [articles_controller.rb: 1576]
word=朝鮮
File size=14397------------------------=[end]

[begin]------------------------=
[2013/05/29 08:45:49] [articles_controller.rb: 1576]
word=サムスン
File size=14547------------------------=[end]

[begin]------------------------=
[2013/05/29 08:45:49] [articles_controller.rb: 1576]
word=現代
File size=14703------------------------=[end]

[begin]------------------------=
[2013/05/29 08:45:49] [articles_controller.rb: 1576]
word=イラン
File size=14853------------------------=[end]

[begin]------------------------=
[2013/05/29 08:45:49] [articles_controller.rb: 1576]
word=シリア
File size=15006------------------------=[end]

[begin]------------------------=
[2013/05/29 08:45:49] [articles_controller.rb: 1576]
word=イラク
File size=15159------------------------=[end]

[begin]------------------------=
[2013/05/29 08:45:49] [articles_controller.rb: 1576]
word=自動車
File size=15312------------------------=[end]

[begin]------------------------=
[2013/05/29 08:45:49] [articles_controller.rb: 1576]
word=乗用車
File size=15465------------------------=[end]

[begin]------------------------=
[2013/05/29 08:45:49] [articles_controller.rb: 1576]
word=日産
File size=15618------------------------=[end]

[begin]------------------------=
[2013/05/29 08:45:49] [articles_controller.rb: 1576]
word=日野
File size=15768------------------------=[end]

[begin]------------------------=
[2013/05/29 08:45:49] [articles_controller.rb: 1576]
word=三菱自
File size=15918------------------------=[end]

[begin]------------------------=
[2013/05/29 08:45:49] [articles_controller.rb: 1576]
word=トヨタ
File size=16071------------------------=[end]

[begin]------------------------=
[2013/05/29 08:45:49] [articles_controller.rb: 1576]
word=ダイハツ
File size=16224------------------------=[end]

[begin]------------------------=
[2013/05/29 08:45:49] [articles_controller.rb: 1576]
word=ホンダ
File size=16380------------------------=[end]

[begin]------------------------=
[2013/05/29 08:45:49] [articles_controller.rb: 1576]
word=マツダ
File size=16533------------------------=[end]

[begin]------------------------=
[2013/05/29 08:45:49] [articles_controller.rb: 1576]
word=ＢＭＷ
File size=16686------------------------=[end]

[begin]------------------------=
[2013/05/29 08:45:49] [articles_controller.rb: 1576]
word=BMW
File size=16839------------------------=[end]

[begin]------------------------=
[2013/05/29 08:45:49] [articles_controller.rb: 1576]
word=ベンツ
File size=16986------------------------=[end]

[begin]------------------------=
[2013/05/29 08:45:49] [articles_controller.rb: 1576]
word=ソニー
File size=17139------------------------=[end]

[begin]------------------------=
[2013/05/29 08:45:49] [articles_controller.rb: 1576]
word=パナソニック
File size=17292------------------------=[end]

[begin]------------------------=
[2013/05/29 08:45:49] [articles_controller.rb: 1576]
word=松下
File size=17454------------------------=[end]

[begin]------------------------=
[2013/05/29 08:45:49] [articles_controller.rb: 1576]
word=シャープ
File size=17604------------------------=[end]

[begin]------------------------=
[2013/05/29 08:45:49] [articles_controller.rb: 1576]
word=東芝
File size=17760------------------------=[end]

[begin]------------------------=
[2013/05/29 08:45:49] [articles_controller.rb: 1576]
word=三菱電
File size=17910------------------------=[end]

[begin]------------------------=
[2013/05/29 08:45:49] [articles_controller.rb: 1576]
word=セイコー
File size=18063------------------------=[end]

[begin]------------------------=
[2013/05/29 08:45:49] [articles_controller.rb: 1576]
word=ガソリン
File size=18219------------------------=[end]

[begin]------------------------=
[2013/05/29 08:45:49] [articles_controller.rb: 1576]
word=ソーラー
File size=18375------------------------=[end]

[begin]------------------------=
[2013/05/29 08:45:49] [articles_controller.rb: 1576]
word=原油
File size=18531------------------------=[end]

[begin]------------------------=
[2013/05/29 08:45:49] [articles_controller.rb: 1576]
word=原発
File size=18681------------------------=[end]

[begin]------------------------=
[2013/05/29 08:45:49] [articles_controller.rb: 1576]
word=石油
File size=18831------------------------=[end]

[begin]------------------------=
[2013/05/29 08:45:49] [articles_controller.rb: 1576]
word=エネルギー
File size=18981------------------------=[end]

[begin]------------------------=
[2013/05/29 08:45:49] [articles_controller.rb: 1576]
word=発電
File size=19140------------------------=[end]

[begin]------------------------=
[2013/05/29 08:45:49] [articles_controller.rb: 1576]
word=火力
File size=19290------------------------=[end]

[begin]------------------------=
[2013/05/29 08:45:49] [articles_controller.rb: 1576]
word=証券
File size=19440------------------------=[end]

[begin]------------------------=
[2013/05/29 08:45:49] [articles_controller.rb: 1576]
word=相場
File size=19590------------------------=[end]

[begin]------------------------=
[2013/05/29 08:45:49] [articles_controller.rb: 1576]
word=円
File size=19740------------------------=[end]

[begin]------------------------=
[2013/05/29 08:45:49] [articles_controller.rb: 1576]
word=日経平均
File size=19887------------------------=[end]

