[begin]------------------------=
[2013/05/29 08:49:35] [articles_controller.rb: 1576]
word=イラン
File size=0------------------------=[end]

[begin]------------------------=
[2013/05/29 08:49:35] [articles_controller.rb: 1576]
word=シリア
File size=149------------------------=[end]

[begin]------------------------=
[2013/05/29 08:49:35] [articles_controller.rb: 1576]
word=イラク
File size=300------------------------=[end]

[begin]------------------------=
[2013/05/29 08:49:35] [articles_controller.rb: 1576]
word=自動車
File size=451------------------------=[end]

[begin]------------------------=
[2013/05/29 08:49:35] [articles_controller.rb: 1576]
word=乗用車
File size=602------------------------=[end]

[begin]------------------------=
[2013/05/29 08:49:35] [articles_controller.rb: 1576]
word=日産
File size=753------------------------=[end]

[begin]------------------------=
[2013/05/29 08:49:35] [articles_controller.rb: 1576]
word=日野
File size=901------------------------=[end]

[begin]------------------------=
[2013/05/29 08:49:35] [articles_controller.rb: 1576]
word=三菱自
File size=1049------------------------=[end]

[begin]------------------------=
[2013/05/29 08:49:35] [articles_controller.rb: 1576]
word=トヨタ
File size=1201------------------------=[end]

[begin]------------------------=
[2013/05/29 08:49:35] [articles_controller.rb: 1576]
word=ダイハツ
File size=1353------------------------=[end]

[begin]------------------------=
[2013/05/29 08:49:35] [articles_controller.rb: 1576]
word=ホンダ
File size=1508------------------------=[end]

[begin]------------------------=
[2013/05/29 08:49:35] [articles_controller.rb: 1576]
word=マツダ
File size=1660------------------------=[end]

[begin]------------------------=
[2013/05/29 08:49:35] [articles_controller.rb: 1576]
word=ＢＭＷ
File size=1812------------------------=[end]

[begin]------------------------=
[2013/05/29 08:49:35] [articles_controller.rb: 1576]
word=BMW
File size=1964------------------------=[end]

[begin]------------------------=
[2013/05/29 08:49:35] [articles_controller.rb: 1576]
word=ベンツ
File size=2110------------------------=[end]

[begin]------------------------=
[2013/05/29 08:49:35] [articles_controller.rb: 1576]
word=ソニー
File size=2262------------------------=[end]

[begin]------------------------=
[2013/05/29 08:49:35] [articles_controller.rb: 1576]
word=パナソニック
File size=2414------------------------=[end]

[begin]------------------------=
[2013/05/29 08:49:35] [articles_controller.rb: 1576]
word=松下
File size=2575------------------------=[end]

[begin]------------------------=
[2013/05/29 08:49:35] [articles_controller.rb: 1576]
word=シャープ
File size=2724------------------------=[end]

[begin]------------------------=
[2013/05/29 08:49:35] [articles_controller.rb: 1576]
word=東芝
File size=2879------------------------=[end]

[begin]------------------------=
[2013/05/29 08:49:35] [articles_controller.rb: 1576]
word=三菱電
File size=3028------------------------=[end]

[begin]------------------------=
[2013/05/29 08:49:35] [articles_controller.rb: 1576]
word=セイコー
File size=3180------------------------=[end]

[begin]------------------------=
[2013/05/29 08:49:35] [articles_controller.rb: 1576]
word=ガソリン
File size=3335------------------------=[end]

[begin]------------------------=
[2013/05/29 08:49:35] [articles_controller.rb: 1576]
word=ソーラー
File size=3490------------------------=[end]

[begin]------------------------=
[2013/05/29 08:49:35] [articles_controller.rb: 1576]
word=原油
File size=3645------------------------=[end]

[begin]------------------------=
[2013/05/29 08:49:35] [articles_controller.rb: 1576]
word=原発
File size=3794------------------------=[end]

[begin]------------------------=
[2013/05/29 08:49:35] [articles_controller.rb: 1576]
word=石油
File size=3943------------------------=[end]

[begin]------------------------=
[2013/05/29 08:49:35] [articles_controller.rb: 1576]
word=エネルギー
File size=4092------------------------=[end]

[begin]------------------------=
[2013/05/29 08:49:35] [articles_controller.rb: 1576]
word=発電
File size=4250------------------------=[end]

[begin]------------------------=
[2013/05/29 08:49:35] [articles_controller.rb: 1576]
word=火力
File size=4399------------------------=[end]

[begin]------------------------=
[2013/05/29 08:49:35] [articles_controller.rb: 1576]
word=証券
File size=4548------------------------=[end]

[begin]------------------------=
[2013/05/29 08:49:35] [articles_controller.rb: 1576]
word=相場
File size=4697------------------------=[end]

[begin]------------------------=
[2013/05/29 08:49:35] [articles_controller.rb: 1576]
word=円
File size=4846------------------------=[end]

[begin]------------------------=
[2013/05/29 08:49:35] [articles_controller.rb: 1576]
word=日経平均
File size=4992------------------------=[end]

[begin]------------------------=
[2013/05/29 08:49:35] [articles_controller.rb: 1576]
word=ＥＵＲＩＢＯＲ
File size=5147------------------------=[end]

[begin]------------------------=
[2013/05/29 08:49:35] [articles_controller.rb: 1576]
word=米国
File size=5311------------------------=[end]

[begin]------------------------=
[2013/05/29 08:49:35] [articles_controller.rb: 1576]
word=米
File size=5460------------------------=[end]

[begin]------------------------=
[2013/05/29 08:49:35] [articles_controller.rb: 1576]
word=アメリカ
File size=5606------------------------=[end]

[begin]------------------------=
[2013/05/29 08:49:35] [articles_controller.rb: 1576]
word=中国
File size=5761------------------------=[end]

[begin]------------------------=
[2013/05/29 08:49:35] [articles_controller.rb: 1576]
word=中
File size=5910------------------------=[end]

[begin]------------------------=
[2013/05/29 08:49:35] [articles_controller.rb: 1576]
word=ヨーロッパ
File size=6056------------------------=[end]

[begin]------------------------=
[2013/05/29 08:49:35] [articles_controller.rb: 1576]
word=欧州
File size=6214------------------------=[end]

[begin]------------------------=
[2013/05/29 08:49:35] [articles_controller.rb: 1576]
word=欧
File size=6363------------------------=[end]

[begin]------------------------=
[2013/05/29 08:49:35] [articles_controller.rb: 1576]
word=EURIBOR
File size=6509------------------------=[end]

[begin]------------------------=
[2013/05/29 08:49:35] [articles_controller.rb: 1576]
word=EURO
File size=6659------------------------=[end]

[begin]------------------------=
[2013/05/29 08:49:35] [articles_controller.rb: 1576]
word=ユーロ
File size=6806------------------------=[end]

[begin]------------------------=
[2013/05/29 08:49:35] [articles_controller.rb: 1576]
word=ロシア
File size=6958------------------------=[end]

[begin]------------------------=
[2013/05/29 08:49:35] [articles_controller.rb: 1576]
word=東欧
File size=7110------------------------=[end]

[begin]------------------------=
[2013/05/29 08:49:35] [articles_controller.rb: 1576]
word=ポーランド
File size=7259------------------------=[end]

[begin]------------------------=
[2013/05/29 08:49:35] [articles_controller.rb: 1576]
word=イギリス
File size=7417------------------------=[end]

[begin]------------------------=
[2013/05/29 08:49:35] [articles_controller.rb: 1576]
word=フランス
File size=7572------------------------=[end]

[begin]------------------------=
[2013/05/29 08:49:35] [articles_controller.rb: 1576]
word=ドイツ
File size=7727------------------------=[end]

[begin]------------------------=
[2013/05/29 08:49:35] [articles_controller.rb: 1576]
word=スペイン
File size=7879------------------------=[end]

[begin]------------------------=
[2013/05/29 08:49:35] [articles_controller.rb: 1576]
word=イタリア
File size=8034------------------------=[end]

[begin]------------------------=
[2013/05/29 08:49:35] [articles_controller.rb: 1576]
word=伊
File size=8189------------------------=[end]

[begin]------------------------=
[2013/05/29 08:49:35] [articles_controller.rb: 1576]
word=ポルトガル
File size=8335------------------------=[end]

[begin]------------------------=
[2013/05/29 08:49:35] [articles_controller.rb: 1576]
word=韓国
File size=8493------------------------=[end]

[begin]------------------------=
[2013/05/29 08:49:35] [articles_controller.rb: 1576]
word=韓
File size=8642------------------------=[end]

[begin]------------------------=
[2013/05/29 08:49:35] [articles_controller.rb: 1576]
word=朝鮮
File size=8788------------------------=[end]

[begin]------------------------=
[2013/05/29 08:49:35] [articles_controller.rb: 1576]
word=サムスン
File size=8937------------------------=[end]

[begin]------------------------=
[2013/05/29 08:49:35] [articles_controller.rb: 1576]
word=現代
File size=9092------------------------=[end]

[begin]------------------------=
[2013/05/29 08:49:35] [articles_controller.rb: 1576]
word=イラン
File size=9241------------------------=[end]

[begin]------------------------=
[2013/05/29 08:49:35] [articles_controller.rb: 1576]
word=シリア
File size=9393------------------------=[end]

[begin]------------------------=
[2013/05/29 08:49:35] [articles_controller.rb: 1576]
word=イラク
File size=9545------------------------=[end]

[begin]------------------------=
[2013/05/29 08:49:35] [articles_controller.rb: 1576]
word=自動車
File size=9697------------------------=[end]

[begin]------------------------=
[2013/05/29 08:49:35] [articles_controller.rb: 1576]
word=乗用車
File size=9849------------------------=[end]

[begin]------------------------=
[2013/05/29 08:49:35] [articles_controller.rb: 1576]
word=日産
File size=10001------------------------=[end]

[begin]------------------------=
[2013/05/29 08:49:35] [articles_controller.rb: 1576]
word=日野
File size=10151------------------------=[end]

[begin]------------------------=
[2013/05/29 08:49:35] [articles_controller.rb: 1576]
word=三菱自
File size=10301------------------------=[end]

[begin]------------------------=
[2013/05/29 08:49:35] [articles_controller.rb: 1576]
word=トヨタ
File size=10454------------------------=[end]

[begin]------------------------=
[2013/05/29 08:49:35] [articles_controller.rb: 1576]
word=ダイハツ
File size=10607------------------------=[end]

[begin]------------------------=
[2013/05/29 08:49:35] [articles_controller.rb: 1576]
word=ホンダ
File size=10763------------------------=[end]

[begin]------------------------=
[2013/05/29 08:49:35] [articles_controller.rb: 1576]
word=マツダ
File size=10916------------------------=[end]

[begin]------------------------=
[2013/05/29 08:49:35] [articles_controller.rb: 1576]
word=ＢＭＷ
File size=11069------------------------=[end]

[begin]------------------------=
[2013/05/29 08:49:35] [articles_controller.rb: 1576]
word=BMW
File size=11222------------------------=[end]

[begin]------------------------=
[2013/05/29 08:49:35] [articles_controller.rb: 1576]
word=ベンツ
File size=11369------------------------=[end]

[begin]------------------------=
[2013/05/29 08:49:35] [articles_controller.rb: 1576]
word=ソニー
File size=11522------------------------=[end]

[begin]------------------------=
[2013/05/29 08:49:35] [articles_controller.rb: 1576]
word=パナソニック
File size=11675------------------------=[end]

[begin]------------------------=
[2013/05/29 08:49:35] [articles_controller.rb: 1576]
word=松下
File size=11837------------------------=[end]

[begin]------------------------=
[2013/05/29 08:49:35] [articles_controller.rb: 1576]
word=シャープ
File size=11987------------------------=[end]

[begin]------------------------=
[2013/05/29 08:49:35] [articles_controller.rb: 1576]
word=東芝
File size=12143------------------------=[end]

[begin]------------------------=
[2013/05/29 08:49:35] [articles_controller.rb: 1576]
word=三菱電
File size=12293------------------------=[end]

[begin]------------------------=
[2013/05/29 08:49:35] [articles_controller.rb: 1576]
word=セイコー
File size=12446------------------------=[end]

[begin]------------------------=
[2013/05/29 08:49:35] [articles_controller.rb: 1576]
word=ガソリン
File size=12602------------------------=[end]

[begin]------------------------=
[2013/05/29 08:49:35] [articles_controller.rb: 1576]
word=ソーラー
File size=12758------------------------=[end]

[begin]------------------------=
[2013/05/29 08:49:35] [articles_controller.rb: 1576]
word=原油
File size=12914------------------------=[end]

[begin]------------------------=
[2013/05/29 08:49:35] [articles_controller.rb: 1576]
word=原発
File size=13064------------------------=[end]

[begin]------------------------=
[2013/05/29 08:49:35] [articles_controller.rb: 1576]
word=石油
File size=13214------------------------=[end]

[begin]------------------------=
[2013/05/29 08:49:35] [articles_controller.rb: 1576]
word=エネルギー
File size=13364------------------------=[end]

[begin]------------------------=
[2013/05/29 08:49:35] [articles_controller.rb: 1576]
word=発電
File size=13523------------------------=[end]

[begin]------------------------=
[2013/05/29 08:49:35] [articles_controller.rb: 1576]
word=火力
File size=13673------------------------=[end]

[begin]------------------------=
[2013/05/29 08:49:35] [articles_controller.rb: 1576]
word=証券
File size=13823------------------------=[end]

[begin]------------------------=
[2013/05/29 08:49:35] [articles_controller.rb: 1576]
word=相場
File size=13973------------------------=[end]

[begin]------------------------=
[2013/05/29 08:49:35] [articles_controller.rb: 1576]
word=円
File size=14123------------------------=[end]

[begin]------------------------=
[2013/05/29 08:49:35] [articles_controller.rb: 1576]
word=米国
File size=14270------------------------=[end]

[begin]------------------------=
[2013/05/29 08:49:35] [articles_controller.rb: 1576]
word=米
File size=14420------------------------=[end]

[begin]------------------------=
[2013/05/29 08:49:35] [articles_controller.rb: 1576]
word=アメリカ
File size=14567------------------------=[end]

[begin]------------------------=
[2013/05/29 08:49:35] [articles_controller.rb: 1576]
word=中国
File size=14723------------------------=[end]

[begin]------------------------=
[2013/05/29 08:49:35] [articles_controller.rb: 1576]
word=中
File size=14873------------------------=[end]

[begin]------------------------=
[2013/05/29 08:49:35] [articles_controller.rb: 1576]
word=米国
File size=15020------------------------=[end]

[begin]------------------------=
[2013/05/29 08:49:35] [articles_controller.rb: 1576]
word=米
File size=15170------------------------=[end]

[begin]------------------------=
[2013/05/29 08:49:35] [articles_controller.rb: 1576]
word=アメリカ
File size=15317------------------------=[end]

[begin]------------------------=
[2013/05/29 08:49:35] [articles_controller.rb: 1576]
word=中国
File size=15473------------------------=[end]

[begin]------------------------=
[2013/05/29 08:49:35] [articles_controller.rb: 1576]
word=中
File size=15623------------------------=[end]

[begin]------------------------=
[2013/05/29 08:49:35] [articles_controller.rb: 1576]
word=ヨーロッパ
File size=15770------------------------=[end]

[begin]------------------------=
[2013/05/29 08:49:35] [articles_controller.rb: 1576]
word=欧州
File size=15929------------------------=[end]

[begin]------------------------=
[2013/05/29 08:49:35] [articles_controller.rb: 1576]
word=欧
File size=16079------------------------=[end]

[begin]------------------------=
[2013/05/29 08:49:35] [articles_controller.rb: 1576]
word=EURIBOR
File size=16226------------------------=[end]

[begin]------------------------=
[2013/05/29 08:49:35] [articles_controller.rb: 1576]
word=EURO
File size=16377------------------------=[end]

[begin]------------------------=
[2013/05/29 08:49:35] [articles_controller.rb: 1576]
word=ユーロ
File size=16525------------------------=[end]

[begin]------------------------=
[2013/05/29 08:49:35] [articles_controller.rb: 1576]
word=ロシア
File size=16678------------------------=[end]

[begin]------------------------=
[2013/05/29 08:49:35] [articles_controller.rb: 1576]
word=東欧
File size=16831------------------------=[end]

[begin]------------------------=
[2013/05/29 08:49:35] [articles_controller.rb: 1576]
word=ポーランド
File size=16981------------------------=[end]

[begin]------------------------=
[2013/05/29 08:49:35] [articles_controller.rb: 1576]
word=イギリス
File size=17140------------------------=[end]

[begin]------------------------=
[2013/05/29 08:49:35] [articles_controller.rb: 1576]
word=フランス
File size=17296------------------------=[end]

[begin]------------------------=
[2013/05/29 08:49:35] [articles_controller.rb: 1576]
word=ドイツ
File size=17452------------------------=[end]

[begin]------------------------=
[2013/05/29 08:49:35] [articles_controller.rb: 1576]
word=スペイン
File size=17605------------------------=[end]

[begin]------------------------=
[2013/05/29 08:49:35] [articles_controller.rb: 1576]
word=イタリア
File size=17761------------------------=[end]

[begin]------------------------=
[2013/05/29 08:49:35] [articles_controller.rb: 1576]
word=伊
File size=17917------------------------=[end]

[begin]------------------------=
[2013/05/29 08:49:35] [articles_controller.rb: 1576]
word=ポルトガル
File size=18064------------------------=[end]

[begin]------------------------=
[2013/05/29 08:49:35] [articles_controller.rb: 1576]
word=韓国
File size=18223------------------------=[end]

[begin]------------------------=
[2013/05/29 08:49:35] [articles_controller.rb: 1576]
word=韓
File size=18373------------------------=[end]

[begin]------------------------=
[2013/05/29 08:49:35] [articles_controller.rb: 1576]
word=朝鮮
File size=18520------------------------=[end]

[begin]------------------------=
[2013/05/29 08:49:35] [articles_controller.rb: 1576]
word=サムスン
File size=18670------------------------=[end]

[begin]------------------------=
[2013/05/29 08:49:35] [articles_controller.rb: 1576]
word=現代
File size=18826------------------------=[end]

[begin]------------------------=
[2013/05/29 08:49:35] [articles_controller.rb: 1576]
word=イラン
File size=18976------------------------=[end]

[begin]------------------------=
[2013/05/29 08:49:35] [articles_controller.rb: 1576]
word=シリア
File size=19129------------------------=[end]

[begin]------------------------=
[2013/05/29 08:49:35] [articles_controller.rb: 1576]
word=イラク
File size=19282------------------------=[end]

[begin]------------------------=
[2013/05/29 08:49:35] [articles_controller.rb: 1576]
word=自動車
File size=19435------------------------=[end]

[begin]------------------------=
[2013/05/29 08:49:35] [articles_controller.rb: 1576]
word=乗用車
File size=19588------------------------=[end]

[begin]------------------------=
[2013/05/29 08:49:35] [articles_controller.rb: 1576]
word=日産
File size=19741------------------------=[end]

[begin]------------------------=
[2013/05/29 08:49:35] [articles_controller.rb: 1576]
word=日野
File size=19891------------------------=[end]

