[begin]------------------------=
[2013/05/29 08:49:40] [articles_controller.rb: 1576]
word=ベンツ
File size=0------------------------=[end]

[begin]------------------------=
[2013/05/29 08:49:40] [articles_controller.rb: 1576]
word=ソニー
File size=149------------------------=[end]

[begin]------------------------=
[2013/05/29 08:49:40] [articles_controller.rb: 1576]
word=パナソニック
File size=300------------------------=[end]

[begin]------------------------=
[2013/05/29 08:49:40] [articles_controller.rb: 1576]
word=松下
File size=460------------------------=[end]

[begin]------------------------=
[2013/05/29 08:49:40] [articles_controller.rb: 1576]
word=シャープ
File size=608------------------------=[end]

[begin]------------------------=
[2013/05/29 08:49:40] [articles_controller.rb: 1576]
word=東芝
File size=762------------------------=[end]

[begin]------------------------=
[2013/05/29 08:49:40] [articles_controller.rb: 1576]
word=三菱電
File size=910------------------------=[end]

[begin]------------------------=
[2013/05/29 08:49:40] [articles_controller.rb: 1576]
word=セイコー
File size=1061------------------------=[end]

[begin]------------------------=
[2013/05/29 08:49:40] [articles_controller.rb: 1576]
word=ガソリン
File size=1216------------------------=[end]

[begin]------------------------=
[2013/05/29 08:49:40] [articles_controller.rb: 1576]
word=ソーラー
File size=1371------------------------=[end]

[begin]------------------------=
[2013/05/29 08:49:40] [articles_controller.rb: 1576]
word=原油
File size=1526------------------------=[end]

[begin]------------------------=
[2013/05/29 08:49:40] [articles_controller.rb: 1576]
word=原発
File size=1675------------------------=[end]

[begin]------------------------=
[2013/05/29 08:49:40] [articles_controller.rb: 1576]
word=石油
File size=1824------------------------=[end]

[begin]------------------------=
[2013/05/29 08:49:40] [articles_controller.rb: 1576]
word=エネルギー
File size=1973------------------------=[end]

[begin]------------------------=
[2013/05/29 08:49:40] [articles_controller.rb: 1576]
word=発電
File size=2131------------------------=[end]

[begin]------------------------=
[2013/05/29 08:49:40] [articles_controller.rb: 1576]
word=火力
File size=2280------------------------=[end]

[begin]------------------------=
[2013/05/29 08:49:40] [articles_controller.rb: 1576]
word=証券
File size=2429------------------------=[end]

[begin]------------------------=
[2013/05/29 08:49:40] [articles_controller.rb: 1576]
word=相場
File size=2578------------------------=[end]

[begin]------------------------=
[2013/05/29 08:49:40] [articles_controller.rb: 1576]
word=円
File size=2727------------------------=[end]

[begin]------------------------=
[2013/05/29 08:49:40] [articles_controller.rb: 1576]
word=日経平均
File size=2873------------------------=[end]

[begin]------------------------=
[2013/05/29 08:49:40] [articles_controller.rb: 1576]
word=ＥＵＲＩＢＯＲ
File size=3028------------------------=[end]

[begin]------------------------=
[2013/05/29 08:49:40] [articles_controller.rb: 1576]
word=米国
File size=3192------------------------=[end]

[begin]------------------------=
[2013/05/29 08:49:40] [articles_controller.rb: 1576]
word=米
File size=3341------------------------=[end]

[begin]------------------------=
[2013/05/29 08:49:40] [articles_controller.rb: 1576]
word=アメリカ
File size=3487------------------------=[end]

[begin]------------------------=
[2013/05/29 08:49:40] [articles_controller.rb: 1576]
word=中国
File size=3642------------------------=[end]

[begin]------------------------=
[2013/05/29 08:49:40] [articles_controller.rb: 1576]
word=中
File size=3791------------------------=[end]

[begin]------------------------=
[2013/05/29 08:49:40] [articles_controller.rb: 1576]
word=ヨーロッパ
File size=3937------------------------=[end]

[begin]------------------------=
[2013/05/29 08:49:40] [articles_controller.rb: 1576]
word=欧州
File size=4095------------------------=[end]

[begin]------------------------=
[2013/05/29 08:49:40] [articles_controller.rb: 1576]
word=欧
File size=4244------------------------=[end]

[begin]------------------------=
[2013/05/29 08:49:40] [articles_controller.rb: 1576]
word=EURIBOR
File size=4390------------------------=[end]

[begin]------------------------=
[2013/05/29 08:49:40] [articles_controller.rb: 1576]
word=EURO
File size=4540------------------------=[end]

[begin]------------------------=
[2013/05/29 08:49:40] [articles_controller.rb: 1576]
word=ユーロ
File size=4687------------------------=[end]

[begin]------------------------=
[2013/05/29 08:49:40] [articles_controller.rb: 1576]
word=ロシア
File size=4839------------------------=[end]

[begin]------------------------=
[2013/05/29 08:49:40] [articles_controller.rb: 1576]
word=東欧
File size=4991------------------------=[end]

[begin]------------------------=
[2013/05/29 08:49:40] [articles_controller.rb: 1576]
word=ポーランド
File size=5140------------------------=[end]

[begin]------------------------=
[2013/05/29 08:49:40] [articles_controller.rb: 1576]
word=イギリス
File size=5298------------------------=[end]

[begin]------------------------=
[2013/05/29 08:49:41] [articles_controller.rb: 1576]
word=フランス
File size=5453------------------------=[end]

[begin]------------------------=
[2013/05/29 08:49:41] [articles_controller.rb: 1576]
word=ドイツ
File size=5608------------------------=[end]

[begin]------------------------=
[2013/05/29 08:49:41] [articles_controller.rb: 1576]
word=スペイン
File size=5760------------------------=[end]

[begin]------------------------=
[2013/05/29 08:49:41] [articles_controller.rb: 1576]
word=イタリア
File size=5915------------------------=[end]

[begin]------------------------=
[2013/05/29 08:49:41] [articles_controller.rb: 1576]
word=伊
File size=6070------------------------=[end]

[begin]------------------------=
[2013/05/29 08:49:41] [articles_controller.rb: 1576]
word=ポルトガル
File size=6216------------------------=[end]

[begin]------------------------=
[2013/05/29 08:49:41] [articles_controller.rb: 1576]
word=韓国
File size=6374------------------------=[end]

[begin]------------------------=
[2013/05/29 08:49:41] [articles_controller.rb: 1576]
word=韓
File size=6523------------------------=[end]

[begin]------------------------=
[2013/05/29 08:49:41] [articles_controller.rb: 1576]
word=朝鮮
File size=6669------------------------=[end]

[begin]------------------------=
[2013/05/29 08:49:41] [articles_controller.rb: 1576]
word=サムスン
File size=6818------------------------=[end]

[begin]------------------------=
[2013/05/29 08:49:41] [articles_controller.rb: 1576]
word=現代
File size=6973------------------------=[end]

[begin]------------------------=
[2013/05/29 08:49:41] [articles_controller.rb: 1576]
word=イラン
File size=7122------------------------=[end]

[begin]------------------------=
[2013/05/29 08:49:41] [articles_controller.rb: 1576]
word=シリア
File size=7274------------------------=[end]

[begin]------------------------=
[2013/05/29 08:49:41] [articles_controller.rb: 1576]
word=イラク
File size=7426------------------------=[end]

[begin]------------------------=
[2013/05/29 08:49:41] [articles_controller.rb: 1576]
word=自動車
File size=7578------------------------=[end]

[begin]------------------------=
[2013/05/29 08:49:41] [articles_controller.rb: 1576]
word=乗用車
File size=7730------------------------=[end]

[begin]------------------------=
[2013/05/29 08:49:41] [articles_controller.rb: 1576]
word=日産
File size=7882------------------------=[end]

[begin]------------------------=
[2013/05/29 08:49:41] [articles_controller.rb: 1576]
word=日野
File size=8031------------------------=[end]

[begin]------------------------=
[2013/05/29 08:49:41] [articles_controller.rb: 1576]
word=三菱自
File size=8180------------------------=[end]

[begin]------------------------=
[2013/05/29 08:49:41] [articles_controller.rb: 1576]
word=トヨタ
File size=8332------------------------=[end]

[begin]------------------------=
[2013/05/29 08:49:41] [articles_controller.rb: 1576]
word=ダイハツ
File size=8484------------------------=[end]

[begin]------------------------=
[2013/05/29 08:49:41] [articles_controller.rb: 1576]
word=ホンダ
File size=8639------------------------=[end]

[begin]------------------------=
[2013/05/29 08:49:41] [articles_controller.rb: 1576]
word=マツダ
File size=8791------------------------=[end]

[begin]------------------------=
[2013/05/29 08:49:41] [articles_controller.rb: 1576]
word=ＢＭＷ
File size=8943------------------------=[end]

[begin]------------------------=
[2013/05/29 08:49:41] [articles_controller.rb: 1576]
word=BMW
File size=9095------------------------=[end]

[begin]------------------------=
[2013/05/29 08:49:41] [articles_controller.rb: 1576]
word=ベンツ
File size=9241------------------------=[end]

[begin]------------------------=
[2013/05/29 08:49:41] [articles_controller.rb: 1576]
word=ソニー
File size=9393------------------------=[end]

[begin]------------------------=
[2013/05/29 08:49:41] [articles_controller.rb: 1576]
word=パナソニック
File size=9545------------------------=[end]

[begin]------------------------=
[2013/05/29 08:49:41] [articles_controller.rb: 1576]
word=松下
File size=9706------------------------=[end]

[begin]------------------------=
[2013/05/29 08:49:41] [articles_controller.rb: 1576]
word=シャープ
File size=9855------------------------=[end]

[begin]------------------------=
[2013/05/29 08:49:41] [articles_controller.rb: 1576]
word=東芝
File size=10010------------------------=[end]

[begin]------------------------=
[2013/05/29 08:49:41] [articles_controller.rb: 1576]
word=三菱電
File size=10160------------------------=[end]

[begin]------------------------=
[2013/05/29 08:49:41] [articles_controller.rb: 1576]
word=セイコー
File size=10313------------------------=[end]

[begin]------------------------=
[2013/05/29 08:49:41] [articles_controller.rb: 1576]
word=ガソリン
File size=10469------------------------=[end]

[begin]------------------------=
[2013/05/29 08:49:41] [articles_controller.rb: 1576]
word=ソーラー
File size=10625------------------------=[end]

[begin]------------------------=
[2013/05/29 08:49:41] [articles_controller.rb: 1576]
word=原油
File size=10781------------------------=[end]

[begin]------------------------=
[2013/05/29 08:49:41] [articles_controller.rb: 1576]
word=原発
File size=10931------------------------=[end]

[begin]------------------------=
[2013/05/29 08:49:41] [articles_controller.rb: 1576]
word=石油
File size=11081------------------------=[end]

[begin]------------------------=
[2013/05/29 08:49:41] [articles_controller.rb: 1576]
word=エネルギー
File size=11231------------------------=[end]

[begin]------------------------=
[2013/05/29 08:49:41] [articles_controller.rb: 1576]
word=発電
File size=11390------------------------=[end]

[begin]------------------------=
[2013/05/29 08:49:41] [articles_controller.rb: 1576]
word=火力
File size=11540------------------------=[end]

[begin]------------------------=
[2013/05/29 08:49:41] [articles_controller.rb: 1576]
word=証券
File size=11690------------------------=[end]

[begin]------------------------=
[2013/05/29 08:49:41] [articles_controller.rb: 1576]
word=相場
File size=11840------------------------=[end]

[begin]------------------------=
[2013/05/29 08:49:41] [articles_controller.rb: 1576]
word=円
File size=11990------------------------=[end]

[begin]------------------------=
[2013/05/29 08:49:41] [articles_controller.rb: 1576]
word=米国
File size=12137------------------------=[end]

[begin]------------------------=
[2013/05/29 08:49:41] [articles_controller.rb: 1576]
word=米
File size=12287------------------------=[end]

[begin]------------------------=
[2013/05/29 08:49:41] [articles_controller.rb: 1576]
word=アメリカ
File size=12434------------------------=[end]

[begin]------------------------=
[2013/05/29 08:49:41] [articles_controller.rb: 1576]
word=中国
File size=12590------------------------=[end]

[begin]------------------------=
[2013/05/29 08:49:41] [articles_controller.rb: 1576]
word=中
File size=12740------------------------=[end]

[begin]------------------------=
[2013/05/29 08:49:41] [articles_controller.rb: 1576]
word=ヨーロッパ
File size=12887------------------------=[end]

[begin]------------------------=
[2013/05/29 08:49:41] [articles_controller.rb: 1576]
word=欧州
File size=13046------------------------=[end]

[begin]------------------------=
[2013/05/29 08:49:41] [articles_controller.rb: 1576]
word=欧
File size=13196------------------------=[end]

[begin]------------------------=
[2013/05/29 08:49:41] [articles_controller.rb: 1576]
word=EURIBOR
File size=13343------------------------=[end]

[begin]------------------------=
[2013/05/29 08:49:41] [articles_controller.rb: 1576]
word=EURO
File size=13494------------------------=[end]

[begin]------------------------=
[2013/05/29 08:49:41] [articles_controller.rb: 1576]
word=ユーロ
File size=13642------------------------=[end]

[begin]------------------------=
[2013/05/29 08:49:41] [articles_controller.rb: 1576]
word=ロシア
File size=13795------------------------=[end]

[begin]------------------------=
[2013/05/29 08:49:41] [articles_controller.rb: 1576]
word=東欧
File size=13948------------------------=[end]

[begin]------------------------=
[2013/05/29 08:49:41] [articles_controller.rb: 1576]
word=ポーランド
File size=14098------------------------=[end]

[begin]------------------------=
[2013/05/29 08:49:41] [articles_controller.rb: 1576]
word=イギリス
File size=14257------------------------=[end]

[begin]------------------------=
[2013/05/29 08:49:41] [articles_controller.rb: 1576]
word=フランス
File size=14413------------------------=[end]

[begin]------------------------=
[2013/05/29 08:49:41] [articles_controller.rb: 1576]
word=ドイツ
File size=14569------------------------=[end]

[begin]------------------------=
[2013/05/29 08:49:41] [articles_controller.rb: 1576]
word=スペイン
File size=14722------------------------=[end]

[begin]------------------------=
[2013/05/29 08:49:41] [articles_controller.rb: 1576]
word=イタリア
File size=14878------------------------=[end]

[begin]------------------------=
[2013/05/29 08:49:41] [articles_controller.rb: 1576]
word=伊
File size=15034------------------------=[end]

[begin]------------------------=
[2013/05/29 08:49:41] [articles_controller.rb: 1576]
word=ポルトガル
File size=15181------------------------=[end]

[begin]------------------------=
[2013/05/29 08:49:41] [articles_controller.rb: 1576]
word=韓国
File size=15340------------------------=[end]

[begin]------------------------=
[2013/05/29 08:49:41] [articles_controller.rb: 1576]
word=韓
File size=15490------------------------=[end]

[begin]------------------------=
[2013/05/29 08:49:41] [articles_controller.rb: 1576]
word=朝鮮
File size=15637------------------------=[end]

[begin]------------------------=
[2013/05/29 08:49:41] [articles_controller.rb: 1576]
word=サムスン
File size=15787------------------------=[end]

[begin]------------------------=
[2013/05/29 08:49:41] [articles_controller.rb: 1576]
word=現代
File size=15943------------------------=[end]

[begin]------------------------=
[2013/05/29 08:49:41] [articles_controller.rb: 1576]
word=イラン
File size=16093------------------------=[end]

[begin]------------------------=
[2013/05/29 08:49:41] [articles_controller.rb: 1576]
word=シリア
File size=16246------------------------=[end]

[begin]------------------------=
[2013/05/29 08:49:41] [articles_controller.rb: 1576]
word=イラク
File size=16399------------------------=[end]

[begin]------------------------=
[2013/05/29 08:49:41] [articles_controller.rb: 1576]
word=自動車
File size=16552------------------------=[end]

[begin]------------------------=
[2013/05/29 08:49:41] [articles_controller.rb: 1576]
word=乗用車
File size=16705------------------------=[end]

[begin]------------------------=
[2013/05/29 08:49:41] [articles_controller.rb: 1576]
word=日産
File size=16858------------------------=[end]

[begin]------------------------=
[2013/05/29 08:49:41] [articles_controller.rb: 1576]
word=日野
File size=17008------------------------=[end]

[begin]------------------------=
[2013/05/29 08:49:41] [articles_controller.rb: 1576]
word=三菱自
File size=17158------------------------=[end]

[begin]------------------------=
[2013/05/29 08:49:41] [articles_controller.rb: 1576]
word=トヨタ
File size=17311------------------------=[end]

[begin]------------------------=
[2013/05/29 08:49:41] [articles_controller.rb: 1576]
word=ダイハツ
File size=17464------------------------=[end]

[begin]------------------------=
[2013/05/29 08:49:41] [articles_controller.rb: 1576]
word=ホンダ
File size=17620------------------------=[end]

[begin]------------------------=
[2013/05/29 08:49:41] [articles_controller.rb: 1576]
word=マツダ
File size=17773------------------------=[end]

[begin]------------------------=
[2013/05/29 08:49:41] [articles_controller.rb: 1576]
word=ＢＭＷ
File size=17926------------------------=[end]

[begin]------------------------=
[2013/05/29 08:49:41] [articles_controller.rb: 1576]
word=BMW
File size=18079------------------------=[end]

[begin]------------------------=
[2013/05/29 08:49:41] [articles_controller.rb: 1576]
word=ベンツ
File size=18226------------------------=[end]

[begin]------------------------=
[2013/05/29 08:49:41] [articles_controller.rb: 1576]
word=ソニー
File size=18379------------------------=[end]

[begin]------------------------=
[2013/05/29 08:49:41] [articles_controller.rb: 1576]
word=パナソニック
File size=18532------------------------=[end]

[begin]------------------------=
[2013/05/29 08:49:41] [articles_controller.rb: 1576]
word=松下
File size=18694------------------------=[end]

[begin]------------------------=
[2013/05/29 08:49:41] [articles_controller.rb: 1576]
word=シャープ
File size=18844------------------------=[end]

[begin]------------------------=
[2013/05/29 08:49:41] [articles_controller.rb: 1576]
word=東芝
File size=19000------------------------=[end]

[begin]------------------------=
[2013/05/29 08:49:41] [articles_controller.rb: 1576]
word=三菱電
File size=19150------------------------=[end]

[begin]------------------------=
[2013/05/29 08:49:41] [articles_controller.rb: 1576]
word=セイコー
File size=19303------------------------=[end]

[begin]------------------------=
[2013/05/29 08:49:41] [articles_controller.rb: 1576]
word=ガソリン
File size=19459------------------------=[end]

[begin]------------------------=
[2013/05/29 08:49:41] [articles_controller.rb: 1576]
word=ソーラー
File size=19615------------------------=[end]

[begin]------------------------=
[2013/05/29 08:49:41] [articles_controller.rb: 1576]
word=原油
File size=19771------------------------=[end]

[begin]------------------------=
[2013/05/29 08:49:41] [articles_controller.rb: 1576]
word=原発
File size=19921------------------------=[end]

