[begin]------------------------=
[2013/05/29 08:49:34] [articles_controller.rb: 1576]
word=韓国
File size=0------------------------=[end]

[begin]------------------------=
[2013/05/29 08:49:34] [articles_controller.rb: 1576]
word=韓
File size=146------------------------=[end]

[begin]------------------------=
[2013/05/29 08:49:34] [articles_controller.rb: 1576]
word=朝鮮
File size=291------------------------=[end]

[begin]------------------------=
[2013/05/29 08:49:34] [articles_controller.rb: 1576]
word=サムスン
File size=439------------------------=[end]

[begin]------------------------=
[2013/05/29 08:49:34] [articles_controller.rb: 1576]
word=現代
File size=593------------------------=[end]

[begin]------------------------=
[2013/05/29 08:49:34] [articles_controller.rb: 1576]
word=イラン
File size=741------------------------=[end]

[begin]------------------------=
[2013/05/29 08:49:34] [articles_controller.rb: 1576]
word=シリア
File size=892------------------------=[end]

[begin]------------------------=
[2013/05/29 08:49:34] [articles_controller.rb: 1576]
word=イラク
File size=1043------------------------=[end]

[begin]------------------------=
[2013/05/29 08:49:34] [articles_controller.rb: 1576]
word=自動車
File size=1195------------------------=[end]

[begin]------------------------=
[2013/05/29 08:49:34] [articles_controller.rb: 1576]
word=乗用車
File size=1347------------------------=[end]

[begin]------------------------=
[2013/05/29 08:49:34] [articles_controller.rb: 1576]
word=日産
File size=1499------------------------=[end]

[begin]------------------------=
[2013/05/29 08:49:34] [articles_controller.rb: 1576]
word=日野
File size=1648------------------------=[end]

[begin]------------------------=
[2013/05/29 08:49:34] [articles_controller.rb: 1576]
word=三菱自
File size=1797------------------------=[end]

[begin]------------------------=
[2013/05/29 08:49:34] [articles_controller.rb: 1576]
word=トヨタ
File size=1949------------------------=[end]

[begin]------------------------=
[2013/05/29 08:49:34] [articles_controller.rb: 1576]
word=ダイハツ
File size=2101------------------------=[end]

[begin]------------------------=
[2013/05/29 08:49:34] [articles_controller.rb: 1576]
word=ホンダ
File size=2256------------------------=[end]

[begin]------------------------=
[2013/05/29 08:49:34] [articles_controller.rb: 1576]
word=マツダ
File size=2408------------------------=[end]

[begin]------------------------=
[2013/05/29 08:49:34] [articles_controller.rb: 1576]
word=ＢＭＷ
File size=2560------------------------=[end]

[begin]------------------------=
[2013/05/29 08:49:34] [articles_controller.rb: 1576]
word=BMW
File size=2712------------------------=[end]

[begin]------------------------=
[2013/05/29 08:49:34] [articles_controller.rb: 1576]
word=ベンツ
File size=2858------------------------=[end]

[begin]------------------------=
[2013/05/29 08:49:34] [articles_controller.rb: 1576]
word=ソニー
File size=3010------------------------=[end]

[begin]------------------------=
[2013/05/29 08:49:34] [articles_controller.rb: 1576]
word=パナソニック
File size=3162------------------------=[end]

[begin]------------------------=
[2013/05/29 08:49:34] [articles_controller.rb: 1576]
word=松下
File size=3323------------------------=[end]

[begin]------------------------=
[2013/05/29 08:49:34] [articles_controller.rb: 1576]
word=シャープ
File size=3472------------------------=[end]

[begin]------------------------=
[2013/05/29 08:49:34] [articles_controller.rb: 1576]
word=東芝
File size=3627------------------------=[end]

[begin]------------------------=
[2013/05/29 08:49:34] [articles_controller.rb: 1576]
word=三菱電
File size=3776------------------------=[end]

[begin]------------------------=
[2013/05/29 08:49:34] [articles_controller.rb: 1576]
word=セイコー
File size=3928------------------------=[end]

[begin]------------------------=
[2013/05/29 08:49:34] [articles_controller.rb: 1576]
word=ガソリン
File size=4083------------------------=[end]

[begin]------------------------=
[2013/05/29 08:49:34] [articles_controller.rb: 1576]
word=ソーラー
File size=4238------------------------=[end]

[begin]------------------------=
[2013/05/29 08:49:34] [articles_controller.rb: 1576]
word=原油
File size=4393------------------------=[end]

[begin]------------------------=
[2013/05/29 08:49:34] [articles_controller.rb: 1576]
word=原発
File size=4542------------------------=[end]

[begin]------------------------=
[2013/05/29 08:49:34] [articles_controller.rb: 1576]
word=石油
File size=4691------------------------=[end]

[begin]------------------------=
[2013/05/29 08:49:34] [articles_controller.rb: 1576]
word=エネルギー
File size=4840------------------------=[end]

[begin]------------------------=
[2013/05/29 08:49:34] [articles_controller.rb: 1576]
word=発電
File size=4998------------------------=[end]

[begin]------------------------=
[2013/05/29 08:49:34] [articles_controller.rb: 1576]
word=火力
File size=5147------------------------=[end]

[begin]------------------------=
[2013/05/29 08:49:34] [articles_controller.rb: 1576]
word=証券
File size=5296------------------------=[end]

[begin]------------------------=
[2013/05/29 08:49:34] [articles_controller.rb: 1576]
word=相場
File size=5445------------------------=[end]

[begin]------------------------=
[2013/05/29 08:49:34] [articles_controller.rb: 1576]
word=円
File size=5594------------------------=[end]

[begin]------------------------=
[2013/05/29 08:49:34] [articles_controller.rb: 1576]
word=日経平均
File size=5740------------------------=[end]

[begin]------------------------=
[2013/05/29 08:49:34] [articles_controller.rb: 1576]
word=ＥＵＲＩＢＯＲ
File size=5895------------------------=[end]

[begin]------------------------=
[2013/05/29 08:49:34] [articles_controller.rb: 1576]
word=米国
File size=6059------------------------=[end]

[begin]------------------------=
[2013/05/29 08:49:34] [articles_controller.rb: 1576]
word=米
File size=6208------------------------=[end]

[begin]------------------------=
[2013/05/29 08:49:34] [articles_controller.rb: 1576]
word=アメリカ
File size=6354------------------------=[end]

[begin]------------------------=
[2013/05/29 08:49:34] [articles_controller.rb: 1576]
word=中国
File size=6509------------------------=[end]

[begin]------------------------=
[2013/05/29 08:49:34] [articles_controller.rb: 1576]
word=中
File size=6658------------------------=[end]

[begin]------------------------=
[2013/05/29 08:49:34] [articles_controller.rb: 1576]
word=ヨーロッパ
File size=6804------------------------=[end]

[begin]------------------------=
[2013/05/29 08:49:34] [articles_controller.rb: 1576]
word=欧州
File size=6962------------------------=[end]

[begin]------------------------=
[2013/05/29 08:49:34] [articles_controller.rb: 1576]
word=欧
File size=7111------------------------=[end]

[begin]------------------------=
[2013/05/29 08:49:34] [articles_controller.rb: 1576]
word=EURIBOR
File size=7257------------------------=[end]

[begin]------------------------=
[2013/05/29 08:49:34] [articles_controller.rb: 1576]
word=EURO
File size=7407------------------------=[end]

[begin]------------------------=
[2013/05/29 08:49:34] [articles_controller.rb: 1576]
word=ユーロ
File size=7554------------------------=[end]

[begin]------------------------=
[2013/05/29 08:49:34] [articles_controller.rb: 1576]
word=ロシア
File size=7706------------------------=[end]

[begin]------------------------=
[2013/05/29 08:49:34] [articles_controller.rb: 1576]
word=東欧
File size=7858------------------------=[end]

[begin]------------------------=
[2013/05/29 08:49:34] [articles_controller.rb: 1576]
word=ポーランド
File size=8007------------------------=[end]

[begin]------------------------=
[2013/05/29 08:49:34] [articles_controller.rb: 1576]
word=イギリス
File size=8165------------------------=[end]

[begin]------------------------=
[2013/05/29 08:49:34] [articles_controller.rb: 1576]
word=フランス
File size=8320------------------------=[end]

[begin]------------------------=
[2013/05/29 08:49:34] [articles_controller.rb: 1576]
word=ドイツ
File size=8475------------------------=[end]

[begin]------------------------=
[2013/05/29 08:49:34] [articles_controller.rb: 1576]
word=スペイン
File size=8627------------------------=[end]

[begin]------------------------=
[2013/05/29 08:49:34] [articles_controller.rb: 1576]
word=イタリア
File size=8782------------------------=[end]

[begin]------------------------=
[2013/05/29 08:49:34] [articles_controller.rb: 1576]
word=伊
File size=8937------------------------=[end]

[begin]------------------------=
[2013/05/29 08:49:34] [articles_controller.rb: 1576]
word=ポルトガル
File size=9083------------------------=[end]

[begin]------------------------=
[2013/05/29 08:49:34] [articles_controller.rb: 1576]
word=韓国
File size=9241------------------------=[end]

[begin]------------------------=
[2013/05/29 08:49:34] [articles_controller.rb: 1576]
word=韓
File size=9390------------------------=[end]

[begin]------------------------=
[2013/05/29 08:49:34] [articles_controller.rb: 1576]
word=朝鮮
File size=9536------------------------=[end]

[begin]------------------------=
[2013/05/29 08:49:34] [articles_controller.rb: 1576]
word=サムスン
File size=9685------------------------=[end]

[begin]------------------------=
[2013/05/29 08:49:34] [articles_controller.rb: 1576]
word=現代
File size=9840------------------------=[end]

[begin]------------------------=
[2013/05/29 08:49:34] [articles_controller.rb: 1576]
word=イラン
File size=9989------------------------=[end]

[begin]------------------------=
[2013/05/29 08:49:34] [articles_controller.rb: 1576]
word=シリア
File size=10141------------------------=[end]

[begin]------------------------=
[2013/05/29 08:49:34] [articles_controller.rb: 1576]
word=イラク
File size=10294------------------------=[end]

[begin]------------------------=
[2013/05/29 08:49:34] [articles_controller.rb: 1576]
word=自動車
File size=10447------------------------=[end]

[begin]------------------------=
[2013/05/29 08:49:34] [articles_controller.rb: 1576]
word=乗用車
File size=10600------------------------=[end]

[begin]------------------------=
[2013/05/29 08:49:34] [articles_controller.rb: 1576]
word=日産
File size=10753------------------------=[end]

[begin]------------------------=
[2013/05/29 08:49:34] [articles_controller.rb: 1576]
word=日野
File size=10903------------------------=[end]

[begin]------------------------=
[2013/05/29 08:49:34] [articles_controller.rb: 1576]
word=三菱自
File size=11053------------------------=[end]

[begin]------------------------=
[2013/05/29 08:49:34] [articles_controller.rb: 1576]
word=トヨタ
File size=11206------------------------=[end]

[begin]------------------------=
[2013/05/29 08:49:34] [articles_controller.rb: 1576]
word=ダイハツ
File size=11359------------------------=[end]

[begin]------------------------=
[2013/05/29 08:49:34] [articles_controller.rb: 1576]
word=ホンダ
File size=11515------------------------=[end]

[begin]------------------------=
[2013/05/29 08:49:34] [articles_controller.rb: 1576]
word=マツダ
File size=11668------------------------=[end]

[begin]------------------------=
[2013/05/29 08:49:34] [articles_controller.rb: 1576]
word=ＢＭＷ
File size=11821------------------------=[end]

[begin]------------------------=
[2013/05/29 08:49:34] [articles_controller.rb: 1576]
word=BMW
File size=11974------------------------=[end]

[begin]------------------------=
[2013/05/29 08:49:34] [articles_controller.rb: 1576]
word=ベンツ
File size=12121------------------------=[end]

[begin]------------------------=
[2013/05/29 08:49:34] [articles_controller.rb: 1576]
word=ソニー
File size=12274------------------------=[end]

[begin]------------------------=
[2013/05/29 08:49:34] [articles_controller.rb: 1576]
word=パナソニック
File size=12427------------------------=[end]

[begin]------------------------=
[2013/05/29 08:49:34] [articles_controller.rb: 1576]
word=松下
File size=12589------------------------=[end]

[begin]------------------------=
[2013/05/29 08:49:34] [articles_controller.rb: 1576]
word=シャープ
File size=12739------------------------=[end]

[begin]------------------------=
[2013/05/29 08:49:34] [articles_controller.rb: 1576]
word=東芝
File size=12895------------------------=[end]

[begin]------------------------=
[2013/05/29 08:49:34] [articles_controller.rb: 1576]
word=三菱電
File size=13045------------------------=[end]

[begin]------------------------=
[2013/05/29 08:49:34] [articles_controller.rb: 1576]
word=セイコー
File size=13198------------------------=[end]

[begin]------------------------=
[2013/05/29 08:49:34] [articles_controller.rb: 1576]
word=ガソリン
File size=13354------------------------=[end]

[begin]------------------------=
[2013/05/29 08:49:34] [articles_controller.rb: 1576]
word=ソーラー
File size=13510------------------------=[end]

[begin]------------------------=
[2013/05/29 08:49:34] [articles_controller.rb: 1576]
word=原油
File size=13666------------------------=[end]

[begin]------------------------=
[2013/05/29 08:49:34] [articles_controller.rb: 1576]
word=原発
File size=13816------------------------=[end]

[begin]------------------------=
[2013/05/29 08:49:34] [articles_controller.rb: 1576]
word=石油
File size=13966------------------------=[end]

[begin]------------------------=
[2013/05/29 08:49:34] [articles_controller.rb: 1576]
word=エネルギー
File size=14116------------------------=[end]

[begin]------------------------=
[2013/05/29 08:49:34] [articles_controller.rb: 1576]
word=発電
File size=14275------------------------=[end]

[begin]------------------------=
[2013/05/29 08:49:34] [articles_controller.rb: 1576]
word=火力
File size=14425------------------------=[end]

[begin]------------------------=
[2013/05/29 08:49:34] [articles_controller.rb: 1576]
word=証券
File size=14575------------------------=[end]

[begin]------------------------=
[2013/05/29 08:49:34] [articles_controller.rb: 1576]
word=相場
File size=14725------------------------=[end]

[begin]------------------------=
[2013/05/29 08:49:34] [articles_controller.rb: 1576]
word=円
File size=14875------------------------=[end]

[begin]------------------------=
[2013/05/29 08:49:34] [articles_controller.rb: 1576]
word=日経平均
File size=15022------------------------=[end]

[begin]------------------------=
[2013/05/29 08:49:34] [articles_controller.rb: 1576]
word=ＥＵＲＩＢＯＲ
File size=15178------------------------=[end]

[begin]------------------------=
[2013/05/29 08:49:34] [articles_controller.rb: 1576]
word=米国
File size=15343------------------------=[end]

[begin]------------------------=
[2013/05/29 08:49:34] [articles_controller.rb: 1576]
word=米
File size=15493------------------------=[end]

[begin]------------------------=
[2013/05/29 08:49:34] [articles_controller.rb: 1576]
word=アメリカ
File size=15640------------------------=[end]

[begin]------------------------=
[2013/05/29 08:49:34] [articles_controller.rb: 1576]
word=中国
File size=15796------------------------=[end]

[begin]------------------------=
[2013/05/29 08:49:34] [articles_controller.rb: 1576]
word=中
File size=15946------------------------=[end]

[begin]------------------------=
[2013/05/29 08:49:34] [articles_controller.rb: 1576]
word=ヨーロッパ
File size=16093------------------------=[end]

[begin]------------------------=
[2013/05/29 08:49:34] [articles_controller.rb: 1576]
word=欧州
File size=16252------------------------=[end]

[begin]------------------------=
[2013/05/29 08:49:34] [articles_controller.rb: 1576]
word=欧
File size=16402------------------------=[end]

[begin]------------------------=
[2013/05/29 08:49:34] [articles_controller.rb: 1576]
word=EURIBOR
File size=16549------------------------=[end]

[begin]------------------------=
[2013/05/29 08:49:34] [articles_controller.rb: 1576]
word=EURO
File size=16700------------------------=[end]

[begin]------------------------=
[2013/05/29 08:49:34] [articles_controller.rb: 1576]
word=ユーロ
File size=16848------------------------=[end]

[begin]------------------------=
[2013/05/29 08:49:34] [articles_controller.rb: 1576]
word=ロシア
File size=17001------------------------=[end]

[begin]------------------------=
[2013/05/29 08:49:34] [articles_controller.rb: 1576]
word=東欧
File size=17154------------------------=[end]

[begin]------------------------=
[2013/05/29 08:49:34] [articles_controller.rb: 1576]
word=ポーランド
File size=17304------------------------=[end]

[begin]------------------------=
[2013/05/29 08:49:34] [articles_controller.rb: 1576]
word=イギリス
File size=17463------------------------=[end]

[begin]------------------------=
[2013/05/29 08:49:34] [articles_controller.rb: 1576]
word=フランス
File size=17619------------------------=[end]

[begin]------------------------=
[2013/05/29 08:49:34] [articles_controller.rb: 1576]
word=ドイツ
File size=17775------------------------=[end]

[begin]------------------------=
[2013/05/29 08:49:34] [articles_controller.rb: 1576]
word=スペイン
File size=17928------------------------=[end]

[begin]------------------------=
[2013/05/29 08:49:34] [articles_controller.rb: 1576]
word=イタリア
File size=18084------------------------=[end]

[begin]------------------------=
[2013/05/29 08:49:34] [articles_controller.rb: 1576]
word=伊
File size=18240------------------------=[end]

[begin]------------------------=
[2013/05/29 08:49:34] [articles_controller.rb: 1576]
word=ポルトガル
File size=18387------------------------=[end]

[begin]------------------------=
[2013/05/29 08:49:34] [articles_controller.rb: 1576]
word=韓国
File size=18546------------------------=[end]

[begin]------------------------=
[2013/05/29 08:49:34] [articles_controller.rb: 1576]
word=韓
File size=18696------------------------=[end]

[begin]------------------------=
[2013/05/29 08:49:34] [articles_controller.rb: 1576]
word=朝鮮
File size=18843------------------------=[end]

[begin]------------------------=
[2013/05/29 08:49:34] [articles_controller.rb: 1576]
word=サムスン
File size=18993------------------------=[end]

[begin]------------------------=
[2013/05/29 08:49:34] [articles_controller.rb: 1576]
word=現代
File size=19149------------------------=[end]

[begin]------------------------=
[2013/05/29 08:49:34] [articles_controller.rb: 1576]
word=イラン
File size=19299------------------------=[end]

[begin]------------------------=
[2013/05/29 08:49:34] [articles_controller.rb: 1576]
word=シリア
File size=19452------------------------=[end]

[begin]------------------------=
[2013/05/29 08:49:34] [articles_controller.rb: 1576]
word=イラク
File size=19605------------------------=[end]

[begin]------------------------=
[2013/05/29 08:49:34] [articles_controller.rb: 1576]
word=自動車
File size=19758------------------------=[end]

[begin]------------------------=
[2013/05/29 08:49:34] [articles_controller.rb: 1576]
word=乗用車
File size=19911------------------------=[end]

