[begin]------------------------=
[2013/05/25 21:49:28] [articles_controller.rb: 1585]


categorize_new3_soci(a_tags)----------------------
File size=0------------------------=[end]

[begin]------------------------=
[2013/05/25 21:52:07] [articles_controller.rb: 1368]

number=3
File size=189------------------------=[end]

[begin]------------------------=
[2013/05/25 21:52:07] [C:/WORKS/WS/WS_Android~/NewsReader3/app/controllers/articles_controller.rb: 1388]
soci
File size=336------------------------=[end]

[begin]------------------------=
[2013/05/25 21:52:07] [articles_controller.rb: 39]
genre=soci
File size=529------------------------=[end]

[begin]------------------------=
[2013/05/25 21:52:08] [articles_controller.rb: 492]
vendor_list.size=0/a_tags_href.size=75
File size=674------------------------=[end]

[begin]------------------------=
[2013/05/25 21:52:08] [articles_controller.rb: 1585]


categorize_new3_soci(a_tags)----------------------
File size=848------------------------=[end]

[begin]------------------------=
[2013/05/25 21:53:14] [articles_controller.rb: 1368]

number=3
File size=1039------------------------=[end]

[begin]------------------------=
[2013/05/25 21:53:14] [C:/WORKS/WS/WS_Android~/NewsReader3/app/controllers/articles_controller.rb: 1388]
soci
File size=1187------------------------=[end]

[begin]------------------------=
[2013/05/25 21:53:14] [articles_controller.rb: 39]
genre=soci
File size=1381------------------------=[end]

[begin]------------------------=
[2013/05/25 21:53:15] [articles_controller.rb: 492]
vendor_list.size=0/a_tags_href.size=75
File size=1527------------------------=[end]

[begin]------------------------=
[2013/05/25 21:53:15] [articles_controller.rb: 1585]


categorize_new3_soci(a_tags)----------------------
File size=1702------------------------=[end]

[begin]------------------------=
[2013/05/29 07:47:03] [keywords_controller.rb: 96]
keyword.to_s: {"name"=>"米国", "category_id"=>"1"}
File size=1894------------------------=[end]

[begin]------------------------=
[2013/05/29 07:47:03] [keywords_controller.rb: 105]
keywords.size: 1
File size=2082------------------------=[end]

[begin]------------------------=
[2013/05/29 07:47:06] [articles_controller.rb: 1368]

number=3
File size=2235------------------------=[end]

[begin]------------------------=
[2013/05/29 07:47:06] [C:/WORKS/WS/WS_Android~/NewsReader3/app/controllers/articles_controller.rb: 1388]
soci
File size=2383------------------------=[end]

[begin]------------------------=
[2013/05/29 07:47:06] [articles_controller.rb: 39]
genre=soci
File size=2577------------------------=[end]

[begin]------------------------=
[2013/05/29 07:47:07] [articles_controller.rb: 492]
vendor_list.size=0/a_tags_href.size=75
File size=2723------------------------=[end]

[begin]------------------------=
[2013/05/29 07:47:07] [articles_controller.rb: 1585]


categorize_new3_soci(a_tags)----------------------
File size=2898------------------------=[end]

[begin]------------------------=
[2013/05/29 07:47:11] [articles_controller.rb: 1368]

number=3
File size=3090------------------------=[end]

[begin]------------------------=
[2013/05/29 07:47:11] [C:/WORKS/WS/WS_Android~/NewsReader3/app/controllers/articles_controller.rb: 1388]
int
File size=3238------------------------=[end]

[begin]------------------------=
[2013/05/29 07:47:11] [articles_controller.rb: 39]
genre=int
File size=3431------------------------=[end]

[begin]------------------------=
[2013/05/29 07:47:11] [articles_controller.rb: 140]
genre.name =>Overseas
File size=3576------------------------=[end]

[begin]------------------------=
[2013/05/29 07:47:11] [articles_controller.rb: 150]
genre != nil => Overseas
File size=3734------------------------=[end]

[begin]------------------------=
[2013/05/29 07:47:11] [articles_controller.rb: 159]
categories.size=1
File size=3895------------------------=[end]

[begin]------------------------=
[2013/05/29 07:47:11] [articles_controller.rb: 204]
category_names.size=2
File size=4049------------------------=[end]

[begin]------------------------=
[2013/05/29 07:47:11] [articles_controller.rb: 78]
@category_names.size=2
File size=4207------------------------=[end]

[begin]------------------------=
[2013/05/29 07:47:11] [articles_controller.rb: 1298]
category.name=US
File size=4365------------------------=[end]

[begin]------------------------=
[2013/05/29 07:47:11] [articles_controller.rb: 1307]
kws.size=1
File size=4519------------------------=[end]

[begin]------------------------=
[2013/05/29 07:47:12] [articles_controller.rb: 492]
vendor_list.size=0/a_tags_href.size=75
File size=4667------------------------=[end]

[begin]------------------------=
[2013/05/29 07:51:10] [articles_controller.rb: 1368]

number=3
File size=4842------------------------=[end]

[begin]------------------------=
[2013/05/29 07:51:10] [C:/WORKS/WS/WS_Android~/NewsReader3/app/controllers/articles_controller.rb: 1388]
int
File size=4990------------------------=[end]

[begin]------------------------=
[2013/05/29 07:51:10] [articles_controller.rb: 39]
genre=int
File size=5183------------------------=[end]

[begin]------------------------=
[2013/05/29 07:51:10] [articles_controller.rb: 140]
genre.name =>Overseas
File size=5328------------------------=[end]

[begin]------------------------=
[2013/05/29 07:51:10] [articles_controller.rb: 150]
genre != nil => Overseas
File size=5486------------------------=[end]

[begin]------------------------=
[2013/05/29 07:51:10] [articles_controller.rb: 159]
categories.size=1
File size=5647------------------------=[end]

[begin]------------------------=
[2013/05/29 07:51:10] [articles_controller.rb: 204]
category_names.size=2
File size=5801------------------------=[end]

[begin]------------------------=
[2013/05/29 07:51:10] [articles_controller.rb: 78]
@category_names.size=2
File size=5959------------------------=[end]

[begin]------------------------=
[2013/05/29 07:51:10] [articles_controller.rb: 1298]
category.name=US
File size=6117------------------------=[end]

[begin]------------------------=
[2013/05/29 07:51:10] [articles_controller.rb: 1307]
kws.size=1
File size=6271------------------------=[end]

[begin]------------------------=
[2013/05/29 07:51:10] [articles_controller.rb: 492]
vendor_list.size=0/a_tags_href.size=75
File size=6419------------------------=[end]

[begin]------------------------=
[2013/05/29 07:57:52] [articles_controller.rb: 1368]

number=3
File size=6594------------------------=[end]

[begin]------------------------=
[2013/05/29 07:57:52] [C:/WORKS/WS/WS_Android~/NewsReader3/app/controllers/articles_controller.rb: 1388]
soci
File size=6742------------------------=[end]

[begin]------------------------=
[2013/05/29 07:57:52] [articles_controller.rb: 39]
genre=soci
File size=6936------------------------=[end]

[begin]------------------------=
[2013/05/29 07:57:53] [articles_controller.rb: 492]
vendor_list.size=0/a_tags_href.size=75
File size=7082------------------------=[end]

[begin]------------------------=
[2013/05/29 07:57:53] [articles_controller.rb: 1585]


categorize_new3_soci(a_tags)----------------------
File size=7257------------------------=[end]

[begin]------------------------=
[2013/05/29 07:57:57] [articles_controller.rb: 1368]

number=3
File size=7449------------------------=[end]

[begin]------------------------=
[2013/05/29 07:57:57] [C:/WORKS/WS/WS_Android~/NewsReader3/app/controllers/articles_controller.rb: 1388]
int
File size=7597------------------------=[end]

[begin]------------------------=
[2013/05/29 07:57:57] [articles_controller.rb: 39]
genre=int
File size=7790------------------------=[end]

[begin]------------------------=
[2013/05/29 07:57:57] [articles_controller.rb: 140]
genre.name =>Overseas
File size=7935------------------------=[end]

[begin]------------------------=
[2013/05/29 07:57:57] [articles_controller.rb: 150]
genre != nil => Overseas
File size=8093------------------------=[end]

[begin]------------------------=
[2013/05/29 07:57:58] [articles_controller.rb: 159]
categories.size=1
File size=8254------------------------=[end]

[begin]------------------------=
[2013/05/29 07:57:58] [articles_controller.rb: 204]
category_names.size=2
File size=8408------------------------=[end]

[begin]------------------------=
[2013/05/29 07:57:58] [articles_controller.rb: 78]
@category_names.size=2
File size=8566------------------------=[end]

[begin]------------------------=
[2013/05/29 07:57:58] [articles_controller.rb: 1298]
category.name=US
File size=8724------------------------=[end]

[begin]------------------------=
[2013/05/29 07:57:58] [articles_controller.rb: 1307]
kws.size=1
File size=8878------------------------=[end]

[begin]------------------------=
[2013/05/29 07:57:59] [articles_controller.rb: 492]
vendor_list.size=0/a_tags_href.size=75
File size=9026------------------------=[end]

[begin]------------------------=
[2013/05/29 08:02:55] [articles_controller.rb: 1368]

number=3
File size=9201------------------------=[end]

[begin]------------------------=
[2013/05/29 08:02:55] [C:/WORKS/WS/WS_Android~/NewsReader3/app/controllers/articles_controller.rb: 1388]
int
File size=9349------------------------=[end]

[begin]------------------------=
[2013/05/29 08:02:55] [articles_controller.rb: 39]
genre=int
File size=9542------------------------=[end]

[begin]------------------------=
[2013/05/29 08:02:55] [articles_controller.rb: 140]
genre.name =>Overseas
File size=9687------------------------=[end]

[begin]------------------------=
[2013/05/29 08:02:55] [articles_controller.rb: 150]
genre != nil => Overseas
File size=9845------------------------=[end]

[begin]------------------------=
[2013/05/29 08:02:55] [articles_controller.rb: 159]
categories.size=1
File size=10006------------------------=[end]

[begin]------------------------=
[2013/05/29 08:02:55] [articles_controller.rb: 204]
category_names.size=2
File size=10161------------------------=[end]

[begin]------------------------=
[2013/05/29 08:02:55] [articles_controller.rb: 78]
@category_names.size=2
File size=10320------------------------=[end]

[begin]------------------------=
[2013/05/29 08:02:55] [articles_controller.rb: 1298]
category.name=US
File size=10479------------------------=[end]

[begin]------------------------=
[2013/05/29 08:02:55] [articles_controller.rb: 1307]
kws.size=1
File size=10634------------------------=[end]

[begin]------------------------=
[2013/05/29 08:02:56] [articles_controller.rb: 492]
vendor_list.size=0/a_tags_href.size=75
File size=10783------------------------=[end]

[begin]------------------------=
[2013/05/29 08:02:56] [articles_controller.rb: 1507]
@category_names != nil
File size=10959------------------------=[end]

[begin]------------------------=
[2013/05/29 08:04:12] [articles_controller.rb: 1368]

number=3
File size=11120------------------------=[end]

[begin]------------------------=
[2013/05/29 08:04:12] [C:/WORKS/WS/WS_Android~/NewsReader3/app/controllers/articles_controller.rb: 1388]
int
File size=11269------------------------=[end]

[begin]------------------------=
[2013/05/29 08:04:12] [articles_controller.rb: 39]
genre=int
File size=11463------------------------=[end]

[begin]------------------------=
[2013/05/29 08:04:12] [articles_controller.rb: 140]
genre.name =>Overseas
File size=11609------------------------=[end]

[begin]------------------------=
[2013/05/29 08:04:12] [articles_controller.rb: 150]
genre != nil => Overseas
File size=11768------------------------=[end]

[begin]------------------------=
[2013/05/29 08:04:12] [articles_controller.rb: 159]
categories.size=1
File size=11930------------------------=[end]

[begin]------------------------=
[2013/05/29 08:04:12] [articles_controller.rb: 204]
category_names.size=2
File size=12085------------------------=[end]

[begin]------------------------=
[2013/05/29 08:04:12] [articles_controller.rb: 78]
@category_names.size=2
File size=12244------------------------=[end]

[begin]------------------------=
[2013/05/29 08:04:12] [articles_controller.rb: 1298]
category.name=US
File size=12403------------------------=[end]

[begin]------------------------=
[2013/05/29 08:04:12] [articles_controller.rb: 1307]
kws.size=1
File size=12558------------------------=[end]

[begin]------------------------=
[2013/05/29 08:04:13] [articles_controller.rb: 492]
vendor_list.size=0/a_tags_href.size=75
File size=12707------------------------=[end]

[begin]------------------------=
[2013/05/29 08:04:13] [articles_controller.rb: 1507]
@category_names != nil
File size=12883------------------------=[end]

[begin]------------------------=
[2013/05/29 08:05:11] [articles_controller.rb: 1368]

number=3
File size=13044------------------------=[end]

[begin]------------------------=
[2013/05/29 08:05:11] [C:/WORKS/WS/WS_Android~/NewsReader3/app/controllers/articles_controller.rb: 1388]
int
File size=13193------------------------=[end]

[begin]------------------------=
[2013/05/29 08:05:11] [articles_controller.rb: 39]
genre=int
File size=13387------------------------=[end]

[begin]------------------------=
[2013/05/29 08:05:11] [articles_controller.rb: 140]
genre.name =>Overseas
File size=13533------------------------=[end]

[begin]------------------------=
[2013/05/29 08:05:11] [articles_controller.rb: 150]
genre != nil => Overseas
File size=13692------------------------=[end]

[begin]------------------------=
[2013/05/29 08:05:11] [articles_controller.rb: 159]
categories.size=1
File size=13854------------------------=[end]

[begin]------------------------=
[2013/05/29 08:05:11] [articles_controller.rb: 204]
category_names.size=2
File size=14009------------------------=[end]

[begin]------------------------=
[2013/05/29 08:05:11] [articles_controller.rb: 78]
@category_names.size=2
File size=14168------------------------=[end]

[begin]------------------------=
[2013/05/29 08:05:11] [articles_controller.rb: 1298]
category.name=US
File size=14327------------------------=[end]

[begin]------------------------=
[2013/05/29 08:05:11] [articles_controller.rb: 1307]
kws.size=1
File size=14482------------------------=[end]

[begin]------------------------=
[2013/05/29 08:05:12] [articles_controller.rb: 492]
vendor_list.size=0/a_tags_href.size=75
File size=14631------------------------=[end]

[begin]------------------------=
[2013/05/29 08:05:12] [articles_controller.rb: 1507]
@category_names != nil
File size=14807------------------------=[end]

[begin]------------------------=
[2013/05/29 08:05:12] [articles_controller.rb: 1544]
cat.size => 2
File size=14968------------------------=[end]

[begin]------------------------=
[2013/05/29 08:06:44] [articles_controller.rb: 1368]

number=3
File size=15120------------------------=[end]

[begin]------------------------=
[2013/05/29 08:06:44] [C:/WORKS/WS/WS_Android~/NewsReader3/app/controllers/articles_controller.rb: 1388]
int
File size=15269------------------------=[end]

[begin]------------------------=
[2013/05/29 08:06:44] [articles_controller.rb: 39]
genre=int
File size=15463------------------------=[end]

[begin]------------------------=
[2013/05/29 08:06:44] [articles_controller.rb: 140]
genre.name =>Overseas
File size=15609------------------------=[end]

[begin]------------------------=
[2013/05/29 08:06:44] [articles_controller.rb: 150]
genre != nil => Overseas
File size=15768------------------------=[end]

[begin]------------------------=
[2013/05/29 08:06:44] [articles_controller.rb: 159]
categories.size=1
File size=15930------------------------=[end]

[begin]------------------------=
[2013/05/29 08:06:44] [articles_controller.rb: 204]
category_names.size=2
File size=16085------------------------=[end]

[begin]------------------------=
[2013/05/29 08:06:44] [articles_controller.rb: 78]
@category_names.size=2
File size=16244------------------------=[end]

[begin]------------------------=
[2013/05/29 08:06:44] [articles_controller.rb: 1298]
category.name=US
File size=16403------------------------=[end]

[begin]------------------------=
[2013/05/29 08:06:44] [articles_controller.rb: 1307]
kws.size=1
File size=16558------------------------=[end]

[begin]------------------------=
[2013/05/29 08:06:45] [articles_controller.rb: 492]
vendor_list.size=0/a_tags_href.size=75
File size=16707------------------------=[end]

[begin]------------------------=
[2013/05/29 08:06:45] [articles_controller.rb: 1507]
@category_names != nil
File size=16883------------------------=[end]

[begin]------------------------=
[2013/05/29 08:06:45] [articles_controller.rb: 1544]
cat.size => 2
File size=17044------------------------=[end]

[begin]------------------------=
[2013/05/29 08:07:31] [articles_controller.rb: 1368]

number=3
File size=17196------------------------=[end]

[begin]------------------------=
[2013/05/29 08:07:31] [C:/WORKS/WS/WS_Android~/NewsReader3/app/controllers/articles_controller.rb: 1388]
int
File size=17345------------------------=[end]

[begin]------------------------=
[2013/05/29 08:07:31] [articles_controller.rb: 39]
genre=int
File size=17539------------------------=[end]

[begin]------------------------=
[2013/05/29 08:07:31] [articles_controller.rb: 140]
genre.name =>Overseas
File size=17685------------------------=[end]

[begin]------------------------=
[2013/05/29 08:07:31] [articles_controller.rb: 150]
genre != nil => Overseas
File size=17844------------------------=[end]

[begin]------------------------=
[2013/05/29 08:07:31] [articles_controller.rb: 159]
categories.size=1
File size=18006------------------------=[end]

[begin]------------------------=
[2013/05/29 08:07:31] [articles_controller.rb: 204]
category_names.size=2
File size=18161------------------------=[end]

[begin]------------------------=
[2013/05/29 08:07:31] [articles_controller.rb: 78]
@category_names.size=2
File size=18320------------------------=[end]

[begin]------------------------=
[2013/05/29 08:07:31] [articles_controller.rb: 1298]
category.name=US
File size=18479------------------------=[end]

[begin]------------------------=
[2013/05/29 08:07:31] [articles_controller.rb: 1307]
kws.size=1
File size=18634------------------------=[end]

[begin]------------------------=
[2013/05/29 08:07:32] [articles_controller.rb: 492]
vendor_list.size=0/a_tags_href.size=75
File size=18783------------------------=[end]

[begin]------------------------=
[2013/05/29 08:07:32] [articles_controller.rb: 1507]
@category_names != nil
File size=18959------------------------=[end]

[begin]------------------------=
[2013/05/29 08:07:32] [articles_controller.rb: 1544]
cat.size => 2
File size=19120------------------------=[end]

[begin]------------------------=
[2013/05/29 08:07:45] [articles_controller.rb: 1368]

number=3
File size=19272------------------------=[end]

[begin]------------------------=
[2013/05/29 08:07:45] [C:/WORKS/WS/WS_Android~/NewsReader3/app/controllers/articles_controller.rb: 1388]
int
File size=19421------------------------=[end]

[begin]------------------------=
[2013/05/29 08:07:45] [articles_controller.rb: 39]
genre=int
File size=19615------------------------=[end]

[begin]------------------------=
[2013/05/29 08:07:45] [articles_controller.rb: 140]
genre.name =>Overseas
File size=19761------------------------=[end]

[begin]------------------------=
[2013/05/29 08:07:45] [articles_controller.rb: 150]
genre != nil => Overseas
File size=19920------------------------=[end]

