[begin]------------------------=
[2013/05/29 09:11:11] [articles_controller.rb: 1576]
word=シャープ
File size=0------------------------=[end]

[begin]------------------------=
[2013/05/29 09:11:11] [articles_controller.rb: 1576]
word=東芝
File size=152------------------------=[end]

[begin]------------------------=
[2013/05/29 09:11:11] [articles_controller.rb: 1576]
word=三菱電
File size=300------------------------=[end]

[begin]------------------------=
[2013/05/29 09:11:11] [articles_controller.rb: 1576]
word=セイコー
File size=451------------------------=[end]

[begin]------------------------=
[2013/05/29 09:11:11] [articles_controller.rb: 1576]
word=ガソリン
File size=605------------------------=[end]

[begin]------------------------=
[2013/05/29 09:11:11] [articles_controller.rb: 1576]
word=ソーラー
File size=759------------------------=[end]

[begin]------------------------=
[2013/05/29 09:11:11] [articles_controller.rb: 1576]
word=原油
File size=913------------------------=[end]

[begin]------------------------=
[2013/05/29 09:11:11] [articles_controller.rb: 1576]
word=原発
File size=1061------------------------=[end]

[begin]------------------------=
[2013/05/29 09:11:11] [articles_controller.rb: 1576]
word=石油
File size=1210------------------------=[end]

[begin]------------------------=
[2013/05/29 09:11:11] [articles_controller.rb: 1576]
word=エネルギー
File size=1359------------------------=[end]

[begin]------------------------=
[2013/05/29 09:11:11] [articles_controller.rb: 1576]
word=発電
File size=1517------------------------=[end]

[begin]------------------------=
[2013/05/29 09:11:11] [articles_controller.rb: 1576]
word=火力
File size=1666------------------------=[end]

[begin]------------------------=
[2013/05/29 09:11:11] [articles_controller.rb: 1576]
word=証券
File size=1815------------------------=[end]

[begin]------------------------=
[2013/05/29 09:11:11] [articles_controller.rb: 1576]
word=相場
File size=1964------------------------=[end]

[begin]------------------------=
[2013/05/29 09:11:11] [articles_controller.rb: 1576]
word=円
File size=2113------------------------=[end]

[begin]------------------------=
[2013/05/29 09:11:12] [articles_controller.rb: 1576]
word=日経平均
File size=2259------------------------=[end]

[begin]------------------------=
[2013/05/29 09:11:12] [articles_controller.rb: 1576]
word=ＥＵＲＩＢＯＲ
File size=2414------------------------=[end]

[begin]------------------------=
[2013/05/29 09:11:12] [articles_controller.rb: 1576]
word=米国
File size=2578------------------------=[end]

[begin]------------------------=
[2013/05/29 09:11:12] [articles_controller.rb: 1576]
word=米
File size=2727------------------------=[end]

[begin]------------------------=
[2013/05/29 09:11:12] [articles_controller.rb: 1576]
word=アメリカ
File size=2873------------------------=[end]

[begin]------------------------=
[2013/05/29 09:11:12] [articles_controller.rb: 1576]
word=中国
File size=3028------------------------=[end]

[begin]------------------------=
[2013/05/29 09:11:12] [articles_controller.rb: 1576]
word=中
File size=3177------------------------=[end]

[begin]------------------------=
[2013/05/29 09:11:12] [articles_controller.rb: 1576]
word=ヨーロッパ
File size=3323------------------------=[end]

[begin]------------------------=
[2013/05/29 09:11:12] [articles_controller.rb: 1576]
word=欧州
File size=3481------------------------=[end]

[begin]------------------------=
[2013/05/29 09:11:12] [articles_controller.rb: 1576]
word=欧
File size=3630------------------------=[end]

[begin]------------------------=
[2013/05/29 09:11:12] [articles_controller.rb: 1576]
word=EURIBOR
File size=3776------------------------=[end]

[begin]------------------------=
[2013/05/29 09:11:12] [articles_controller.rb: 1576]
word=EURO
File size=3926------------------------=[end]

[begin]------------------------=
[2013/05/29 09:11:12] [articles_controller.rb: 1576]
word=ユーロ
File size=4073------------------------=[end]

[begin]------------------------=
[2013/05/29 09:11:12] [articles_controller.rb: 1576]
word=ロシア
File size=4225------------------------=[end]

[begin]------------------------=
[2013/05/29 09:11:12] [articles_controller.rb: 1576]
word=東欧
File size=4377------------------------=[end]

[begin]------------------------=
[2013/05/29 09:11:12] [articles_controller.rb: 1576]
word=ポーランド
File size=4526------------------------=[end]

[begin]------------------------=
[2013/05/29 09:11:12] [articles_controller.rb: 1576]
word=イギリス
File size=4684------------------------=[end]

[begin]------------------------=
[2013/05/29 09:11:12] [articles_controller.rb: 1576]
word=フランス
File size=4839------------------------=[end]

[begin]------------------------=
[2013/05/29 09:11:12] [articles_controller.rb: 1576]
word=ドイツ
File size=4994------------------------=[end]

[begin]------------------------=
[2013/05/29 09:11:12] [articles_controller.rb: 1576]
word=スペイン
File size=5146------------------------=[end]

[begin]------------------------=
[2013/05/29 09:11:12] [articles_controller.rb: 1576]
word=イタリア
File size=5301------------------------=[end]

[begin]------------------------=
[2013/05/29 09:11:12] [articles_controller.rb: 1576]
word=伊
File size=5456------------------------=[end]

[begin]------------------------=
[2013/05/29 09:11:12] [articles_controller.rb: 1576]
word=ポルトガル
File size=5602------------------------=[end]

[begin]------------------------=
[2013/05/29 09:11:12] [articles_controller.rb: 1576]
word=韓国
File size=5760------------------------=[end]

[begin]------------------------=
[2013/05/29 09:11:12] [articles_controller.rb: 1576]
word=韓
File size=5909------------------------=[end]

[begin]------------------------=
[2013/05/29 09:11:12] [articles_controller.rb: 1576]
word=朝鮮
File size=6055------------------------=[end]

[begin]------------------------=
[2013/05/29 09:11:12] [articles_controller.rb: 1576]
word=サムスン
File size=6204------------------------=[end]

[begin]------------------------=
[2013/05/29 09:11:12] [articles_controller.rb: 1576]
word=現代
File size=6359------------------------=[end]

[begin]------------------------=
[2013/05/29 09:11:12] [articles_controller.rb: 1576]
word=イラン
File size=6508------------------------=[end]

[begin]------------------------=
[2013/05/29 09:11:12] [articles_controller.rb: 1576]
word=シリア
File size=6660------------------------=[end]

[begin]------------------------=
[2013/05/29 09:11:12] [articles_controller.rb: 1576]
word=イラク
File size=6812------------------------=[end]

[begin]------------------------=
[2013/05/29 09:11:12] [articles_controller.rb: 1576]
word=自動車
File size=6964------------------------=[end]

[begin]------------------------=
[2013/05/29 09:11:12] [articles_controller.rb: 1576]
word=乗用車
File size=7116------------------------=[end]

[begin]------------------------=
[2013/05/29 09:11:12] [articles_controller.rb: 1576]
word=日産
File size=7268------------------------=[end]

[begin]------------------------=
[2013/05/29 09:11:12] [articles_controller.rb: 1576]
word=日野
File size=7417------------------------=[end]

[begin]------------------------=
[2013/05/29 09:11:12] [articles_controller.rb: 1576]
word=三菱自
File size=7566------------------------=[end]

[begin]------------------------=
[2013/05/29 09:11:12] [articles_controller.rb: 1576]
word=トヨタ
File size=7718------------------------=[end]

[begin]------------------------=
[2013/05/29 09:11:12] [articles_controller.rb: 1576]
word=ダイハツ
File size=7870------------------------=[end]

[begin]------------------------=
[2013/05/29 09:11:12] [articles_controller.rb: 1576]
word=ホンダ
File size=8025------------------------=[end]

[begin]------------------------=
[2013/05/29 09:11:12] [articles_controller.rb: 1576]
word=マツダ
File size=8177------------------------=[end]

[begin]------------------------=
[2013/05/29 09:11:12] [articles_controller.rb: 1576]
word=ＢＭＷ
File size=8329------------------------=[end]

[begin]------------------------=
[2013/05/29 09:11:12] [articles_controller.rb: 1576]
word=BMW
File size=8481------------------------=[end]

[begin]------------------------=
[2013/05/29 09:11:12] [articles_controller.rb: 1576]
word=ベンツ
File size=8627------------------------=[end]

[begin]------------------------=
[2013/05/29 09:11:12] [articles_controller.rb: 1576]
word=ソニー
File size=8779------------------------=[end]

[begin]------------------------=
[2013/05/29 09:11:12] [articles_controller.rb: 1576]
word=パナソニック
File size=8931------------------------=[end]

[begin]------------------------=
[2013/05/29 09:11:12] [articles_controller.rb: 1576]
word=松下
File size=9092------------------------=[end]

[begin]------------------------=
[2013/05/29 09:11:12] [articles_controller.rb: 1576]
word=シャープ
File size=9241------------------------=[end]

[begin]------------------------=
[2013/05/29 09:11:12] [articles_controller.rb: 1576]
word=東芝
File size=9396------------------------=[end]

[begin]------------------------=
[2013/05/29 09:11:12] [articles_controller.rb: 1576]
word=三菱電
File size=9545------------------------=[end]

[begin]------------------------=
[2013/05/29 09:11:12] [articles_controller.rb: 1576]
word=セイコー
File size=9697------------------------=[end]

[begin]------------------------=
[2013/05/29 09:11:12] [articles_controller.rb: 1576]
word=ガソリン
File size=9852------------------------=[end]

[begin]------------------------=
[2013/05/29 09:11:12] [articles_controller.rb: 1576]
word=ソーラー
File size=10007------------------------=[end]

[begin]------------------------=
[2013/05/29 09:11:12] [articles_controller.rb: 1576]
word=原油
File size=10163------------------------=[end]

[begin]------------------------=
[2013/05/29 09:11:12] [articles_controller.rb: 1576]
word=原発
File size=10313------------------------=[end]

[begin]------------------------=
[2013/05/29 09:11:12] [articles_controller.rb: 1576]
word=石油
File size=10463------------------------=[end]

[begin]------------------------=
[2013/05/29 09:11:12] [articles_controller.rb: 1576]
word=エネルギー
File size=10613------------------------=[end]

[begin]------------------------=
[2013/05/29 09:11:12] [articles_controller.rb: 1576]
word=発電
File size=10772------------------------=[end]

[begin]------------------------=
[2013/05/29 09:11:12] [articles_controller.rb: 1576]
word=火力
File size=10922------------------------=[end]

[begin]------------------------=
[2013/05/29 09:11:12] [articles_controller.rb: 1576]
word=証券
File size=11072------------------------=[end]

[begin]------------------------=
[2013/05/29 09:11:12] [articles_controller.rb: 1576]
word=相場
File size=11222------------------------=[end]

[begin]------------------------=
[2013/05/29 09:11:12] [articles_controller.rb: 1576]
word=円
File size=11372------------------------=[end]

[begin]------------------------=
[2013/05/29 09:11:12] [articles_controller.rb: 1576]
word=日経平均
File size=11519------------------------=[end]

[begin]------------------------=
[2013/05/29 09:11:12] [articles_controller.rb: 1576]
word=ＥＵＲＩＢＯＲ
File size=11675------------------------=[end]

[begin]------------------------=
[2013/05/29 09:11:12] [articles_controller.rb: 1576]
word=米国
File size=11840------------------------=[end]

[begin]------------------------=
[2013/05/29 09:11:12] [articles_controller.rb: 1576]
word=米
File size=11990------------------------=[end]

[begin]------------------------=
[2013/05/29 09:11:12] [articles_controller.rb: 1576]
word=アメリカ
File size=12137------------------------=[end]

[begin]------------------------=
[2013/05/29 09:11:12] [articles_controller.rb: 1576]
word=中国
File size=12293------------------------=[end]

[begin]------------------------=
[2013/05/29 09:11:12] [articles_controller.rb: 1576]
word=中
File size=12443------------------------=[end]

[begin]------------------------=
[2013/05/29 09:11:12] [articles_controller.rb: 1576]
word=米国
File size=12590------------------------=[end]

[begin]------------------------=
[2013/05/29 09:11:12] [articles_controller.rb: 1576]
word=米
File size=12740------------------------=[end]

[begin]------------------------=
[2013/05/29 09:11:12] [articles_controller.rb: 1576]
word=アメリカ
File size=12887------------------------=[end]

[begin]------------------------=
[2013/05/29 09:11:12] [articles_controller.rb: 1576]
word=中国
File size=13043------------------------=[end]

[begin]------------------------=
[2013/05/29 09:11:12] [articles_controller.rb: 1576]
word=中
File size=13193------------------------=[end]

[begin]------------------------=
[2013/05/29 09:11:12] [articles_controller.rb: 1576]
word=ヨーロッパ
File size=13340------------------------=[end]

[begin]------------------------=
[2013/05/29 09:11:12] [articles_controller.rb: 1576]
word=欧州
File size=13499------------------------=[end]

[begin]------------------------=
[2013/05/29 09:11:12] [articles_controller.rb: 1576]
word=欧
File size=13649------------------------=[end]

[begin]------------------------=
[2013/05/29 09:11:12] [articles_controller.rb: 1576]
word=EURIBOR
File size=13796------------------------=[end]

[begin]------------------------=
[2013/05/29 09:11:12] [articles_controller.rb: 1576]
word=EURO
File size=13947------------------------=[end]

[begin]------------------------=
[2013/05/29 09:11:12] [articles_controller.rb: 1576]
word=ユーロ
File size=14095------------------------=[end]

[begin]------------------------=
[2013/05/29 09:11:12] [articles_controller.rb: 1576]
word=ロシア
File size=14248------------------------=[end]

[begin]------------------------=
[2013/05/29 09:11:12] [articles_controller.rb: 1576]
word=東欧
File size=14401------------------------=[end]

[begin]------------------------=
[2013/05/29 09:11:12] [articles_controller.rb: 1576]
word=ポーランド
File size=14551------------------------=[end]

[begin]------------------------=
[2013/05/29 09:11:12] [articles_controller.rb: 1576]
word=イギリス
File size=14710------------------------=[end]

[begin]------------------------=
[2013/05/29 09:11:12] [articles_controller.rb: 1576]
word=フランス
File size=14866------------------------=[end]

[begin]------------------------=
[2013/05/29 09:11:12] [articles_controller.rb: 1576]
word=ドイツ
File size=15022------------------------=[end]

[begin]------------------------=
[2013/05/29 09:11:12] [articles_controller.rb: 1576]
word=スペイン
File size=15175------------------------=[end]

[begin]------------------------=
[2013/05/29 09:11:12] [articles_controller.rb: 1576]
word=イタリア
File size=15331------------------------=[end]

[begin]------------------------=
[2013/05/29 09:11:12] [articles_controller.rb: 1576]
word=伊
File size=15487------------------------=[end]

[begin]------------------------=
[2013/05/29 09:11:12] [articles_controller.rb: 1576]
word=ポルトガル
File size=15634------------------------=[end]

[begin]------------------------=
[2013/05/29 09:11:12] [articles_controller.rb: 1576]
word=韓国
File size=15793------------------------=[end]

[begin]------------------------=
[2013/05/29 09:11:12] [articles_controller.rb: 1576]
word=韓
File size=15943------------------------=[end]

[begin]------------------------=
[2013/05/29 09:11:12] [articles_controller.rb: 1576]
word=朝鮮
File size=16090------------------------=[end]

[begin]------------------------=
[2013/05/29 09:11:12] [articles_controller.rb: 1576]
word=サムスン
File size=16240------------------------=[end]

[begin]------------------------=
[2013/05/29 09:11:12] [articles_controller.rb: 1576]
word=現代
File size=16396------------------------=[end]

[begin]------------------------=
[2013/05/29 09:11:12] [articles_controller.rb: 1576]
word=イラン
File size=16546------------------------=[end]

[begin]------------------------=
[2013/05/29 09:11:12] [articles_controller.rb: 1576]
word=シリア
File size=16699------------------------=[end]

[begin]------------------------=
[2013/05/29 09:11:12] [articles_controller.rb: 1576]
word=イラク
File size=16852------------------------=[end]

[begin]------------------------=
[2013/05/29 09:11:12] [articles_controller.rb: 1576]
word=自動車
File size=17005------------------------=[end]

[begin]------------------------=
[2013/05/29 09:11:12] [articles_controller.rb: 1576]
word=乗用車
File size=17158------------------------=[end]

[begin]------------------------=
[2013/05/29 09:11:12] [articles_controller.rb: 1576]
word=日産
File size=17311------------------------=[end]

[begin]------------------------=
[2013/05/29 09:11:12] [articles_controller.rb: 1576]
word=日野
File size=17461------------------------=[end]

[begin]------------------------=
[2013/05/29 09:11:12] [articles_controller.rb: 1576]
word=三菱自
File size=17611------------------------=[end]

[begin]------------------------=
[2013/05/29 09:11:12] [articles_controller.rb: 1576]
word=トヨタ
File size=17764------------------------=[end]

[begin]------------------------=
[2013/05/29 09:11:12] [articles_controller.rb: 1576]
word=ダイハツ
File size=17917------------------------=[end]

[begin]------------------------=
[2013/05/29 09:11:12] [articles_controller.rb: 1576]
word=ホンダ
File size=18073------------------------=[end]

[begin]------------------------=
[2013/05/29 09:11:12] [articles_controller.rb: 1576]
word=マツダ
File size=18226------------------------=[end]

[begin]------------------------=
[2013/05/29 09:11:12] [articles_controller.rb: 1576]
word=ＢＭＷ
File size=18379------------------------=[end]

[begin]------------------------=
[2013/05/29 09:11:12] [articles_controller.rb: 1576]
word=BMW
File size=18532------------------------=[end]

[begin]------------------------=
[2013/05/29 09:11:12] [articles_controller.rb: 1576]
word=ベンツ
File size=18679------------------------=[end]

[begin]------------------------=
[2013/05/29 09:11:12] [articles_controller.rb: 1576]
word=ソニー
File size=18832------------------------=[end]

[begin]------------------------=
[2013/05/29 09:11:12] [articles_controller.rb: 1576]
word=パナソニック
File size=18985------------------------=[end]

[begin]------------------------=
[2013/05/29 09:11:12] [articles_controller.rb: 1576]
word=松下
File size=19147------------------------=[end]

[begin]------------------------=
[2013/05/29 09:11:12] [articles_controller.rb: 1576]
word=シャープ
File size=19297------------------------=[end]

[begin]------------------------=
[2013/05/29 09:11:12] [articles_controller.rb: 1576]
word=東芝
File size=19453------------------------=[end]

[begin]------------------------=
[2013/05/29 09:11:12] [articles_controller.rb: 1576]
word=三菱電
File size=19603------------------------=[end]

[begin]------------------------=
[2013/05/29 09:11:12] [articles_controller.rb: 1576]
word=セイコー
File size=19756------------------------=[end]

[begin]------------------------=
[2013/05/29 09:11:12] [articles_controller.rb: 1576]
word=ガソリン
File size=19912------------------------=[end]

