[begin]------------------------=
[2013/05/29 08:22:26] [articles_controller.rb: 1576]
word=円
File size=0------------------------=[end]

[begin]------------------------=
[2013/05/29 08:22:26] [articles_controller.rb: 1576]
word=米国
File size=143------------------------=[end]

[begin]------------------------=
[2013/05/29 08:22:26] [articles_controller.rb: 1576]
word=米
File size=291------------------------=[end]

[begin]------------------------=
[2013/05/29 08:22:26] [articles_controller.rb: 1576]
word=アメリカ
File size=436------------------------=[end]

[begin]------------------------=
[2013/05/29 08:22:26] [articles_controller.rb: 1576]
word=中国
File size=590------------------------=[end]

[begin]------------------------=
[2013/05/29 08:22:26] [articles_controller.rb: 1576]
word=中
File size=738------------------------=[end]

[begin]------------------------=
[2013/05/29 08:22:26] [articles_controller.rb: 1576]
word=ヨーロッパ
File size=883------------------------=[end]

[begin]------------------------=
[2013/05/29 08:22:26] [articles_controller.rb: 1576]
word=欧州
File size=1040------------------------=[end]

[begin]------------------------=
[2013/05/29 08:22:26] [articles_controller.rb: 1576]
word=欧
File size=1189------------------------=[end]

[begin]------------------------=
[2013/05/29 08:22:26] [articles_controller.rb: 1576]
word=EURIBOR
File size=1335------------------------=[end]

[begin]------------------------=
[2013/05/29 08:22:26] [articles_controller.rb: 1576]
word=EURO
File size=1485------------------------=[end]

[begin]------------------------=
[2013/05/29 08:22:26] [articles_controller.rb: 1576]
word=ユーロ
File size=1632------------------------=[end]

[begin]------------------------=
[2013/05/29 08:22:26] [articles_controller.rb: 1576]
word=ロシア
File size=1784------------------------=[end]

[begin]------------------------=
[2013/05/29 08:22:26] [articles_controller.rb: 1576]
word=東欧
File size=1936------------------------=[end]

[begin]------------------------=
[2013/05/29 08:22:26] [articles_controller.rb: 1576]
word=ポーランド
File size=2085------------------------=[end]

[begin]------------------------=
[2013/05/29 08:22:26] [articles_controller.rb: 1576]
word=イギリス
File size=2243------------------------=[end]

[begin]------------------------=
[2013/05/29 08:22:26] [articles_controller.rb: 1576]
word=フランス
File size=2398------------------------=[end]

[begin]------------------------=
[2013/05/29 08:22:26] [articles_controller.rb: 1576]
word=ドイツ
File size=2553------------------------=[end]

[begin]------------------------=
[2013/05/29 08:22:26] [articles_controller.rb: 1576]
word=スペイン
File size=2705------------------------=[end]

[begin]------------------------=
[2013/05/29 08:22:26] [articles_controller.rb: 1576]
word=イタリア
File size=2860------------------------=[end]

[begin]------------------------=
[2013/05/29 08:22:26] [articles_controller.rb: 1576]
word=伊
File size=3015------------------------=[end]

[begin]------------------------=
[2013/05/29 08:22:26] [articles_controller.rb: 1576]
word=ポルトガル
File size=3161------------------------=[end]

[begin]------------------------=
[2013/05/29 08:22:26] [articles_controller.rb: 1576]
word=韓国
File size=3319------------------------=[end]

[begin]------------------------=
[2013/05/29 08:22:26] [articles_controller.rb: 1576]
word=韓
File size=3468------------------------=[end]

[begin]------------------------=
[2013/05/29 08:22:26] [articles_controller.rb: 1576]
word=朝鮮
File size=3614------------------------=[end]

[begin]------------------------=
[2013/05/29 08:22:26] [articles_controller.rb: 1576]
word=サムスン
File size=3763------------------------=[end]

[begin]------------------------=
[2013/05/29 08:22:26] [articles_controller.rb: 1576]
word=現代
File size=3918------------------------=[end]

[begin]------------------------=
[2013/05/29 08:22:26] [articles_controller.rb: 1576]
word=イラン
File size=4067------------------------=[end]

[begin]------------------------=
[2013/05/29 08:22:26] [articles_controller.rb: 1576]
word=シリア
File size=4219------------------------=[end]

[begin]------------------------=
[2013/05/29 08:22:26] [articles_controller.rb: 1576]
word=イラク
File size=4371------------------------=[end]

[begin]------------------------=
[2013/05/29 08:22:26] [articles_controller.rb: 1576]
word=自動車
File size=4523------------------------=[end]

[begin]------------------------=
[2013/05/29 08:22:26] [articles_controller.rb: 1576]
word=乗用車
File size=4675------------------------=[end]

[begin]------------------------=
[2013/05/29 08:22:26] [articles_controller.rb: 1576]
word=日産
File size=4827------------------------=[end]

[begin]------------------------=
[2013/05/29 08:22:26] [articles_controller.rb: 1576]
word=日野
File size=4976------------------------=[end]

[begin]------------------------=
[2013/05/29 08:22:26] [articles_controller.rb: 1576]
word=三菱自
File size=5125------------------------=[end]

[begin]------------------------=
[2013/05/29 08:22:26] [articles_controller.rb: 1576]
word=トヨタ
File size=5277------------------------=[end]

[begin]------------------------=
[2013/05/29 08:22:26] [articles_controller.rb: 1576]
word=ダイハツ
File size=5429------------------------=[end]

[begin]------------------------=
[2013/05/29 08:22:26] [articles_controller.rb: 1576]
word=ホンダ
File size=5584------------------------=[end]

[begin]------------------------=
[2013/05/29 08:22:26] [articles_controller.rb: 1576]
word=マツダ
File size=5736------------------------=[end]

[begin]------------------------=
[2013/05/29 08:22:26] [articles_controller.rb: 1576]
word=ＢＭＷ
File size=5888------------------------=[end]

[begin]------------------------=
[2013/05/29 08:22:26] [articles_controller.rb: 1576]
word=BMW
File size=6040------------------------=[end]

[begin]------------------------=
[2013/05/29 08:22:26] [articles_controller.rb: 1576]
word=ベンツ
File size=6186------------------------=[end]

[begin]------------------------=
[2013/05/29 08:22:26] [articles_controller.rb: 1576]
word=ソニー
File size=6338------------------------=[end]

[begin]------------------------=
[2013/05/29 08:22:26] [articles_controller.rb: 1576]
word=パナソニック
File size=6490------------------------=[end]

[begin]------------------------=
[2013/05/29 08:22:26] [articles_controller.rb: 1576]
word=松下
File size=6651------------------------=[end]

[begin]------------------------=
[2013/05/29 08:22:26] [articles_controller.rb: 1576]
word=シャープ
File size=6800------------------------=[end]

[begin]------------------------=
[2013/05/29 08:22:26] [articles_controller.rb: 1576]
word=東芝
File size=6955------------------------=[end]

[begin]------------------------=
[2013/05/29 08:22:26] [articles_controller.rb: 1576]
word=三菱電
File size=7104------------------------=[end]

[begin]------------------------=
[2013/05/29 08:22:26] [articles_controller.rb: 1576]
word=セイコー
File size=7256------------------------=[end]

[begin]------------------------=
[2013/05/29 08:22:26] [articles_controller.rb: 1576]
word=ガソリン
File size=7411------------------------=[end]

[begin]------------------------=
[2013/05/29 08:22:26] [articles_controller.rb: 1576]
word=ソーラー
File size=7566------------------------=[end]

[begin]------------------------=
[2013/05/29 08:22:26] [articles_controller.rb: 1576]
word=原油
File size=7721------------------------=[end]

[begin]------------------------=
[2013/05/29 08:22:26] [articles_controller.rb: 1576]
word=原発
File size=7870------------------------=[end]

[begin]------------------------=
[2013/05/29 08:22:26] [articles_controller.rb: 1576]
word=石油
File size=8019------------------------=[end]

[begin]------------------------=
[2013/05/29 08:22:26] [articles_controller.rb: 1576]
word=エネルギー
File size=8168------------------------=[end]

[begin]------------------------=
[2013/05/29 08:22:26] [articles_controller.rb: 1576]
word=発電
File size=8326------------------------=[end]

[begin]------------------------=
[2013/05/29 08:22:26] [articles_controller.rb: 1576]
word=火力
File size=8475------------------------=[end]

[begin]------------------------=
[2013/05/29 08:22:26] [articles_controller.rb: 1576]
word=証券
File size=8624------------------------=[end]

[begin]------------------------=
[2013/05/29 08:22:26] [articles_controller.rb: 1576]
word=相場
File size=8773------------------------=[end]

[begin]------------------------=
[2013/05/29 08:22:26] [articles_controller.rb: 1576]
word=円
File size=8922------------------------=[end]

[begin]------------------------=
[2013/05/29 08:22:26] [articles_controller.rb: 1576]
word=日経平均
File size=9068------------------------=[end]

[begin]------------------------=
[2013/05/29 08:22:26] [articles_controller.rb: 1576]
word=ＥＵＲＩＢＯＲ
File size=9223------------------------=[end]

[begin]------------------------=
[2013/05/29 08:22:26] [articles_controller.rb: 1576]
word=米国
File size=9387------------------------=[end]

[begin]------------------------=
[2013/05/29 08:22:26] [articles_controller.rb: 1576]
word=米
File size=9536------------------------=[end]

[begin]------------------------=
[2013/05/29 08:22:26] [articles_controller.rb: 1576]
word=アメリカ
File size=9682------------------------=[end]

[begin]------------------------=
[2013/05/29 08:22:26] [articles_controller.rb: 1576]
word=中国
File size=9837------------------------=[end]

[begin]------------------------=
[2013/05/29 08:22:26] [articles_controller.rb: 1576]
word=中
File size=9986------------------------=[end]

[begin]------------------------=
[2013/05/29 08:22:26] [articles_controller.rb: 1576]
word=ヨーロッパ
File size=10132------------------------=[end]

[begin]------------------------=
[2013/05/29 08:22:26] [articles_controller.rb: 1576]
word=欧州
File size=10291------------------------=[end]

[begin]------------------------=
[2013/05/29 08:22:26] [articles_controller.rb: 1576]
word=欧
File size=10441------------------------=[end]

[begin]------------------------=
[2013/05/29 08:22:26] [articles_controller.rb: 1576]
word=EURIBOR
File size=10588------------------------=[end]

[begin]------------------------=
[2013/05/29 08:22:26] [articles_controller.rb: 1576]
word=EURO
File size=10739------------------------=[end]

[begin]------------------------=
[2013/05/29 08:22:26] [articles_controller.rb: 1576]
word=ユーロ
File size=10887------------------------=[end]

[begin]------------------------=
[2013/05/29 08:22:26] [articles_controller.rb: 1576]
word=ロシア
File size=11040------------------------=[end]

[begin]------------------------=
[2013/05/29 08:22:26] [articles_controller.rb: 1576]
word=東欧
File size=11193------------------------=[end]

[begin]------------------------=
[2013/05/29 08:22:26] [articles_controller.rb: 1576]
word=ポーランド
File size=11343------------------------=[end]

[begin]------------------------=
[2013/05/29 08:22:26] [articles_controller.rb: 1576]
word=イギリス
File size=11502------------------------=[end]

[begin]------------------------=
[2013/05/29 08:22:26] [articles_controller.rb: 1576]
word=フランス
File size=11658------------------------=[end]

[begin]------------------------=
[2013/05/29 08:22:26] [articles_controller.rb: 1576]
word=ドイツ
File size=11814------------------------=[end]

[begin]------------------------=
[2013/05/29 08:22:26] [articles_controller.rb: 1576]
word=スペイン
File size=11967------------------------=[end]

[begin]------------------------=
[2013/05/29 08:22:26] [articles_controller.rb: 1576]
word=イタリア
File size=12123------------------------=[end]

[begin]------------------------=
[2013/05/29 08:22:26] [articles_controller.rb: 1576]
word=伊
File size=12279------------------------=[end]

[begin]------------------------=
[2013/05/29 08:22:26] [articles_controller.rb: 1576]
word=ポルトガル
File size=12426------------------------=[end]

[begin]------------------------=
[2013/05/29 08:22:26] [articles_controller.rb: 1576]
word=韓国
File size=12585------------------------=[end]

[begin]------------------------=
[2013/05/29 08:22:26] [articles_controller.rb: 1576]
word=韓
File size=12735------------------------=[end]

[begin]------------------------=
[2013/05/29 08:22:26] [articles_controller.rb: 1576]
word=朝鮮
File size=12882------------------------=[end]

[begin]------------------------=
[2013/05/29 08:22:26] [articles_controller.rb: 1576]
word=サムスン
File size=13032------------------------=[end]

[begin]------------------------=
[2013/05/29 08:22:26] [articles_controller.rb: 1576]
word=現代
File size=13188------------------------=[end]

[begin]------------------------=
[2013/05/29 08:22:26] [articles_controller.rb: 1576]
word=イラン
File size=13338------------------------=[end]

[begin]------------------------=
[2013/05/29 08:22:26] [articles_controller.rb: 1576]
word=シリア
File size=13491------------------------=[end]

[begin]------------------------=
[2013/05/29 08:22:26] [articles_controller.rb: 1576]
word=イラク
File size=13644------------------------=[end]

[begin]------------------------=
[2013/05/29 08:22:26] [articles_controller.rb: 1576]
word=自動車
File size=13797------------------------=[end]

[begin]------------------------=
[2013/05/29 08:22:26] [articles_controller.rb: 1576]
word=乗用車
File size=13950------------------------=[end]

[begin]------------------------=
[2013/05/29 08:22:26] [articles_controller.rb: 1576]
word=日産
File size=14103------------------------=[end]

[begin]------------------------=
[2013/05/29 08:22:26] [articles_controller.rb: 1576]
word=日野
File size=14253------------------------=[end]

[begin]------------------------=
[2013/05/29 08:22:26] [articles_controller.rb: 1576]
word=三菱自
File size=14403------------------------=[end]

[begin]------------------------=
[2013/05/29 08:22:26] [articles_controller.rb: 1576]
word=トヨタ
File size=14556------------------------=[end]

[begin]------------------------=
[2013/05/29 08:22:26] [articles_controller.rb: 1576]
word=ダイハツ
File size=14709------------------------=[end]

[begin]------------------------=
[2013/05/29 08:22:26] [articles_controller.rb: 1576]
word=ホンダ
File size=14865------------------------=[end]

[begin]------------------------=
[2013/05/29 08:22:26] [articles_controller.rb: 1576]
word=マツダ
File size=15018------------------------=[end]

[begin]------------------------=
[2013/05/29 08:22:26] [articles_controller.rb: 1576]
word=ＢＭＷ
File size=15171------------------------=[end]

[begin]------------------------=
[2013/05/29 08:22:26] [articles_controller.rb: 1576]
word=BMW
File size=15324------------------------=[end]

[begin]------------------------=
[2013/05/29 08:22:26] [articles_controller.rb: 1576]
word=ベンツ
File size=15471------------------------=[end]

[begin]------------------------=
[2013/05/29 08:22:26] [articles_controller.rb: 1576]
word=ソニー
File size=15624------------------------=[end]

[begin]------------------------=
[2013/05/29 08:22:26] [articles_controller.rb: 1576]
word=パナソニック
File size=15777------------------------=[end]

[begin]------------------------=
[2013/05/29 08:22:26] [articles_controller.rb: 1576]
word=松下
File size=15939------------------------=[end]

[begin]------------------------=
[2013/05/29 08:22:26] [articles_controller.rb: 1576]
word=シャープ
File size=16089------------------------=[end]

[begin]------------------------=
[2013/05/29 08:22:26] [articles_controller.rb: 1576]
word=東芝
File size=16245------------------------=[end]

[begin]------------------------=
[2013/05/29 08:22:26] [articles_controller.rb: 1576]
word=三菱電
File size=16395------------------------=[end]

[begin]------------------------=
[2013/05/29 08:22:26] [articles_controller.rb: 1576]
word=セイコー
File size=16548------------------------=[end]

[begin]------------------------=
[2013/05/29 08:22:26] [articles_controller.rb: 1576]
word=ガソリン
File size=16704------------------------=[end]

[begin]------------------------=
[2013/05/29 08:22:26] [articles_controller.rb: 1576]
word=ソーラー
File size=16860------------------------=[end]

[begin]------------------------=
[2013/05/29 08:22:26] [articles_controller.rb: 1576]
word=原油
File size=17016------------------------=[end]

[begin]------------------------=
[2013/05/29 08:22:26] [articles_controller.rb: 1576]
word=原発
File size=17166------------------------=[end]

[begin]------------------------=
[2013/05/29 08:22:26] [articles_controller.rb: 1576]
word=石油
File size=17316------------------------=[end]

[begin]------------------------=
[2013/05/29 08:22:26] [articles_controller.rb: 1576]
word=エネルギー
File size=17466------------------------=[end]

[begin]------------------------=
[2013/05/29 08:22:26] [articles_controller.rb: 1576]
word=発電
File size=17625------------------------=[end]

[begin]------------------------=
[2013/05/29 08:22:26] [articles_controller.rb: 1576]
word=火力
File size=17775------------------------=[end]

[begin]------------------------=
[2013/05/29 08:22:26] [articles_controller.rb: 1576]
word=証券
File size=17925------------------------=[end]

[begin]------------------------=
[2013/05/29 08:22:26] [articles_controller.rb: 1576]
word=相場
File size=18075------------------------=[end]

[begin]------------------------=
[2013/05/29 08:22:26] [articles_controller.rb: 1576]
word=円
File size=18225------------------------=[end]

[begin]------------------------=
[2013/05/29 08:22:26] [articles_controller.rb: 1576]
word=米国
File size=18372------------------------=[end]

[begin]------------------------=
[2013/05/29 08:22:26] [articles_controller.rb: 1576]
word=米
File size=18522------------------------=[end]

[begin]------------------------=
[2013/05/29 08:22:26] [articles_controller.rb: 1576]
word=アメリカ
File size=18669------------------------=[end]

[begin]------------------------=
[2013/05/29 08:22:26] [articles_controller.rb: 1576]
word=中国
File size=18825------------------------=[end]

[begin]------------------------=
[2013/05/29 08:22:26] [articles_controller.rb: 1576]
word=中
File size=18975------------------------=[end]

[begin]------------------------=
[2013/05/29 08:22:26] [articles_controller.rb: 1576]
word=米国
File size=19122------------------------=[end]

[begin]------------------------=
[2013/05/29 08:22:26] [articles_controller.rb: 1576]
word=米
File size=19272------------------------=[end]

[begin]------------------------=
[2013/05/29 08:22:26] [articles_controller.rb: 1576]
word=アメリカ
File size=19419------------------------=[end]

[begin]------------------------=
[2013/05/29 08:22:26] [articles_controller.rb: 1576]
word=中国
File size=19575------------------------=[end]

[begin]------------------------=
[2013/05/29 08:22:26] [articles_controller.rb: 1576]
word=中
File size=19725------------------------=[end]

[begin]------------------------=
[2013/05/29 08:22:26] [articles_controller.rb: 1576]
word=ヨーロッパ
File size=19872------------------------=[end]

