[begin]------------------------=
[2013/05/30 20:58:39] [articles_controller.rb: 1672]
kw=米国
File size=0------------------------=[end]

[begin]------------------------=
[2013/05/30 20:58:39] [articles_controller.rb: 1672]
kw=米
File size=144------------------------=[end]

[begin]------------------------=
[2013/05/30 20:58:39] [articles_controller.rb: 1672]
kw=米国
File size=287------------------------=[end]

[begin]------------------------=
[2013/05/30 20:58:39] [articles_controller.rb: 1672]
kw=米
File size=433------------------------=[end]

[begin]------------------------=
[2013/05/30 20:58:39] [articles_controller.rb: 1672]
kw=米国
File size=576------------------------=[end]

[begin]------------------------=
[2013/05/30 20:58:39] [articles_controller.rb: 1672]
kw=米
File size=722------------------------=[end]

[begin]------------------------=
[2013/05/30 20:58:39] [articles_controller.rb: 1672]
kw=米国
File size=865------------------------=[end]

[begin]------------------------=
[2013/05/30 20:58:39] [articles_controller.rb: 1672]
kw=米
File size=1011------------------------=[end]

[begin]------------------------=
[2013/05/30 20:58:39] [articles_controller.rb: 1672]
kw=米国
File size=1155------------------------=[end]

[begin]------------------------=
[2013/05/30 20:58:39] [articles_controller.rb: 1672]
kw=米
File size=1302------------------------=[end]

[begin]------------------------=
[2013/05/30 20:58:39] [articles_controller.rb: 1672]
kw=米国
File size=1446------------------------=[end]

[begin]------------------------=
[2013/05/30 20:58:39] [articles_controller.rb: 1672]
kw=米
File size=1593------------------------=[end]

[begin]------------------------=
[2013/05/30 20:58:39] [articles_controller.rb: 1672]
kw=米国
File size=1737------------------------=[end]

[begin]------------------------=
[2013/05/30 20:58:39] [articles_controller.rb: 1672]
kw=米
File size=1884------------------------=[end]

[begin]------------------------=
[2013/05/30 20:58:39] [articles_controller.rb: 1672]
kw=米国
File size=2028------------------------=[end]

[begin]------------------------=
[2013/05/30 20:58:39] [articles_controller.rb: 1672]
kw=米
File size=2175------------------------=[end]

[begin]------------------------=
[2013/05/30 20:58:39] [articles_controller.rb: 1672]
kw=米国
File size=2319------------------------=[end]

[begin]------------------------=
[2013/05/30 20:58:39] [articles_controller.rb: 1672]
kw=米
File size=2466------------------------=[end]

[begin]------------------------=
[2013/05/30 20:58:39] [articles_controller.rb: 1672]
kw=米国
File size=2610------------------------=[end]

[begin]------------------------=
[2013/05/30 20:58:39] [articles_controller.rb: 1672]
kw=米
File size=2757------------------------=[end]

[begin]------------------------=
[2013/05/30 20:58:39] [articles_controller.rb: 1672]
kw=米国
File size=2901------------------------=[end]

[begin]------------------------=
[2013/05/30 20:58:39] [articles_controller.rb: 1672]
kw=米
File size=3048------------------------=[end]

[begin]------------------------=
[2013/05/30 20:58:39] [articles_controller.rb: 1672]
kw=米国
File size=3192------------------------=[end]

[begin]------------------------=
[2013/05/30 20:58:39] [articles_controller.rb: 1672]
kw=米
File size=3339------------------------=[end]

[begin]------------------------=
[2013/05/30 20:58:39] [articles_controller.rb: 1672]
kw=米国
File size=3483------------------------=[end]

[begin]------------------------=
[2013/05/30 20:58:39] [articles_controller.rb: 1672]
kw=米
File size=3630------------------------=[end]

[begin]------------------------=
[2013/05/30 20:58:39] [articles_controller.rb: 1672]
kw=米国
File size=3774------------------------=[end]

[begin]------------------------=
[2013/05/30 20:58:39] [articles_controller.rb: 1672]
kw=米
File size=3921------------------------=[end]

[begin]------------------------=
[2013/05/30 20:58:39] [articles_controller.rb: 1672]
kw=米国
File size=4065------------------------=[end]

[begin]------------------------=
[2013/05/30 20:58:39] [articles_controller.rb: 1672]
kw=米
File size=4212------------------------=[end]

[begin]------------------------=
[2013/05/30 20:58:39] [articles_controller.rb: 1672]
kw=米国
File size=4356------------------------=[end]

[begin]------------------------=
[2013/05/30 20:58:39] [articles_controller.rb: 1672]
kw=米
File size=4503------------------------=[end]

[begin]------------------------=
[2013/05/30 20:58:39] [articles_controller.rb: 1672]
kw=米国
File size=4647------------------------=[end]

[begin]------------------------=
[2013/05/30 20:58:39] [articles_controller.rb: 1672]
kw=米
File size=4794------------------------=[end]

[begin]------------------------=
[2013/05/30 20:58:39] [articles_controller.rb: 1672]
kw=米国
File size=4938------------------------=[end]

[begin]------------------------=
[2013/05/30 20:58:39] [articles_controller.rb: 1672]
kw=米
File size=5085------------------------=[end]

[begin]------------------------=
[2013/05/30 20:58:39] [articles_controller.rb: 1672]
kw=米国
File size=5229------------------------=[end]

[begin]------------------------=
[2013/05/30 20:58:39] [articles_controller.rb: 1672]
kw=米
File size=5376------------------------=[end]

[begin]------------------------=
[2013/05/30 20:58:39] [articles_controller.rb: 1672]
kw=米国
File size=5520------------------------=[end]

[begin]------------------------=
[2013/05/30 20:58:39] [articles_controller.rb: 1672]
kw=米
File size=5667------------------------=[end]

[begin]------------------------=
[2013/05/30 20:58:39] [articles_controller.rb: 1672]
kw=米国
File size=5811------------------------=[end]

[begin]------------------------=
[2013/05/30 20:58:39] [articles_controller.rb: 1672]
kw=米
File size=5958------------------------=[end]

[begin]------------------------=
[2013/05/30 20:58:39] [articles_controller.rb: 1672]
kw=米国
File size=6102------------------------=[end]

[begin]------------------------=
[2013/05/30 20:58:39] [articles_controller.rb: 1672]
kw=米
File size=6249------------------------=[end]

[begin]------------------------=
[2013/05/30 20:58:39] [articles_controller.rb: 1672]
kw=米国
File size=6393------------------------=[end]

[begin]------------------------=
[2013/05/30 20:58:39] [articles_controller.rb: 1672]
kw=米
File size=6540------------------------=[end]

[begin]------------------------=
[2013/05/30 20:58:39] [articles_controller.rb: 1672]
kw=米国
File size=6684------------------------=[end]

[begin]------------------------=
[2013/05/30 20:58:39] [articles_controller.rb: 1672]
kw=米
File size=6831------------------------=[end]

[begin]------------------------=
[2013/05/30 20:58:39] [articles_controller.rb: 1672]
kw=米国
File size=6975------------------------=[end]

[begin]------------------------=
[2013/05/30 20:58:39] [articles_controller.rb: 1672]
kw=米
File size=7122------------------------=[end]

[begin]------------------------=
[2013/05/30 20:58:39] [articles_controller.rb: 1672]
kw=米国
File size=7266------------------------=[end]

[begin]------------------------=
[2013/05/30 20:58:39] [articles_controller.rb: 1672]
kw=米
File size=7413------------------------=[end]

[begin]------------------------=
[2013/05/30 20:58:39] [articles_controller.rb: 1672]
kw=米国
File size=7557------------------------=[end]

[begin]------------------------=
[2013/05/30 20:58:39] [articles_controller.rb: 1672]
kw=米
File size=7704------------------------=[end]

[begin]------------------------=
[2013/05/30 20:58:39] [articles_controller.rb: 1672]
kw=米国
File size=7848------------------------=[end]

[begin]------------------------=
[2013/05/30 20:58:39] [articles_controller.rb: 1672]
kw=米
File size=7995------------------------=[end]

[begin]------------------------=
[2013/05/30 20:58:39] [articles_controller.rb: 1672]
kw=米国
File size=8139------------------------=[end]

[begin]------------------------=
[2013/05/30 20:58:39] [articles_controller.rb: 1672]
kw=米
File size=8286------------------------=[end]

[begin]------------------------=
[2013/05/30 20:58:39] [articles_controller.rb: 1672]
kw=米国
File size=8430------------------------=[end]

[begin]------------------------=
[2013/05/30 20:58:39] [articles_controller.rb: 1672]
kw=米
File size=8577------------------------=[end]

[begin]------------------------=
[2013/05/30 20:58:39] [articles_controller.rb: 1672]
kw=米国
File size=8721------------------------=[end]

[begin]------------------------=
[2013/05/30 20:58:39] [articles_controller.rb: 1672]
kw=米
File size=8868------------------------=[end]

[begin]------------------------=
[2013/05/30 20:58:39] [articles_controller.rb: 1672]
kw=米国
File size=9012------------------------=[end]

[begin]------------------------=
[2013/05/30 20:58:39] [articles_controller.rb: 1672]
kw=米
File size=9159------------------------=[end]

[begin]------------------------=
[2013/05/30 20:58:39] [articles_controller.rb: 1672]
kw=米国
File size=9303------------------------=[end]

[begin]------------------------=
[2013/05/30 20:58:39] [articles_controller.rb: 1672]
kw=米
File size=9450------------------------=[end]

[begin]------------------------=
[2013/05/30 20:58:39] [articles_controller.rb: 1672]
kw=米国
File size=9594------------------------=[end]

[begin]------------------------=
[2013/05/30 20:58:39] [articles_controller.rb: 1672]
kw=米
File size=9741------------------------=[end]

[begin]------------------------=
[2013/05/30 20:58:39] [articles_controller.rb: 1672]
kw=米国
File size=9885------------------------=[end]

[begin]------------------------=
[2013/05/30 20:58:39] [articles_controller.rb: 1672]
kw=米
File size=10032------------------------=[end]

[begin]------------------------=
[2013/05/30 20:58:39] [articles_controller.rb: 1672]
kw=米国
File size=10177------------------------=[end]

[begin]------------------------=
[2013/05/30 20:58:39] [articles_controller.rb: 1672]
kw=米
File size=10325------------------------=[end]

[begin]------------------------=
[2013/05/30 20:58:39] [articles_controller.rb: 1672]
kw=米国
File size=10470------------------------=[end]

[begin]------------------------=
[2013/05/30 20:58:39] [articles_controller.rb: 1672]
kw=米
File size=10618------------------------=[end]

[begin]------------------------=
[2013/05/30 20:58:39] [articles_controller.rb: 1672]
kw=米国
File size=10763------------------------=[end]

[begin]------------------------=
[2013/05/30 20:58:39] [articles_controller.rb: 1672]
kw=米
File size=10911------------------------=[end]

[begin]------------------------=
[2013/05/30 20:58:39] [articles_controller.rb: 1672]
kw=米国
File size=11056------------------------=[end]

[begin]------------------------=
[2013/05/30 20:58:39] [articles_controller.rb: 1672]
kw=米
File size=11204------------------------=[end]

[begin]------------------------=
[2013/05/30 20:58:39] [articles_controller.rb: 1672]
kw=米国
File size=11349------------------------=[end]

[begin]------------------------=
[2013/05/30 20:58:39] [articles_controller.rb: 1672]
kw=米
File size=11497------------------------=[end]

[begin]------------------------=
[2013/05/30 20:58:39] [articles_controller.rb: 1672]
kw=米国
File size=11642------------------------=[end]

[begin]------------------------=
[2013/05/30 20:58:39] [articles_controller.rb: 1672]
kw=米
File size=11790------------------------=[end]

[begin]------------------------=
[2013/05/30 21:02:32] [articles_controller.rb: 1368]

number=3
File size=11935------------------------=[end]

[begin]------------------------=
[2013/05/30 21:02:32] [C:/WORKS/WS/WS_Android~/NewsReader3/app/controllers/articles_controller.rb: 1388]
int
File size=12084------------------------=[end]

[begin]------------------------=
[2013/05/30 21:02:32] [articles_controller.rb: 39]
genre=int
File size=12278------------------------=[end]

[begin]------------------------=
[2013/05/30 21:02:32] [articles_controller.rb: 140]
genre.name =>Overseas
File size=12424------------------------=[end]

[begin]------------------------=
[2013/05/30 21:02:32] [articles_controller.rb: 150]
genre != nil => Overseas
File size=12583------------------------=[end]

[begin]------------------------=
[2013/05/30 21:02:32] [articles_controller.rb: 159]
categories.size=1
File size=12745------------------------=[end]

[begin]------------------------=
[2013/05/30 21:02:32] [articles_controller.rb: 204]
category_names.size=2
File size=12900------------------------=[end]

[begin]------------------------=
[2013/05/30 21:02:32] [articles_controller.rb: 78]
@category_names.size=2
File size=13059------------------------=[end]

[begin]------------------------=
[2013/05/30 21:02:32] [articles_controller.rb: 1298]
category.name=US
File size=13218------------------------=[end]

[begin]------------------------=
[2013/05/30 21:02:32] [articles_controller.rb: 1307]
kws.size=2
File size=13373------------------------=[end]

[begin]------------------------=
[2013/05/30 21:02:32] [articles_controller.rb: 492]
vendor_list.size=0/a_tags_href.size=75
File size=13522------------------------=[end]

[begin]------------------------=
[2013/05/30 21:05:04] [articles_controller.rb: 1368]

number=3
File size=13698------------------------=[end]

[begin]------------------------=
[2013/05/30 21:05:04] [C:/WORKS/WS/WS_Android~/NewsReader3/app/controllers/articles_controller.rb: 1388]
int
File size=13847------------------------=[end]

[begin]------------------------=
[2013/05/30 21:05:04] [articles_controller.rb: 39]
genre=int
File size=14041------------------------=[end]

[begin]------------------------=
[2013/05/30 21:05:05] [articles_controller.rb: 140]
genre.name =>Overseas
File size=14187------------------------=[end]

[begin]------------------------=
[2013/05/30 21:05:05] [articles_controller.rb: 150]
genre != nil => Overseas
File size=14346------------------------=[end]

[begin]------------------------=
[2013/05/30 21:05:05] [articles_controller.rb: 159]
categories.size=1
File size=14508------------------------=[end]

[begin]------------------------=
[2013/05/30 21:05:05] [articles_controller.rb: 204]
category_names.size=2
File size=14663------------------------=[end]

[begin]------------------------=
[2013/05/30 21:05:05] [articles_controller.rb: 78]
@category_names.size=2
File size=14822------------------------=[end]

[begin]------------------------=
[2013/05/30 21:05:05] [articles_controller.rb: 1298]
category.name=US
File size=14981------------------------=[end]

[begin]------------------------=
[2013/05/30 21:05:05] [articles_controller.rb: 1307]
kws.size=2
File size=15136------------------------=[end]

[begin]------------------------=
[2013/05/30 21:05:05] [articles_controller.rb: 492]
vendor_list.size=0/a_tags_href.size=75
File size=15285------------------------=[end]

[begin]------------------------=
[2013/05/30 21:05:05] [articles_controller.rb: 1660]
keywords.length=2
File size=15461------------------------=[end]

[begin]------------------------=
[2013/05/30 21:05:05] [articles_controller.rb: 1679]
kw=米国
File size=15617------------------------=[end]

[begin]------------------------=
[2013/05/30 21:05:05] [articles_controller.rb: 1679]
kw=米
File size=15765------------------------=[end]

[begin]------------------------=
[2013/05/30 21:05:05] [articles_controller.rb: 1679]
kw=米国
File size=15910------------------------=[end]

[begin]------------------------=
[2013/05/30 21:05:05] [articles_controller.rb: 1679]
kw=米
File size=16058------------------------=[end]

[begin]------------------------=
[2013/05/30 21:05:05] [articles_controller.rb: 1679]
kw=米国
File size=16203------------------------=[end]

[begin]------------------------=
[2013/05/30 21:05:05] [articles_controller.rb: 1679]
kw=米
File size=16351------------------------=[end]

[begin]------------------------=
[2013/05/30 21:05:05] [articles_controller.rb: 1679]
kw=米国
File size=16496------------------------=[end]

[begin]------------------------=
[2013/05/30 21:05:05] [articles_controller.rb: 1679]
kw=米
File size=16644------------------------=[end]

[begin]------------------------=
[2013/05/30 21:05:05] [articles_controller.rb: 1679]
kw=米国
File size=16789------------------------=[end]

[begin]------------------------=
[2013/05/30 21:05:05] [articles_controller.rb: 1679]
kw=米
File size=16937------------------------=[end]

[begin]------------------------=
[2013/05/30 21:05:05] [articles_controller.rb: 1679]
kw=米国
File size=17082------------------------=[end]

[begin]------------------------=
[2013/05/30 21:05:05] [articles_controller.rb: 1679]
kw=米
File size=17230------------------------=[end]

[begin]------------------------=
[2013/05/30 21:05:05] [articles_controller.rb: 1679]
kw=米国
File size=17375------------------------=[end]

[begin]------------------------=
[2013/05/30 21:05:05] [articles_controller.rb: 1679]
kw=米
File size=17523------------------------=[end]

[begin]------------------------=
[2013/05/30 21:05:05] [articles_controller.rb: 1679]
kw=米国
File size=17668------------------------=[end]

[begin]------------------------=
[2013/05/30 21:05:05] [articles_controller.rb: 1679]
kw=米
File size=17816------------------------=[end]

[begin]------------------------=
[2013/05/30 21:05:05] [articles_controller.rb: 1679]
kw=米国
File size=17961------------------------=[end]

[begin]------------------------=
[2013/05/30 21:05:05] [articles_controller.rb: 1679]
kw=米
File size=18109------------------------=[end]

[begin]------------------------=
[2013/05/30 21:05:05] [articles_controller.rb: 1679]
kw=米国
File size=18254------------------------=[end]

[begin]------------------------=
[2013/05/30 21:05:05] [articles_controller.rb: 1679]
kw=米
File size=18402------------------------=[end]

[begin]------------------------=
[2013/05/30 21:05:05] [articles_controller.rb: 1679]
kw=米国
File size=18547------------------------=[end]

[begin]------------------------=
[2013/05/30 21:05:05] [articles_controller.rb: 1679]
kw=米
File size=18695------------------------=[end]

[begin]------------------------=
[2013/05/30 21:05:05] [articles_controller.rb: 1679]
kw=米国
File size=18840------------------------=[end]

[begin]------------------------=
[2013/05/30 21:05:05] [articles_controller.rb: 1679]
kw=米
File size=18988------------------------=[end]

[begin]------------------------=
[2013/05/30 21:05:05] [articles_controller.rb: 1679]
kw=米国
File size=19133------------------------=[end]

[begin]------------------------=
[2013/05/30 21:05:05] [articles_controller.rb: 1679]
kw=米
File size=19281------------------------=[end]

[begin]------------------------=
[2013/05/30 21:05:05] [articles_controller.rb: 1679]
kw=米国
File size=19426------------------------=[end]

[begin]------------------------=
[2013/05/30 21:05:05] [articles_controller.rb: 1679]
kw=米
File size=19574------------------------=[end]

[begin]------------------------=
[2013/05/30 21:05:05] [articles_controller.rb: 1679]
kw=米国
File size=19719------------------------=[end]

[begin]------------------------=
[2013/05/30 21:05:05] [articles_controller.rb: 1679]
kw=米
File size=19867------------------------=[end]

[begin]------------------------=
[2013/05/30 21:05:05] [articles_controller.rb: 1679]
kw=米国
File size=20012------------------------=[end]

[begin]------------------------=
[2013/05/30 21:05:05] [articles_controller.rb: 1679]
kw=米
File size=20160------------------------=[end]

[begin]------------------------=
[2013/05/30 21:05:05] [articles_controller.rb: 1679]
kw=米国
File size=20305------------------------=[end]

[begin]------------------------=
[2013/05/30 21:05:05] [articles_controller.rb: 1679]
kw=米
File size=20453------------------------=[end]

[begin]------------------------=
[2013/05/30 21:05:05] [articles_controller.rb: 1679]
kw=米国
File size=20598------------------------=[end]

[begin]------------------------=
[2013/05/30 21:05:05] [articles_controller.rb: 1679]
kw=米
File size=20746------------------------=[end]

[begin]------------------------=
[2013/05/30 21:05:05] [articles_controller.rb: 1679]
kw=米国
File size=20891------------------------=[end]

[begin]------------------------=
[2013/05/30 21:05:05] [articles_controller.rb: 1679]
kw=米
File size=21039------------------------=[end]

[begin]------------------------=
[2013/05/30 21:05:05] [articles_controller.rb: 1679]
kw=米国
File size=21184------------------------=[end]

[begin]------------------------=
[2013/05/30 21:05:05] [articles_controller.rb: 1679]
kw=米
File size=21332------------------------=[end]

[begin]------------------------=
[2013/05/30 21:05:05] [articles_controller.rb: 1679]
kw=米国
File size=21477------------------------=[end]

[begin]------------------------=
[2013/05/30 21:05:05] [articles_controller.rb: 1679]
kw=米
File size=21625------------------------=[end]

[begin]------------------------=
[2013/05/30 21:05:05] [articles_controller.rb: 1679]
kw=米国
File size=21770------------------------=[end]

[begin]------------------------=
[2013/05/30 21:05:05] [articles_controller.rb: 1679]
kw=米
File size=21918------------------------=[end]

[begin]------------------------=
[2013/05/30 21:05:05] [articles_controller.rb: 1679]
kw=米国
File size=22063------------------------=[end]

[begin]------------------------=
[2013/05/30 21:05:05] [articles_controller.rb: 1679]
kw=米
File size=22211------------------------=[end]

[begin]------------------------=
[2013/05/30 21:05:05] [articles_controller.rb: 1679]
kw=米国
File size=22356------------------------=[end]

[begin]------------------------=
[2013/05/30 21:05:05] [articles_controller.rb: 1679]
kw=米
File size=22504------------------------=[end]

[begin]------------------------=
[2013/05/30 21:05:05] [articles_controller.rb: 1679]
kw=米国
File size=22649------------------------=[end]

[begin]------------------------=
[2013/05/30 21:05:05] [articles_controller.rb: 1679]
kw=米
File size=22797------------------------=[end]

[begin]------------------------=
[2013/05/30 21:05:05] [articles_controller.rb: 1679]
kw=米国
File size=22942------------------------=[end]

[begin]------------------------=
[2013/05/30 21:05:05] [articles_controller.rb: 1679]
kw=米
File size=23090------------------------=[end]

[begin]------------------------=
[2013/05/30 21:05:05] [articles_controller.rb: 1679]
kw=米国
File size=23235------------------------=[end]

[begin]------------------------=
[2013/05/30 21:05:05] [articles_controller.rb: 1679]
kw=米
File size=23383------------------------=[end]

[begin]------------------------=
[2013/05/30 21:05:05] [articles_controller.rb: 1679]
kw=米国
File size=23528------------------------=[end]

[begin]------------------------=
[2013/05/30 21:05:05] [articles_controller.rb: 1679]
kw=米
File size=23676------------------------=[end]

[begin]------------------------=
[2013/05/30 21:05:05] [articles_controller.rb: 1679]
kw=米国
File size=23821------------------------=[end]

[begin]------------------------=
[2013/05/30 21:05:05] [articles_controller.rb: 1679]
kw=米
File size=23969------------------------=[end]

[begin]------------------------=
[2013/05/30 21:05:05] [articles_controller.rb: 1679]
kw=米国
File size=24114------------------------=[end]

[begin]------------------------=
[2013/05/30 21:05:05] [articles_controller.rb: 1679]
kw=米
File size=24262------------------------=[end]

[begin]------------------------=
[2013/05/30 21:05:05] [articles_controller.rb: 1679]
kw=米国
File size=24407------------------------=[end]

[begin]------------------------=
[2013/05/30 21:05:05] [articles_controller.rb: 1679]
kw=米
File size=24555------------------------=[end]

[begin]------------------------=
[2013/05/30 21:05:05] [articles_controller.rb: 1679]
kw=米国
File size=24700------------------------=[end]

[begin]------------------------=
[2013/05/30 21:05:05] [articles_controller.rb: 1679]
kw=米
File size=24848------------------------=[end]

[begin]------------------------=
[2013/05/30 21:05:05] [articles_controller.rb: 1679]
kw=米国
File size=24993------------------------=[end]

[begin]------------------------=
[2013/05/30 21:05:05] [articles_controller.rb: 1679]
kw=米
File size=25141------------------------=[end]

[begin]------------------------=
[2013/05/30 21:05:05] [articles_controller.rb: 1679]
kw=米国
File size=25286------------------------=[end]

[begin]------------------------=
[2013/05/30 21:05:05] [articles_controller.rb: 1679]
kw=米
File size=25434------------------------=[end]

[begin]------------------------=
[2013/05/30 21:05:05] [articles_controller.rb: 1679]
kw=米国
File size=25579------------------------=[end]

[begin]------------------------=
[2013/05/30 21:05:05] [articles_controller.rb: 1679]
kw=米
File size=25727------------------------=[end]

[begin]------------------------=
[2013/05/30 21:05:05] [articles_controller.rb: 1679]
kw=米国
File size=25872------------------------=[end]

[begin]------------------------=
[2013/05/30 21:05:05] [articles_controller.rb: 1679]
kw=米
File size=26020------------------------=[end]

[begin]------------------------=
[2013/05/30 21:05:05] [articles_controller.rb: 1679]
kw=米国
File size=26165------------------------=[end]

[begin]------------------------=
[2013/05/30 21:05:05] [articles_controller.rb: 1679]
kw=米
File size=26313------------------------=[end]

[begin]------------------------=
[2013/05/30 21:05:05] [articles_controller.rb: 1679]
kw=米国
File size=26458------------------------=[end]

[begin]------------------------=
[2013/05/30 21:05:05] [articles_controller.rb: 1679]
kw=米
File size=26606------------------------=[end]

[begin]------------------------=
[2013/05/30 21:05:05] [articles_controller.rb: 1679]
kw=米国
File size=26751------------------------=[end]

[begin]------------------------=
[2013/05/30 21:05:05] [articles_controller.rb: 1679]
kw=米
File size=26899------------------------=[end]

[begin]------------------------=
[2013/05/30 21:05:05] [articles_controller.rb: 1679]
kw=米国
File size=27044------------------------=[end]

[begin]------------------------=
[2013/05/30 21:05:05] [articles_controller.rb: 1679]
kw=米
File size=27192------------------------=[end]

[begin]------------------------=
[2013/05/30 21:05:05] [articles_controller.rb: 1679]
kw=米国
File size=27337------------------------=[end]

[begin]------------------------=
[2013/05/30 21:05:05] [articles_controller.rb: 1679]
kw=米
File size=27485------------------------=[end]

[begin]------------------------=
[2013/05/30 21:05:05] [articles_controller.rb: 1679]
kw=米国
File size=27630------------------------=[end]

[begin]------------------------=
[2013/05/30 21:05:05] [articles_controller.rb: 1679]
kw=米
File size=27778------------------------=[end]

[begin]------------------------=
[2013/05/30 21:05:05] [articles_controller.rb: 1679]
kw=米国
File size=27923------------------------=[end]

[begin]------------------------=
[2013/05/30 21:05:05] [articles_controller.rb: 1679]
kw=米
File size=28071------------------------=[end]

[begin]------------------------=
[2013/05/30 21:05:05] [articles_controller.rb: 1679]
kw=米国
File size=28216------------------------=[end]

[begin]------------------------=
[2013/05/30 21:05:05] [articles_controller.rb: 1679]
kw=米
File size=28364------------------------=[end]

[begin]------------------------=
[2013/05/30 21:05:05] [articles_controller.rb: 1679]
kw=米国
File size=28509------------------------=[end]

[begin]------------------------=
[2013/05/30 21:05:05] [articles_controller.rb: 1679]
kw=米
File size=28657------------------------=[end]

[begin]------------------------=
[2013/05/30 21:05:05] [articles_controller.rb: 1679]
kw=米国
File size=28802------------------------=[end]

[begin]------------------------=
[2013/05/30 21:05:05] [articles_controller.rb: 1679]
kw=米
File size=28950------------------------=[end]

[begin]------------------------=
[2013/05/30 21:05:05] [articles_controller.rb: 1679]
kw=米国
File size=29095------------------------=[end]

[begin]------------------------=
[2013/05/30 21:05:05] [articles_controller.rb: 1679]
kw=米
File size=29243------------------------=[end]

[begin]------------------------=
[2013/05/30 21:05:05] [articles_controller.rb: 1679]
kw=米国
File size=29388------------------------=[end]

[begin]------------------------=
[2013/05/30 21:05:05] [articles_controller.rb: 1679]
kw=米
File size=29536------------------------=[end]

[begin]------------------------=
[2013/05/30 21:05:05] [articles_controller.rb: 1679]
kw=米国
File size=29681------------------------=[end]

[begin]------------------------=
[2013/05/30 21:05:05] [articles_controller.rb: 1679]
kw=米
File size=29829------------------------=[end]

[begin]------------------------=
[2013/05/30 21:05:05] [articles_controller.rb: 1679]
kw=米国
File size=29974------------------------=[end]

[begin]------------------------=
[2013/05/30 21:05:05] [articles_controller.rb: 1679]
kw=米
File size=30122------------------------=[end]

[begin]------------------------=
[2013/05/30 21:05:05] [articles_controller.rb: 1679]
kw=米国
File size=30267------------------------=[end]

[begin]------------------------=
[2013/05/30 21:05:05] [articles_controller.rb: 1679]
kw=米
File size=30415------------------------=[end]

[begin]------------------------=
[2013/05/30 21:05:05] [articles_controller.rb: 1679]
kw=米国
File size=30560------------------------=[end]

[begin]------------------------=
[2013/05/30 21:05:05] [articles_controller.rb: 1679]
kw=米
File size=30708------------------------=[end]

[begin]------------------------=
[2013/05/30 21:05:05] [articles_controller.rb: 1679]
kw=米国
File size=30853------------------------=[end]

[begin]------------------------=
[2013/05/30 21:05:05] [articles_controller.rb: 1679]
kw=米
File size=31001------------------------=[end]

[begin]------------------------=
[2013/05/30 21:05:05] [articles_controller.rb: 1679]
kw=米国
File size=31146------------------------=[end]

[begin]------------------------=
[2013/05/30 21:05:05] [articles_controller.rb: 1679]
kw=米
File size=31294------------------------=[end]

[begin]------------------------=
[2013/05/30 21:05:05] [articles_controller.rb: 1679]
kw=米国
File size=31439------------------------=[end]

[begin]------------------------=
[2013/05/30 21:05:05] [articles_controller.rb: 1679]
kw=米
File size=31587------------------------=[end]

[begin]------------------------=
[2013/05/30 21:05:05] [articles_controller.rb: 1679]
kw=米国
File size=31732------------------------=[end]

[begin]------------------------=
[2013/05/30 21:05:05] [articles_controller.rb: 1679]
kw=米
File size=31880------------------------=[end]

[begin]------------------------=
[2013/05/30 21:05:05] [articles_controller.rb: 1679]
kw=米国
File size=32025------------------------=[end]

[begin]------------------------=
[2013/05/30 21:05:05] [articles_controller.rb: 1679]
kw=米
File size=32173------------------------=[end]

[begin]------------------------=
[2013/05/30 21:05:05] [articles_controller.rb: 1679]
kw=米国
File size=32318------------------------=[end]

[begin]------------------------=
[2013/05/30 21:05:05] [articles_controller.rb: 1679]
kw=米
File size=32466------------------------=[end]

[begin]------------------------=
[2013/05/30 21:05:05] [articles_controller.rb: 1679]
kw=米国
File size=32611------------------------=[end]

[begin]------------------------=
[2013/05/30 21:05:05] [articles_controller.rb: 1679]
kw=米
File size=32759------------------------=[end]

[begin]------------------------=
[2013/05/30 21:05:06] [articles_controller.rb: 1679]
kw=米国
File size=32904------------------------=[end]

[begin]------------------------=
[2013/05/30 21:05:06] [articles_controller.rb: 1679]
kw=米
File size=33052------------------------=[end]

[begin]------------------------=
[2013/05/30 21:05:06] [articles_controller.rb: 1679]
kw=米国
File size=33197------------------------=[end]

[begin]------------------------=
[2013/05/30 21:05:06] [articles_controller.rb: 1679]
kw=米
File size=33345------------------------=[end]

[begin]------------------------=
[2013/05/30 21:05:06] [articles_controller.rb: 1679]
kw=米国
File size=33490------------------------=[end]

[begin]------------------------=
[2013/05/30 21:05:06] [articles_controller.rb: 1679]
kw=米
File size=33638------------------------=[end]

[begin]------------------------=
[2013/05/30 21:05:06] [articles_controller.rb: 1679]
kw=米国
File size=33783------------------------=[end]

[begin]------------------------=
[2013/05/30 21:05:06] [articles_controller.rb: 1679]
kw=米
File size=33931------------------------=[end]

[begin]------------------------=
[2013/05/30 21:05:06] [articles_controller.rb: 1679]
kw=米国
File size=34076------------------------=[end]

[begin]------------------------=
[2013/05/30 21:05:06] [articles_controller.rb: 1679]
kw=米
File size=34224------------------------=[end]

[begin]------------------------=
[2013/05/30 21:05:06] [articles_controller.rb: 1679]
kw=米国
File size=34369------------------------=[end]

[begin]------------------------=
[2013/05/30 21:05:06] [articles_controller.rb: 1679]
kw=米
File size=34517------------------------=[end]

[begin]------------------------=
[2013/05/30 21:05:06] [articles_controller.rb: 1679]
kw=米国
File size=34662------------------------=[end]

[begin]------------------------=
[2013/05/30 21:05:06] [articles_controller.rb: 1679]
kw=米
File size=34810------------------------=[end]

[begin]------------------------=
[2013/05/30 21:05:06] [articles_controller.rb: 1679]
kw=米国
File size=34955------------------------=[end]

[begin]------------------------=
[2013/05/30 21:05:06] [articles_controller.rb: 1679]
kw=米
File size=35103------------------------=[end]

[begin]------------------------=
[2013/05/30 21:05:06] [articles_controller.rb: 1679]
kw=米国
File size=35248------------------------=[end]

[begin]------------------------=
[2013/05/30 21:05:06] [articles_controller.rb: 1679]
kw=米
File size=35396------------------------=[end]

[begin]------------------------=
[2013/05/30 21:05:06] [articles_controller.rb: 1679]
kw=米国
File size=35541------------------------=[end]

[begin]------------------------=
[2013/05/30 21:05:06] [articles_controller.rb: 1679]
kw=米
File size=35689------------------------=[end]

[begin]------------------------=
[2013/05/30 21:05:06] [articles_controller.rb: 1679]
kw=米国
File size=35834------------------------=[end]

[begin]------------------------=
[2013/05/30 21:05:06] [articles_controller.rb: 1679]
kw=米
File size=35982------------------------=[end]

[begin]------------------------=
[2013/05/30 21:05:06] [articles_controller.rb: 1679]
kw=米国
File size=36127------------------------=[end]

[begin]------------------------=
[2013/05/30 21:05:06] [articles_controller.rb: 1679]
kw=米
File size=36275------------------------=[end]

[begin]------------------------=
[2013/05/30 21:05:06] [articles_controller.rb: 1679]
kw=米国
File size=36420------------------------=[end]

[begin]------------------------=
[2013/05/30 21:05:06] [articles_controller.rb: 1679]
kw=米
File size=36568------------------------=[end]

[begin]------------------------=
[2013/05/30 21:05:06] [articles_controller.rb: 1679]
kw=米国
File size=36713------------------------=[end]

[begin]------------------------=
[2013/05/30 21:05:06] [articles_controller.rb: 1679]
kw=米
File size=36861------------------------=[end]

[begin]------------------------=
[2013/05/30 21:05:06] [articles_controller.rb: 1679]
kw=米国
File size=37006------------------------=[end]

[begin]------------------------=
[2013/05/30 21:05:06] [articles_controller.rb: 1679]
kw=米
File size=37154------------------------=[end]

[begin]------------------------=
[2013/05/30 21:05:06] [articles_controller.rb: 1679]
kw=米国
File size=37299------------------------=[end]

[begin]------------------------=
[2013/05/30 21:05:06] [articles_controller.rb: 1679]
kw=米
File size=37447------------------------=[end]

[begin]------------------------=
[2013/05/30 21:07:37] [articles_controller.rb: 1368]

number=3
File size=37592------------------------=[end]

[begin]------------------------=
[2013/05/30 21:07:37] [C:/WORKS/WS/WS_Android~/NewsReader3/app/controllers/articles_controller.rb: 1388]
int
File size=37741------------------------=[end]

[begin]------------------------=
[2013/05/30 21:07:37] [articles_controller.rb: 39]
genre=int
File size=37935------------------------=[end]

[begin]------------------------=
[2013/05/30 21:07:37] [articles_controller.rb: 140]
genre.name =>Overseas
File size=38081------------------------=[end]

[begin]------------------------=
[2013/05/30 21:07:37] [articles_controller.rb: 150]
genre != nil => Overseas
File size=38240------------------------=[end]

[begin]------------------------=
[2013/05/30 21:07:37] [articles_controller.rb: 159]
categories.size=1
File size=38402------------------------=[end]

[begin]------------------------=
[2013/05/30 21:07:37] [articles_controller.rb: 204]
category_names.size=2
File size=38557------------------------=[end]

[begin]------------------------=
[2013/05/30 21:07:37] [articles_controller.rb: 78]
@category_names.size=2
File size=38716------------------------=[end]

[begin]------------------------=
[2013/05/30 21:07:37] [articles_controller.rb: 1298]
category.name=US
File size=38875------------------------=[end]

[begin]------------------------=
[2013/05/30 21:07:37] [articles_controller.rb: 1307]
kws.size=2
File size=39030------------------------=[end]

[begin]------------------------=
[2013/05/30 21:07:38] [articles_controller.rb: 492]
vendor_list.size=0/a_tags_href.size=75
File size=39179------------------------=[end]

[begin]------------------------=
[2013/05/30 21:07:38] [articles_controller.rb: 1643]
category.id.to_s=1
File size=39355------------------------=[end]

[begin]------------------------=
[2013/05/30 21:07:38] [articles_controller.rb: 1680]
keywords.length=2
File size=39512------------------------=[end]

[begin]------------------------=
[2013/05/30 21:07:38] [articles_controller.rb: 1699]
kw=米国
File size=39668------------------------=[end]

[begin]------------------------=
[2013/05/30 21:07:38] [articles_controller.rb: 1699]
kw=米
File size=39816------------------------=[end]

[begin]------------------------=
[2013/05/30 21:07:38] [articles_controller.rb: 1699]
kw=米国
File size=39961------------------------=[end]

