[begin]------------------------=
[2013/05/29 08:45:47] [articles_controller.rb: 1576]
word=フランス
File size=0------------------------=[end]

[begin]------------------------=
[2013/05/29 08:45:47] [articles_controller.rb: 1576]
word=ドイツ
File size=152------------------------=[end]

[begin]------------------------=
[2013/05/29 08:45:47] [articles_controller.rb: 1576]
word=スペイン
File size=303------------------------=[end]

[begin]------------------------=
[2013/05/29 08:45:47] [articles_controller.rb: 1576]
word=イタリア
File size=457------------------------=[end]

[begin]------------------------=
[2013/05/29 08:45:47] [articles_controller.rb: 1576]
word=伊
File size=611------------------------=[end]

[begin]------------------------=
[2013/05/29 08:45:47] [articles_controller.rb: 1576]
word=ポルトガル
File size=756------------------------=[end]

[begin]------------------------=
[2013/05/29 08:45:47] [articles_controller.rb: 1576]
word=韓国
File size=913------------------------=[end]

[begin]------------------------=
[2013/05/29 08:45:47] [articles_controller.rb: 1576]
word=韓
File size=1061------------------------=[end]

[begin]------------------------=
[2013/05/29 08:45:47] [articles_controller.rb: 1576]
word=朝鮮
File size=1207------------------------=[end]

[begin]------------------------=
[2013/05/29 08:45:47] [articles_controller.rb: 1576]
word=サムスン
File size=1356------------------------=[end]

[begin]------------------------=
[2013/05/29 08:45:47] [articles_controller.rb: 1576]
word=現代
File size=1511------------------------=[end]

[begin]------------------------=
[2013/05/29 08:45:47] [articles_controller.rb: 1576]
word=イラン
File size=1660------------------------=[end]

[begin]------------------------=
[2013/05/29 08:45:47] [articles_controller.rb: 1576]
word=シリア
File size=1812------------------------=[end]

[begin]------------------------=
[2013/05/29 08:45:47] [articles_controller.rb: 1576]
word=イラク
File size=1964------------------------=[end]

[begin]------------------------=
[2013/05/29 08:45:47] [articles_controller.rb: 1576]
word=自動車
File size=2116------------------------=[end]

[begin]------------------------=
[2013/05/29 08:45:47] [articles_controller.rb: 1576]
word=乗用車
File size=2268------------------------=[end]

[begin]------------------------=
[2013/05/29 08:45:47] [articles_controller.rb: 1576]
word=日産
File size=2420------------------------=[end]

[begin]------------------------=
[2013/05/29 08:45:47] [articles_controller.rb: 1576]
word=日野
File size=2569------------------------=[end]

[begin]------------------------=
[2013/05/29 08:45:47] [articles_controller.rb: 1576]
word=三菱自
File size=2718------------------------=[end]

[begin]------------------------=
[2013/05/29 08:45:47] [articles_controller.rb: 1576]
word=トヨタ
File size=2870------------------------=[end]

[begin]------------------------=
[2013/05/29 08:45:47] [articles_controller.rb: 1576]
word=ダイハツ
File size=3022------------------------=[end]

[begin]------------------------=
[2013/05/29 08:45:47] [articles_controller.rb: 1576]
word=ホンダ
File size=3177------------------------=[end]

[begin]------------------------=
[2013/05/29 08:45:47] [articles_controller.rb: 1576]
word=マツダ
File size=3329------------------------=[end]

[begin]------------------------=
[2013/05/29 08:45:47] [articles_controller.rb: 1576]
word=ＢＭＷ
File size=3481------------------------=[end]

[begin]------------------------=
[2013/05/29 08:45:47] [articles_controller.rb: 1576]
word=BMW
File size=3633------------------------=[end]

[begin]------------------------=
[2013/05/29 08:45:47] [articles_controller.rb: 1576]
word=ベンツ
File size=3779------------------------=[end]

[begin]------------------------=
[2013/05/29 08:45:47] [articles_controller.rb: 1576]
word=ソニー
File size=3931------------------------=[end]

[begin]------------------------=
[2013/05/29 08:45:47] [articles_controller.rb: 1576]
word=パナソニック
File size=4083------------------------=[end]

[begin]------------------------=
[2013/05/29 08:45:47] [articles_controller.rb: 1576]
word=松下
File size=4244------------------------=[end]

[begin]------------------------=
[2013/05/29 08:45:47] [articles_controller.rb: 1576]
word=シャープ
File size=4393------------------------=[end]

[begin]------------------------=
[2013/05/29 08:45:47] [articles_controller.rb: 1576]
word=東芝
File size=4548------------------------=[end]

[begin]------------------------=
[2013/05/29 08:45:47] [articles_controller.rb: 1576]
word=三菱電
File size=4697------------------------=[end]

[begin]------------------------=
[2013/05/29 08:45:47] [articles_controller.rb: 1576]
word=セイコー
File size=4849------------------------=[end]

[begin]------------------------=
[2013/05/29 08:45:47] [articles_controller.rb: 1576]
word=ガソリン
File size=5004------------------------=[end]

[begin]------------------------=
[2013/05/29 08:45:47] [articles_controller.rb: 1576]
word=ソーラー
File size=5159------------------------=[end]

[begin]------------------------=
[2013/05/29 08:45:47] [articles_controller.rb: 1576]
word=原油
File size=5314------------------------=[end]

[begin]------------------------=
[2013/05/29 08:45:47] [articles_controller.rb: 1576]
word=原発
File size=5463------------------------=[end]

[begin]------------------------=
[2013/05/29 08:45:47] [articles_controller.rb: 1576]
word=石油
File size=5612------------------------=[end]

[begin]------------------------=
[2013/05/29 08:45:47] [articles_controller.rb: 1576]
word=エネルギー
File size=5761------------------------=[end]

[begin]------------------------=
[2013/05/29 08:45:47] [articles_controller.rb: 1576]
word=発電
File size=5919------------------------=[end]

[begin]------------------------=
[2013/05/29 08:45:47] [articles_controller.rb: 1576]
word=火力
File size=6068------------------------=[end]

[begin]------------------------=
[2013/05/29 08:45:47] [articles_controller.rb: 1576]
word=証券
File size=6217------------------------=[end]

[begin]------------------------=
[2013/05/29 08:45:47] [articles_controller.rb: 1576]
word=相場
File size=6366------------------------=[end]

[begin]------------------------=
[2013/05/29 08:45:47] [articles_controller.rb: 1576]
word=円
File size=6515------------------------=[end]

[begin]------------------------=
[2013/05/29 08:45:47] [articles_controller.rb: 1576]
word=日経平均
File size=6661------------------------=[end]

[begin]------------------------=
[2013/05/29 08:45:47] [articles_controller.rb: 1576]
word=ＥＵＲＩＢＯＲ
File size=6816------------------------=[end]

[begin]------------------------=
[2013/05/29 08:45:47] [articles_controller.rb: 1576]
word=米国
File size=6980------------------------=[end]

[begin]------------------------=
[2013/05/29 08:45:47] [articles_controller.rb: 1576]
word=米
File size=7129------------------------=[end]

[begin]------------------------=
[2013/05/29 08:45:47] [articles_controller.rb: 1576]
word=アメリカ
File size=7275------------------------=[end]

[begin]------------------------=
[2013/05/29 08:45:47] [articles_controller.rb: 1576]
word=中国
File size=7430------------------------=[end]

[begin]------------------------=
[2013/05/29 08:45:47] [articles_controller.rb: 1576]
word=中
File size=7579------------------------=[end]

[begin]------------------------=
[2013/05/29 08:45:47] [articles_controller.rb: 1576]
word=ヨーロッパ
File size=7725------------------------=[end]

[begin]------------------------=
[2013/05/29 08:45:47] [articles_controller.rb: 1576]
word=欧州
File size=7883------------------------=[end]

[begin]------------------------=
[2013/05/29 08:45:47] [articles_controller.rb: 1576]
word=欧
File size=8032------------------------=[end]

[begin]------------------------=
[2013/05/29 08:45:47] [articles_controller.rb: 1576]
word=EURIBOR
File size=8178------------------------=[end]

[begin]------------------------=
[2013/05/29 08:45:47] [articles_controller.rb: 1576]
word=EURO
File size=8328------------------------=[end]

[begin]------------------------=
[2013/05/29 08:45:47] [articles_controller.rb: 1576]
word=ユーロ
File size=8475------------------------=[end]

[begin]------------------------=
[2013/05/29 08:45:47] [articles_controller.rb: 1576]
word=ロシア
File size=8627------------------------=[end]

[begin]------------------------=
[2013/05/29 08:45:47] [articles_controller.rb: 1576]
word=東欧
File size=8779------------------------=[end]

[begin]------------------------=
[2013/05/29 08:45:47] [articles_controller.rb: 1576]
word=ポーランド
File size=8928------------------------=[end]

[begin]------------------------=
[2013/05/29 08:45:47] [articles_controller.rb: 1576]
word=イギリス
File size=9086------------------------=[end]

[begin]------------------------=
[2013/05/29 08:45:47] [articles_controller.rb: 1576]
word=フランス
File size=9241------------------------=[end]

[begin]------------------------=
[2013/05/29 08:45:47] [articles_controller.rb: 1576]
word=ドイツ
File size=9396------------------------=[end]

[begin]------------------------=
[2013/05/29 08:45:47] [articles_controller.rb: 1576]
word=スペイン
File size=9548------------------------=[end]

[begin]------------------------=
[2013/05/29 08:45:47] [articles_controller.rb: 1576]
word=イタリア
File size=9703------------------------=[end]

[begin]------------------------=
[2013/05/29 08:45:47] [articles_controller.rb: 1576]
word=伊
File size=9858------------------------=[end]

[begin]------------------------=
[2013/05/29 08:45:47] [articles_controller.rb: 1576]
word=ポルトガル
File size=10004------------------------=[end]

[begin]------------------------=
[2013/05/29 08:45:47] [articles_controller.rb: 1576]
word=韓国
File size=10163------------------------=[end]

[begin]------------------------=
[2013/05/29 08:45:47] [articles_controller.rb: 1576]
word=韓
File size=10313------------------------=[end]

[begin]------------------------=
[2013/05/29 08:45:47] [articles_controller.rb: 1576]
word=朝鮮
File size=10460------------------------=[end]

[begin]------------------------=
[2013/05/29 08:45:47] [articles_controller.rb: 1576]
word=サムスン
File size=10610------------------------=[end]

[begin]------------------------=
[2013/05/29 08:45:47] [articles_controller.rb: 1576]
word=現代
File size=10766------------------------=[end]

[begin]------------------------=
[2013/05/29 08:45:47] [articles_controller.rb: 1576]
word=イラン
File size=10916------------------------=[end]

[begin]------------------------=
[2013/05/29 08:45:47] [articles_controller.rb: 1576]
word=シリア
File size=11069------------------------=[end]

[begin]------------------------=
[2013/05/29 08:45:47] [articles_controller.rb: 1576]
word=イラク
File size=11222------------------------=[end]

[begin]------------------------=
[2013/05/29 08:45:47] [articles_controller.rb: 1576]
word=自動車
File size=11375------------------------=[end]

[begin]------------------------=
[2013/05/29 08:45:47] [articles_controller.rb: 1576]
word=乗用車
File size=11528------------------------=[end]

[begin]------------------------=
[2013/05/29 08:45:47] [articles_controller.rb: 1576]
word=日産
File size=11681------------------------=[end]

[begin]------------------------=
[2013/05/29 08:45:47] [articles_controller.rb: 1576]
word=日野
File size=11831------------------------=[end]

[begin]------------------------=
[2013/05/29 08:45:47] [articles_controller.rb: 1576]
word=三菱自
File size=11981------------------------=[end]

[begin]------------------------=
[2013/05/29 08:45:47] [articles_controller.rb: 1576]
word=トヨタ
File size=12134------------------------=[end]

[begin]------------------------=
[2013/05/29 08:45:47] [articles_controller.rb: 1576]
word=ダイハツ
File size=12287------------------------=[end]

[begin]------------------------=
[2013/05/29 08:45:47] [articles_controller.rb: 1576]
word=ホンダ
File size=12443------------------------=[end]

[begin]------------------------=
[2013/05/29 08:45:47] [articles_controller.rb: 1576]
word=マツダ
File size=12596------------------------=[end]

[begin]------------------------=
[2013/05/29 08:45:47] [articles_controller.rb: 1576]
word=ＢＭＷ
File size=12749------------------------=[end]

[begin]------------------------=
[2013/05/29 08:45:47] [articles_controller.rb: 1576]
word=BMW
File size=12902------------------------=[end]

[begin]------------------------=
[2013/05/29 08:45:47] [articles_controller.rb: 1576]
word=ベンツ
File size=13049------------------------=[end]

[begin]------------------------=
[2013/05/29 08:45:47] [articles_controller.rb: 1576]
word=ソニー
File size=13202------------------------=[end]

[begin]------------------------=
[2013/05/29 08:45:47] [articles_controller.rb: 1576]
word=パナソニック
File size=13355------------------------=[end]

[begin]------------------------=
[2013/05/29 08:45:47] [articles_controller.rb: 1576]
word=松下
File size=13517------------------------=[end]

[begin]------------------------=
[2013/05/29 08:45:47] [articles_controller.rb: 1576]
word=シャープ
File size=13667------------------------=[end]

[begin]------------------------=
[2013/05/29 08:45:47] [articles_controller.rb: 1576]
word=東芝
File size=13823------------------------=[end]

[begin]------------------------=
[2013/05/29 08:45:47] [articles_controller.rb: 1576]
word=三菱電
File size=13973------------------------=[end]

[begin]------------------------=
[2013/05/29 08:45:47] [articles_controller.rb: 1576]
word=セイコー
File size=14126------------------------=[end]

[begin]------------------------=
[2013/05/29 08:45:47] [articles_controller.rb: 1576]
word=ガソリン
File size=14282------------------------=[end]

[begin]------------------------=
[2013/05/29 08:45:47] [articles_controller.rb: 1576]
word=ソーラー
File size=14438------------------------=[end]

[begin]------------------------=
[2013/05/29 08:45:47] [articles_controller.rb: 1576]
word=原油
File size=14594------------------------=[end]

[begin]------------------------=
[2013/05/29 08:45:47] [articles_controller.rb: 1576]
word=原発
File size=14744------------------------=[end]

[begin]------------------------=
[2013/05/29 08:45:47] [articles_controller.rb: 1576]
word=石油
File size=14894------------------------=[end]

[begin]------------------------=
[2013/05/29 08:45:47] [articles_controller.rb: 1576]
word=エネルギー
File size=15044------------------------=[end]

[begin]------------------------=
[2013/05/29 08:45:47] [articles_controller.rb: 1576]
word=発電
File size=15203------------------------=[end]

[begin]------------------------=
[2013/05/29 08:45:47] [articles_controller.rb: 1576]
word=火力
File size=15353------------------------=[end]

[begin]------------------------=
[2013/05/29 08:45:47] [articles_controller.rb: 1576]
word=証券
File size=15503------------------------=[end]

[begin]------------------------=
[2013/05/29 08:45:47] [articles_controller.rb: 1576]
word=相場
File size=15653------------------------=[end]

[begin]------------------------=
[2013/05/29 08:45:47] [articles_controller.rb: 1576]
word=円
File size=15803------------------------=[end]

[begin]------------------------=
[2013/05/29 08:45:47] [articles_controller.rb: 1576]
word=日経平均
File size=15950------------------------=[end]

[begin]------------------------=
[2013/05/29 08:45:47] [articles_controller.rb: 1576]
word=ＥＵＲＩＢＯＲ
File size=16106------------------------=[end]

[begin]------------------------=
[2013/05/29 08:45:47] [articles_controller.rb: 1576]
word=米国
File size=16271------------------------=[end]

[begin]------------------------=
[2013/05/29 08:45:47] [articles_controller.rb: 1576]
word=米
File size=16421------------------------=[end]

[begin]------------------------=
[2013/05/29 08:45:47] [articles_controller.rb: 1576]
word=米国
File size=16568------------------------=[end]

[begin]------------------------=
[2013/05/29 08:45:47] [articles_controller.rb: 1576]
word=米
File size=16718------------------------=[end]

[begin]------------------------=
[2013/05/29 08:45:47] [articles_controller.rb: 1576]
word=アメリカ
File size=16865------------------------=[end]

[begin]------------------------=
[2013/05/29 08:45:47] [articles_controller.rb: 1576]
word=中国
File size=17021------------------------=[end]

[begin]------------------------=
[2013/05/29 08:45:47] [articles_controller.rb: 1576]
word=中
File size=17171------------------------=[end]

[begin]------------------------=
[2013/05/29 08:45:47] [articles_controller.rb: 1576]
word=米国
File size=17318------------------------=[end]

[begin]------------------------=
[2013/05/29 08:45:47] [articles_controller.rb: 1576]
word=米
File size=17468------------------------=[end]

[begin]------------------------=
[2013/05/29 08:45:47] [articles_controller.rb: 1576]
word=アメリカ
File size=17615------------------------=[end]

[begin]------------------------=
[2013/05/29 08:45:47] [articles_controller.rb: 1576]
word=中国
File size=17771------------------------=[end]

[begin]------------------------=
[2013/05/29 08:45:47] [articles_controller.rb: 1576]
word=中
File size=17921------------------------=[end]

[begin]------------------------=
[2013/05/29 08:45:47] [articles_controller.rb: 1576]
word=ヨーロッパ
File size=18068------------------------=[end]

[begin]------------------------=
[2013/05/29 08:45:47] [articles_controller.rb: 1576]
word=欧州
File size=18227------------------------=[end]

[begin]------------------------=
[2013/05/29 08:45:47] [articles_controller.rb: 1576]
word=欧
File size=18377------------------------=[end]

[begin]------------------------=
[2013/05/29 08:45:47] [articles_controller.rb: 1576]
word=EURIBOR
File size=18524------------------------=[end]

[begin]------------------------=
[2013/05/29 08:45:47] [articles_controller.rb: 1576]
word=EURO
File size=18675------------------------=[end]

[begin]------------------------=
[2013/05/29 08:45:47] [articles_controller.rb: 1576]
word=ユーロ
File size=18823------------------------=[end]

[begin]------------------------=
[2013/05/29 08:45:47] [articles_controller.rb: 1576]
word=ロシア
File size=18976------------------------=[end]

[begin]------------------------=
[2013/05/29 08:45:47] [articles_controller.rb: 1576]
word=東欧
File size=19129------------------------=[end]

[begin]------------------------=
[2013/05/29 08:45:47] [articles_controller.rb: 1576]
word=ポーランド
File size=19279------------------------=[end]

[begin]------------------------=
[2013/05/29 08:45:47] [articles_controller.rb: 1576]
word=イギリス
File size=19438------------------------=[end]

[begin]------------------------=
[2013/05/29 08:45:47] [articles_controller.rb: 1576]
word=フランス
File size=19594------------------------=[end]

[begin]------------------------=
[2013/05/29 08:45:47] [articles_controller.rb: 1576]
word=ドイツ
File size=19750------------------------=[end]

[begin]------------------------=
[2013/05/29 08:45:47] [articles_controller.rb: 1576]
word=スペイン
File size=19903------------------------=[end]

