[begin]------------------------=
[2013/05/29 09:42:18] [articles_controller.rb: 1669]
kw=米国
File size=0------------------------=[end]

[begin]------------------------=
[2013/05/29 09:42:18] [articles_controller.rb: 1669]
kw=米
File size=144------------------------=[end]

[begin]------------------------=
[2013/05/29 09:42:18] [articles_controller.rb: 1669]
kw=米国
File size=287------------------------=[end]

[begin]------------------------=
[2013/05/29 09:42:18] [articles_controller.rb: 1669]
kw=米
File size=433------------------------=[end]

[begin]------------------------=
[2013/05/29 09:42:18] [articles_controller.rb: 1669]
kw=米国
File size=576------------------------=[end]

[begin]------------------------=
[2013/05/29 09:42:18] [articles_controller.rb: 1669]
kw=米
File size=722------------------------=[end]

[begin]------------------------=
[2013/05/29 09:42:18] [articles_controller.rb: 1669]
kw=米国
File size=865------------------------=[end]

[begin]------------------------=
[2013/05/29 09:42:18] [articles_controller.rb: 1669]
kw=米
File size=1011------------------------=[end]

[begin]------------------------=
[2013/05/29 09:42:18] [articles_controller.rb: 1669]
kw=米国
File size=1155------------------------=[end]

[begin]------------------------=
[2013/05/29 09:42:18] [articles_controller.rb: 1669]
kw=米
File size=1302------------------------=[end]

[begin]------------------------=
[2013/05/29 09:42:18] [articles_controller.rb: 1669]
kw=米国
File size=1446------------------------=[end]

[begin]------------------------=
[2013/05/29 09:42:18] [articles_controller.rb: 1669]
kw=米
File size=1593------------------------=[end]

[begin]------------------------=
[2013/05/29 09:42:18] [articles_controller.rb: 1669]
kw=米国
File size=1737------------------------=[end]

[begin]------------------------=
[2013/05/29 09:42:18] [articles_controller.rb: 1669]
kw=米
File size=1884------------------------=[end]

[begin]------------------------=
[2013/05/29 09:42:18] [articles_controller.rb: 1669]
kw=米国
File size=2028------------------------=[end]

[begin]------------------------=
[2013/05/29 09:42:18] [articles_controller.rb: 1669]
kw=米
File size=2175------------------------=[end]

[begin]------------------------=
[2013/05/29 09:42:18] [articles_controller.rb: 1669]
kw=米国
File size=2319------------------------=[end]

[begin]------------------------=
[2013/05/29 09:42:18] [articles_controller.rb: 1669]
kw=米
File size=2466------------------------=[end]

[begin]------------------------=
[2013/05/29 09:42:18] [articles_controller.rb: 1669]
kw=米国
File size=2610------------------------=[end]

[begin]------------------------=
[2013/05/29 09:42:18] [articles_controller.rb: 1669]
kw=米
File size=2757------------------------=[end]

[begin]------------------------=
[2013/05/29 09:42:18] [articles_controller.rb: 1669]
kw=米国
File size=2901------------------------=[end]

[begin]------------------------=
[2013/05/29 09:42:18] [articles_controller.rb: 1669]
kw=米
File size=3048------------------------=[end]

[begin]------------------------=
[2013/05/29 09:42:18] [articles_controller.rb: 1669]
kw=米国
File size=3192------------------------=[end]

[begin]------------------------=
[2013/05/29 09:42:18] [articles_controller.rb: 1669]
kw=米
File size=3339------------------------=[end]

[begin]------------------------=
[2013/05/29 09:42:18] [articles_controller.rb: 1669]
kw=米国
File size=3483------------------------=[end]

[begin]------------------------=
[2013/05/29 09:42:18] [articles_controller.rb: 1669]
kw=米国
File size=3630------------------------=[end]

[begin]------------------------=
[2013/05/29 09:42:18] [articles_controller.rb: 1669]
kw=米
File size=3777------------------------=[end]

[begin]------------------------=
[2013/05/29 09:42:18] [articles_controller.rb: 1669]
kw=米国
File size=3921------------------------=[end]

[begin]------------------------=
[2013/05/29 09:42:18] [articles_controller.rb: 1669]
kw=米
File size=4068------------------------=[end]

[begin]------------------------=
[2013/05/29 09:42:18] [articles_controller.rb: 1669]
kw=米国
File size=4212------------------------=[end]

[begin]------------------------=
[2013/05/29 09:42:18] [articles_controller.rb: 1669]
kw=米
File size=4359------------------------=[end]

[begin]------------------------=
[2013/05/29 09:42:18] [articles_controller.rb: 1669]
kw=米国
File size=4503------------------------=[end]

[begin]------------------------=
[2013/05/29 09:42:18] [articles_controller.rb: 1669]
kw=米
File size=4650------------------------=[end]

[begin]------------------------=
[2013/05/29 09:42:18] [articles_controller.rb: 1669]
kw=米国
File size=4794------------------------=[end]

[begin]------------------------=
[2013/05/29 09:42:18] [articles_controller.rb: 1669]
kw=米
File size=4941------------------------=[end]

[begin]------------------------=
[2013/05/29 09:42:18] [articles_controller.rb: 1669]
kw=米国
File size=5085------------------------=[end]

[begin]------------------------=
[2013/05/29 09:42:18] [articles_controller.rb: 1669]
kw=米
File size=5232------------------------=[end]

[begin]------------------------=
[2013/05/29 09:42:18] [articles_controller.rb: 1669]
kw=米国
File size=5376------------------------=[end]

[begin]------------------------=
[2013/05/29 09:42:18] [articles_controller.rb: 1669]
kw=米
File size=5523------------------------=[end]

[begin]------------------------=
[2013/05/29 09:42:18] [articles_controller.rb: 1669]
kw=米国
File size=5667------------------------=[end]

[begin]------------------------=
[2013/05/29 09:42:18] [articles_controller.rb: 1669]
kw=米
File size=5814------------------------=[end]

[begin]------------------------=
[2013/05/29 09:42:18] [articles_controller.rb: 1669]
kw=米国
File size=5958------------------------=[end]

[begin]------------------------=
[2013/05/29 09:42:18] [articles_controller.rb: 1669]
kw=米
File size=6105------------------------=[end]

[begin]------------------------=
[2013/05/29 09:42:18] [articles_controller.rb: 1669]
kw=米国
File size=6249------------------------=[end]

[begin]------------------------=
[2013/05/29 09:42:18] [articles_controller.rb: 1669]
kw=米
File size=6396------------------------=[end]

[begin]------------------------=
[2013/05/29 09:42:18] [articles_controller.rb: 1669]
kw=米国
File size=6540------------------------=[end]

[begin]------------------------=
[2013/05/29 09:42:18] [articles_controller.rb: 1669]
kw=米
File size=6687------------------------=[end]

[begin]------------------------=
[2013/05/29 09:42:18] [articles_controller.rb: 1669]
kw=米国
File size=6831------------------------=[end]

[begin]------------------------=
[2013/05/29 09:42:18] [articles_controller.rb: 1669]
kw=米
File size=6978------------------------=[end]

[begin]------------------------=
[2013/05/29 09:42:18] [articles_controller.rb: 1669]
kw=米国
File size=7122------------------------=[end]

[begin]------------------------=
[2013/05/29 09:42:18] [articles_controller.rb: 1669]
kw=米
File size=7269------------------------=[end]

[begin]------------------------=
[2013/05/29 09:42:18] [articles_controller.rb: 1669]
kw=米国
File size=7413------------------------=[end]

[begin]------------------------=
[2013/05/29 09:42:18] [articles_controller.rb: 1669]
kw=米
File size=7560------------------------=[end]

[begin]------------------------=
[2013/05/29 09:42:18] [articles_controller.rb: 1669]
kw=米国
File size=7704------------------------=[end]

[begin]------------------------=
[2013/05/29 09:42:18] [articles_controller.rb: 1669]
kw=米
File size=7851------------------------=[end]

[begin]------------------------=
[2013/05/29 09:42:18] [articles_controller.rb: 1669]
kw=米国
File size=7995------------------------=[end]

[begin]------------------------=
[2013/05/29 09:42:18] [articles_controller.rb: 1669]
kw=米
File size=8142------------------------=[end]

[begin]------------------------=
[2013/05/29 09:42:18] [articles_controller.rb: 1669]
kw=米国
File size=8286------------------------=[end]

[begin]------------------------=
[2013/05/29 09:42:18] [articles_controller.rb: 1669]
kw=米
File size=8433------------------------=[end]

[begin]------------------------=
[2013/05/29 09:42:18] [articles_controller.rb: 1669]
kw=米国
File size=8577------------------------=[end]

[begin]------------------------=
[2013/05/29 09:42:18] [articles_controller.rb: 1669]
kw=米
File size=8724------------------------=[end]

[begin]------------------------=
[2013/05/29 09:42:18] [articles_controller.rb: 1669]
kw=米国
File size=8868------------------------=[end]

[begin]------------------------=
[2013/05/29 09:42:18] [articles_controller.rb: 1669]
kw=米
File size=9015------------------------=[end]

[begin]------------------------=
[2013/05/29 09:42:18] [articles_controller.rb: 1669]
kw=米国
File size=9159------------------------=[end]

[begin]------------------------=
[2013/05/29 09:42:18] [articles_controller.rb: 1669]
kw=米
File size=9306------------------------=[end]

[begin]------------------------=
[2013/05/29 09:42:18] [articles_controller.rb: 1669]
kw=米国
File size=9450------------------------=[end]

[begin]------------------------=
[2013/05/29 09:42:18] [articles_controller.rb: 1669]
kw=米
File size=9597------------------------=[end]

[begin]------------------------=
[2013/05/29 09:42:18] [articles_controller.rb: 1669]
kw=米国
File size=9741------------------------=[end]

[begin]------------------------=
[2013/05/29 09:42:18] [articles_controller.rb: 1669]
kw=米
File size=9888------------------------=[end]

[begin]------------------------=
[2013/05/29 09:42:18] [articles_controller.rb: 1669]
kw=米国
File size=10032------------------------=[end]

[begin]------------------------=
[2013/05/29 09:42:18] [articles_controller.rb: 1669]
kw=米
File size=10180------------------------=[end]

[begin]------------------------=
[2013/05/29 09:42:18] [articles_controller.rb: 1669]
kw=米国
File size=10325------------------------=[end]

[begin]------------------------=
[2013/05/29 09:42:18] [articles_controller.rb: 1669]
kw=米
File size=10473------------------------=[end]

[begin]------------------------=
[2013/05/29 09:42:18] [articles_controller.rb: 1669]
kw=米国
File size=10618------------------------=[end]

[begin]------------------------=
[2013/05/29 09:42:18] [articles_controller.rb: 1669]
kw=米
File size=10766------------------------=[end]

[begin]------------------------=
[2013/05/29 09:42:18] [articles_controller.rb: 1669]
kw=米国
File size=10911------------------------=[end]

[begin]------------------------=
[2013/05/29 09:42:18] [articles_controller.rb: 1669]
kw=米
File size=11059------------------------=[end]

[begin]------------------------=
[2013/05/29 09:42:18] [articles_controller.rb: 1669]
kw=米国
File size=11204------------------------=[end]

[begin]------------------------=
[2013/05/29 09:42:18] [articles_controller.rb: 1669]
kw=米
File size=11352------------------------=[end]

[begin]------------------------=
[2013/05/29 09:42:18] [articles_controller.rb: 1669]
kw=米国
File size=11497------------------------=[end]

[begin]------------------------=
[2013/05/29 09:42:18] [articles_controller.rb: 1669]
kw=米
File size=11645------------------------=[end]

[begin]------------------------=
[2013/05/29 09:42:18] [articles_controller.rb: 1669]
kw=米国
File size=11790------------------------=[end]

[begin]------------------------=
[2013/05/29 09:42:18] [articles_controller.rb: 1669]
kw=米
File size=11938------------------------=[end]

[begin]------------------------=
[2013/05/29 09:42:18] [articles_controller.rb: 1669]
kw=米国
File size=12083------------------------=[end]

[begin]------------------------=
[2013/05/29 09:42:18] [articles_controller.rb: 1669]
kw=米
File size=12231------------------------=[end]

[begin]------------------------=
[2013/05/29 09:42:18] [articles_controller.rb: 1669]
kw=米国
File size=12376------------------------=[end]

[begin]------------------------=
[2013/05/29 09:42:18] [articles_controller.rb: 1669]
kw=米
File size=12524------------------------=[end]

[begin]------------------------=
[2013/05/29 09:42:18] [articles_controller.rb: 1669]
kw=米国
File size=12669------------------------=[end]

[begin]------------------------=
[2013/05/29 09:42:18] [articles_controller.rb: 1669]
kw=米
File size=12817------------------------=[end]

[begin]------------------------=
[2013/05/30 20:21:12] [articles_controller.rb: 1368]

number=3
File size=12962------------------------=[end]

[begin]------------------------=
[2013/05/30 20:21:12] [C:/WORKS/WS/WS_Android~/NewsReader3/app/controllers/articles_controller.rb: 1388]
int
File size=13111------------------------=[end]

[begin]------------------------=
[2013/05/30 20:21:12] [articles_controller.rb: 39]
genre=int
File size=13305------------------------=[end]

[begin]------------------------=
[2013/05/30 20:21:13] [articles_controller.rb: 140]
genre.name =>Overseas
File size=13451------------------------=[end]

[begin]------------------------=
[2013/05/30 20:21:13] [articles_controller.rb: 150]
genre != nil => Overseas
File size=13610------------------------=[end]

[begin]------------------------=
[2013/05/30 20:21:13] [articles_controller.rb: 159]
categories.size=1
File size=13772------------------------=[end]

[begin]------------------------=
[2013/05/30 20:21:13] [articles_controller.rb: 204]
category_names.size=2
File size=13927------------------------=[end]

[begin]------------------------=
[2013/05/30 20:21:13] [articles_controller.rb: 78]
@category_names.size=2
File size=14086------------------------=[end]

[begin]------------------------=
[2013/05/30 20:21:13] [articles_controller.rb: 1298]
category.name=US
File size=14245------------------------=[end]

[begin]------------------------=
[2013/05/30 20:21:13] [articles_controller.rb: 1307]
kws.size=2
File size=14400------------------------=[end]

[begin]------------------------=
[2013/05/30 20:21:14] [articles_controller.rb: 492]
vendor_list.size=0/a_tags_href.size=75
File size=14549------------------------=[end]

[begin]------------------------=
[2013/05/30 20:21:14] [articles_controller.rb: 1650]
keywords.length=2
File size=14725------------------------=[end]

[begin]------------------------=
[2013/05/30 20:21:14] [articles_controller.rb: 1669]
kw=米国
File size=14881------------------------=[end]

[begin]------------------------=
[2013/05/30 20:21:14] [articles_controller.rb: 1669]
kw=米
File size=15029------------------------=[end]

[begin]------------------------=
[2013/05/30 20:21:14] [articles_controller.rb: 1669]
kw=米国
File size=15174------------------------=[end]

[begin]------------------------=
[2013/05/30 20:21:14] [articles_controller.rb: 1669]
kw=米
File size=15322------------------------=[end]

[begin]------------------------=
[2013/05/30 20:21:14] [articles_controller.rb: 1669]
kw=米国
File size=15467------------------------=[end]

[begin]------------------------=
[2013/05/30 20:21:14] [articles_controller.rb: 1669]
kw=米
File size=15615------------------------=[end]

[begin]------------------------=
[2013/05/30 20:21:14] [articles_controller.rb: 1669]
kw=米国
File size=15760------------------------=[end]

[begin]------------------------=
[2013/05/30 20:21:14] [articles_controller.rb: 1669]
kw=米
File size=15908------------------------=[end]

[begin]------------------------=
[2013/05/30 20:21:14] [articles_controller.rb: 1669]
kw=米国
File size=16053------------------------=[end]

[begin]------------------------=
[2013/05/30 20:21:14] [articles_controller.rb: 1669]
kw=米
File size=16201------------------------=[end]

[begin]------------------------=
[2013/05/30 20:21:14] [articles_controller.rb: 1669]
kw=米国
File size=16346------------------------=[end]

[begin]------------------------=
[2013/05/30 20:21:14] [articles_controller.rb: 1669]
kw=米
File size=16494------------------------=[end]

[begin]------------------------=
[2013/05/30 20:21:14] [articles_controller.rb: 1669]
kw=米国
File size=16639------------------------=[end]

[begin]------------------------=
[2013/05/30 20:21:14] [articles_controller.rb: 1669]
kw=米
File size=16787------------------------=[end]

[begin]------------------------=
[2013/05/30 20:21:14] [articles_controller.rb: 1669]
kw=米国
File size=16932------------------------=[end]

[begin]------------------------=
[2013/05/30 20:21:14] [articles_controller.rb: 1669]
kw=米
File size=17080------------------------=[end]

[begin]------------------------=
[2013/05/30 20:21:14] [articles_controller.rb: 1669]
kw=米国
File size=17225------------------------=[end]

[begin]------------------------=
[2013/05/30 20:21:14] [articles_controller.rb: 1669]
kw=米
File size=17373------------------------=[end]

[begin]------------------------=
[2013/05/30 20:21:14] [articles_controller.rb: 1669]
kw=米国
File size=17518------------------------=[end]

[begin]------------------------=
[2013/05/30 20:21:14] [articles_controller.rb: 1669]
kw=米
File size=17666------------------------=[end]

[begin]------------------------=
[2013/05/30 20:21:14] [articles_controller.rb: 1669]
kw=米国
File size=17811------------------------=[end]

[begin]------------------------=
[2013/05/30 20:21:14] [articles_controller.rb: 1669]
kw=米
File size=17959------------------------=[end]

[begin]------------------------=
[2013/05/30 20:21:14] [articles_controller.rb: 1669]
kw=米国
File size=18104------------------------=[end]

[begin]------------------------=
[2013/05/30 20:21:14] [articles_controller.rb: 1669]
kw=米
File size=18252------------------------=[end]

[begin]------------------------=
[2013/05/30 20:21:14] [articles_controller.rb: 1669]
kw=米国
File size=18397------------------------=[end]

[begin]------------------------=
[2013/05/30 20:21:14] [articles_controller.rb: 1669]
kw=米
File size=18545------------------------=[end]

[begin]------------------------=
[2013/05/30 20:21:14] [articles_controller.rb: 1669]
kw=米国
File size=18690------------------------=[end]

[begin]------------------------=
[2013/05/30 20:21:14] [articles_controller.rb: 1669]
kw=米
File size=18838------------------------=[end]

[begin]------------------------=
[2013/05/30 20:21:14] [articles_controller.rb: 1669]
kw=米国
File size=18983------------------------=[end]

[begin]------------------------=
[2013/05/30 20:21:14] [articles_controller.rb: 1669]
kw=米
File size=19131------------------------=[end]

[begin]------------------------=
[2013/05/30 20:21:14] [articles_controller.rb: 1669]
kw=米国
File size=19276------------------------=[end]

[begin]------------------------=
[2013/05/30 20:21:14] [articles_controller.rb: 1669]
kw=米
File size=19424------------------------=[end]

[begin]------------------------=
[2013/05/30 20:21:14] [articles_controller.rb: 1669]
kw=米国
File size=19569------------------------=[end]

[begin]------------------------=
[2013/05/30 20:21:14] [articles_controller.rb: 1669]
kw=米
File size=19717------------------------=[end]

[begin]------------------------=
[2013/05/30 20:21:14] [articles_controller.rb: 1669]
kw=米国
File size=19862------------------------=[end]

[begin]------------------------=
[2013/05/30 20:21:14] [articles_controller.rb: 1669]
kw=米
File size=20010------------------------=[end]

[begin]------------------------=
[2013/05/30 20:21:14] [articles_controller.rb: 1669]
kw=米国
File size=20155------------------------=[end]

[begin]------------------------=
[2013/05/30 20:21:14] [articles_controller.rb: 1669]
kw=米
File size=20303------------------------=[end]

[begin]------------------------=
[2013/05/30 20:21:14] [articles_controller.rb: 1669]
kw=米国
File size=20448------------------------=[end]

[begin]------------------------=
[2013/05/30 20:21:14] [articles_controller.rb: 1669]
kw=米
File size=20596------------------------=[end]

[begin]------------------------=
[2013/05/30 20:21:14] [articles_controller.rb: 1669]
kw=米国
File size=20741------------------------=[end]

[begin]------------------------=
[2013/05/30 20:21:14] [articles_controller.rb: 1669]
kw=米
File size=20889------------------------=[end]

[begin]------------------------=
[2013/05/30 20:21:14] [articles_controller.rb: 1669]
kw=米国
File size=21034------------------------=[end]

[begin]------------------------=
[2013/05/30 20:21:14] [articles_controller.rb: 1669]
kw=米
File size=21182------------------------=[end]

[begin]------------------------=
[2013/05/30 20:21:14] [articles_controller.rb: 1669]
kw=米国
File size=21327------------------------=[end]

[begin]------------------------=
[2013/05/30 20:21:14] [articles_controller.rb: 1669]
kw=米
File size=21475------------------------=[end]

[begin]------------------------=
[2013/05/30 20:21:14] [articles_controller.rb: 1669]
kw=米国
File size=21620------------------------=[end]

[begin]------------------------=
[2013/05/30 20:21:14] [articles_controller.rb: 1669]
kw=米
File size=21768------------------------=[end]

[begin]------------------------=
[2013/05/30 20:21:14] [articles_controller.rb: 1669]
kw=米国
File size=21913------------------------=[end]

[begin]------------------------=
[2013/05/30 20:21:14] [articles_controller.rb: 1669]
kw=米
File size=22061------------------------=[end]

[begin]------------------------=
[2013/05/30 20:21:14] [articles_controller.rb: 1669]
kw=米国
File size=22206------------------------=[end]

[begin]------------------------=
[2013/05/30 20:21:14] [articles_controller.rb: 1669]
kw=米
File size=22354------------------------=[end]

[begin]------------------------=
[2013/05/30 20:21:14] [articles_controller.rb: 1669]
kw=米国
File size=22499------------------------=[end]

[begin]------------------------=
[2013/05/30 20:21:14] [articles_controller.rb: 1669]
kw=米
File size=22647------------------------=[end]

[begin]------------------------=
[2013/05/30 20:21:14] [articles_controller.rb: 1669]
kw=米国
File size=22792------------------------=[end]

[begin]------------------------=
[2013/05/30 20:21:14] [articles_controller.rb: 1669]
kw=米
File size=22940------------------------=[end]

[begin]------------------------=
[2013/05/30 20:21:14] [articles_controller.rb: 1669]
kw=米国
File size=23085------------------------=[end]

[begin]------------------------=
[2013/05/30 20:21:14] [articles_controller.rb: 1669]
kw=米
File size=23233------------------------=[end]

[begin]------------------------=
[2013/05/30 20:21:14] [articles_controller.rb: 1669]
kw=米国
File size=23378------------------------=[end]

[begin]------------------------=
[2013/05/30 20:21:14] [articles_controller.rb: 1669]
kw=米
File size=23526------------------------=[end]

[begin]------------------------=
[2013/05/30 20:21:14] [articles_controller.rb: 1669]
kw=米国
File size=23671------------------------=[end]

[begin]------------------------=
[2013/05/30 20:21:14] [articles_controller.rb: 1669]
kw=米
File size=23819------------------------=[end]

[begin]------------------------=
[2013/05/30 20:21:14] [articles_controller.rb: 1669]
kw=米国
File size=23964------------------------=[end]

[begin]------------------------=
[2013/05/30 20:21:14] [articles_controller.rb: 1669]
kw=米
File size=24112------------------------=[end]

[begin]------------------------=
[2013/05/30 20:21:14] [articles_controller.rb: 1669]
kw=米国
File size=24257------------------------=[end]

[begin]------------------------=
[2013/05/30 20:21:14] [articles_controller.rb: 1669]
kw=米
File size=24405------------------------=[end]

[begin]------------------------=
[2013/05/30 20:21:14] [articles_controller.rb: 1669]
kw=米国
File size=24550------------------------=[end]

[begin]------------------------=
[2013/05/30 20:21:14] [articles_controller.rb: 1669]
kw=米
File size=24698------------------------=[end]

[begin]------------------------=
[2013/05/30 20:21:14] [articles_controller.rb: 1669]
kw=米国
File size=24843------------------------=[end]

[begin]------------------------=
[2013/05/30 20:21:14] [articles_controller.rb: 1669]
kw=米
File size=24991------------------------=[end]

[begin]------------------------=
[2013/05/30 20:21:14] [articles_controller.rb: 1669]
kw=米国
File size=25136------------------------=[end]

[begin]------------------------=
[2013/05/30 20:21:14] [articles_controller.rb: 1669]
kw=米
File size=25284------------------------=[end]

[begin]------------------------=
[2013/05/30 20:21:14] [articles_controller.rb: 1669]
kw=米国
File size=25429------------------------=[end]

[begin]------------------------=
[2013/05/30 20:21:14] [articles_controller.rb: 1669]
kw=米
File size=25577------------------------=[end]

[begin]------------------------=
[2013/05/30 20:21:14] [articles_controller.rb: 1669]
kw=米国
File size=25722------------------------=[end]

[begin]------------------------=
[2013/05/30 20:21:14] [articles_controller.rb: 1669]
kw=米
File size=25870------------------------=[end]

[begin]------------------------=
[2013/05/30 20:21:14] [articles_controller.rb: 1669]
kw=米国
File size=26015------------------------=[end]

[begin]------------------------=
[2013/05/30 20:21:14] [articles_controller.rb: 1669]
kw=米
File size=26163------------------------=[end]

[begin]------------------------=
[2013/05/30 20:21:14] [articles_controller.rb: 1669]
kw=米国
File size=26308------------------------=[end]

[begin]------------------------=
[2013/05/30 20:21:14] [articles_controller.rb: 1669]
kw=米
File size=26456------------------------=[end]

[begin]------------------------=
[2013/05/30 20:21:14] [articles_controller.rb: 1669]
kw=米国
File size=26601------------------------=[end]

[begin]------------------------=
[2013/05/30 20:21:14] [articles_controller.rb: 1669]
kw=米
File size=26749------------------------=[end]

[begin]------------------------=
[2013/05/30 20:21:14] [articles_controller.rb: 1669]
kw=米国
File size=26894------------------------=[end]

[begin]------------------------=
[2013/05/30 20:21:14] [articles_controller.rb: 1669]
kw=米
File size=27042------------------------=[end]

[begin]------------------------=
[2013/05/30 20:21:14] [articles_controller.rb: 1669]
kw=米国
File size=27187------------------------=[end]

[begin]------------------------=
[2013/05/30 20:21:14] [articles_controller.rb: 1669]
kw=米
File size=27335------------------------=[end]

[begin]------------------------=
[2013/05/30 20:21:14] [articles_controller.rb: 1669]
kw=米国
File size=27480------------------------=[end]

[begin]------------------------=
[2013/05/30 20:21:14] [articles_controller.rb: 1669]
kw=米
File size=27628------------------------=[end]

[begin]------------------------=
[2013/05/30 20:21:14] [articles_controller.rb: 1669]
kw=米国
File size=27773------------------------=[end]

[begin]------------------------=
[2013/05/30 20:21:14] [articles_controller.rb: 1669]
kw=米
File size=27921------------------------=[end]

[begin]------------------------=
[2013/05/30 20:21:14] [articles_controller.rb: 1669]
kw=米国
File size=28066------------------------=[end]

[begin]------------------------=
[2013/05/30 20:21:14] [articles_controller.rb: 1669]
kw=米
File size=28214------------------------=[end]

[begin]------------------------=
[2013/05/30 20:21:14] [articles_controller.rb: 1669]
kw=米国
File size=28359------------------------=[end]

[begin]------------------------=
[2013/05/30 20:21:14] [articles_controller.rb: 1669]
kw=米
File size=28507------------------------=[end]

[begin]------------------------=
[2013/05/30 20:21:14] [articles_controller.rb: 1669]
kw=米国
File size=28652------------------------=[end]

[begin]------------------------=
[2013/05/30 20:21:14] [articles_controller.rb: 1669]
kw=米
File size=28800------------------------=[end]

[begin]------------------------=
[2013/05/30 20:21:14] [articles_controller.rb: 1669]
kw=米国
File size=28945------------------------=[end]

[begin]------------------------=
[2013/05/30 20:21:14] [articles_controller.rb: 1669]
kw=米
File size=29093------------------------=[end]

[begin]------------------------=
[2013/05/30 20:21:14] [articles_controller.rb: 1669]
kw=米国
File size=29238------------------------=[end]

[begin]------------------------=
[2013/05/30 20:21:14] [articles_controller.rb: 1669]
kw=米
File size=29386------------------------=[end]

[begin]------------------------=
[2013/05/30 20:21:14] [articles_controller.rb: 1669]
kw=米国
File size=29531------------------------=[end]

[begin]------------------------=
[2013/05/30 20:21:14] [articles_controller.rb: 1669]
kw=米
File size=29679------------------------=[end]

[begin]------------------------=
[2013/05/30 20:21:14] [articles_controller.rb: 1669]
kw=米国
File size=29824------------------------=[end]

[begin]------------------------=
[2013/05/30 20:21:14] [articles_controller.rb: 1669]
kw=米
File size=29972------------------------=[end]

[begin]------------------------=
[2013/05/30 20:21:14] [articles_controller.rb: 1669]
kw=米国
File size=30117------------------------=[end]

[begin]------------------------=
[2013/05/30 20:21:14] [articles_controller.rb: 1669]
kw=米
File size=30265------------------------=[end]

[begin]------------------------=
[2013/05/30 20:21:14] [articles_controller.rb: 1669]
kw=米国
File size=30410------------------------=[end]

[begin]------------------------=
[2013/05/30 20:21:14] [articles_controller.rb: 1669]
kw=米
File size=30558------------------------=[end]

[begin]------------------------=
[2013/05/30 20:21:14] [articles_controller.rb: 1669]
kw=米国
File size=30703------------------------=[end]

[begin]------------------------=
[2013/05/30 20:21:14] [articles_controller.rb: 1669]
kw=米
File size=30851------------------------=[end]

[begin]------------------------=
[2013/05/30 20:21:14] [articles_controller.rb: 1669]
kw=米国
File size=30996------------------------=[end]

[begin]------------------------=
[2013/05/30 20:21:14] [articles_controller.rb: 1669]
kw=米
File size=31144------------------------=[end]

[begin]------------------------=
[2013/05/30 20:21:14] [articles_controller.rb: 1669]
kw=米国
File size=31289------------------------=[end]

[begin]------------------------=
[2013/05/30 20:21:14] [articles_controller.rb: 1669]
kw=米
File size=31437------------------------=[end]

[begin]------------------------=
[2013/05/30 20:21:14] [articles_controller.rb: 1669]
kw=米国
File size=31582------------------------=[end]

[begin]------------------------=
[2013/05/30 20:21:14] [articles_controller.rb: 1669]
kw=米
File size=31730------------------------=[end]

[begin]------------------------=
[2013/05/30 20:21:14] [articles_controller.rb: 1669]
kw=米国
File size=31875------------------------=[end]

[begin]------------------------=
[2013/05/30 20:21:14] [articles_controller.rb: 1669]
kw=米
File size=32023------------------------=[end]

[begin]------------------------=
[2013/05/30 20:21:14] [articles_controller.rb: 1669]
kw=米国
File size=32168------------------------=[end]

[begin]------------------------=
[2013/05/30 20:21:14] [articles_controller.rb: 1669]
kw=米
File size=32316------------------------=[end]

[begin]------------------------=
[2013/05/30 20:21:14] [articles_controller.rb: 1669]
kw=米国
File size=32461------------------------=[end]

[begin]------------------------=
[2013/05/30 20:21:14] [articles_controller.rb: 1669]
kw=米
File size=32609------------------------=[end]

[begin]------------------------=
[2013/05/30 20:21:14] [articles_controller.rb: 1669]
kw=米国
File size=32754------------------------=[end]

[begin]------------------------=
[2013/05/30 20:21:14] [articles_controller.rb: 1669]
kw=米
File size=32902------------------------=[end]

[begin]------------------------=
[2013/05/30 20:21:14] [articles_controller.rb: 1669]
kw=米国
File size=33047------------------------=[end]

[begin]------------------------=
[2013/05/30 20:21:14] [articles_controller.rb: 1669]
kw=米
File size=33195------------------------=[end]

[begin]------------------------=
[2013/05/30 20:21:14] [articles_controller.rb: 1669]
kw=米国
File size=33340------------------------=[end]

[begin]------------------------=
[2013/05/30 20:21:14] [articles_controller.rb: 1669]
kw=米
File size=33488------------------------=[end]

[begin]------------------------=
[2013/05/30 20:21:14] [articles_controller.rb: 1669]
kw=米国
File size=33633------------------------=[end]

[begin]------------------------=
[2013/05/30 20:21:14] [articles_controller.rb: 1669]
kw=米
File size=33781------------------------=[end]

[begin]------------------------=
[2013/05/30 20:21:14] [articles_controller.rb: 1669]
kw=米国
File size=33926------------------------=[end]

[begin]------------------------=
[2013/05/30 20:21:14] [articles_controller.rb: 1669]
kw=米
File size=34074------------------------=[end]

[begin]------------------------=
[2013/05/30 20:21:14] [articles_controller.rb: 1669]
kw=米国
File size=34219------------------------=[end]

[begin]------------------------=
[2013/05/30 20:21:14] [articles_controller.rb: 1669]
kw=米
File size=34367------------------------=[end]

[begin]------------------------=
[2013/05/30 20:21:14] [articles_controller.rb: 1669]
kw=米国
File size=34512------------------------=[end]

[begin]------------------------=
[2013/05/30 20:21:14] [articles_controller.rb: 1669]
kw=米
File size=34660------------------------=[end]

[begin]------------------------=
[2013/05/30 20:21:14] [articles_controller.rb: 1669]
kw=米国
File size=34805------------------------=[end]

[begin]------------------------=
[2013/05/30 20:21:14] [articles_controller.rb: 1669]
kw=米
File size=34953------------------------=[end]

[begin]------------------------=
[2013/05/30 20:21:14] [articles_controller.rb: 1669]
kw=米国
File size=35098------------------------=[end]

[begin]------------------------=
[2013/05/30 20:21:14] [articles_controller.rb: 1669]
kw=米
File size=35246------------------------=[end]

[begin]------------------------=
[2013/05/30 20:21:14] [articles_controller.rb: 1669]
kw=米国
File size=35391------------------------=[end]

[begin]------------------------=
[2013/05/30 20:21:14] [articles_controller.rb: 1669]
kw=米
File size=35539------------------------=[end]

[begin]------------------------=
[2013/05/30 20:21:14] [articles_controller.rb: 1669]
kw=米国
File size=35684------------------------=[end]

[begin]------------------------=
[2013/05/30 20:21:14] [articles_controller.rb: 1669]
kw=米
File size=35832------------------------=[end]

[begin]------------------------=
[2013/05/30 20:21:14] [articles_controller.rb: 1669]
kw=米国
File size=35977------------------------=[end]

[begin]------------------------=
[2013/05/30 20:21:14] [articles_controller.rb: 1669]
kw=米
File size=36125------------------------=[end]

[begin]------------------------=
[2013/05/30 20:21:14] [articles_controller.rb: 1669]
kw=米国
File size=36270------------------------=[end]

[begin]------------------------=
[2013/05/30 20:21:14] [articles_controller.rb: 1669]
kw=米
File size=36418------------------------=[end]

[begin]------------------------=
[2013/05/30 20:21:14] [articles_controller.rb: 1669]
kw=米国
File size=36563------------------------=[end]

[begin]------------------------=
[2013/05/30 20:21:14] [articles_controller.rb: 1669]
kw=米
File size=36711------------------------=[end]

[begin]------------------------=
[2013/05/30 20:55:55] [articles_controller.rb: 1368]

number=3
File size=36856------------------------=[end]

[begin]------------------------=
[2013/05/30 20:55:55] [C:/WORKS/WS/WS_Android~/NewsReader3/app/controllers/articles_controller.rb: 1388]
int
File size=37005------------------------=[end]

[begin]------------------------=
[2013/05/30 20:55:55] [articles_controller.rb: 39]
genre=int
File size=37199------------------------=[end]

[begin]------------------------=
[2013/05/30 20:55:55] [articles_controller.rb: 140]
genre.name =>Overseas
File size=37345------------------------=[end]

[begin]------------------------=
[2013/05/30 20:55:55] [articles_controller.rb: 150]
genre != nil => Overseas
File size=37504------------------------=[end]

[begin]------------------------=
[2013/05/30 20:55:55] [articles_controller.rb: 159]
categories.size=1
File size=37666------------------------=[end]

[begin]------------------------=
[2013/05/30 20:55:55] [articles_controller.rb: 204]
category_names.size=2
File size=37821------------------------=[end]

[begin]------------------------=
[2013/05/30 20:55:55] [articles_controller.rb: 78]
@category_names.size=2
File size=37980------------------------=[end]

[begin]------------------------=
[2013/05/30 20:55:55] [articles_controller.rb: 1298]
category.name=US
File size=38139------------------------=[end]

[begin]------------------------=
[2013/05/30 20:55:55] [articles_controller.rb: 1307]
kws.size=2
File size=38294------------------------=[end]

[begin]------------------------=
[2013/05/30 20:55:56] [articles_controller.rb: 492]
vendor_list.size=0/a_tags_href.size=75
File size=38443------------------------=[end]

[begin]------------------------=
[2013/05/30 20:55:56] [articles_controller.rb: 1650]
keywords.length=2
File size=38619------------------------=[end]

[begin]------------------------=
[2013/05/30 20:55:56] [articles_controller.rb: 1669]
kw=米国
File size=38775------------------------=[end]

[begin]------------------------=
[2013/05/30 20:55:56] [articles_controller.rb: 1669]
kw=米
File size=38923------------------------=[end]

[begin]------------------------=
[2013/05/30 20:55:56] [articles_controller.rb: 1669]
kw=米国
File size=39068------------------------=[end]

[begin]------------------------=
[2013/05/30 20:55:56] [articles_controller.rb: 1669]
kw=米
File size=39216------------------------=[end]

[begin]------------------------=
[2013/05/30 20:55:56] [articles_controller.rb: 1669]
kw=米国
File size=39361------------------------=[end]

[begin]------------------------=
[2013/05/30 20:55:56] [articles_controller.rb: 1669]
kw=米
File size=39509------------------------=[end]

[begin]------------------------=
[2013/05/30 20:55:56] [articles_controller.rb: 1669]
kw=米国
File size=39654------------------------=[end]

[begin]------------------------=
[2013/05/30 20:55:56] [articles_controller.rb: 1669]
kw=米
File size=39802------------------------=[end]

[begin]------------------------=
[2013/05/30 20:55:56] [articles_controller.rb: 1669]
kw=米国
File size=39947------------------------=[end]

