[begin]------------------------=
[2013/05/29 08:45:50] [articles_controller.rb: 1576]
word=欧
File size=0------------------------=[end]

[begin]------------------------=
[2013/05/29 08:45:50] [articles_controller.rb: 1576]
word=EURIBOR
File size=143------------------------=[end]

[begin]------------------------=
[2013/05/29 08:45:50] [articles_controller.rb: 1576]
word=EURO
File size=292------------------------=[end]

[begin]------------------------=
[2013/05/29 08:45:50] [articles_controller.rb: 1576]
word=ユーロ
File size=438------------------------=[end]

[begin]------------------------=
[2013/05/29 08:45:50] [articles_controller.rb: 1576]
word=ロシア
File size=589------------------------=[end]

[begin]------------------------=
[2013/05/29 08:45:50] [articles_controller.rb: 1576]
word=東欧
File size=740------------------------=[end]

[begin]------------------------=
[2013/05/29 08:45:50] [articles_controller.rb: 1576]
word=ポーランド
File size=888------------------------=[end]

[begin]------------------------=
[2013/05/29 08:45:50] [articles_controller.rb: 1576]
word=イギリス
File size=1045------------------------=[end]

[begin]------------------------=
[2013/05/29 08:45:50] [articles_controller.rb: 1576]
word=フランス
File size=1200------------------------=[end]

[begin]------------------------=
[2013/05/29 08:45:50] [articles_controller.rb: 1576]
word=ドイツ
File size=1355------------------------=[end]

[begin]------------------------=
[2013/05/29 08:45:50] [articles_controller.rb: 1576]
word=スペイン
File size=1507------------------------=[end]

[begin]------------------------=
[2013/05/29 08:45:50] [articles_controller.rb: 1576]
word=イタリア
File size=1662------------------------=[end]

[begin]------------------------=
[2013/05/29 08:45:50] [articles_controller.rb: 1576]
word=伊
File size=1817------------------------=[end]

[begin]------------------------=
[2013/05/29 08:45:50] [articles_controller.rb: 1576]
word=ポルトガル
File size=1963------------------------=[end]

[begin]------------------------=
[2013/05/29 08:45:50] [articles_controller.rb: 1576]
word=韓国
File size=2121------------------------=[end]

[begin]------------------------=
[2013/05/29 08:45:50] [articles_controller.rb: 1576]
word=韓
File size=2270------------------------=[end]

[begin]------------------------=
[2013/05/29 08:45:50] [articles_controller.rb: 1576]
word=朝鮮
File size=2416------------------------=[end]

[begin]------------------------=
[2013/05/29 08:45:50] [articles_controller.rb: 1576]
word=サムスン
File size=2565------------------------=[end]

[begin]------------------------=
[2013/05/29 08:45:50] [articles_controller.rb: 1576]
word=現代
File size=2720------------------------=[end]

[begin]------------------------=
[2013/05/29 08:45:50] [articles_controller.rb: 1576]
word=イラン
File size=2869------------------------=[end]

[begin]------------------------=
[2013/05/29 08:45:50] [articles_controller.rb: 1576]
word=シリア
File size=3021------------------------=[end]

[begin]------------------------=
[2013/05/29 08:45:50] [articles_controller.rb: 1576]
word=イラク
File size=3173------------------------=[end]

[begin]------------------------=
[2013/05/29 08:45:50] [articles_controller.rb: 1576]
word=自動車
File size=3325------------------------=[end]

[begin]------------------------=
[2013/05/29 08:45:50] [articles_controller.rb: 1576]
word=乗用車
File size=3477------------------------=[end]

[begin]------------------------=
[2013/05/29 08:45:50] [articles_controller.rb: 1576]
word=日産
File size=3629------------------------=[end]

[begin]------------------------=
[2013/05/29 08:45:50] [articles_controller.rb: 1576]
word=日野
File size=3778------------------------=[end]

[begin]------------------------=
[2013/05/29 08:45:50] [articles_controller.rb: 1576]
word=三菱自
File size=3927------------------------=[end]

[begin]------------------------=
[2013/05/29 08:45:50] [articles_controller.rb: 1576]
word=トヨタ
File size=4079------------------------=[end]

[begin]------------------------=
[2013/05/29 08:45:50] [articles_controller.rb: 1576]
word=ダイハツ
File size=4231------------------------=[end]

[begin]------------------------=
[2013/05/29 08:45:50] [articles_controller.rb: 1576]
word=ホンダ
File size=4386------------------------=[end]

[begin]------------------------=
[2013/05/29 08:45:50] [articles_controller.rb: 1576]
word=マツダ
File size=4538------------------------=[end]

[begin]------------------------=
[2013/05/29 08:45:50] [articles_controller.rb: 1576]
word=ＢＭＷ
File size=4690------------------------=[end]

[begin]------------------------=
[2013/05/29 08:45:50] [articles_controller.rb: 1576]
word=BMW
File size=4842------------------------=[end]

[begin]------------------------=
[2013/05/29 08:45:50] [articles_controller.rb: 1576]
word=ベンツ
File size=4988------------------------=[end]

[begin]------------------------=
[2013/05/29 08:45:50] [articles_controller.rb: 1576]
word=ソニー
File size=5140------------------------=[end]

[begin]------------------------=
[2013/05/29 08:45:50] [articles_controller.rb: 1576]
word=パナソニック
File size=5292------------------------=[end]

[begin]------------------------=
[2013/05/29 08:45:50] [articles_controller.rb: 1576]
word=松下
File size=5453------------------------=[end]

[begin]------------------------=
[2013/05/29 08:45:50] [articles_controller.rb: 1576]
word=シャープ
File size=5602------------------------=[end]

[begin]------------------------=
[2013/05/29 08:45:50] [articles_controller.rb: 1576]
word=東芝
File size=5757------------------------=[end]

[begin]------------------------=
[2013/05/29 08:45:50] [articles_controller.rb: 1576]
word=三菱電
File size=5906------------------------=[end]

[begin]------------------------=
[2013/05/29 08:45:50] [articles_controller.rb: 1576]
word=セイコー
File size=6058------------------------=[end]

[begin]------------------------=
[2013/05/29 08:45:50] [articles_controller.rb: 1576]
word=ガソリン
File size=6213------------------------=[end]

[begin]------------------------=
[2013/05/29 08:45:50] [articles_controller.rb: 1576]
word=ソーラー
File size=6368------------------------=[end]

[begin]------------------------=
[2013/05/29 08:45:50] [articles_controller.rb: 1576]
word=原油
File size=6523------------------------=[end]

[begin]------------------------=
[2013/05/29 08:45:50] [articles_controller.rb: 1576]
word=原発
File size=6672------------------------=[end]

[begin]------------------------=
[2013/05/29 08:45:50] [articles_controller.rb: 1576]
word=石油
File size=6821------------------------=[end]

[begin]------------------------=
[2013/05/29 08:45:50] [articles_controller.rb: 1576]
word=エネルギー
File size=6970------------------------=[end]

[begin]------------------------=
[2013/05/29 08:45:50] [articles_controller.rb: 1576]
word=発電
File size=7128------------------------=[end]

[begin]------------------------=
[2013/05/29 08:45:50] [articles_controller.rb: 1576]
word=火力
File size=7277------------------------=[end]

[begin]------------------------=
[2013/05/29 08:45:50] [articles_controller.rb: 1576]
word=証券
File size=7426------------------------=[end]

[begin]------------------------=
[2013/05/29 08:45:50] [articles_controller.rb: 1576]
word=相場
File size=7575------------------------=[end]

[begin]------------------------=
[2013/05/29 08:45:50] [articles_controller.rb: 1576]
word=円
File size=7724------------------------=[end]

[begin]------------------------=
[2013/05/29 08:45:50] [articles_controller.rb: 1576]
word=日経平均
File size=7870------------------------=[end]

[begin]------------------------=
[2013/05/29 08:45:50] [articles_controller.rb: 1576]
word=ＥＵＲＩＢＯＲ
File size=8025------------------------=[end]

[begin]------------------------=
[2013/05/29 08:45:50] [articles_controller.rb: 1576]
word=米国
File size=8189------------------------=[end]

[begin]------------------------=
[2013/05/29 08:45:50] [articles_controller.rb: 1576]
word=米
File size=8338------------------------=[end]

[begin]------------------------=
[2013/05/29 08:45:50] [articles_controller.rb: 1576]
word=アメリカ
File size=8484------------------------=[end]

[begin]------------------------=
[2013/05/29 08:45:50] [articles_controller.rb: 1576]
word=中国
File size=8639------------------------=[end]

[begin]------------------------=
[2013/05/29 08:45:50] [articles_controller.rb: 1576]
word=中
File size=8788------------------------=[end]

[begin]------------------------=
[2013/05/29 08:45:50] [articles_controller.rb: 1576]
word=ヨーロッパ
File size=8934------------------------=[end]

[begin]------------------------=
[2013/05/29 08:45:50] [articles_controller.rb: 1576]
word=欧州
File size=9092------------------------=[end]

[begin]------------------------=
[2013/05/29 08:45:50] [articles_controller.rb: 1576]
word=欧
File size=9241------------------------=[end]

[begin]------------------------=
[2013/05/29 08:45:50] [articles_controller.rb: 1576]
word=EURIBOR
File size=9387------------------------=[end]

[begin]------------------------=
[2013/05/29 08:45:50] [articles_controller.rb: 1576]
word=EURO
File size=9537------------------------=[end]

[begin]------------------------=
[2013/05/29 08:45:50] [articles_controller.rb: 1576]
word=ユーロ
File size=9684------------------------=[end]

[begin]------------------------=
[2013/05/29 08:45:50] [articles_controller.rb: 1576]
word=ロシア
File size=9836------------------------=[end]

[begin]------------------------=
[2013/05/29 08:45:50] [articles_controller.rb: 1576]
word=東欧
File size=9988------------------------=[end]

[begin]------------------------=
[2013/05/29 08:45:50] [articles_controller.rb: 1576]
word=ポーランド
File size=10137------------------------=[end]

[begin]------------------------=
[2013/05/29 08:45:50] [articles_controller.rb: 1576]
word=イギリス
File size=10296------------------------=[end]

[begin]------------------------=
[2013/05/29 08:45:50] [articles_controller.rb: 1576]
word=フランス
File size=10452------------------------=[end]

[begin]------------------------=
[2013/05/29 08:45:50] [articles_controller.rb: 1576]
word=ドイツ
File size=10608------------------------=[end]

[begin]------------------------=
[2013/05/29 08:45:50] [articles_controller.rb: 1576]
word=スペイン
File size=10761------------------------=[end]

[begin]------------------------=
[2013/05/29 08:45:50] [articles_controller.rb: 1576]
word=イタリア
File size=10917------------------------=[end]

[begin]------------------------=
[2013/05/29 08:45:50] [articles_controller.rb: 1576]
word=伊
File size=11073------------------------=[end]

[begin]------------------------=
[2013/05/29 08:45:50] [articles_controller.rb: 1576]
word=ポルトガル
File size=11220------------------------=[end]

[begin]------------------------=
[2013/05/29 08:45:50] [articles_controller.rb: 1576]
word=韓国
File size=11379------------------------=[end]

[begin]------------------------=
[2013/05/29 08:45:50] [articles_controller.rb: 1576]
word=韓
File size=11529------------------------=[end]

[begin]------------------------=
[2013/05/29 08:45:50] [articles_controller.rb: 1576]
word=朝鮮
File size=11676------------------------=[end]

[begin]------------------------=
[2013/05/29 08:45:50] [articles_controller.rb: 1576]
word=サムスン
File size=11826------------------------=[end]

[begin]------------------------=
[2013/05/29 08:45:50] [articles_controller.rb: 1576]
word=現代
File size=11982------------------------=[end]

[begin]------------------------=
[2013/05/29 08:45:50] [articles_controller.rb: 1576]
word=イラン
File size=12132------------------------=[end]

[begin]------------------------=
[2013/05/29 08:45:50] [articles_controller.rb: 1576]
word=シリア
File size=12285------------------------=[end]

[begin]------------------------=
[2013/05/29 08:45:50] [articles_controller.rb: 1576]
word=イラク
File size=12438------------------------=[end]

[begin]------------------------=
[2013/05/29 08:45:50] [articles_controller.rb: 1576]
word=自動車
File size=12591------------------------=[end]

[begin]------------------------=
[2013/05/29 08:45:50] [articles_controller.rb: 1576]
word=乗用車
File size=12744------------------------=[end]

[begin]------------------------=
[2013/05/29 08:45:50] [articles_controller.rb: 1576]
word=日産
File size=12897------------------------=[end]

[begin]------------------------=
[2013/05/29 08:45:50] [articles_controller.rb: 1576]
word=日野
File size=13047------------------------=[end]

[begin]------------------------=
[2013/05/29 08:45:50] [articles_controller.rb: 1576]
word=三菱自
File size=13197------------------------=[end]

[begin]------------------------=
[2013/05/29 08:45:50] [articles_controller.rb: 1576]
word=トヨタ
File size=13350------------------------=[end]

[begin]------------------------=
[2013/05/29 08:45:50] [articles_controller.rb: 1576]
word=ダイハツ
File size=13503------------------------=[end]

[begin]------------------------=
[2013/05/29 08:45:50] [articles_controller.rb: 1576]
word=ホンダ
File size=13659------------------------=[end]

[begin]------------------------=
[2013/05/29 08:45:50] [articles_controller.rb: 1576]
word=マツダ
File size=13812------------------------=[end]

[begin]------------------------=
[2013/05/29 08:45:50] [articles_controller.rb: 1576]
word=ＢＭＷ
File size=13965------------------------=[end]

[begin]------------------------=
[2013/05/29 08:45:50] [articles_controller.rb: 1576]
word=BMW
File size=14118------------------------=[end]

[begin]------------------------=
[2013/05/29 08:45:50] [articles_controller.rb: 1576]
word=ベンツ
File size=14265------------------------=[end]

[begin]------------------------=
[2013/05/29 08:45:50] [articles_controller.rb: 1576]
word=ソニー
File size=14418------------------------=[end]

[begin]------------------------=
[2013/05/29 08:45:50] [articles_controller.rb: 1576]
word=パナソニック
File size=14571------------------------=[end]

[begin]------------------------=
[2013/05/29 08:45:50] [articles_controller.rb: 1576]
word=松下
File size=14733------------------------=[end]

[begin]------------------------=
[2013/05/29 08:45:50] [articles_controller.rb: 1576]
word=シャープ
File size=14883------------------------=[end]

[begin]------------------------=
[2013/05/29 08:45:50] [articles_controller.rb: 1576]
word=東芝
File size=15039------------------------=[end]

[begin]------------------------=
[2013/05/29 08:45:50] [articles_controller.rb: 1576]
word=三菱電
File size=15189------------------------=[end]

[begin]------------------------=
[2013/05/29 08:45:50] [articles_controller.rb: 1576]
word=セイコー
File size=15342------------------------=[end]

[begin]------------------------=
[2013/05/29 08:45:50] [articles_controller.rb: 1576]
word=ガソリン
File size=15498------------------------=[end]

[begin]------------------------=
[2013/05/29 08:45:50] [articles_controller.rb: 1576]
word=ソーラー
File size=15654------------------------=[end]

[begin]------------------------=
[2013/05/29 08:45:50] [articles_controller.rb: 1576]
word=原油
File size=15810------------------------=[end]

[begin]------------------------=
[2013/05/29 08:45:50] [articles_controller.rb: 1576]
word=原発
File size=15960------------------------=[end]

[begin]------------------------=
[2013/05/29 08:45:50] [articles_controller.rb: 1576]
word=石油
File size=16110------------------------=[end]

[begin]------------------------=
[2013/05/29 08:45:50] [articles_controller.rb: 1576]
word=エネルギー
File size=16260------------------------=[end]

[begin]------------------------=
[2013/05/29 08:45:50] [articles_controller.rb: 1576]
word=発電
File size=16419------------------------=[end]

[begin]------------------------=
[2013/05/29 08:45:50] [articles_controller.rb: 1576]
word=火力
File size=16569------------------------=[end]

[begin]------------------------=
[2013/05/29 08:45:50] [articles_controller.rb: 1576]
word=証券
File size=16719------------------------=[end]

[begin]------------------------=
[2013/05/29 08:45:50] [articles_controller.rb: 1576]
word=相場
File size=16869------------------------=[end]

[begin]------------------------=
[2013/05/29 08:45:50] [articles_controller.rb: 1576]
word=円
File size=17019------------------------=[end]

[begin]------------------------=
[2013/05/29 08:45:50] [articles_controller.rb: 1576]
word=日経平均
File size=17166------------------------=[end]

[begin]------------------------=
[2013/05/29 08:45:50] [articles_controller.rb: 1576]
word=ＥＵＲＩＢＯＲ
File size=17322------------------------=[end]

[begin]------------------------=
[2013/05/29 08:45:50] [articles_controller.rb: 1576]
word=米国
File size=17487------------------------=[end]

[begin]------------------------=
[2013/05/29 08:45:50] [articles_controller.rb: 1576]
word=米
File size=17637------------------------=[end]

[begin]------------------------=
[2013/05/29 08:45:50] [articles_controller.rb: 1576]
word=米国
File size=17784------------------------=[end]

[begin]------------------------=
[2013/05/29 08:45:50] [articles_controller.rb: 1576]
word=米
File size=17934------------------------=[end]

[begin]------------------------=
[2013/05/29 08:45:50] [articles_controller.rb: 1576]
word=アメリカ
File size=18081------------------------=[end]

[begin]------------------------=
[2013/05/29 08:45:50] [articles_controller.rb: 1576]
word=中国
File size=18237------------------------=[end]

[begin]------------------------=
[2013/05/29 08:45:50] [articles_controller.rb: 1576]
word=中
File size=18387------------------------=[end]

[begin]------------------------=
[2013/05/29 08:45:50] [articles_controller.rb: 1576]
word=ヨーロッパ
File size=18534------------------------=[end]

[begin]------------------------=
[2013/05/29 08:45:50] [articles_controller.rb: 1576]
word=欧州
File size=18693------------------------=[end]

[begin]------------------------=
[2013/05/29 08:45:50] [articles_controller.rb: 1576]
word=欧
File size=18843------------------------=[end]

[begin]------------------------=
[2013/05/29 08:45:50] [articles_controller.rb: 1576]
word=EURIBOR
File size=18990------------------------=[end]

[begin]------------------------=
[2013/05/29 08:45:50] [articles_controller.rb: 1576]
word=EURO
File size=19141------------------------=[end]

[begin]------------------------=
[2013/05/29 08:45:50] [articles_controller.rb: 1576]
word=ユーロ
File size=19289------------------------=[end]

[begin]------------------------=
[2013/05/29 08:45:50] [articles_controller.rb: 1576]
word=ロシア
File size=19442------------------------=[end]

[begin]------------------------=
[2013/05/29 08:45:50] [articles_controller.rb: 1576]
word=東欧
File size=19595------------------------=[end]

[begin]------------------------=
[2013/05/29 08:45:50] [articles_controller.rb: 1576]
word=ポーランド
File size=19745------------------------=[end]

[begin]------------------------=
[2013/05/29 08:45:50] [articles_controller.rb: 1576]
word=イギリス
File size=19904------------------------=[end]

