[begin]------------------------=
[2013/05/29 08:49:38] [articles_controller.rb: 1576]
word=東芝
File size=0------------------------=[end]

[begin]------------------------=
[2013/05/29 08:49:38] [articles_controller.rb: 1576]
word=三菱電
File size=146------------------------=[end]

[begin]------------------------=
[2013/05/29 08:49:38] [articles_controller.rb: 1576]
word=セイコー
File size=297------------------------=[end]

[begin]------------------------=
[2013/05/29 08:49:38] [articles_controller.rb: 1576]
word=ガソリン
File size=451------------------------=[end]

[begin]------------------------=
[2013/05/29 08:49:38] [articles_controller.rb: 1576]
word=ソーラー
File size=605------------------------=[end]

[begin]------------------------=
[2013/05/29 08:49:38] [articles_controller.rb: 1576]
word=原油
File size=759------------------------=[end]

[begin]------------------------=
[2013/05/29 08:49:38] [articles_controller.rb: 1576]
word=原発
File size=907------------------------=[end]

[begin]------------------------=
[2013/05/29 08:49:38] [articles_controller.rb: 1576]
word=石油
File size=1055------------------------=[end]

[begin]------------------------=
[2013/05/29 08:49:38] [articles_controller.rb: 1576]
word=エネルギー
File size=1204------------------------=[end]

[begin]------------------------=
[2013/05/29 08:49:38] [articles_controller.rb: 1576]
word=発電
File size=1362------------------------=[end]

[begin]------------------------=
[2013/05/29 08:49:38] [articles_controller.rb: 1576]
word=火力
File size=1511------------------------=[end]

[begin]------------------------=
[2013/05/29 08:49:38] [articles_controller.rb: 1576]
word=証券
File size=1660------------------------=[end]

[begin]------------------------=
[2013/05/29 08:49:38] [articles_controller.rb: 1576]
word=相場
File size=1809------------------------=[end]

[begin]------------------------=
[2013/05/29 08:49:38] [articles_controller.rb: 1576]
word=円
File size=1958------------------------=[end]

[begin]------------------------=
[2013/05/29 08:49:38] [articles_controller.rb: 1576]
word=日経平均
File size=2104------------------------=[end]

[begin]------------------------=
[2013/05/29 08:49:38] [articles_controller.rb: 1576]
word=ＥＵＲＩＢＯＲ
File size=2259------------------------=[end]

[begin]------------------------=
[2013/05/29 08:49:38] [articles_controller.rb: 1576]
word=米国
File size=2423------------------------=[end]

[begin]------------------------=
[2013/05/29 08:49:38] [articles_controller.rb: 1576]
word=米
File size=2572------------------------=[end]

[begin]------------------------=
[2013/05/29 08:49:38] [articles_controller.rb: 1576]
word=アメリカ
File size=2718------------------------=[end]

[begin]------------------------=
[2013/05/29 08:49:38] [articles_controller.rb: 1576]
word=中国
File size=2873------------------------=[end]

[begin]------------------------=
[2013/05/29 08:49:38] [articles_controller.rb: 1576]
word=中
File size=3022------------------------=[end]

[begin]------------------------=
[2013/05/29 08:49:38] [articles_controller.rb: 1576]
word=ヨーロッパ
File size=3168------------------------=[end]

[begin]------------------------=
[2013/05/29 08:49:38] [articles_controller.rb: 1576]
word=欧州
File size=3326------------------------=[end]

[begin]------------------------=
[2013/05/29 08:49:38] [articles_controller.rb: 1576]
word=欧
File size=3475------------------------=[end]

[begin]------------------------=
[2013/05/29 08:49:38] [articles_controller.rb: 1576]
word=EURIBOR
File size=3621------------------------=[end]

[begin]------------------------=
[2013/05/29 08:49:38] [articles_controller.rb: 1576]
word=EURO
File size=3771------------------------=[end]

[begin]------------------------=
[2013/05/29 08:49:38] [articles_controller.rb: 1576]
word=ユーロ
File size=3918------------------------=[end]

[begin]------------------------=
[2013/05/29 08:49:38] [articles_controller.rb: 1576]
word=ロシア
File size=4070------------------------=[end]

[begin]------------------------=
[2013/05/29 08:49:38] [articles_controller.rb: 1576]
word=東欧
File size=4222------------------------=[end]

[begin]------------------------=
[2013/05/29 08:49:38] [articles_controller.rb: 1576]
word=ポーランド
File size=4371------------------------=[end]

[begin]------------------------=
[2013/05/29 08:49:38] [articles_controller.rb: 1576]
word=イギリス
File size=4529------------------------=[end]

[begin]------------------------=
[2013/05/29 08:49:38] [articles_controller.rb: 1576]
word=フランス
File size=4684------------------------=[end]

[begin]------------------------=
[2013/05/29 08:49:38] [articles_controller.rb: 1576]
word=ドイツ
File size=4839------------------------=[end]

[begin]------------------------=
[2013/05/29 08:49:38] [articles_controller.rb: 1576]
word=スペイン
File size=4991------------------------=[end]

[begin]------------------------=
[2013/05/29 08:49:38] [articles_controller.rb: 1576]
word=イタリア
File size=5146------------------------=[end]

[begin]------------------------=
[2013/05/29 08:49:38] [articles_controller.rb: 1576]
word=伊
File size=5301------------------------=[end]

[begin]------------------------=
[2013/05/29 08:49:38] [articles_controller.rb: 1576]
word=ポルトガル
File size=5447------------------------=[end]

[begin]------------------------=
[2013/05/29 08:49:38] [articles_controller.rb: 1576]
word=韓国
File size=5605------------------------=[end]

[begin]------------------------=
[2013/05/29 08:49:38] [articles_controller.rb: 1576]
word=韓
File size=5754------------------------=[end]

[begin]------------------------=
[2013/05/29 08:49:38] [articles_controller.rb: 1576]
word=朝鮮
File size=5900------------------------=[end]

[begin]------------------------=
[2013/05/29 08:49:38] [articles_controller.rb: 1576]
word=サムスン
File size=6049------------------------=[end]

[begin]------------------------=
[2013/05/29 08:49:38] [articles_controller.rb: 1576]
word=現代
File size=6204------------------------=[end]

[begin]------------------------=
[2013/05/29 08:49:38] [articles_controller.rb: 1576]
word=イラン
File size=6353------------------------=[end]

[begin]------------------------=
[2013/05/29 08:49:38] [articles_controller.rb: 1576]
word=シリア
File size=6505------------------------=[end]

[begin]------------------------=
[2013/05/29 08:49:38] [articles_controller.rb: 1576]
word=イラク
File size=6657------------------------=[end]

[begin]------------------------=
[2013/05/29 08:49:38] [articles_controller.rb: 1576]
word=自動車
File size=6809------------------------=[end]

[begin]------------------------=
[2013/05/29 08:49:38] [articles_controller.rb: 1576]
word=乗用車
File size=6961------------------------=[end]

[begin]------------------------=
[2013/05/29 08:49:38] [articles_controller.rb: 1576]
word=日産
File size=7113------------------------=[end]

[begin]------------------------=
[2013/05/29 08:49:38] [articles_controller.rb: 1576]
word=日野
File size=7262------------------------=[end]

[begin]------------------------=
[2013/05/29 08:49:38] [articles_controller.rb: 1576]
word=三菱自
File size=7411------------------------=[end]

[begin]------------------------=
[2013/05/29 08:49:38] [articles_controller.rb: 1576]
word=トヨタ
File size=7563------------------------=[end]

[begin]------------------------=
[2013/05/29 08:49:38] [articles_controller.rb: 1576]
word=米国
File size=7715------------------------=[end]

[begin]------------------------=
[2013/05/29 08:49:38] [articles_controller.rb: 1576]
word=米
File size=7864------------------------=[end]

[begin]------------------------=
[2013/05/29 08:49:38] [articles_controller.rb: 1576]
word=アメリカ
File size=8010------------------------=[end]

[begin]------------------------=
[2013/05/29 08:49:38] [articles_controller.rb: 1576]
word=中国
File size=8165------------------------=[end]

[begin]------------------------=
[2013/05/29 08:49:38] [articles_controller.rb: 1576]
word=中
File size=8314------------------------=[end]

[begin]------------------------=
[2013/05/29 08:49:38] [articles_controller.rb: 1576]
word=ヨーロッパ
File size=8460------------------------=[end]

[begin]------------------------=
[2013/05/29 08:49:38] [articles_controller.rb: 1576]
word=欧州
File size=8618------------------------=[end]

[begin]------------------------=
[2013/05/29 08:49:38] [articles_controller.rb: 1576]
word=欧
File size=8767------------------------=[end]

[begin]------------------------=
[2013/05/29 08:49:38] [articles_controller.rb: 1576]
word=EURIBOR
File size=8913------------------------=[end]

[begin]------------------------=
[2013/05/29 08:49:38] [articles_controller.rb: 1576]
word=EURO
File size=9063------------------------=[end]

[begin]------------------------=
[2013/05/29 08:49:38] [articles_controller.rb: 1576]
word=ユーロ
File size=9210------------------------=[end]

[begin]------------------------=
[2013/05/29 08:49:38] [articles_controller.rb: 1576]
word=ロシア
File size=9362------------------------=[end]

[begin]------------------------=
[2013/05/29 08:49:38] [articles_controller.rb: 1576]
word=東欧
File size=9514------------------------=[end]

[begin]------------------------=
[2013/05/29 08:49:38] [articles_controller.rb: 1576]
word=ポーランド
File size=9663------------------------=[end]

[begin]------------------------=
[2013/05/29 08:49:38] [articles_controller.rb: 1576]
word=イギリス
File size=9821------------------------=[end]

[begin]------------------------=
[2013/05/29 08:49:38] [articles_controller.rb: 1576]
word=フランス
File size=9976------------------------=[end]

[begin]------------------------=
[2013/05/29 08:49:38] [articles_controller.rb: 1576]
word=ドイツ
File size=10131------------------------=[end]

[begin]------------------------=
[2013/05/29 08:49:38] [articles_controller.rb: 1576]
word=スペイン
File size=10284------------------------=[end]

[begin]------------------------=
[2013/05/29 08:49:38] [articles_controller.rb: 1576]
word=イタリア
File size=10440------------------------=[end]

[begin]------------------------=
[2013/05/29 08:49:38] [articles_controller.rb: 1576]
word=伊
File size=10596------------------------=[end]

[begin]------------------------=
[2013/05/29 08:49:38] [articles_controller.rb: 1576]
word=ポルトガル
File size=10743------------------------=[end]

[begin]------------------------=
[2013/05/29 08:49:38] [articles_controller.rb: 1576]
word=韓国
File size=10902------------------------=[end]

[begin]------------------------=
[2013/05/29 08:49:38] [articles_controller.rb: 1576]
word=韓
File size=11052------------------------=[end]

[begin]------------------------=
[2013/05/29 08:49:38] [articles_controller.rb: 1576]
word=朝鮮
File size=11199------------------------=[end]

[begin]------------------------=
[2013/05/29 08:49:38] [articles_controller.rb: 1576]
word=サムスン
File size=11349------------------------=[end]

[begin]------------------------=
[2013/05/29 08:49:38] [articles_controller.rb: 1576]
word=現代
File size=11505------------------------=[end]

[begin]------------------------=
[2013/05/29 08:49:38] [articles_controller.rb: 1576]
word=イラン
File size=11655------------------------=[end]

[begin]------------------------=
[2013/05/29 08:49:38] [articles_controller.rb: 1576]
word=シリア
File size=11808------------------------=[end]

[begin]------------------------=
[2013/05/29 08:49:38] [articles_controller.rb: 1576]
word=イラク
File size=11961------------------------=[end]

[begin]------------------------=
[2013/05/29 08:49:38] [articles_controller.rb: 1576]
word=自動車
File size=12114------------------------=[end]

[begin]------------------------=
[2013/05/29 08:49:38] [articles_controller.rb: 1576]
word=乗用車
File size=12267------------------------=[end]

[begin]------------------------=
[2013/05/29 08:49:38] [articles_controller.rb: 1576]
word=日産
File size=12420------------------------=[end]

[begin]------------------------=
[2013/05/29 08:49:38] [articles_controller.rb: 1576]
word=日野
File size=12570------------------------=[end]

[begin]------------------------=
[2013/05/29 08:49:38] [articles_controller.rb: 1576]
word=三菱自
File size=12720------------------------=[end]

[begin]------------------------=
[2013/05/29 08:49:38] [articles_controller.rb: 1576]
word=トヨタ
File size=12873------------------------=[end]

[begin]------------------------=
[2013/05/29 08:49:38] [articles_controller.rb: 1576]
word=ダイハツ
File size=13026------------------------=[end]

[begin]------------------------=
[2013/05/29 08:49:38] [articles_controller.rb: 1576]
word=ホンダ
File size=13182------------------------=[end]

[begin]------------------------=
[2013/05/29 08:49:38] [articles_controller.rb: 1576]
word=マツダ
File size=13335------------------------=[end]

[begin]------------------------=
[2013/05/29 08:49:38] [articles_controller.rb: 1576]
word=ＢＭＷ
File size=13488------------------------=[end]

[begin]------------------------=
[2013/05/29 08:49:38] [articles_controller.rb: 1576]
word=BMW
File size=13641------------------------=[end]

[begin]------------------------=
[2013/05/29 08:49:38] [articles_controller.rb: 1576]
word=ベンツ
File size=13788------------------------=[end]

[begin]------------------------=
[2013/05/29 08:49:38] [articles_controller.rb: 1576]
word=ソニー
File size=13941------------------------=[end]

[begin]------------------------=
[2013/05/29 08:49:38] [articles_controller.rb: 1576]
word=パナソニック
File size=14094------------------------=[end]

[begin]------------------------=
[2013/05/29 08:49:38] [articles_controller.rb: 1576]
word=松下
File size=14256------------------------=[end]

[begin]------------------------=
[2013/05/29 08:49:38] [articles_controller.rb: 1576]
word=シャープ
File size=14406------------------------=[end]

[begin]------------------------=
[2013/05/29 08:49:38] [articles_controller.rb: 1576]
word=東芝
File size=14562------------------------=[end]

[begin]------------------------=
[2013/05/29 08:49:38] [articles_controller.rb: 1576]
word=三菱電
File size=14712------------------------=[end]

[begin]------------------------=
[2013/05/29 08:49:38] [articles_controller.rb: 1576]
word=セイコー
File size=14865------------------------=[end]

[begin]------------------------=
[2013/05/29 08:49:38] [articles_controller.rb: 1576]
word=ガソリン
File size=15021------------------------=[end]

[begin]------------------------=
[2013/05/29 08:49:38] [articles_controller.rb: 1576]
word=ソーラー
File size=15177------------------------=[end]

[begin]------------------------=
[2013/05/29 08:49:38] [articles_controller.rb: 1576]
word=原油
File size=15333------------------------=[end]

[begin]------------------------=
[2013/05/29 08:49:38] [articles_controller.rb: 1576]
word=原発
File size=15483------------------------=[end]

[begin]------------------------=
[2013/05/29 08:49:38] [articles_controller.rb: 1576]
word=石油
File size=15633------------------------=[end]

[begin]------------------------=
[2013/05/29 08:49:38] [articles_controller.rb: 1576]
word=エネルギー
File size=15783------------------------=[end]

[begin]------------------------=
[2013/05/29 08:49:38] [articles_controller.rb: 1576]
word=発電
File size=15942------------------------=[end]

[begin]------------------------=
[2013/05/29 08:49:38] [articles_controller.rb: 1576]
word=火力
File size=16092------------------------=[end]

[begin]------------------------=
[2013/05/29 08:49:38] [articles_controller.rb: 1576]
word=証券
File size=16242------------------------=[end]

[begin]------------------------=
[2013/05/29 08:49:38] [articles_controller.rb: 1576]
word=相場
File size=16392------------------------=[end]

[begin]------------------------=
[2013/05/29 08:49:38] [articles_controller.rb: 1576]
word=円
File size=16542------------------------=[end]

[begin]------------------------=
[2013/05/29 08:49:38] [articles_controller.rb: 1576]
word=米国
File size=16689------------------------=[end]

[begin]------------------------=
[2013/05/29 08:49:38] [articles_controller.rb: 1576]
word=米
File size=16839------------------------=[end]

[begin]------------------------=
[2013/05/29 08:49:38] [articles_controller.rb: 1576]
word=アメリカ
File size=16986------------------------=[end]

[begin]------------------------=
[2013/05/29 08:49:38] [articles_controller.rb: 1576]
word=中国
File size=17142------------------------=[end]

[begin]------------------------=
[2013/05/29 08:49:38] [articles_controller.rb: 1576]
word=中
File size=17292------------------------=[end]

[begin]------------------------=
[2013/05/29 08:49:38] [articles_controller.rb: 1576]
word=ヨーロッパ
File size=17439------------------------=[end]

[begin]------------------------=
[2013/05/29 08:49:38] [articles_controller.rb: 1576]
word=欧州
File size=17598------------------------=[end]

[begin]------------------------=
[2013/05/29 08:49:38] [articles_controller.rb: 1576]
word=欧
File size=17748------------------------=[end]

[begin]------------------------=
[2013/05/29 08:49:38] [articles_controller.rb: 1576]
word=EURIBOR
File size=17895------------------------=[end]

[begin]------------------------=
[2013/05/29 08:49:38] [articles_controller.rb: 1576]
word=EURO
File size=18046------------------------=[end]

[begin]------------------------=
[2013/05/29 08:49:38] [articles_controller.rb: 1576]
word=ユーロ
File size=18194------------------------=[end]

[begin]------------------------=
[2013/05/29 08:49:38] [articles_controller.rb: 1576]
word=ロシア
File size=18347------------------------=[end]

[begin]------------------------=
[2013/05/29 08:49:38] [articles_controller.rb: 1576]
word=東欧
File size=18500------------------------=[end]

[begin]------------------------=
[2013/05/29 08:49:38] [articles_controller.rb: 1576]
word=ポーランド
File size=18650------------------------=[end]

[begin]------------------------=
[2013/05/29 08:49:38] [articles_controller.rb: 1576]
word=イギリス
File size=18809------------------------=[end]

[begin]------------------------=
[2013/05/29 08:49:38] [articles_controller.rb: 1576]
word=フランス
File size=18965------------------------=[end]

[begin]------------------------=
[2013/05/29 08:49:38] [articles_controller.rb: 1576]
word=ドイツ
File size=19121------------------------=[end]

[begin]------------------------=
[2013/05/29 08:49:38] [articles_controller.rb: 1576]
word=スペイン
File size=19274------------------------=[end]

[begin]------------------------=
[2013/05/29 08:49:38] [articles_controller.rb: 1576]
word=イタリア
File size=19430------------------------=[end]

[begin]------------------------=
[2013/05/29 08:49:38] [articles_controller.rb: 1576]
word=伊
File size=19586------------------------=[end]

[begin]------------------------=
[2013/05/29 08:49:38] [articles_controller.rb: 1576]
word=ポルトガル
File size=19733------------------------=[end]

[begin]------------------------=
[2013/05/29 08:49:38] [articles_controller.rb: 1576]
word=韓国
File size=19892------------------------=[end]

