[begin]------------------------=
[2013/05/29 09:42:13] [articles_controller.rb: 1669]
kw=米
File size=0------------------------=[end]

[begin]------------------------=
[2013/05/29 09:42:13] [articles_controller.rb: 1669]
kw=米国
File size=141------------------------=[end]

[begin]------------------------=
[2013/05/29 09:42:13] [articles_controller.rb: 1669]
kw=米国
File size=287------------------------=[end]

[begin]------------------------=
[2013/05/29 09:42:13] [articles_controller.rb: 1669]
kw=米
File size=433------------------------=[end]

[begin]------------------------=
[2013/05/29 09:42:13] [articles_controller.rb: 1669]
kw=米国
File size=576------------------------=[end]

[begin]------------------------=
[2013/05/29 09:42:13] [articles_controller.rb: 1669]
kw=米
File size=722------------------------=[end]

[begin]------------------------=
[2013/05/29 09:42:13] [articles_controller.rb: 1669]
kw=米国
File size=865------------------------=[end]

[begin]------------------------=
[2013/05/29 09:42:13] [articles_controller.rb: 1669]
kw=米
File size=1011------------------------=[end]

[begin]------------------------=
[2013/05/29 09:42:13] [articles_controller.rb: 1669]
kw=米国
File size=1155------------------------=[end]

[begin]------------------------=
[2013/05/29 09:42:13] [articles_controller.rb: 1669]
kw=米
File size=1302------------------------=[end]

[begin]------------------------=
[2013/05/29 09:42:13] [articles_controller.rb: 1669]
kw=米国
File size=1446------------------------=[end]

[begin]------------------------=
[2013/05/29 09:42:13] [articles_controller.rb: 1669]
kw=米
File size=1593------------------------=[end]

[begin]------------------------=
[2013/05/29 09:42:13] [articles_controller.rb: 1669]
kw=米国
File size=1737------------------------=[end]

[begin]------------------------=
[2013/05/29 09:42:13] [articles_controller.rb: 1669]
kw=米
File size=1884------------------------=[end]

[begin]------------------------=
[2013/05/29 09:42:13] [articles_controller.rb: 1669]
kw=米国
File size=2028------------------------=[end]

[begin]------------------------=
[2013/05/29 09:42:13] [articles_controller.rb: 1669]
kw=米
File size=2175------------------------=[end]

[begin]------------------------=
[2013/05/29 09:42:13] [articles_controller.rb: 1669]
kw=米国
File size=2319------------------------=[end]

[begin]------------------------=
[2013/05/29 09:42:13] [articles_controller.rb: 1669]
kw=米
File size=2466------------------------=[end]

[begin]------------------------=
[2013/05/29 09:42:13] [articles_controller.rb: 1669]
kw=米国
File size=2610------------------------=[end]

[begin]------------------------=
[2013/05/29 09:42:13] [articles_controller.rb: 1669]
kw=米
File size=2757------------------------=[end]

[begin]------------------------=
[2013/05/29 09:42:13] [articles_controller.rb: 1669]
kw=米国
File size=2901------------------------=[end]

[begin]------------------------=
[2013/05/29 09:42:13] [articles_controller.rb: 1669]
kw=米
File size=3048------------------------=[end]

[begin]------------------------=
[2013/05/29 09:42:13] [articles_controller.rb: 1669]
kw=米国
File size=3192------------------------=[end]

[begin]------------------------=
[2013/05/29 09:42:13] [articles_controller.rb: 1669]
kw=米
File size=3339------------------------=[end]

[begin]------------------------=
[2013/05/29 09:42:13] [articles_controller.rb: 1669]
kw=米国
File size=3483------------------------=[end]

[begin]------------------------=
[2013/05/29 09:42:13] [articles_controller.rb: 1669]
kw=米
File size=3630------------------------=[end]

[begin]------------------------=
[2013/05/29 09:42:13] [articles_controller.rb: 1669]
kw=米国
File size=3774------------------------=[end]

[begin]------------------------=
[2013/05/29 09:42:13] [articles_controller.rb: 1669]
kw=米
File size=3921------------------------=[end]

[begin]------------------------=
[2013/05/29 09:42:13] [articles_controller.rb: 1669]
kw=米国
File size=4065------------------------=[end]

[begin]------------------------=
[2013/05/29 09:42:13] [articles_controller.rb: 1669]
kw=米
File size=4212------------------------=[end]

[begin]------------------------=
[2013/05/29 09:42:13] [articles_controller.rb: 1669]
kw=米国
File size=4356------------------------=[end]

[begin]------------------------=
[2013/05/29 09:42:13] [articles_controller.rb: 1669]
kw=米
File size=4503------------------------=[end]

[begin]------------------------=
[2013/05/29 09:42:13] [articles_controller.rb: 1669]
kw=米国
File size=4647------------------------=[end]

[begin]------------------------=
[2013/05/29 09:42:13] [articles_controller.rb: 1669]
kw=米
File size=4794------------------------=[end]

[begin]------------------------=
[2013/05/29 09:42:13] [articles_controller.rb: 1669]
kw=米国
File size=4938------------------------=[end]

[begin]------------------------=
[2013/05/29 09:42:13] [articles_controller.rb: 1669]
kw=米
File size=5085------------------------=[end]

[begin]------------------------=
[2013/05/29 09:42:13] [articles_controller.rb: 1669]
kw=米国
File size=5229------------------------=[end]

[begin]------------------------=
[2013/05/29 09:42:13] [articles_controller.rb: 1669]
kw=米
File size=5376------------------------=[end]

[begin]------------------------=
[2013/05/29 09:42:13] [articles_controller.rb: 1669]
kw=米国
File size=5520------------------------=[end]

[begin]------------------------=
[2013/05/29 09:42:13] [articles_controller.rb: 1669]
kw=米
File size=5667------------------------=[end]

[begin]------------------------=
[2013/05/29 09:42:13] [articles_controller.rb: 1669]
kw=米国
File size=5811------------------------=[end]

[begin]------------------------=
[2013/05/29 09:42:13] [articles_controller.rb: 1669]
kw=米
File size=5958------------------------=[end]

[begin]------------------------=
[2013/05/29 09:42:13] [articles_controller.rb: 1669]
kw=米国
File size=6102------------------------=[end]

[begin]------------------------=
[2013/05/29 09:42:13] [articles_controller.rb: 1669]
kw=米
File size=6249------------------------=[end]

[begin]------------------------=
[2013/05/29 09:42:13] [articles_controller.rb: 1669]
kw=米国
File size=6393------------------------=[end]

[begin]------------------------=
[2013/05/29 09:42:13] [articles_controller.rb: 1669]
kw=米
File size=6540------------------------=[end]

[begin]------------------------=
[2013/05/29 09:42:13] [articles_controller.rb: 1669]
kw=米国
File size=6684------------------------=[end]

[begin]------------------------=
[2013/05/29 09:42:13] [articles_controller.rb: 1669]
kw=米
File size=6831------------------------=[end]

[begin]------------------------=
[2013/05/29 09:42:13] [articles_controller.rb: 1669]
kw=米国
File size=6975------------------------=[end]

[begin]------------------------=
[2013/05/29 09:42:13] [articles_controller.rb: 1669]
kw=米
File size=7122------------------------=[end]

[begin]------------------------=
[2013/05/29 09:42:13] [articles_controller.rb: 1669]
kw=米国
File size=7266------------------------=[end]

[begin]------------------------=
[2013/05/29 09:42:13] [articles_controller.rb: 1669]
kw=米
File size=7413------------------------=[end]

[begin]------------------------=
[2013/05/29 09:42:13] [articles_controller.rb: 1669]
kw=米国
File size=7557------------------------=[end]

[begin]------------------------=
[2013/05/29 09:42:13] [articles_controller.rb: 1669]
kw=米
File size=7704------------------------=[end]

[begin]------------------------=
[2013/05/29 09:42:13] [articles_controller.rb: 1669]
kw=米国
File size=7848------------------------=[end]

[begin]------------------------=
[2013/05/29 09:42:13] [articles_controller.rb: 1669]
kw=米
File size=7995------------------------=[end]

[begin]------------------------=
[2013/05/29 09:42:13] [articles_controller.rb: 1669]
kw=米国
File size=8139------------------------=[end]

[begin]------------------------=
[2013/05/29 09:42:13] [articles_controller.rb: 1669]
kw=米
File size=8286------------------------=[end]

[begin]------------------------=
[2013/05/29 09:42:13] [articles_controller.rb: 1669]
kw=米国
File size=8430------------------------=[end]

[begin]------------------------=
[2013/05/29 09:42:13] [articles_controller.rb: 1669]
kw=米
File size=8577------------------------=[end]

[begin]------------------------=
[2013/05/29 09:42:13] [articles_controller.rb: 1669]
kw=米国
File size=8721------------------------=[end]

[begin]------------------------=
[2013/05/29 09:42:13] [articles_controller.rb: 1669]
kw=米
File size=8868------------------------=[end]

[begin]------------------------=
[2013/05/29 09:42:13] [articles_controller.rb: 1669]
kw=米国
File size=9012------------------------=[end]

[begin]------------------------=
[2013/05/29 09:42:13] [articles_controller.rb: 1669]
kw=米
File size=9159------------------------=[end]

[begin]------------------------=
[2013/05/29 09:42:13] [articles_controller.rb: 1669]
kw=米国
File size=9303------------------------=[end]

[begin]------------------------=
[2013/05/29 09:42:13] [articles_controller.rb: 1669]
kw=米
File size=9450------------------------=[end]

[begin]------------------------=
[2013/05/29 09:42:16] [articles_controller.rb: 1368]

number=3
File size=9594------------------------=[end]

[begin]------------------------=
[2013/05/29 09:42:16] [C:/WORKS/WS/WS_Android~/NewsReader3/app/controllers/articles_controller.rb: 1388]
int
File size=9742------------------------=[end]

[begin]------------------------=
[2013/05/29 09:42:16] [articles_controller.rb: 39]
genre=int
File size=9935------------------------=[end]

[begin]------------------------=
[2013/05/29 09:42:16] [articles_controller.rb: 140]
genre.name =>Overseas
File size=10080------------------------=[end]

[begin]------------------------=
[2013/05/29 09:42:16] [articles_controller.rb: 150]
genre != nil => Overseas
File size=10239------------------------=[end]

[begin]------------------------=
[2013/05/29 09:42:16] [articles_controller.rb: 159]
categories.size=1
File size=10401------------------------=[end]

[begin]------------------------=
[2013/05/29 09:42:16] [articles_controller.rb: 204]
category_names.size=2
File size=10556------------------------=[end]

[begin]------------------------=
[2013/05/29 09:42:16] [articles_controller.rb: 78]
@category_names.size=2
File size=10715------------------------=[end]

[begin]------------------------=
[2013/05/29 09:42:16] [articles_controller.rb: 1298]
category.name=US
File size=10874------------------------=[end]

[begin]------------------------=
[2013/05/29 09:42:16] [articles_controller.rb: 1307]
kws.size=2
File size=11029------------------------=[end]

[begin]------------------------=
[2013/05/29 09:42:17] [articles_controller.rb: 492]
vendor_list.size=0/a_tags_href.size=75
File size=11178------------------------=[end]

[begin]------------------------=
[2013/05/29 09:42:17] [articles_controller.rb: 1650]
keywords.length=2
File size=11354------------------------=[end]

[begin]------------------------=
[2013/05/29 09:42:17] [articles_controller.rb: 1669]
kw=米国
File size=11510------------------------=[end]

[begin]------------------------=
[2013/05/29 09:42:17] [articles_controller.rb: 1669]
kw=米
File size=11658------------------------=[end]

[begin]------------------------=
[2013/05/29 09:42:17] [articles_controller.rb: 1669]
kw=米国
File size=11803------------------------=[end]

[begin]------------------------=
[2013/05/29 09:42:17] [articles_controller.rb: 1669]
kw=米
File size=11951------------------------=[end]

[begin]------------------------=
[2013/05/29 09:42:17] [articles_controller.rb: 1669]
kw=米国
File size=12096------------------------=[end]

[begin]------------------------=
[2013/05/29 09:42:17] [articles_controller.rb: 1669]
kw=米
File size=12244------------------------=[end]

[begin]------------------------=
[2013/05/29 09:42:17] [articles_controller.rb: 1669]
kw=米国
File size=12389------------------------=[end]

[begin]------------------------=
[2013/05/29 09:42:17] [articles_controller.rb: 1669]
kw=米
File size=12537------------------------=[end]

[begin]------------------------=
[2013/05/29 09:42:17] [articles_controller.rb: 1669]
kw=米国
File size=12682------------------------=[end]

[begin]------------------------=
[2013/05/29 09:42:17] [articles_controller.rb: 1669]
kw=米
File size=12830------------------------=[end]

[begin]------------------------=
[2013/05/29 09:42:17] [articles_controller.rb: 1669]
kw=米国
File size=12975------------------------=[end]

[begin]------------------------=
[2013/05/29 09:42:17] [articles_controller.rb: 1669]
kw=米
File size=13123------------------------=[end]

[begin]------------------------=
[2013/05/29 09:42:17] [articles_controller.rb: 1669]
kw=米国
File size=13268------------------------=[end]

[begin]------------------------=
[2013/05/29 09:42:17] [articles_controller.rb: 1669]
kw=米
File size=13416------------------------=[end]

[begin]------------------------=
[2013/05/29 09:42:17] [articles_controller.rb: 1669]
kw=米国
File size=13561------------------------=[end]

[begin]------------------------=
[2013/05/29 09:42:17] [articles_controller.rb: 1669]
kw=米
File size=13709------------------------=[end]

[begin]------------------------=
[2013/05/29 09:42:17] [articles_controller.rb: 1669]
kw=米国
File size=13854------------------------=[end]

[begin]------------------------=
[2013/05/29 09:42:17] [articles_controller.rb: 1669]
kw=米
File size=14002------------------------=[end]

[begin]------------------------=
[2013/05/29 09:42:17] [articles_controller.rb: 1669]
kw=米国
File size=14147------------------------=[end]

[begin]------------------------=
[2013/05/29 09:42:17] [articles_controller.rb: 1669]
kw=米国
File size=14295------------------------=[end]

[begin]------------------------=
[2013/05/29 09:42:17] [articles_controller.rb: 1669]
kw=米
File size=14443------------------------=[end]

[begin]------------------------=
[2013/05/29 09:42:17] [articles_controller.rb: 1669]
kw=米国
File size=14588------------------------=[end]

[begin]------------------------=
[2013/05/29 09:42:17] [articles_controller.rb: 1669]
kw=米
File size=14736------------------------=[end]

[begin]------------------------=
[2013/05/29 09:42:17] [articles_controller.rb: 1669]
kw=米国
File size=14881------------------------=[end]

[begin]------------------------=
[2013/05/29 09:42:17] [articles_controller.rb: 1669]
kw=米
File size=15029------------------------=[end]

[begin]------------------------=
[2013/05/29 09:42:17] [articles_controller.rb: 1669]
kw=米国
File size=15174------------------------=[end]

[begin]------------------------=
[2013/05/29 09:42:17] [articles_controller.rb: 1669]
kw=米国
File size=15322------------------------=[end]

[begin]------------------------=
[2013/05/29 09:42:17] [articles_controller.rb: 1669]
kw=米
File size=15470------------------------=[end]

[begin]------------------------=
[2013/05/29 09:42:17] [articles_controller.rb: 1669]
kw=米国
File size=15615------------------------=[end]

[begin]------------------------=
[2013/05/29 09:42:17] [articles_controller.rb: 1669]
kw=米
File size=15763------------------------=[end]

[begin]------------------------=
[2013/05/29 09:42:17] [articles_controller.rb: 1669]
kw=米国
File size=15908------------------------=[end]

[begin]------------------------=
[2013/05/29 09:42:17] [articles_controller.rb: 1669]
kw=米
File size=16056------------------------=[end]

[begin]------------------------=
[2013/05/29 09:42:17] [articles_controller.rb: 1669]
kw=米国
File size=16201------------------------=[end]

[begin]------------------------=
[2013/05/29 09:42:17] [articles_controller.rb: 1669]
kw=米
File size=16349------------------------=[end]

[begin]------------------------=
[2013/05/29 09:42:17] [articles_controller.rb: 1669]
kw=米国
File size=16494------------------------=[end]

[begin]------------------------=
[2013/05/29 09:42:17] [articles_controller.rb: 1669]
kw=米
File size=16642------------------------=[end]

[begin]------------------------=
[2013/05/29 09:42:17] [articles_controller.rb: 1669]
kw=米国
File size=16787------------------------=[end]

[begin]------------------------=
[2013/05/29 09:42:17] [articles_controller.rb: 1669]
kw=米
File size=16935------------------------=[end]

[begin]------------------------=
[2013/05/29 09:42:17] [articles_controller.rb: 1669]
kw=米国
File size=17080------------------------=[end]

[begin]------------------------=
[2013/05/29 09:42:17] [articles_controller.rb: 1669]
kw=米
File size=17228------------------------=[end]

[begin]------------------------=
[2013/05/29 09:42:17] [articles_controller.rb: 1669]
kw=米国
File size=17373------------------------=[end]

[begin]------------------------=
[2013/05/29 09:42:17] [articles_controller.rb: 1669]
kw=米
File size=17521------------------------=[end]

[begin]------------------------=
[2013/05/29 09:42:17] [articles_controller.rb: 1669]
kw=米国
File size=17666------------------------=[end]

[begin]------------------------=
[2013/05/29 09:42:17] [articles_controller.rb: 1669]
kw=米
File size=17814------------------------=[end]

[begin]------------------------=
[2013/05/29 09:42:17] [articles_controller.rb: 1669]
kw=米国
File size=17959------------------------=[end]

[begin]------------------------=
[2013/05/29 09:42:17] [articles_controller.rb: 1669]
kw=米
File size=18107------------------------=[end]

[begin]------------------------=
[2013/05/29 09:42:17] [articles_controller.rb: 1669]
kw=米国
File size=18252------------------------=[end]

[begin]------------------------=
[2013/05/29 09:42:17] [articles_controller.rb: 1669]
kw=米
File size=18400------------------------=[end]

[begin]------------------------=
[2013/05/29 09:42:17] [articles_controller.rb: 1669]
kw=米国
File size=18545------------------------=[end]

[begin]------------------------=
[2013/05/29 09:42:17] [articles_controller.rb: 1669]
kw=米
File size=18693------------------------=[end]

[begin]------------------------=
[2013/05/29 09:42:18] [articles_controller.rb: 1669]
kw=米国
File size=18838------------------------=[end]

[begin]------------------------=
[2013/05/29 09:42:18] [articles_controller.rb: 1669]
kw=米
File size=18986------------------------=[end]

[begin]------------------------=
[2013/05/29 09:42:18] [articles_controller.rb: 1669]
kw=米国
File size=19131------------------------=[end]

[begin]------------------------=
[2013/05/29 09:42:18] [articles_controller.rb: 1669]
kw=米
File size=19279------------------------=[end]

[begin]------------------------=
[2013/05/29 09:42:18] [articles_controller.rb: 1669]
kw=米国
File size=19424------------------------=[end]

[begin]------------------------=
[2013/05/29 09:42:18] [articles_controller.rb: 1669]
kw=米
File size=19572------------------------=[end]

[begin]------------------------=
[2013/05/29 09:42:18] [articles_controller.rb: 1669]
kw=米国
File size=19717------------------------=[end]

[begin]------------------------=
[2013/05/29 09:42:18] [articles_controller.rb: 1669]
kw=米
File size=19865------------------------=[end]

