[begin]------------------------=
[2013/05/29 09:11:05] [articles_controller.rb: 1576]
word=スペイン
File size=0------------------------=[end]

[begin]------------------------=
[2013/05/29 09:11:05] [articles_controller.rb: 1576]
word=イタリア
File size=152------------------------=[end]

[begin]------------------------=
[2013/05/29 09:11:05] [articles_controller.rb: 1576]
word=伊
File size=306------------------------=[end]

[begin]------------------------=
[2013/05/29 09:11:05] [articles_controller.rb: 1576]
word=ポルトガル
File size=451------------------------=[end]

[begin]------------------------=
[2013/05/29 09:11:05] [articles_controller.rb: 1576]
word=韓国
File size=608------------------------=[end]

[begin]------------------------=
[2013/05/29 09:11:05] [articles_controller.rb: 1576]
word=韓
File size=756------------------------=[end]

[begin]------------------------=
[2013/05/29 09:11:05] [articles_controller.rb: 1576]
word=朝鮮
File size=901------------------------=[end]

[begin]------------------------=
[2013/05/29 09:11:05] [articles_controller.rb: 1576]
word=サムスン
File size=1049------------------------=[end]

[begin]------------------------=
[2013/05/29 09:11:05] [articles_controller.rb: 1576]
word=現代
File size=1204------------------------=[end]

[begin]------------------------=
[2013/05/29 09:11:05] [articles_controller.rb: 1576]
word=イラン
File size=1353------------------------=[end]

[begin]------------------------=
[2013/05/29 09:11:05] [articles_controller.rb: 1576]
word=シリア
File size=1505------------------------=[end]

[begin]------------------------=
[2013/05/29 09:11:05] [articles_controller.rb: 1576]
word=イラク
File size=1657------------------------=[end]

[begin]------------------------=
[2013/05/29 09:11:05] [articles_controller.rb: 1576]
word=自動車
File size=1809------------------------=[end]

[begin]------------------------=
[2013/05/29 09:11:05] [articles_controller.rb: 1576]
word=乗用車
File size=1961------------------------=[end]

[begin]------------------------=
[2013/05/29 09:11:05] [articles_controller.rb: 1576]
word=日産
File size=2113------------------------=[end]

[begin]------------------------=
[2013/05/29 09:11:05] [articles_controller.rb: 1576]
word=日野
File size=2262------------------------=[end]

[begin]------------------------=
[2013/05/29 09:11:05] [articles_controller.rb: 1576]
word=三菱自
File size=2411------------------------=[end]

[begin]------------------------=
[2013/05/29 09:11:05] [articles_controller.rb: 1576]
word=トヨタ
File size=2563------------------------=[end]

[begin]------------------------=
[2013/05/29 09:11:05] [articles_controller.rb: 1576]
word=ダイハツ
File size=2715------------------------=[end]

[begin]------------------------=
[2013/05/29 09:11:05] [articles_controller.rb: 1576]
word=ホンダ
File size=2870------------------------=[end]

[begin]------------------------=
[2013/05/29 09:11:05] [articles_controller.rb: 1576]
word=マツダ
File size=3022------------------------=[end]

[begin]------------------------=
[2013/05/29 09:11:05] [articles_controller.rb: 1576]
word=ＢＭＷ
File size=3174------------------------=[end]

[begin]------------------------=
[2013/05/29 09:11:05] [articles_controller.rb: 1576]
word=BMW
File size=3326------------------------=[end]

[begin]------------------------=
[2013/05/29 09:11:05] [articles_controller.rb: 1576]
word=ベンツ
File size=3472------------------------=[end]

[begin]------------------------=
[2013/05/29 09:11:05] [articles_controller.rb: 1576]
word=ソニー
File size=3624------------------------=[end]

[begin]------------------------=
[2013/05/29 09:11:05] [articles_controller.rb: 1576]
word=パナソニック
File size=3776------------------------=[end]

[begin]------------------------=
[2013/05/29 09:11:05] [articles_controller.rb: 1576]
word=松下
File size=3937------------------------=[end]

[begin]------------------------=
[2013/05/29 09:11:05] [articles_controller.rb: 1576]
word=シャープ
File size=4086------------------------=[end]

[begin]------------------------=
[2013/05/29 09:11:05] [articles_controller.rb: 1576]
word=東芝
File size=4241------------------------=[end]

[begin]------------------------=
[2013/05/29 09:11:05] [articles_controller.rb: 1576]
word=三菱電
File size=4390------------------------=[end]

[begin]------------------------=
[2013/05/29 09:11:05] [articles_controller.rb: 1576]
word=セイコー
File size=4542------------------------=[end]

[begin]------------------------=
[2013/05/29 09:11:05] [articles_controller.rb: 1576]
word=ガソリン
File size=4697------------------------=[end]

[begin]------------------------=
[2013/05/29 09:11:05] [articles_controller.rb: 1576]
word=ソーラー
File size=4852------------------------=[end]

[begin]------------------------=
[2013/05/29 09:11:05] [articles_controller.rb: 1576]
word=原油
File size=5007------------------------=[end]

[begin]------------------------=
[2013/05/29 09:11:05] [articles_controller.rb: 1576]
word=原発
File size=5156------------------------=[end]

[begin]------------------------=
[2013/05/29 09:11:05] [articles_controller.rb: 1576]
word=石油
File size=5305------------------------=[end]

[begin]------------------------=
[2013/05/29 09:11:05] [articles_controller.rb: 1576]
word=エネルギー
File size=5454------------------------=[end]

[begin]------------------------=
[2013/05/29 09:11:05] [articles_controller.rb: 1576]
word=発電
File size=5612------------------------=[end]

[begin]------------------------=
[2013/05/29 09:11:05] [articles_controller.rb: 1576]
word=火力
File size=5761------------------------=[end]

[begin]------------------------=
[2013/05/29 09:11:05] [articles_controller.rb: 1576]
word=証券
File size=5910------------------------=[end]

[begin]------------------------=
[2013/05/29 09:11:05] [articles_controller.rb: 1576]
word=相場
File size=6059------------------------=[end]

[begin]------------------------=
[2013/05/29 09:11:05] [articles_controller.rb: 1576]
word=円
File size=6208------------------------=[end]

[begin]------------------------=
[2013/05/29 09:11:05] [articles_controller.rb: 1576]
word=日経平均
File size=6354------------------------=[end]

[begin]------------------------=
[2013/05/29 09:11:05] [articles_controller.rb: 1576]
word=ＥＵＲＩＢＯＲ
File size=6509------------------------=[end]

[begin]------------------------=
[2013/05/29 09:11:05] [articles_controller.rb: 1576]
word=米国
File size=6673------------------------=[end]

[begin]------------------------=
[2013/05/29 09:11:05] [articles_controller.rb: 1576]
word=米
File size=6822------------------------=[end]

[begin]------------------------=
[2013/05/29 09:11:05] [articles_controller.rb: 1576]
word=アメリカ
File size=6968------------------------=[end]

[begin]------------------------=
[2013/05/29 09:11:05] [articles_controller.rb: 1576]
word=中国
File size=7123------------------------=[end]

[begin]------------------------=
[2013/05/29 09:11:05] [articles_controller.rb: 1576]
word=中
File size=7272------------------------=[end]

[begin]------------------------=
[2013/05/29 09:11:05] [articles_controller.rb: 1576]
word=ヨーロッパ
File size=7418------------------------=[end]

[begin]------------------------=
[2013/05/29 09:11:05] [articles_controller.rb: 1576]
word=欧州
File size=7576------------------------=[end]

[begin]------------------------=
[2013/05/29 09:11:05] [articles_controller.rb: 1576]
word=欧
File size=7725------------------------=[end]

[begin]------------------------=
[2013/05/29 09:11:05] [articles_controller.rb: 1576]
word=EURIBOR
File size=7871------------------------=[end]

[begin]------------------------=
[2013/05/29 09:11:05] [articles_controller.rb: 1576]
word=EURO
File size=8021------------------------=[end]

[begin]------------------------=
[2013/05/29 09:11:05] [articles_controller.rb: 1576]
word=ユーロ
File size=8168------------------------=[end]

[begin]------------------------=
[2013/05/29 09:11:05] [articles_controller.rb: 1576]
word=ロシア
File size=8320------------------------=[end]

[begin]------------------------=
[2013/05/29 09:11:05] [articles_controller.rb: 1576]
word=東欧
File size=8472------------------------=[end]

[begin]------------------------=
[2013/05/29 09:11:05] [articles_controller.rb: 1576]
word=ポーランド
File size=8621------------------------=[end]

[begin]------------------------=
[2013/05/29 09:11:05] [articles_controller.rb: 1576]
word=イギリス
File size=8779------------------------=[end]

[begin]------------------------=
[2013/05/29 09:11:05] [articles_controller.rb: 1576]
word=フランス
File size=8934------------------------=[end]

[begin]------------------------=
[2013/05/29 09:11:05] [articles_controller.rb: 1576]
word=ドイツ
File size=9089------------------------=[end]

[begin]------------------------=
[2013/05/29 09:11:05] [articles_controller.rb: 1576]
word=スペイン
File size=9241------------------------=[end]

[begin]------------------------=
[2013/05/29 09:11:05] [articles_controller.rb: 1576]
word=イタリア
File size=9396------------------------=[end]

[begin]------------------------=
[2013/05/29 09:11:05] [articles_controller.rb: 1576]
word=伊
File size=9551------------------------=[end]

[begin]------------------------=
[2013/05/29 09:11:05] [articles_controller.rb: 1576]
word=ポルトガル
File size=9697------------------------=[end]

[begin]------------------------=
[2013/05/29 09:11:05] [articles_controller.rb: 1576]
word=韓国
File size=9855------------------------=[end]

[begin]------------------------=
[2013/05/29 09:11:05] [articles_controller.rb: 1576]
word=韓
File size=10004------------------------=[end]

[begin]------------------------=
[2013/05/29 09:11:05] [articles_controller.rb: 1576]
word=朝鮮
File size=10151------------------------=[end]

[begin]------------------------=
[2013/05/29 09:11:05] [articles_controller.rb: 1576]
word=サムスン
File size=10301------------------------=[end]

[begin]------------------------=
[2013/05/29 09:11:05] [articles_controller.rb: 1576]
word=現代
File size=10457------------------------=[end]

[begin]------------------------=
[2013/05/29 09:11:05] [articles_controller.rb: 1576]
word=イラン
File size=10607------------------------=[end]

[begin]------------------------=
[2013/05/29 09:11:05] [articles_controller.rb: 1576]
word=シリア
File size=10760------------------------=[end]

[begin]------------------------=
[2013/05/29 09:11:05] [articles_controller.rb: 1576]
word=イラク
File size=10913------------------------=[end]

[begin]------------------------=
[2013/05/29 09:11:05] [articles_controller.rb: 1576]
word=自動車
File size=11066------------------------=[end]

[begin]------------------------=
[2013/05/29 09:11:05] [articles_controller.rb: 1576]
word=乗用車
File size=11219------------------------=[end]

[begin]------------------------=
[2013/05/29 09:11:05] [articles_controller.rb: 1576]
word=日産
File size=11372------------------------=[end]

[begin]------------------------=
[2013/05/29 09:11:05] [articles_controller.rb: 1576]
word=日野
File size=11522------------------------=[end]

[begin]------------------------=
[2013/05/29 09:11:05] [articles_controller.rb: 1576]
word=三菱自
File size=11672------------------------=[end]

[begin]------------------------=
[2013/05/29 09:11:05] [articles_controller.rb: 1576]
word=トヨタ
File size=11825------------------------=[end]

[begin]------------------------=
[2013/05/29 09:11:05] [articles_controller.rb: 1576]
word=ダイハツ
File size=11978------------------------=[end]

[begin]------------------------=
[2013/05/29 09:11:05] [articles_controller.rb: 1576]
word=ホンダ
File size=12134------------------------=[end]

[begin]------------------------=
[2013/05/29 09:11:05] [articles_controller.rb: 1576]
word=マツダ
File size=12287------------------------=[end]

[begin]------------------------=
[2013/05/29 09:11:05] [articles_controller.rb: 1576]
word=ＢＭＷ
File size=12440------------------------=[end]

[begin]------------------------=
[2013/05/29 09:11:05] [articles_controller.rb: 1576]
word=BMW
File size=12593------------------------=[end]

[begin]------------------------=
[2013/05/29 09:11:05] [articles_controller.rb: 1576]
word=ベンツ
File size=12740------------------------=[end]

[begin]------------------------=
[2013/05/29 09:11:05] [articles_controller.rb: 1576]
word=ソニー
File size=12893------------------------=[end]

[begin]------------------------=
[2013/05/29 09:11:05] [articles_controller.rb: 1576]
word=パナソニック
File size=13046------------------------=[end]

[begin]------------------------=
[2013/05/29 09:11:05] [articles_controller.rb: 1576]
word=松下
File size=13208------------------------=[end]

[begin]------------------------=
[2013/05/29 09:11:05] [articles_controller.rb: 1576]
word=シャープ
File size=13358------------------------=[end]

[begin]------------------------=
[2013/05/29 09:11:05] [articles_controller.rb: 1576]
word=東芝
File size=13514------------------------=[end]

[begin]------------------------=
[2013/05/29 09:11:05] [articles_controller.rb: 1576]
word=三菱電
File size=13664------------------------=[end]

[begin]------------------------=
[2013/05/29 09:11:05] [articles_controller.rb: 1576]
word=セイコー
File size=13817------------------------=[end]

[begin]------------------------=
[2013/05/29 09:11:05] [articles_controller.rb: 1576]
word=ガソリン
File size=13973------------------------=[end]

[begin]------------------------=
[2013/05/29 09:11:05] [articles_controller.rb: 1576]
word=ソーラー
File size=14129------------------------=[end]

[begin]------------------------=
[2013/05/29 09:11:05] [articles_controller.rb: 1576]
word=原油
File size=14285------------------------=[end]

[begin]------------------------=
[2013/05/29 09:11:05] [articles_controller.rb: 1576]
word=原発
File size=14435------------------------=[end]

[begin]------------------------=
[2013/05/29 09:11:05] [articles_controller.rb: 1576]
word=石油
File size=14585------------------------=[end]

[begin]------------------------=
[2013/05/29 09:11:05] [articles_controller.rb: 1576]
word=エネルギー
File size=14735------------------------=[end]

[begin]------------------------=
[2013/05/29 09:11:05] [articles_controller.rb: 1576]
word=発電
File size=14894------------------------=[end]

[begin]------------------------=
[2013/05/29 09:11:05] [articles_controller.rb: 1576]
word=火力
File size=15044------------------------=[end]

[begin]------------------------=
[2013/05/29 09:11:05] [articles_controller.rb: 1576]
word=証券
File size=15194------------------------=[end]

[begin]------------------------=
[2013/05/29 09:11:05] [articles_controller.rb: 1576]
word=相場
File size=15344------------------------=[end]

[begin]------------------------=
[2013/05/29 09:11:05] [articles_controller.rb: 1576]
word=円
File size=15494------------------------=[end]

[begin]------------------------=
[2013/05/29 09:11:05] [articles_controller.rb: 1576]
word=米国
File size=15641------------------------=[end]

[begin]------------------------=
[2013/05/29 09:11:05] [articles_controller.rb: 1576]
word=米
File size=15791------------------------=[end]

[begin]------------------------=
[2013/05/29 09:11:05] [articles_controller.rb: 1576]
word=アメリカ
File size=15938------------------------=[end]

[begin]------------------------=
[2013/05/29 09:11:05] [articles_controller.rb: 1576]
word=中国
File size=16094------------------------=[end]

[begin]------------------------=
[2013/05/29 09:11:05] [articles_controller.rb: 1576]
word=中
File size=16244------------------------=[end]

[begin]------------------------=
[2013/05/29 09:11:05] [articles_controller.rb: 1576]
word=ヨーロッパ
File size=16391------------------------=[end]

[begin]------------------------=
[2013/05/29 09:11:05] [articles_controller.rb: 1576]
word=欧州
File size=16550------------------------=[end]

[begin]------------------------=
[2013/05/29 09:11:05] [articles_controller.rb: 1576]
word=欧
File size=16700------------------------=[end]

[begin]------------------------=
[2013/05/29 09:11:05] [articles_controller.rb: 1576]
word=EURIBOR
File size=16847------------------------=[end]

[begin]------------------------=
[2013/05/29 09:11:05] [articles_controller.rb: 1576]
word=EURO
File size=16998------------------------=[end]

[begin]------------------------=
[2013/05/29 09:11:05] [articles_controller.rb: 1576]
word=ユーロ
File size=17146------------------------=[end]

[begin]------------------------=
[2013/05/29 09:11:05] [articles_controller.rb: 1576]
word=ロシア
File size=17299------------------------=[end]

[begin]------------------------=
[2013/05/29 09:11:05] [articles_controller.rb: 1576]
word=東欧
File size=17452------------------------=[end]

[begin]------------------------=
[2013/05/29 09:11:05] [articles_controller.rb: 1576]
word=ポーランド
File size=17602------------------------=[end]

[begin]------------------------=
[2013/05/29 09:11:05] [articles_controller.rb: 1576]
word=イギリス
File size=17761------------------------=[end]

[begin]------------------------=
[2013/05/29 09:11:05] [articles_controller.rb: 1576]
word=フランス
File size=17917------------------------=[end]

[begin]------------------------=
[2013/05/29 09:11:05] [articles_controller.rb: 1576]
word=ドイツ
File size=18073------------------------=[end]

[begin]------------------------=
[2013/05/29 09:11:05] [articles_controller.rb: 1576]
word=スペイン
File size=18226------------------------=[end]

[begin]------------------------=
[2013/05/29 09:11:05] [articles_controller.rb: 1576]
word=イタリア
File size=18382------------------------=[end]

[begin]------------------------=
[2013/05/29 09:11:05] [articles_controller.rb: 1576]
word=伊
File size=18538------------------------=[end]

[begin]------------------------=
[2013/05/29 09:11:05] [articles_controller.rb: 1576]
word=ポルトガル
File size=18685------------------------=[end]

[begin]------------------------=
[2013/05/29 09:11:05] [articles_controller.rb: 1576]
word=韓国
File size=18844------------------------=[end]

[begin]------------------------=
[2013/05/29 09:11:05] [articles_controller.rb: 1576]
word=韓
File size=18994------------------------=[end]

[begin]------------------------=
[2013/05/29 09:11:05] [articles_controller.rb: 1576]
word=朝鮮
File size=19141------------------------=[end]

[begin]------------------------=
[2013/05/29 09:11:05] [articles_controller.rb: 1576]
word=サムスン
File size=19291------------------------=[end]

[begin]------------------------=
[2013/05/29 09:11:05] [articles_controller.rb: 1576]
word=現代
File size=19447------------------------=[end]

[begin]------------------------=
[2013/05/29 09:11:05] [articles_controller.rb: 1576]
word=イラン
File size=19597------------------------=[end]

[begin]------------------------=
[2013/05/29 09:11:05] [articles_controller.rb: 1576]
word=シリア
File size=19750------------------------=[end]

[begin]------------------------=
[2013/05/29 09:11:05] [articles_controller.rb: 1576]
word=イラク
File size=19903------------------------=[end]

