[begin]------------------------=
[2013/05/30 20:56:02] [articles_controller.rb: 1669]
kw=米国
File size=0------------------------=[end]

[begin]------------------------=
[2013/05/30 20:56:02] [articles_controller.rb: 1669]
kw=米
File size=144------------------------=[end]

[begin]------------------------=
[2013/05/30 20:56:02] [articles_controller.rb: 1669]
kw=米国
File size=287------------------------=[end]

[begin]------------------------=
[2013/05/30 20:56:02] [articles_controller.rb: 1669]
kw=米
File size=433------------------------=[end]

[begin]------------------------=
[2013/05/30 20:56:02] [articles_controller.rb: 1669]
kw=米国
File size=576------------------------=[end]

[begin]------------------------=
[2013/05/30 20:56:02] [articles_controller.rb: 1669]
kw=米
File size=722------------------------=[end]

[begin]------------------------=
[2013/05/30 20:56:02] [articles_controller.rb: 1669]
kw=米国
File size=865------------------------=[end]

[begin]------------------------=
[2013/05/30 20:56:02] [articles_controller.rb: 1669]
kw=米
File size=1011------------------------=[end]

[begin]------------------------=
[2013/05/30 20:56:02] [articles_controller.rb: 1669]
kw=米国
File size=1155------------------------=[end]

[begin]------------------------=
[2013/05/30 20:56:02] [articles_controller.rb: 1669]
kw=米
File size=1302------------------------=[end]

[begin]------------------------=
[2013/05/30 20:56:02] [articles_controller.rb: 1669]
kw=米国
File size=1446------------------------=[end]

[begin]------------------------=
[2013/05/30 20:56:02] [articles_controller.rb: 1669]
kw=米
File size=1593------------------------=[end]

[begin]------------------------=
[2013/05/30 20:56:02] [articles_controller.rb: 1669]
kw=米国
File size=1737------------------------=[end]

[begin]------------------------=
[2013/05/30 20:56:02] [articles_controller.rb: 1669]
kw=米
File size=1884------------------------=[end]

[begin]------------------------=
[2013/05/30 20:56:02] [articles_controller.rb: 1669]
kw=米国
File size=2028------------------------=[end]

[begin]------------------------=
[2013/05/30 20:56:02] [articles_controller.rb: 1669]
kw=米
File size=2175------------------------=[end]

[begin]------------------------=
[2013/05/30 20:56:02] [articles_controller.rb: 1669]
kw=米国
File size=2319------------------------=[end]

[begin]------------------------=
[2013/05/30 20:56:02] [articles_controller.rb: 1669]
kw=米
File size=2466------------------------=[end]

[begin]------------------------=
[2013/05/30 20:56:02] [articles_controller.rb: 1669]
kw=米国
File size=2610------------------------=[end]

[begin]------------------------=
[2013/05/30 20:56:02] [articles_controller.rb: 1669]
kw=米
File size=2757------------------------=[end]

[begin]------------------------=
[2013/05/30 20:56:02] [articles_controller.rb: 1669]
kw=米国
File size=2901------------------------=[end]

[begin]------------------------=
[2013/05/30 20:56:02] [articles_controller.rb: 1669]
kw=米
File size=3048------------------------=[end]

[begin]------------------------=
[2013/05/30 20:56:02] [articles_controller.rb: 1669]
kw=米国
File size=3192------------------------=[end]

[begin]------------------------=
[2013/05/30 20:56:02] [articles_controller.rb: 1669]
kw=米
File size=3339------------------------=[end]

[begin]------------------------=
[2013/05/30 20:56:02] [articles_controller.rb: 1669]
kw=米国
File size=3483------------------------=[end]

[begin]------------------------=
[2013/05/30 20:56:02] [articles_controller.rb: 1669]
kw=米
File size=3630------------------------=[end]

[begin]------------------------=
[2013/05/30 20:56:02] [articles_controller.rb: 1669]
kw=米国
File size=3774------------------------=[end]

[begin]------------------------=
[2013/05/30 20:56:02] [articles_controller.rb: 1669]
kw=米
File size=3921------------------------=[end]

[begin]------------------------=
[2013/05/30 20:56:02] [articles_controller.rb: 1669]
kw=米国
File size=4065------------------------=[end]

[begin]------------------------=
[2013/05/30 20:56:02] [articles_controller.rb: 1669]
kw=米
File size=4212------------------------=[end]

[begin]------------------------=
[2013/05/30 20:58:19] [articles_controller.rb: 1368]

number=3
File size=4356------------------------=[end]

[begin]------------------------=
[2013/05/30 20:58:19] [C:/WORKS/WS/WS_Android~/NewsReader3/app/controllers/articles_controller.rb: 1388]
int
File size=4504------------------------=[end]

[begin]------------------------=
[2013/05/30 20:58:19] [articles_controller.rb: 39]
genre=int
File size=4697------------------------=[end]

[begin]------------------------=
[2013/05/30 20:58:19] [articles_controller.rb: 140]
genre.name =>Overseas
File size=4842------------------------=[end]

[begin]------------------------=
[2013/05/30 20:58:19] [articles_controller.rb: 150]
genre != nil => Overseas
File size=5000------------------------=[end]

[begin]------------------------=
[2013/05/30 20:58:19] [articles_controller.rb: 159]
categories.size=1
File size=5161------------------------=[end]

[begin]------------------------=
[2013/05/30 20:58:19] [articles_controller.rb: 204]
category_names.size=2
File size=5315------------------------=[end]

[begin]------------------------=
[2013/05/30 20:58:19] [articles_controller.rb: 78]
@category_names.size=2
File size=5473------------------------=[end]

[begin]------------------------=
[2013/05/30 20:58:19] [articles_controller.rb: 1298]
category.name=US
File size=5631------------------------=[end]

[begin]------------------------=
[2013/05/30 20:58:19] [articles_controller.rb: 1307]
kws.size=2
File size=5785------------------------=[end]

[begin]------------------------=
[2013/05/30 20:58:20] [articles_controller.rb: 492]
vendor_list.size=0/a_tags_href.size=75
File size=5933------------------------=[end]

[begin]------------------------=
[2013/05/30 20:58:20] [articles_controller.rb: 1651]
keywords.length=2
File size=6108------------------------=[end]

[begin]------------------------=
[2013/05/30 20:58:20] [articles_controller.rb: 1670]
kw=米国
File size=6263------------------------=[end]

[begin]------------------------=
[2013/05/30 20:58:20] [articles_controller.rb: 1670]
kw=米
File size=6410------------------------=[end]

[begin]------------------------=
[2013/05/30 20:58:20] [articles_controller.rb: 1670]
kw=米国
File size=6554------------------------=[end]

[begin]------------------------=
[2013/05/30 20:58:20] [articles_controller.rb: 1670]
kw=米
File size=6701------------------------=[end]

[begin]------------------------=
[2013/05/30 20:58:20] [articles_controller.rb: 1670]
kw=米国
File size=6845------------------------=[end]

[begin]------------------------=
[2013/05/30 20:58:20] [articles_controller.rb: 1670]
kw=米
File size=6992------------------------=[end]

[begin]------------------------=
[2013/05/30 20:58:20] [articles_controller.rb: 1670]
kw=米国
File size=7136------------------------=[end]

[begin]------------------------=
[2013/05/30 20:58:20] [articles_controller.rb: 1670]
kw=米
File size=7283------------------------=[end]

[begin]------------------------=
[2013/05/30 20:58:20] [articles_controller.rb: 1670]
kw=米国
File size=7427------------------------=[end]

[begin]------------------------=
[2013/05/30 20:58:20] [articles_controller.rb: 1670]
kw=米
File size=7574------------------------=[end]

[begin]------------------------=
[2013/05/30 20:58:20] [articles_controller.rb: 1670]
kw=米国
File size=7718------------------------=[end]

[begin]------------------------=
[2013/05/30 20:58:20] [articles_controller.rb: 1670]
kw=米
File size=7865------------------------=[end]

[begin]------------------------=
[2013/05/30 20:58:20] [articles_controller.rb: 1670]
kw=米国
File size=8009------------------------=[end]

[begin]------------------------=
[2013/05/30 20:58:20] [articles_controller.rb: 1670]
kw=米
File size=8156------------------------=[end]

[begin]------------------------=
[2013/05/30 20:58:20] [articles_controller.rb: 1670]
kw=米国
File size=8300------------------------=[end]

[begin]------------------------=
[2013/05/30 20:58:20] [articles_controller.rb: 1670]
kw=米
File size=8447------------------------=[end]

[begin]------------------------=
[2013/05/30 20:58:20] [articles_controller.rb: 1670]
kw=米国
File size=8591------------------------=[end]

[begin]------------------------=
[2013/05/30 20:58:20] [articles_controller.rb: 1670]
kw=米
File size=8738------------------------=[end]

[begin]------------------------=
[2013/05/30 20:58:20] [articles_controller.rb: 1670]
kw=米国
File size=8882------------------------=[end]

[begin]------------------------=
[2013/05/30 20:58:20] [articles_controller.rb: 1670]
kw=米
File size=9029------------------------=[end]

[begin]------------------------=
[2013/05/30 20:58:20] [articles_controller.rb: 1670]
kw=米国
File size=9173------------------------=[end]

[begin]------------------------=
[2013/05/30 20:58:20] [articles_controller.rb: 1670]
kw=米
File size=9320------------------------=[end]

[begin]------------------------=
[2013/05/30 20:58:20] [articles_controller.rb: 1670]
kw=米国
File size=9464------------------------=[end]

[begin]------------------------=
[2013/05/30 20:58:20] [articles_controller.rb: 1670]
kw=米
File size=9611------------------------=[end]

[begin]------------------------=
[2013/05/30 20:58:20] [articles_controller.rb: 1670]
kw=米国
File size=9755------------------------=[end]

[begin]------------------------=
[2013/05/30 20:58:20] [articles_controller.rb: 1670]
kw=米
File size=9902------------------------=[end]

[begin]------------------------=
[2013/05/30 20:58:20] [articles_controller.rb: 1670]
kw=米国
File size=10046------------------------=[end]

[begin]------------------------=
[2013/05/30 20:58:20] [articles_controller.rb: 1670]
kw=米
File size=10194------------------------=[end]

[begin]------------------------=
[2013/05/30 20:58:20] [articles_controller.rb: 1670]
kw=米国
File size=10339------------------------=[end]

[begin]------------------------=
[2013/05/30 20:58:20] [articles_controller.rb: 1670]
kw=米
File size=10487------------------------=[end]

[begin]------------------------=
[2013/05/30 20:58:20] [articles_controller.rb: 1670]
kw=米国
File size=10632------------------------=[end]

[begin]------------------------=
[2013/05/30 20:58:20] [articles_controller.rb: 1670]
kw=米
File size=10780------------------------=[end]

[begin]------------------------=
[2013/05/30 20:58:20] [articles_controller.rb: 1670]
kw=米国
File size=10925------------------------=[end]

[begin]------------------------=
[2013/05/30 20:58:20] [articles_controller.rb: 1670]
kw=米
File size=11073------------------------=[end]

[begin]------------------------=
[2013/05/30 20:58:20] [articles_controller.rb: 1670]
kw=米国
File size=11218------------------------=[end]

[begin]------------------------=
[2013/05/30 20:58:20] [articles_controller.rb: 1670]
kw=米
File size=11366------------------------=[end]

[begin]------------------------=
[2013/05/30 20:58:20] [articles_controller.rb: 1670]
kw=米国
File size=11511------------------------=[end]

[begin]------------------------=
[2013/05/30 20:58:20] [articles_controller.rb: 1670]
kw=米
File size=11659------------------------=[end]

[begin]------------------------=
[2013/05/30 20:58:20] [articles_controller.rb: 1670]
kw=米国
File size=11804------------------------=[end]

[begin]------------------------=
[2013/05/30 20:58:20] [articles_controller.rb: 1670]
kw=米
File size=11952------------------------=[end]

[begin]------------------------=
[2013/05/30 20:58:20] [articles_controller.rb: 1670]
kw=米国
File size=12097------------------------=[end]

[begin]------------------------=
[2013/05/30 20:58:20] [articles_controller.rb: 1670]
kw=米
File size=12245------------------------=[end]

[begin]------------------------=
[2013/05/30 20:58:20] [articles_controller.rb: 1670]
kw=米国
File size=12390------------------------=[end]

[begin]------------------------=
[2013/05/30 20:58:20] [articles_controller.rb: 1670]
kw=米
File size=12538------------------------=[end]

[begin]------------------------=
[2013/05/30 20:58:20] [articles_controller.rb: 1670]
kw=米国
File size=12683------------------------=[end]

[begin]------------------------=
[2013/05/30 20:58:20] [articles_controller.rb: 1670]
kw=米
File size=12831------------------------=[end]

[begin]------------------------=
[2013/05/30 20:58:20] [articles_controller.rb: 1670]
kw=米国
File size=12976------------------------=[end]

[begin]------------------------=
[2013/05/30 20:58:20] [articles_controller.rb: 1670]
kw=米
File size=13124------------------------=[end]

[begin]------------------------=
[2013/05/30 20:58:20] [articles_controller.rb: 1670]
kw=米国
File size=13269------------------------=[end]

[begin]------------------------=
[2013/05/30 20:58:20] [articles_controller.rb: 1670]
kw=米
File size=13417------------------------=[end]

[begin]------------------------=
[2013/05/30 20:58:20] [articles_controller.rb: 1670]
kw=米国
File size=13562------------------------=[end]

[begin]------------------------=
[2013/05/30 20:58:20] [articles_controller.rb: 1670]
kw=米
File size=13710------------------------=[end]

[begin]------------------------=
[2013/05/30 20:58:20] [articles_controller.rb: 1670]
kw=米国
File size=13855------------------------=[end]

[begin]------------------------=
[2013/05/30 20:58:20] [articles_controller.rb: 1670]
kw=米
File size=14003------------------------=[end]

[begin]------------------------=
[2013/05/30 20:58:20] [articles_controller.rb: 1670]
kw=米国
File size=14148------------------------=[end]

[begin]------------------------=
[2013/05/30 20:58:20] [articles_controller.rb: 1670]
kw=米
File size=14296------------------------=[end]

[begin]------------------------=
[2013/05/30 20:58:20] [articles_controller.rb: 1670]
kw=米国
File size=14441------------------------=[end]

[begin]------------------------=
[2013/05/30 20:58:20] [articles_controller.rb: 1670]
kw=米
File size=14589------------------------=[end]

[begin]------------------------=
[2013/05/30 20:58:20] [articles_controller.rb: 1670]
kw=米国
File size=14734------------------------=[end]

[begin]------------------------=
[2013/05/30 20:58:20] [articles_controller.rb: 1670]
kw=米
File size=14882------------------------=[end]

[begin]------------------------=
[2013/05/30 20:58:20] [articles_controller.rb: 1670]
kw=米国
File size=15027------------------------=[end]

[begin]------------------------=
[2013/05/30 20:58:20] [articles_controller.rb: 1670]
kw=米
File size=15175------------------------=[end]

[begin]------------------------=
[2013/05/30 20:58:20] [articles_controller.rb: 1670]
kw=米国
File size=15320------------------------=[end]

[begin]------------------------=
[2013/05/30 20:58:20] [articles_controller.rb: 1670]
kw=米
File size=15468------------------------=[end]

[begin]------------------------=
[2013/05/30 20:58:20] [articles_controller.rb: 1670]
kw=米国
File size=15613------------------------=[end]

[begin]------------------------=
[2013/05/30 20:58:20] [articles_controller.rb: 1670]
kw=米
File size=15761------------------------=[end]

[begin]------------------------=
[2013/05/30 20:58:20] [articles_controller.rb: 1670]
kw=米国
File size=15906------------------------=[end]

[begin]------------------------=
[2013/05/30 20:58:20] [articles_controller.rb: 1670]
kw=米
File size=16054------------------------=[end]

[begin]------------------------=
[2013/05/30 20:58:20] [articles_controller.rb: 1670]
kw=米国
File size=16199------------------------=[end]

[begin]------------------------=
[2013/05/30 20:58:20] [articles_controller.rb: 1670]
kw=米
File size=16347------------------------=[end]

[begin]------------------------=
[2013/05/30 20:58:20] [articles_controller.rb: 1670]
kw=米国
File size=16492------------------------=[end]

[begin]------------------------=
[2013/05/30 20:58:20] [articles_controller.rb: 1670]
kw=米
File size=16640------------------------=[end]

[begin]------------------------=
[2013/05/30 20:58:20] [articles_controller.rb: 1670]
kw=米国
File size=16785------------------------=[end]

[begin]------------------------=
[2013/05/30 20:58:20] [articles_controller.rb: 1670]
kw=米
File size=16933------------------------=[end]

[begin]------------------------=
[2013/05/30 20:58:20] [articles_controller.rb: 1670]
kw=米国
File size=17078------------------------=[end]

[begin]------------------------=
[2013/05/30 20:58:20] [articles_controller.rb: 1670]
kw=米
File size=17226------------------------=[end]

[begin]------------------------=
[2013/05/30 20:58:20] [articles_controller.rb: 1670]
kw=米国
File size=17371------------------------=[end]

[begin]------------------------=
[2013/05/30 20:58:20] [articles_controller.rb: 1670]
kw=米
File size=17519------------------------=[end]

[begin]------------------------=
[2013/05/30 20:58:20] [articles_controller.rb: 1670]
kw=米国
File size=17664------------------------=[end]

[begin]------------------------=
[2013/05/30 20:58:20] [articles_controller.rb: 1670]
kw=米
File size=17812------------------------=[end]

[begin]------------------------=
[2013/05/30 20:58:20] [articles_controller.rb: 1670]
kw=米国
File size=17957------------------------=[end]

[begin]------------------------=
[2013/05/30 20:58:20] [articles_controller.rb: 1670]
kw=米
File size=18105------------------------=[end]

[begin]------------------------=
[2013/05/30 20:58:20] [articles_controller.rb: 1670]
kw=米国
File size=18250------------------------=[end]

[begin]------------------------=
[2013/05/30 20:58:20] [articles_controller.rb: 1670]
kw=米
File size=18398------------------------=[end]

[begin]------------------------=
[2013/05/30 20:58:20] [articles_controller.rb: 1670]
kw=米国
File size=18543------------------------=[end]

[begin]------------------------=
[2013/05/30 20:58:20] [articles_controller.rb: 1670]
kw=米
File size=18691------------------------=[end]

[begin]------------------------=
[2013/05/30 20:58:20] [articles_controller.rb: 1670]
kw=米国
File size=18836------------------------=[end]

[begin]------------------------=
[2013/05/30 20:58:20] [articles_controller.rb: 1670]
kw=米
File size=18984------------------------=[end]

[begin]------------------------=
[2013/05/30 20:58:20] [articles_controller.rb: 1670]
kw=米国
File size=19129------------------------=[end]

[begin]------------------------=
[2013/05/30 20:58:20] [articles_controller.rb: 1670]
kw=米
File size=19277------------------------=[end]

[begin]------------------------=
[2013/05/30 20:58:20] [articles_controller.rb: 1670]
kw=米国
File size=19422------------------------=[end]

[begin]------------------------=
[2013/05/30 20:58:20] [articles_controller.rb: 1670]
kw=米
File size=19570------------------------=[end]

[begin]------------------------=
[2013/05/30 20:58:20] [articles_controller.rb: 1670]
kw=米国
File size=19715------------------------=[end]

[begin]------------------------=
[2013/05/30 20:58:20] [articles_controller.rb: 1670]
kw=米
File size=19863------------------------=[end]

[begin]------------------------=
[2013/05/30 20:58:20] [articles_controller.rb: 1670]
kw=米国
File size=20008------------------------=[end]

[begin]------------------------=
[2013/05/30 20:58:20] [articles_controller.rb: 1670]
kw=米
File size=20156------------------------=[end]

[begin]------------------------=
[2013/05/30 20:58:20] [articles_controller.rb: 1670]
kw=米国
File size=20301------------------------=[end]

[begin]------------------------=
[2013/05/30 20:58:20] [articles_controller.rb: 1670]
kw=米
File size=20449------------------------=[end]

[begin]------------------------=
[2013/05/30 20:58:20] [articles_controller.rb: 1670]
kw=米国
File size=20594------------------------=[end]

[begin]------------------------=
[2013/05/30 20:58:20] [articles_controller.rb: 1670]
kw=米
File size=20742------------------------=[end]

[begin]------------------------=
[2013/05/30 20:58:20] [articles_controller.rb: 1670]
kw=米国
File size=20887------------------------=[end]

[begin]------------------------=
[2013/05/30 20:58:20] [articles_controller.rb: 1670]
kw=米
File size=21035------------------------=[end]

[begin]------------------------=
[2013/05/30 20:58:20] [articles_controller.rb: 1670]
kw=米国
File size=21180------------------------=[end]

[begin]------------------------=
[2013/05/30 20:58:20] [articles_controller.rb: 1670]
kw=米
File size=21328------------------------=[end]

[begin]------------------------=
[2013/05/30 20:58:20] [articles_controller.rb: 1670]
kw=米国
File size=21473------------------------=[end]

[begin]------------------------=
[2013/05/30 20:58:20] [articles_controller.rb: 1670]
kw=米
File size=21621------------------------=[end]

[begin]------------------------=
[2013/05/30 20:58:20] [articles_controller.rb: 1670]
kw=米国
File size=21766------------------------=[end]

[begin]------------------------=
[2013/05/30 20:58:20] [articles_controller.rb: 1670]
kw=米
File size=21914------------------------=[end]

[begin]------------------------=
[2013/05/30 20:58:20] [articles_controller.rb: 1670]
kw=米国
File size=22059------------------------=[end]

[begin]------------------------=
[2013/05/30 20:58:20] [articles_controller.rb: 1670]
kw=米
File size=22207------------------------=[end]

[begin]------------------------=
[2013/05/30 20:58:20] [articles_controller.rb: 1670]
kw=米国
File size=22352------------------------=[end]

[begin]------------------------=
[2013/05/30 20:58:20] [articles_controller.rb: 1670]
kw=米
File size=22500------------------------=[end]

[begin]------------------------=
[2013/05/30 20:58:20] [articles_controller.rb: 1670]
kw=米国
File size=22645------------------------=[end]

[begin]------------------------=
[2013/05/30 20:58:20] [articles_controller.rb: 1670]
kw=米
File size=22793------------------------=[end]

[begin]------------------------=
[2013/05/30 20:58:20] [articles_controller.rb: 1670]
kw=米国
File size=22938------------------------=[end]

[begin]------------------------=
[2013/05/30 20:58:20] [articles_controller.rb: 1670]
kw=米
File size=23086------------------------=[end]

[begin]------------------------=
[2013/05/30 20:58:20] [articles_controller.rb: 1670]
kw=米国
File size=23231------------------------=[end]

[begin]------------------------=
[2013/05/30 20:58:20] [articles_controller.rb: 1670]
kw=米
File size=23379------------------------=[end]

[begin]------------------------=
[2013/05/30 20:58:20] [articles_controller.rb: 1670]
kw=米国
File size=23524------------------------=[end]

[begin]------------------------=
[2013/05/30 20:58:20] [articles_controller.rb: 1670]
kw=米
File size=23672------------------------=[end]

[begin]------------------------=
[2013/05/30 20:58:20] [articles_controller.rb: 1670]
kw=米国
File size=23817------------------------=[end]

[begin]------------------------=
[2013/05/30 20:58:20] [articles_controller.rb: 1670]
kw=米
File size=23965------------------------=[end]

[begin]------------------------=
[2013/05/30 20:58:20] [articles_controller.rb: 1670]
kw=米国
File size=24110------------------------=[end]

[begin]------------------------=
[2013/05/30 20:58:20] [articles_controller.rb: 1670]
kw=米
File size=24258------------------------=[end]

[begin]------------------------=
[2013/05/30 20:58:20] [articles_controller.rb: 1670]
kw=米国
File size=24403------------------------=[end]

[begin]------------------------=
[2013/05/30 20:58:20] [articles_controller.rb: 1670]
kw=米
File size=24551------------------------=[end]

[begin]------------------------=
[2013/05/30 20:58:20] [articles_controller.rb: 1670]
kw=米国
File size=24696------------------------=[end]

[begin]------------------------=
[2013/05/30 20:58:20] [articles_controller.rb: 1670]
kw=米
File size=24844------------------------=[end]

[begin]------------------------=
[2013/05/30 20:58:20] [articles_controller.rb: 1670]
kw=米国
File size=24989------------------------=[end]

[begin]------------------------=
[2013/05/30 20:58:20] [articles_controller.rb: 1670]
kw=米
File size=25137------------------------=[end]

[begin]------------------------=
[2013/05/30 20:58:20] [articles_controller.rb: 1670]
kw=米国
File size=25282------------------------=[end]

[begin]------------------------=
[2013/05/30 20:58:20] [articles_controller.rb: 1670]
kw=米
File size=25430------------------------=[end]

[begin]------------------------=
[2013/05/30 20:58:20] [articles_controller.rb: 1670]
kw=米国
File size=25575------------------------=[end]

[begin]------------------------=
[2013/05/30 20:58:20] [articles_controller.rb: 1670]
kw=米
File size=25723------------------------=[end]

[begin]------------------------=
[2013/05/30 20:58:20] [articles_controller.rb: 1670]
kw=米国
File size=25868------------------------=[end]

[begin]------------------------=
[2013/05/30 20:58:20] [articles_controller.rb: 1670]
kw=米
File size=26016------------------------=[end]

[begin]------------------------=
[2013/05/30 20:58:20] [articles_controller.rb: 1670]
kw=米国
File size=26161------------------------=[end]

[begin]------------------------=
[2013/05/30 20:58:20] [articles_controller.rb: 1670]
kw=米
File size=26309------------------------=[end]

[begin]------------------------=
[2013/05/30 20:58:20] [articles_controller.rb: 1670]
kw=米国
File size=26454------------------------=[end]

[begin]------------------------=
[2013/05/30 20:58:20] [articles_controller.rb: 1670]
kw=米
File size=26602------------------------=[end]

[begin]------------------------=
[2013/05/30 20:58:20] [articles_controller.rb: 1670]
kw=米国
File size=26747------------------------=[end]

[begin]------------------------=
[2013/05/30 20:58:20] [articles_controller.rb: 1670]
kw=米
File size=26895------------------------=[end]

[begin]------------------------=
[2013/05/30 20:58:20] [articles_controller.rb: 1670]
kw=米国
File size=27040------------------------=[end]

[begin]------------------------=
[2013/05/30 20:58:20] [articles_controller.rb: 1670]
kw=米
File size=27188------------------------=[end]

[begin]------------------------=
[2013/05/30 20:58:20] [articles_controller.rb: 1670]
kw=米国
File size=27333------------------------=[end]

[begin]------------------------=
[2013/05/30 20:58:20] [articles_controller.rb: 1670]
kw=米
File size=27481------------------------=[end]

[begin]------------------------=
[2013/05/30 20:58:20] [articles_controller.rb: 1670]
kw=米国
File size=27626------------------------=[end]

[begin]------------------------=
[2013/05/30 20:58:20] [articles_controller.rb: 1670]
kw=米
File size=27774------------------------=[end]

[begin]------------------------=
[2013/05/30 20:58:20] [articles_controller.rb: 1670]
kw=米国
File size=27919------------------------=[end]

[begin]------------------------=
[2013/05/30 20:58:20] [articles_controller.rb: 1670]
kw=米
File size=28067------------------------=[end]

[begin]------------------------=
[2013/05/30 20:58:38] [articles_controller.rb: 1368]

number=3
File size=28212------------------------=[end]

[begin]------------------------=
[2013/05/30 20:58:38] [C:/WORKS/WS/WS_Android~/NewsReader3/app/controllers/articles_controller.rb: 1388]
int
File size=28361------------------------=[end]

[begin]------------------------=
[2013/05/30 20:58:38] [articles_controller.rb: 39]
genre=int
File size=28555------------------------=[end]

[begin]------------------------=
[2013/05/30 20:58:38] [articles_controller.rb: 140]
genre.name =>Overseas
File size=28701------------------------=[end]

[begin]------------------------=
[2013/05/30 20:58:38] [articles_controller.rb: 150]
genre != nil => Overseas
File size=28860------------------------=[end]

[begin]------------------------=
[2013/05/30 20:58:38] [articles_controller.rb: 159]
categories.size=1
File size=29022------------------------=[end]

[begin]------------------------=
[2013/05/30 20:58:38] [articles_controller.rb: 204]
category_names.size=2
File size=29177------------------------=[end]

[begin]------------------------=
[2013/05/30 20:58:38] [articles_controller.rb: 78]
@category_names.size=2
File size=29336------------------------=[end]

[begin]------------------------=
[2013/05/30 20:58:38] [articles_controller.rb: 1298]
category.name=US
File size=29495------------------------=[end]

[begin]------------------------=
[2013/05/30 20:58:38] [articles_controller.rb: 1307]
kws.size=2
File size=29650------------------------=[end]

[begin]------------------------=
[2013/05/30 20:58:39] [articles_controller.rb: 492]
vendor_list.size=0/a_tags_href.size=75
File size=29799------------------------=[end]

[begin]------------------------=
[2013/05/30 20:58:39] [articles_controller.rb: 1653]
keywords.length=2
File size=29975------------------------=[end]

[begin]------------------------=
[2013/05/30 20:58:39] [articles_controller.rb: 1672]
kw=米国
File size=30131------------------------=[end]

[begin]------------------------=
[2013/05/30 20:58:39] [articles_controller.rb: 1672]
kw=米
File size=30279------------------------=[end]

[begin]------------------------=
[2013/05/30 20:58:39] [articles_controller.rb: 1672]
kw=米国
File size=30424------------------------=[end]

[begin]------------------------=
[2013/05/30 20:58:39] [articles_controller.rb: 1672]
kw=米
File size=30572------------------------=[end]

[begin]------------------------=
[2013/05/30 20:58:39] [articles_controller.rb: 1672]
kw=米国
File size=30717------------------------=[end]

[begin]------------------------=
[2013/05/30 20:58:39] [articles_controller.rb: 1672]
kw=米
File size=30865------------------------=[end]

[begin]------------------------=
[2013/05/30 20:58:39] [articles_controller.rb: 1672]
kw=米国
File size=31010------------------------=[end]

[begin]------------------------=
[2013/05/30 20:58:39] [articles_controller.rb: 1672]
kw=米
File size=31158------------------------=[end]

[begin]------------------------=
[2013/05/30 20:58:39] [articles_controller.rb: 1672]
kw=米国
File size=31303------------------------=[end]

[begin]------------------------=
[2013/05/30 20:58:39] [articles_controller.rb: 1672]
kw=米
File size=31451------------------------=[end]

[begin]------------------------=
[2013/05/30 20:58:39] [articles_controller.rb: 1672]
kw=米国
File size=31596------------------------=[end]

[begin]------------------------=
[2013/05/30 20:58:39] [articles_controller.rb: 1672]
kw=米
File size=31744------------------------=[end]

[begin]------------------------=
[2013/05/30 20:58:39] [articles_controller.rb: 1672]
kw=米国
File size=31889------------------------=[end]

[begin]------------------------=
[2013/05/30 20:58:39] [articles_controller.rb: 1672]
kw=米
File size=32037------------------------=[end]

[begin]------------------------=
[2013/05/30 20:58:39] [articles_controller.rb: 1672]
kw=米国
File size=32182------------------------=[end]

[begin]------------------------=
[2013/05/30 20:58:39] [articles_controller.rb: 1672]
kw=米
File size=32330------------------------=[end]

[begin]------------------------=
[2013/05/30 20:58:39] [articles_controller.rb: 1672]
kw=米国
File size=32475------------------------=[end]

[begin]------------------------=
[2013/05/30 20:58:39] [articles_controller.rb: 1672]
kw=米
File size=32623------------------------=[end]

[begin]------------------------=
[2013/05/30 20:58:39] [articles_controller.rb: 1672]
kw=米国
File size=32768------------------------=[end]

[begin]------------------------=
[2013/05/30 20:58:39] [articles_controller.rb: 1672]
kw=米
File size=32916------------------------=[end]

[begin]------------------------=
[2013/05/30 20:58:39] [articles_controller.rb: 1672]
kw=米国
File size=33061------------------------=[end]

[begin]------------------------=
[2013/05/30 20:58:39] [articles_controller.rb: 1672]
kw=米
File size=33209------------------------=[end]

[begin]------------------------=
[2013/05/30 20:58:39] [articles_controller.rb: 1672]
kw=米国
File size=33354------------------------=[end]

[begin]------------------------=
[2013/05/30 20:58:39] [articles_controller.rb: 1672]
kw=米
File size=33502------------------------=[end]

[begin]------------------------=
[2013/05/30 20:58:39] [articles_controller.rb: 1672]
kw=米国
File size=33647------------------------=[end]

[begin]------------------------=
[2013/05/30 20:58:39] [articles_controller.rb: 1672]
kw=米
File size=33795------------------------=[end]

[begin]------------------------=
[2013/05/30 20:58:39] [articles_controller.rb: 1672]
kw=米国
File size=33940------------------------=[end]

[begin]------------------------=
[2013/05/30 20:58:39] [articles_controller.rb: 1672]
kw=米
File size=34088------------------------=[end]

[begin]------------------------=
[2013/05/30 20:58:39] [articles_controller.rb: 1672]
kw=米国
File size=34233------------------------=[end]

[begin]------------------------=
[2013/05/30 20:58:39] [articles_controller.rb: 1672]
kw=米
File size=34381------------------------=[end]

[begin]------------------------=
[2013/05/30 20:58:39] [articles_controller.rb: 1672]
kw=米国
File size=34526------------------------=[end]

[begin]------------------------=
[2013/05/30 20:58:39] [articles_controller.rb: 1672]
kw=米
File size=34674------------------------=[end]

[begin]------------------------=
[2013/05/30 20:58:39] [articles_controller.rb: 1672]
kw=米国
File size=34819------------------------=[end]

[begin]------------------------=
[2013/05/30 20:58:39] [articles_controller.rb: 1672]
kw=米
File size=34967------------------------=[end]

[begin]------------------------=
[2013/05/30 20:58:39] [articles_controller.rb: 1672]
kw=米国
File size=35112------------------------=[end]

[begin]------------------------=
[2013/05/30 20:58:39] [articles_controller.rb: 1672]
kw=米
File size=35260------------------------=[end]

[begin]------------------------=
[2013/05/30 20:58:39] [articles_controller.rb: 1672]
kw=米国
File size=35405------------------------=[end]

[begin]------------------------=
[2013/05/30 20:58:39] [articles_controller.rb: 1672]
kw=米
File size=35553------------------------=[end]

[begin]------------------------=
[2013/05/30 20:58:39] [articles_controller.rb: 1672]
kw=米国
File size=35698------------------------=[end]

[begin]------------------------=
[2013/05/30 20:58:39] [articles_controller.rb: 1672]
kw=米
File size=35846------------------------=[end]

[begin]------------------------=
[2013/05/30 20:58:39] [articles_controller.rb: 1672]
kw=米国
File size=35991------------------------=[end]

[begin]------------------------=
[2013/05/30 20:58:39] [articles_controller.rb: 1672]
kw=米
File size=36139------------------------=[end]

[begin]------------------------=
[2013/05/30 20:58:39] [articles_controller.rb: 1672]
kw=米国
File size=36284------------------------=[end]

[begin]------------------------=
[2013/05/30 20:58:39] [articles_controller.rb: 1672]
kw=米
File size=36432------------------------=[end]

[begin]------------------------=
[2013/05/30 20:58:39] [articles_controller.rb: 1672]
kw=米国
File size=36577------------------------=[end]

[begin]------------------------=
[2013/05/30 20:58:39] [articles_controller.rb: 1672]
kw=米
File size=36725------------------------=[end]

[begin]------------------------=
[2013/05/30 20:58:39] [articles_controller.rb: 1672]
kw=米国
File size=36870------------------------=[end]

[begin]------------------------=
[2013/05/30 20:58:39] [articles_controller.rb: 1672]
kw=米
File size=37018------------------------=[end]

[begin]------------------------=
[2013/05/30 20:58:39] [articles_controller.rb: 1672]
kw=米国
File size=37163------------------------=[end]

[begin]------------------------=
[2013/05/30 20:58:39] [articles_controller.rb: 1672]
kw=米
File size=37311------------------------=[end]

[begin]------------------------=
[2013/05/30 20:58:39] [articles_controller.rb: 1672]
kw=米国
File size=37456------------------------=[end]

[begin]------------------------=
[2013/05/30 20:58:39] [articles_controller.rb: 1672]
kw=米
File size=37604------------------------=[end]

[begin]------------------------=
[2013/05/30 20:58:39] [articles_controller.rb: 1672]
kw=米国
File size=37749------------------------=[end]

[begin]------------------------=
[2013/05/30 20:58:39] [articles_controller.rb: 1672]
kw=米
File size=37897------------------------=[end]

[begin]------------------------=
[2013/05/30 20:58:39] [articles_controller.rb: 1672]
kw=米国
File size=38042------------------------=[end]

[begin]------------------------=
[2013/05/30 20:58:39] [articles_controller.rb: 1672]
kw=米
File size=38190------------------------=[end]

[begin]------------------------=
[2013/05/30 20:58:39] [articles_controller.rb: 1672]
kw=米国
File size=38335------------------------=[end]

[begin]------------------------=
[2013/05/30 20:58:39] [articles_controller.rb: 1672]
kw=米
File size=38483------------------------=[end]

[begin]------------------------=
[2013/05/30 20:58:39] [articles_controller.rb: 1672]
kw=米国
File size=38628------------------------=[end]

[begin]------------------------=
[2013/05/30 20:58:39] [articles_controller.rb: 1672]
kw=米
File size=38776------------------------=[end]

[begin]------------------------=
[2013/05/30 20:58:39] [articles_controller.rb: 1672]
kw=米国
File size=38921------------------------=[end]

[begin]------------------------=
[2013/05/30 20:58:39] [articles_controller.rb: 1672]
kw=米
File size=39069------------------------=[end]

[begin]------------------------=
[2013/05/30 20:58:39] [articles_controller.rb: 1672]
kw=米国
File size=39214------------------------=[end]

[begin]------------------------=
[2013/05/30 20:58:39] [articles_controller.rb: 1672]
kw=米
File size=39362------------------------=[end]

[begin]------------------------=
[2013/05/30 20:58:39] [articles_controller.rb: 1672]
kw=米国
File size=39507------------------------=[end]

[begin]------------------------=
[2013/05/30 20:58:39] [articles_controller.rb: 1672]
kw=米
File size=39655------------------------=[end]

[begin]------------------------=
[2013/05/30 20:58:39] [articles_controller.rb: 1672]
kw=米国
File size=39800------------------------=[end]

[begin]------------------------=
[2013/05/30 20:58:39] [articles_controller.rb: 1672]
kw=米
File size=39948------------------------=[end]

