[begin]------------------------=
[2013/05/29 08:22:30] [articles_controller.rb: 1576]
word=現代
File size=0------------------------=[end]

[begin]------------------------=
[2013/05/29 08:22:30] [articles_controller.rb: 1576]
word=イラン
File size=146------------------------=[end]

[begin]------------------------=
[2013/05/29 08:22:30] [articles_controller.rb: 1576]
word=シリア
File size=297------------------------=[end]

[begin]------------------------=
[2013/05/29 08:22:30] [articles_controller.rb: 1576]
word=イラク
File size=448------------------------=[end]

[begin]------------------------=
[2013/05/29 08:22:30] [articles_controller.rb: 1576]
word=自動車
File size=599------------------------=[end]

[begin]------------------------=
[2013/05/29 08:22:30] [articles_controller.rb: 1576]
word=乗用車
File size=750------------------------=[end]

[begin]------------------------=
[2013/05/29 08:22:30] [articles_controller.rb: 1576]
word=日産
File size=901------------------------=[end]

[begin]------------------------=
[2013/05/29 08:22:30] [articles_controller.rb: 1576]
word=日野
File size=1049------------------------=[end]

[begin]------------------------=
[2013/05/29 08:22:30] [articles_controller.rb: 1576]
word=三菱自
File size=1198------------------------=[end]

[begin]------------------------=
[2013/05/29 08:22:30] [articles_controller.rb: 1576]
word=トヨタ
File size=1350------------------------=[end]

[begin]------------------------=
[2013/05/29 08:22:30] [articles_controller.rb: 1576]
word=ダイハツ
File size=1502------------------------=[end]

[begin]------------------------=
[2013/05/29 08:22:30] [articles_controller.rb: 1576]
word=ホンダ
File size=1657------------------------=[end]

[begin]------------------------=
[2013/05/29 08:22:30] [articles_controller.rb: 1576]
word=マツダ
File size=1809------------------------=[end]

[begin]------------------------=
[2013/05/29 08:22:30] [articles_controller.rb: 1576]
word=ＢＭＷ
File size=1961------------------------=[end]

[begin]------------------------=
[2013/05/29 08:22:30] [articles_controller.rb: 1576]
word=BMW
File size=2113------------------------=[end]

[begin]------------------------=
[2013/05/29 08:22:30] [articles_controller.rb: 1576]
word=ベンツ
File size=2259------------------------=[end]

[begin]------------------------=
[2013/05/29 08:22:30] [articles_controller.rb: 1576]
word=ソニー
File size=2411------------------------=[end]

[begin]------------------------=
[2013/05/29 08:22:30] [articles_controller.rb: 1576]
word=パナソニック
File size=2563------------------------=[end]

[begin]------------------------=
[2013/05/29 08:22:30] [articles_controller.rb: 1576]
word=松下
File size=2724------------------------=[end]

[begin]------------------------=
[2013/05/29 08:22:30] [articles_controller.rb: 1576]
word=シャープ
File size=2873------------------------=[end]

[begin]------------------------=
[2013/05/29 08:22:30] [articles_controller.rb: 1576]
word=東芝
File size=3028------------------------=[end]

[begin]------------------------=
[2013/05/29 08:22:30] [articles_controller.rb: 1576]
word=三菱電
File size=3177------------------------=[end]

[begin]------------------------=
[2013/05/29 08:22:30] [articles_controller.rb: 1576]
word=セイコー
File size=3329------------------------=[end]

[begin]------------------------=
[2013/05/29 08:22:30] [articles_controller.rb: 1576]
word=ガソリン
File size=3484------------------------=[end]

[begin]------------------------=
[2013/05/29 08:22:30] [articles_controller.rb: 1576]
word=ソーラー
File size=3639------------------------=[end]

[begin]------------------------=
[2013/05/29 08:22:30] [articles_controller.rb: 1576]
word=原油
File size=3794------------------------=[end]

[begin]------------------------=
[2013/05/29 08:22:30] [articles_controller.rb: 1576]
word=原発
File size=3943------------------------=[end]

[begin]------------------------=
[2013/05/29 08:22:30] [articles_controller.rb: 1576]
word=石油
File size=4092------------------------=[end]

[begin]------------------------=
[2013/05/29 08:22:30] [articles_controller.rb: 1576]
word=エネルギー
File size=4241------------------------=[end]

[begin]------------------------=
[2013/05/29 08:22:30] [articles_controller.rb: 1576]
word=発電
File size=4399------------------------=[end]

[begin]------------------------=
[2013/05/29 08:22:30] [articles_controller.rb: 1576]
word=火力
File size=4548------------------------=[end]

[begin]------------------------=
[2013/05/29 08:22:30] [articles_controller.rb: 1576]
word=証券
File size=4697------------------------=[end]

[begin]------------------------=
[2013/05/29 08:22:30] [articles_controller.rb: 1576]
word=相場
File size=4846------------------------=[end]

[begin]------------------------=
[2013/05/29 08:22:30] [articles_controller.rb: 1576]
word=米国
File size=4995------------------------=[end]

[begin]------------------------=
[2013/05/29 08:22:30] [articles_controller.rb: 1576]
word=米
File size=5144------------------------=[end]

[begin]------------------------=
[2013/05/29 08:22:30] [articles_controller.rb: 1576]
word=アメリカ
File size=5290------------------------=[end]

[begin]------------------------=
[2013/05/29 08:22:30] [articles_controller.rb: 1576]
word=中国
File size=5445------------------------=[end]

[begin]------------------------=
[2013/05/29 08:22:30] [articles_controller.rb: 1576]
word=中
File size=5594------------------------=[end]

[begin]------------------------=
[2013/05/29 08:22:30] [articles_controller.rb: 1576]
word=米国
File size=5740------------------------=[end]

[begin]------------------------=
[2013/05/29 08:22:30] [articles_controller.rb: 1576]
word=米
File size=5889------------------------=[end]

[begin]------------------------=
[2013/05/29 08:22:30] [articles_controller.rb: 1576]
word=アメリカ
File size=6035------------------------=[end]

[begin]------------------------=
[2013/05/29 08:22:30] [articles_controller.rb: 1576]
word=中国
File size=6190------------------------=[end]

[begin]------------------------=
[2013/05/29 08:22:30] [articles_controller.rb: 1576]
word=中
File size=6339------------------------=[end]

[begin]------------------------=
[2013/05/29 08:22:30] [articles_controller.rb: 1576]
word=ヨーロッパ
File size=6485------------------------=[end]

[begin]------------------------=
[2013/05/29 08:22:30] [articles_controller.rb: 1576]
word=欧州
File size=6643------------------------=[end]

[begin]------------------------=
[2013/05/29 08:22:30] [articles_controller.rb: 1576]
word=欧
File size=6792------------------------=[end]

[begin]------------------------=
[2013/05/29 08:22:30] [articles_controller.rb: 1576]
word=EURIBOR
File size=6938------------------------=[end]

[begin]------------------------=
[2013/05/29 08:22:30] [articles_controller.rb: 1576]
word=EURO
File size=7088------------------------=[end]

[begin]------------------------=
[2013/05/29 08:22:30] [articles_controller.rb: 1576]
word=ユーロ
File size=7235------------------------=[end]

[begin]------------------------=
[2013/05/29 08:22:30] [articles_controller.rb: 1576]
word=ロシア
File size=7387------------------------=[end]

[begin]------------------------=
[2013/05/29 08:22:30] [articles_controller.rb: 1576]
word=東欧
File size=7539------------------------=[end]

[begin]------------------------=
[2013/05/29 08:22:30] [articles_controller.rb: 1576]
word=ポーランド
File size=7688------------------------=[end]

[begin]------------------------=
[2013/05/29 08:22:30] [articles_controller.rb: 1576]
word=イギリス
File size=7846------------------------=[end]

[begin]------------------------=
[2013/05/29 08:22:30] [articles_controller.rb: 1576]
word=フランス
File size=8001------------------------=[end]

[begin]------------------------=
[2013/05/29 08:22:30] [articles_controller.rb: 1576]
word=ドイツ
File size=8156------------------------=[end]

[begin]------------------------=
[2013/05/29 08:22:30] [articles_controller.rb: 1576]
word=スペイン
File size=8308------------------------=[end]

[begin]------------------------=
[2013/05/29 08:22:30] [articles_controller.rb: 1576]
word=イタリア
File size=8463------------------------=[end]

[begin]------------------------=
[2013/05/29 08:22:30] [articles_controller.rb: 1576]
word=伊
File size=8618------------------------=[end]

[begin]------------------------=
[2013/05/29 08:22:30] [articles_controller.rb: 1576]
word=ポルトガル
File size=8764------------------------=[end]

[begin]------------------------=
[2013/05/29 08:22:30] [articles_controller.rb: 1576]
word=韓国
File size=8922------------------------=[end]

[begin]------------------------=
[2013/05/29 08:22:30] [articles_controller.rb: 1576]
word=韓
File size=9071------------------------=[end]

[begin]------------------------=
[2013/05/29 08:22:30] [articles_controller.rb: 1576]
word=朝鮮
File size=9217------------------------=[end]

[begin]------------------------=
[2013/05/29 08:22:30] [articles_controller.rb: 1576]
word=サムスン
File size=9366------------------------=[end]

[begin]------------------------=
[2013/05/29 08:22:30] [articles_controller.rb: 1576]
word=現代
File size=9521------------------------=[end]

[begin]------------------------=
[2013/05/29 08:22:30] [articles_controller.rb: 1576]
word=イラン
File size=9670------------------------=[end]

[begin]------------------------=
[2013/05/29 08:22:30] [articles_controller.rb: 1576]
word=シリア
File size=9822------------------------=[end]

[begin]------------------------=
[2013/05/29 08:22:30] [articles_controller.rb: 1576]
word=イラク
File size=9974------------------------=[end]

[begin]------------------------=
[2013/05/29 08:22:30] [articles_controller.rb: 1576]
word=自動車
File size=10126------------------------=[end]

[begin]------------------------=
[2013/05/29 08:22:30] [articles_controller.rb: 1576]
word=乗用車
File size=10279------------------------=[end]

[begin]------------------------=
[2013/05/29 08:22:30] [articles_controller.rb: 1576]
word=日産
File size=10432------------------------=[end]

[begin]------------------------=
[2013/05/29 08:22:30] [articles_controller.rb: 1576]
word=日野
File size=10582------------------------=[end]

[begin]------------------------=
[2013/05/29 08:22:30] [articles_controller.rb: 1576]
word=三菱自
File size=10732------------------------=[end]

[begin]------------------------=
[2013/05/29 08:22:30] [articles_controller.rb: 1576]
word=トヨタ
File size=10885------------------------=[end]

[begin]------------------------=
[2013/05/29 08:22:30] [articles_controller.rb: 1576]
word=ダイハツ
File size=11038------------------------=[end]

[begin]------------------------=
[2013/05/29 08:22:30] [articles_controller.rb: 1576]
word=ホンダ
File size=11194------------------------=[end]

[begin]------------------------=
[2013/05/29 08:22:30] [articles_controller.rb: 1576]
word=マツダ
File size=11347------------------------=[end]

[begin]------------------------=
[2013/05/29 08:22:30] [articles_controller.rb: 1576]
word=ＢＭＷ
File size=11500------------------------=[end]

[begin]------------------------=
[2013/05/29 08:22:30] [articles_controller.rb: 1576]
word=BMW
File size=11653------------------------=[end]

[begin]------------------------=
[2013/05/29 08:22:30] [articles_controller.rb: 1576]
word=ベンツ
File size=11800------------------------=[end]

[begin]------------------------=
[2013/05/29 08:22:30] [articles_controller.rb: 1576]
word=ソニー
File size=11953------------------------=[end]

[begin]------------------------=
[2013/05/29 08:22:30] [articles_controller.rb: 1576]
word=パナソニック
File size=12106------------------------=[end]

[begin]------------------------=
[2013/05/29 08:22:30] [articles_controller.rb: 1576]
word=松下
File size=12268------------------------=[end]

[begin]------------------------=
[2013/05/29 08:22:30] [articles_controller.rb: 1576]
word=シャープ
File size=12418------------------------=[end]

[begin]------------------------=
[2013/05/29 08:22:30] [articles_controller.rb: 1576]
word=東芝
File size=12574------------------------=[end]

[begin]------------------------=
[2013/05/29 08:22:30] [articles_controller.rb: 1576]
word=三菱電
File size=12724------------------------=[end]

[begin]------------------------=
[2013/05/29 08:22:30] [articles_controller.rb: 1576]
word=セイコー
File size=12877------------------------=[end]

[begin]------------------------=
[2013/05/29 08:22:30] [articles_controller.rb: 1576]
word=ガソリン
File size=13033------------------------=[end]

[begin]------------------------=
[2013/05/29 08:22:30] [articles_controller.rb: 1576]
word=ソーラー
File size=13189------------------------=[end]

[begin]------------------------=
[2013/05/29 08:22:30] [articles_controller.rb: 1576]
word=原油
File size=13345------------------------=[end]

[begin]------------------------=
[2013/05/29 08:22:30] [articles_controller.rb: 1576]
word=原発
File size=13495------------------------=[end]

[begin]------------------------=
[2013/05/29 08:22:30] [articles_controller.rb: 1576]
word=石油
File size=13645------------------------=[end]

[begin]------------------------=
[2013/05/29 08:22:30] [articles_controller.rb: 1576]
word=エネルギー
File size=13795------------------------=[end]

[begin]------------------------=
[2013/05/29 08:22:30] [articles_controller.rb: 1576]
word=発電
File size=13954------------------------=[end]

[begin]------------------------=
[2013/05/29 08:22:30] [articles_controller.rb: 1576]
word=火力
File size=14104------------------------=[end]

[begin]------------------------=
[2013/05/29 08:22:30] [articles_controller.rb: 1576]
word=証券
File size=14254------------------------=[end]

[begin]------------------------=
[2013/05/29 08:22:30] [articles_controller.rb: 1576]
word=相場
File size=14404------------------------=[end]

[begin]------------------------=
[2013/05/29 08:22:30] [articles_controller.rb: 1576]
word=円
File size=14554------------------------=[end]

[begin]------------------------=
[2013/05/29 08:22:30] [articles_controller.rb: 1576]
word=日経平均
File size=14701------------------------=[end]

[begin]------------------------=
[2013/05/29 08:22:30] [articles_controller.rb: 1576]
word=ＥＵＲＩＢＯＲ
File size=14857------------------------=[end]

[begin]------------------------=
[2013/05/29 08:22:30] [articles_controller.rb: 1576]
word=米国
File size=15022------------------------=[end]

[begin]------------------------=
[2013/05/29 08:22:30] [articles_controller.rb: 1576]
word=米
File size=15172------------------------=[end]

[begin]------------------------=
[2013/05/29 08:22:30] [articles_controller.rb: 1576]
word=アメリカ
File size=15319------------------------=[end]

[begin]------------------------=
[2013/05/29 08:22:30] [articles_controller.rb: 1576]
word=中国
File size=15475------------------------=[end]

[begin]------------------------=
[2013/05/29 08:22:30] [articles_controller.rb: 1576]
word=中
File size=15625------------------------=[end]

[begin]------------------------=
[2013/05/29 08:22:30] [articles_controller.rb: 1576]
word=ヨーロッパ
File size=15772------------------------=[end]

[begin]------------------------=
[2013/05/29 08:22:30] [articles_controller.rb: 1576]
word=欧州
File size=15931------------------------=[end]

[begin]------------------------=
[2013/05/29 08:22:30] [articles_controller.rb: 1576]
word=欧
File size=16081------------------------=[end]

[begin]------------------------=
[2013/05/29 08:22:30] [articles_controller.rb: 1576]
word=EURIBOR
File size=16228------------------------=[end]

[begin]------------------------=
[2013/05/29 08:22:30] [articles_controller.rb: 1576]
word=EURO
File size=16379------------------------=[end]

[begin]------------------------=
[2013/05/29 08:22:30] [articles_controller.rb: 1576]
word=ユーロ
File size=16527------------------------=[end]

[begin]------------------------=
[2013/05/29 08:22:30] [articles_controller.rb: 1576]
word=ロシア
File size=16680------------------------=[end]

[begin]------------------------=
[2013/05/29 08:22:30] [articles_controller.rb: 1576]
word=東欧
File size=16833------------------------=[end]

[begin]------------------------=
[2013/05/29 08:22:30] [articles_controller.rb: 1576]
word=ポーランド
File size=16983------------------------=[end]

[begin]------------------------=
[2013/05/29 08:22:30] [articles_controller.rb: 1576]
word=イギリス
File size=17142------------------------=[end]

[begin]------------------------=
[2013/05/29 08:22:30] [articles_controller.rb: 1576]
word=フランス
File size=17298------------------------=[end]

[begin]------------------------=
[2013/05/29 08:22:30] [articles_controller.rb: 1576]
word=ドイツ
File size=17454------------------------=[end]

[begin]------------------------=
[2013/05/29 08:22:30] [articles_controller.rb: 1576]
word=スペイン
File size=17607------------------------=[end]

[begin]------------------------=
[2013/05/29 08:22:30] [articles_controller.rb: 1576]
word=イタリア
File size=17763------------------------=[end]

[begin]------------------------=
[2013/05/29 08:22:30] [articles_controller.rb: 1576]
word=伊
File size=17919------------------------=[end]

[begin]------------------------=
[2013/05/29 08:22:30] [articles_controller.rb: 1576]
word=ポルトガル
File size=18066------------------------=[end]

[begin]------------------------=
[2013/05/29 08:22:30] [articles_controller.rb: 1576]
word=韓国
File size=18225------------------------=[end]

[begin]------------------------=
[2013/05/29 08:22:30] [articles_controller.rb: 1576]
word=韓
File size=18375------------------------=[end]

[begin]------------------------=
[2013/05/29 08:22:30] [articles_controller.rb: 1576]
word=朝鮮
File size=18522------------------------=[end]

[begin]------------------------=
[2013/05/29 08:22:30] [articles_controller.rb: 1576]
word=サムスン
File size=18672------------------------=[end]

[begin]------------------------=
[2013/05/29 08:22:30] [articles_controller.rb: 1576]
word=現代
File size=18828------------------------=[end]

[begin]------------------------=
[2013/05/29 08:22:30] [articles_controller.rb: 1576]
word=イラン
File size=18978------------------------=[end]

[begin]------------------------=
[2013/05/29 08:22:30] [articles_controller.rb: 1576]
word=シリア
File size=19131------------------------=[end]

[begin]------------------------=
[2013/05/29 08:22:30] [articles_controller.rb: 1576]
word=イラク
File size=19284------------------------=[end]

[begin]------------------------=
[2013/05/29 08:22:30] [articles_controller.rb: 1576]
word=自動車
File size=19437------------------------=[end]

[begin]------------------------=
[2013/05/29 08:22:30] [articles_controller.rb: 1576]
word=乗用車
File size=19590------------------------=[end]

[begin]------------------------=
[2013/05/29 08:22:30] [articles_controller.rb: 1576]
word=日産
File size=19743------------------------=[end]

[begin]------------------------=
[2013/05/29 08:22:30] [articles_controller.rb: 1576]
word=日野
File size=19893------------------------=[end]

