[begin]------------------------=
[2013/05/29 09:11:07] [articles_controller.rb: 1576]
word=ホンダ
File size=0------------------------=[end]

[begin]------------------------=
[2013/05/29 09:11:07] [articles_controller.rb: 1576]
word=マツダ
File size=149------------------------=[end]

[begin]------------------------=
[2013/05/29 09:11:07] [articles_controller.rb: 1576]
word=ＢＭＷ
File size=300------------------------=[end]

[begin]------------------------=
[2013/05/29 09:11:07] [articles_controller.rb: 1576]
word=BMW
File size=451------------------------=[end]

[begin]------------------------=
[2013/05/29 09:11:07] [articles_controller.rb: 1576]
word=ベンツ
File size=596------------------------=[end]

[begin]------------------------=
[2013/05/29 09:11:07] [articles_controller.rb: 1576]
word=ソニー
File size=747------------------------=[end]

[begin]------------------------=
[2013/05/29 09:11:07] [articles_controller.rb: 1576]
word=パナソニック
File size=898------------------------=[end]

[begin]------------------------=
[2013/05/29 09:11:07] [articles_controller.rb: 1576]
word=松下
File size=1058------------------------=[end]

[begin]------------------------=
[2013/05/29 09:11:07] [articles_controller.rb: 1576]
word=シャープ
File size=1207------------------------=[end]

[begin]------------------------=
[2013/05/29 09:11:07] [articles_controller.rb: 1576]
word=東芝
File size=1362------------------------=[end]

[begin]------------------------=
[2013/05/29 09:11:07] [articles_controller.rb: 1576]
word=三菱電
File size=1511------------------------=[end]

[begin]------------------------=
[2013/05/29 09:11:07] [articles_controller.rb: 1576]
word=セイコー
File size=1663------------------------=[end]

[begin]------------------------=
[2013/05/29 09:11:07] [articles_controller.rb: 1576]
word=ガソリン
File size=1818------------------------=[end]

[begin]------------------------=
[2013/05/29 09:11:07] [articles_controller.rb: 1576]
word=ソーラー
File size=1973------------------------=[end]

[begin]------------------------=
[2013/05/29 09:11:07] [articles_controller.rb: 1576]
word=原油
File size=2128------------------------=[end]

[begin]------------------------=
[2013/05/29 09:11:07] [articles_controller.rb: 1576]
word=原発
File size=2277------------------------=[end]

[begin]------------------------=
[2013/05/29 09:11:07] [articles_controller.rb: 1576]
word=石油
File size=2426------------------------=[end]

[begin]------------------------=
[2013/05/29 09:11:07] [articles_controller.rb: 1576]
word=エネルギー
File size=2575------------------------=[end]

[begin]------------------------=
[2013/05/29 09:11:07] [articles_controller.rb: 1576]
word=発電
File size=2733------------------------=[end]

[begin]------------------------=
[2013/05/29 09:11:07] [articles_controller.rb: 1576]
word=火力
File size=2882------------------------=[end]

[begin]------------------------=
[2013/05/29 09:11:07] [articles_controller.rb: 1576]
word=証券
File size=3031------------------------=[end]

[begin]------------------------=
[2013/05/29 09:11:07] [articles_controller.rb: 1576]
word=相場
File size=3180------------------------=[end]

[begin]------------------------=
[2013/05/29 09:11:07] [articles_controller.rb: 1576]
word=円
File size=3329------------------------=[end]

[begin]------------------------=
[2013/05/29 09:11:07] [articles_controller.rb: 1576]
word=日経平均
File size=3475------------------------=[end]

[begin]------------------------=
[2013/05/29 09:11:07] [articles_controller.rb: 1576]
word=ＥＵＲＩＢＯＲ
File size=3630------------------------=[end]

[begin]------------------------=
[2013/05/29 09:11:07] [articles_controller.rb: 1576]
word=米国
File size=3794------------------------=[end]

[begin]------------------------=
[2013/05/29 09:11:07] [articles_controller.rb: 1576]
word=米
File size=3943------------------------=[end]

[begin]------------------------=
[2013/05/29 09:11:07] [articles_controller.rb: 1576]
word=アメリカ
File size=4089------------------------=[end]

[begin]------------------------=
[2013/05/29 09:11:07] [articles_controller.rb: 1576]
word=中国
File size=4244------------------------=[end]

[begin]------------------------=
[2013/05/29 09:11:07] [articles_controller.rb: 1576]
word=中
File size=4393------------------------=[end]

[begin]------------------------=
[2013/05/29 09:11:07] [articles_controller.rb: 1576]
word=ヨーロッパ
File size=4539------------------------=[end]

[begin]------------------------=
[2013/05/29 09:11:07] [articles_controller.rb: 1576]
word=欧州
File size=4697------------------------=[end]

[begin]------------------------=
[2013/05/29 09:11:07] [articles_controller.rb: 1576]
word=欧
File size=4846------------------------=[end]

[begin]------------------------=
[2013/05/29 09:11:07] [articles_controller.rb: 1576]
word=EURIBOR
File size=4992------------------------=[end]

[begin]------------------------=
[2013/05/29 09:11:07] [articles_controller.rb: 1576]
word=EURO
File size=5142------------------------=[end]

[begin]------------------------=
[2013/05/29 09:11:07] [articles_controller.rb: 1576]
word=ユーロ
File size=5289------------------------=[end]

[begin]------------------------=
[2013/05/29 09:11:07] [articles_controller.rb: 1576]
word=ロシア
File size=5441------------------------=[end]

[begin]------------------------=
[2013/05/29 09:11:07] [articles_controller.rb: 1576]
word=東欧
File size=5593------------------------=[end]

[begin]------------------------=
[2013/05/29 09:11:07] [articles_controller.rb: 1576]
word=ポーランド
File size=5742------------------------=[end]

[begin]------------------------=
[2013/05/29 09:11:07] [articles_controller.rb: 1576]
word=イギリス
File size=5900------------------------=[end]

[begin]------------------------=
[2013/05/29 09:11:07] [articles_controller.rb: 1576]
word=フランス
File size=6055------------------------=[end]

[begin]------------------------=
[2013/05/29 09:11:07] [articles_controller.rb: 1576]
word=ドイツ
File size=6210------------------------=[end]

[begin]------------------------=
[2013/05/29 09:11:07] [articles_controller.rb: 1576]
word=スペイン
File size=6362------------------------=[end]

[begin]------------------------=
[2013/05/29 09:11:07] [articles_controller.rb: 1576]
word=イタリア
File size=6517------------------------=[end]

[begin]------------------------=
[2013/05/29 09:11:07] [articles_controller.rb: 1576]
word=伊
File size=6672------------------------=[end]

[begin]------------------------=
[2013/05/29 09:11:07] [articles_controller.rb: 1576]
word=ポルトガル
File size=6818------------------------=[end]

[begin]------------------------=
[2013/05/29 09:11:07] [articles_controller.rb: 1576]
word=韓国
File size=6976------------------------=[end]

[begin]------------------------=
[2013/05/29 09:11:07] [articles_controller.rb: 1576]
word=韓
File size=7125------------------------=[end]

[begin]------------------------=
[2013/05/29 09:11:07] [articles_controller.rb: 1576]
word=朝鮮
File size=7271------------------------=[end]

[begin]------------------------=
[2013/05/29 09:11:07] [articles_controller.rb: 1576]
word=サムスン
File size=7420------------------------=[end]

[begin]------------------------=
[2013/05/29 09:11:07] [articles_controller.rb: 1576]
word=現代
File size=7575------------------------=[end]

[begin]------------------------=
[2013/05/29 09:11:07] [articles_controller.rb: 1576]
word=イラン
File size=7724------------------------=[end]

[begin]------------------------=
[2013/05/29 09:11:07] [articles_controller.rb: 1576]
word=シリア
File size=7876------------------------=[end]

[begin]------------------------=
[2013/05/29 09:11:07] [articles_controller.rb: 1576]
word=イラク
File size=8028------------------------=[end]

[begin]------------------------=
[2013/05/29 09:11:07] [articles_controller.rb: 1576]
word=自動車
File size=8180------------------------=[end]

[begin]------------------------=
[2013/05/29 09:11:07] [articles_controller.rb: 1576]
word=乗用車
File size=8332------------------------=[end]

[begin]------------------------=
[2013/05/29 09:11:07] [articles_controller.rb: 1576]
word=日産
File size=8484------------------------=[end]

[begin]------------------------=
[2013/05/29 09:11:07] [articles_controller.rb: 1576]
word=日野
File size=8633------------------------=[end]

[begin]------------------------=
[2013/05/29 09:11:07] [articles_controller.rb: 1576]
word=三菱自
File size=8782------------------------=[end]

[begin]------------------------=
[2013/05/29 09:11:07] [articles_controller.rb: 1576]
word=トヨタ
File size=8934------------------------=[end]

[begin]------------------------=
[2013/05/29 09:11:07] [articles_controller.rb: 1576]
word=ダイハツ
File size=9086------------------------=[end]

[begin]------------------------=
[2013/05/29 09:11:07] [articles_controller.rb: 1576]
word=ホンダ
File size=9241------------------------=[end]

[begin]------------------------=
[2013/05/29 09:11:07] [articles_controller.rb: 1576]
word=マツダ
File size=9393------------------------=[end]

[begin]------------------------=
[2013/05/29 09:11:07] [articles_controller.rb: 1576]
word=ＢＭＷ
File size=9545------------------------=[end]

[begin]------------------------=
[2013/05/29 09:11:07] [articles_controller.rb: 1576]
word=BMW
File size=9697------------------------=[end]

[begin]------------------------=
[2013/05/29 09:11:07] [articles_controller.rb: 1576]
word=ベンツ
File size=9843------------------------=[end]

[begin]------------------------=
[2013/05/29 09:11:07] [articles_controller.rb: 1576]
word=ソニー
File size=9995------------------------=[end]

[begin]------------------------=
[2013/05/29 09:11:07] [articles_controller.rb: 1576]
word=パナソニック
File size=10147------------------------=[end]

[begin]------------------------=
[2013/05/29 09:11:07] [articles_controller.rb: 1576]
word=松下
File size=10309------------------------=[end]

[begin]------------------------=
[2013/05/29 09:11:07] [articles_controller.rb: 1576]
word=シャープ
File size=10459------------------------=[end]

[begin]------------------------=
[2013/05/29 09:11:07] [articles_controller.rb: 1576]
word=東芝
File size=10615------------------------=[end]

[begin]------------------------=
[2013/05/29 09:11:07] [articles_controller.rb: 1576]
word=三菱電
File size=10765------------------------=[end]

[begin]------------------------=
[2013/05/29 09:11:07] [articles_controller.rb: 1576]
word=セイコー
File size=10918------------------------=[end]

[begin]------------------------=
[2013/05/29 09:11:07] [articles_controller.rb: 1576]
word=ガソリン
File size=11074------------------------=[end]

[begin]------------------------=
[2013/05/29 09:11:07] [articles_controller.rb: 1576]
word=ソーラー
File size=11230------------------------=[end]

[begin]------------------------=
[2013/05/29 09:11:07] [articles_controller.rb: 1576]
word=原油
File size=11386------------------------=[end]

[begin]------------------------=
[2013/05/29 09:11:07] [articles_controller.rb: 1576]
word=原発
File size=11536------------------------=[end]

[begin]------------------------=
[2013/05/29 09:11:07] [articles_controller.rb: 1576]
word=石油
File size=11686------------------------=[end]

[begin]------------------------=
[2013/05/29 09:11:07] [articles_controller.rb: 1576]
word=エネルギー
File size=11836------------------------=[end]

[begin]------------------------=
[2013/05/29 09:11:07] [articles_controller.rb: 1576]
word=発電
File size=11995------------------------=[end]

[begin]------------------------=
[2013/05/29 09:11:07] [articles_controller.rb: 1576]
word=火力
File size=12145------------------------=[end]

[begin]------------------------=
[2013/05/29 09:11:07] [articles_controller.rb: 1576]
word=証券
File size=12295------------------------=[end]

[begin]------------------------=
[2013/05/29 09:11:07] [articles_controller.rb: 1576]
word=相場
File size=12445------------------------=[end]

[begin]------------------------=
[2013/05/29 09:11:07] [articles_controller.rb: 1576]
word=円
File size=12595------------------------=[end]

[begin]------------------------=
[2013/05/29 09:11:07] [articles_controller.rb: 1576]
word=米国
File size=12742------------------------=[end]

[begin]------------------------=
[2013/05/29 09:11:07] [articles_controller.rb: 1576]
word=米
File size=12892------------------------=[end]

[begin]------------------------=
[2013/05/29 09:11:07] [articles_controller.rb: 1576]
word=アメリカ
File size=13039------------------------=[end]

[begin]------------------------=
[2013/05/29 09:11:07] [articles_controller.rb: 1576]
word=中国
File size=13195------------------------=[end]

[begin]------------------------=
[2013/05/29 09:11:07] [articles_controller.rb: 1576]
word=中
File size=13345------------------------=[end]

[begin]------------------------=
[2013/05/29 09:11:07] [articles_controller.rb: 1576]
word=ヨーロッパ
File size=13492------------------------=[end]

[begin]------------------------=
[2013/05/29 09:11:07] [articles_controller.rb: 1576]
word=欧州
File size=13651------------------------=[end]

[begin]------------------------=
[2013/05/29 09:11:07] [articles_controller.rb: 1576]
word=欧
File size=13801------------------------=[end]

[begin]------------------------=
[2013/05/29 09:11:07] [articles_controller.rb: 1576]
word=EURIBOR
File size=13948------------------------=[end]

[begin]------------------------=
[2013/05/29 09:11:07] [articles_controller.rb: 1576]
word=EURO
File size=14099------------------------=[end]

[begin]------------------------=
[2013/05/29 09:11:07] [articles_controller.rb: 1576]
word=ユーロ
File size=14247------------------------=[end]

[begin]------------------------=
[2013/05/29 09:11:07] [articles_controller.rb: 1576]
word=ロシア
File size=14400------------------------=[end]

[begin]------------------------=
[2013/05/29 09:11:07] [articles_controller.rb: 1576]
word=東欧
File size=14553------------------------=[end]

[begin]------------------------=
[2013/05/29 09:11:07] [articles_controller.rb: 1576]
word=ポーランド
File size=14703------------------------=[end]

[begin]------------------------=
[2013/05/29 09:11:07] [articles_controller.rb: 1576]
word=イギリス
File size=14862------------------------=[end]

[begin]------------------------=
[2013/05/29 09:11:07] [articles_controller.rb: 1576]
word=フランス
File size=15018------------------------=[end]

[begin]------------------------=
[2013/05/29 09:11:07] [articles_controller.rb: 1576]
word=ドイツ
File size=15174------------------------=[end]

[begin]------------------------=
[2013/05/29 09:11:07] [articles_controller.rb: 1576]
word=スペイン
File size=15327------------------------=[end]

[begin]------------------------=
[2013/05/29 09:11:07] [articles_controller.rb: 1576]
word=イタリア
File size=15483------------------------=[end]

[begin]------------------------=
[2013/05/29 09:11:07] [articles_controller.rb: 1576]
word=伊
File size=15639------------------------=[end]

[begin]------------------------=
[2013/05/29 09:11:07] [articles_controller.rb: 1576]
word=ポルトガル
File size=15786------------------------=[end]

[begin]------------------------=
[2013/05/29 09:11:07] [articles_controller.rb: 1576]
word=韓国
File size=15945------------------------=[end]

[begin]------------------------=
[2013/05/29 09:11:07] [articles_controller.rb: 1576]
word=韓
File size=16095------------------------=[end]

[begin]------------------------=
[2013/05/29 09:11:07] [articles_controller.rb: 1576]
word=朝鮮
File size=16242------------------------=[end]

[begin]------------------------=
[2013/05/29 09:11:07] [articles_controller.rb: 1576]
word=サムスン
File size=16392------------------------=[end]

[begin]------------------------=
[2013/05/29 09:11:07] [articles_controller.rb: 1576]
word=現代
File size=16548------------------------=[end]

[begin]------------------------=
[2013/05/29 09:11:07] [articles_controller.rb: 1576]
word=イラン
File size=16698------------------------=[end]

[begin]------------------------=
[2013/05/29 09:11:07] [articles_controller.rb: 1576]
word=シリア
File size=16851------------------------=[end]

[begin]------------------------=
[2013/05/29 09:11:07] [articles_controller.rb: 1576]
word=イラク
File size=17004------------------------=[end]

[begin]------------------------=
[2013/05/29 09:11:07] [articles_controller.rb: 1576]
word=自動車
File size=17157------------------------=[end]

[begin]------------------------=
[2013/05/29 09:11:07] [articles_controller.rb: 1576]
word=乗用車
File size=17310------------------------=[end]

[begin]------------------------=
[2013/05/29 09:11:07] [articles_controller.rb: 1576]
word=日産
File size=17463------------------------=[end]

[begin]------------------------=
[2013/05/29 09:11:07] [articles_controller.rb: 1576]
word=日野
File size=17613------------------------=[end]

[begin]------------------------=
[2013/05/29 09:11:07] [articles_controller.rb: 1576]
word=三菱自
File size=17763------------------------=[end]

[begin]------------------------=
[2013/05/29 09:11:07] [articles_controller.rb: 1576]
word=トヨタ
File size=17916------------------------=[end]

[begin]------------------------=
[2013/05/29 09:11:07] [articles_controller.rb: 1576]
word=ダイハツ
File size=18069------------------------=[end]

[begin]------------------------=
[2013/05/29 09:11:07] [articles_controller.rb: 1576]
word=ホンダ
File size=18225------------------------=[end]

[begin]------------------------=
[2013/05/29 09:11:07] [articles_controller.rb: 1576]
word=マツダ
File size=18378------------------------=[end]

[begin]------------------------=
[2013/05/29 09:11:07] [articles_controller.rb: 1576]
word=ＢＭＷ
File size=18531------------------------=[end]

[begin]------------------------=
[2013/05/29 09:11:07] [articles_controller.rb: 1576]
word=BMW
File size=18684------------------------=[end]

[begin]------------------------=
[2013/05/29 09:11:07] [articles_controller.rb: 1576]
word=ベンツ
File size=18831------------------------=[end]

[begin]------------------------=
[2013/05/29 09:11:07] [articles_controller.rb: 1576]
word=ソニー
File size=18984------------------------=[end]

[begin]------------------------=
[2013/05/29 09:11:07] [articles_controller.rb: 1576]
word=パナソニック
File size=19137------------------------=[end]

[begin]------------------------=
[2013/05/29 09:11:07] [articles_controller.rb: 1576]
word=松下
File size=19299------------------------=[end]

[begin]------------------------=
[2013/05/29 09:11:07] [articles_controller.rb: 1576]
word=シャープ
File size=19449------------------------=[end]

[begin]------------------------=
[2013/05/29 09:11:07] [articles_controller.rb: 1576]
word=東芝
File size=19605------------------------=[end]

[begin]------------------------=
[2013/05/29 09:11:07] [articles_controller.rb: 1576]
word=三菱電
File size=19755------------------------=[end]

[begin]------------------------=
[2013/05/29 09:11:07] [articles_controller.rb: 1576]
word=セイコー
File size=19908------------------------=[end]

