[begin]------------------------=
[2013/05/29 08:22:28] [articles_controller.rb: 1576]
word=イタリア
File size=0------------------------=[end]

[begin]------------------------=
[2013/05/29 08:22:28] [articles_controller.rb: 1576]
word=伊
File size=152------------------------=[end]

[begin]------------------------=
[2013/05/29 08:22:28] [articles_controller.rb: 1576]
word=ポルトガル
File size=297------------------------=[end]

[begin]------------------------=
[2013/05/29 08:22:28] [articles_controller.rb: 1576]
word=韓国
File size=454------------------------=[end]

[begin]------------------------=
[2013/05/29 08:22:28] [articles_controller.rb: 1576]
word=韓
File size=602------------------------=[end]

[begin]------------------------=
[2013/05/29 08:22:28] [articles_controller.rb: 1576]
word=朝鮮
File size=747------------------------=[end]

[begin]------------------------=
[2013/05/29 08:22:28] [articles_controller.rb: 1576]
word=サムスン
File size=895------------------------=[end]

[begin]------------------------=
[2013/05/29 08:22:28] [articles_controller.rb: 1576]
word=現代
File size=1049------------------------=[end]

[begin]------------------------=
[2013/05/29 08:22:28] [articles_controller.rb: 1576]
word=イラン
File size=1198------------------------=[end]

[begin]------------------------=
[2013/05/29 08:22:28] [articles_controller.rb: 1576]
word=シリア
File size=1350------------------------=[end]

[begin]------------------------=
[2013/05/29 08:22:28] [articles_controller.rb: 1576]
word=イラク
File size=1502------------------------=[end]

[begin]------------------------=
[2013/05/29 08:22:28] [articles_controller.rb: 1576]
word=自動車
File size=1654------------------------=[end]

[begin]------------------------=
[2013/05/29 08:22:28] [articles_controller.rb: 1576]
word=乗用車
File size=1806------------------------=[end]

[begin]------------------------=
[2013/05/29 08:22:28] [articles_controller.rb: 1576]
word=日産
File size=1958------------------------=[end]

[begin]------------------------=
[2013/05/29 08:22:28] [articles_controller.rb: 1576]
word=日野
File size=2107------------------------=[end]

[begin]------------------------=
[2013/05/29 08:22:28] [articles_controller.rb: 1576]
word=三菱自
File size=2256------------------------=[end]

[begin]------------------------=
[2013/05/29 08:22:28] [articles_controller.rb: 1576]
word=トヨタ
File size=2408------------------------=[end]

[begin]------------------------=
[2013/05/29 08:22:28] [articles_controller.rb: 1576]
word=ダイハツ
File size=2560------------------------=[end]

[begin]------------------------=
[2013/05/29 08:22:28] [articles_controller.rb: 1576]
word=ホンダ
File size=2715------------------------=[end]

[begin]------------------------=
[2013/05/29 08:22:28] [articles_controller.rb: 1576]
word=マツダ
File size=2867------------------------=[end]

[begin]------------------------=
[2013/05/29 08:22:28] [articles_controller.rb: 1576]
word=ＢＭＷ
File size=3019------------------------=[end]

[begin]------------------------=
[2013/05/29 08:22:28] [articles_controller.rb: 1576]
word=BMW
File size=3171------------------------=[end]

[begin]------------------------=
[2013/05/29 08:22:28] [articles_controller.rb: 1576]
word=ベンツ
File size=3317------------------------=[end]

[begin]------------------------=
[2013/05/29 08:22:28] [articles_controller.rb: 1576]
word=ソニー
File size=3469------------------------=[end]

[begin]------------------------=
[2013/05/29 08:22:28] [articles_controller.rb: 1576]
word=パナソニック
File size=3621------------------------=[end]

[begin]------------------------=
[2013/05/29 08:22:28] [articles_controller.rb: 1576]
word=松下
File size=3782------------------------=[end]

[begin]------------------------=
[2013/05/29 08:22:28] [articles_controller.rb: 1576]
word=シャープ
File size=3931------------------------=[end]

[begin]------------------------=
[2013/05/29 08:22:28] [articles_controller.rb: 1576]
word=東芝
File size=4086------------------------=[end]

[begin]------------------------=
[2013/05/29 08:22:28] [articles_controller.rb: 1576]
word=三菱電
File size=4235------------------------=[end]

[begin]------------------------=
[2013/05/29 08:22:28] [articles_controller.rb: 1576]
word=セイコー
File size=4387------------------------=[end]

[begin]------------------------=
[2013/05/29 08:22:28] [articles_controller.rb: 1576]
word=ガソリン
File size=4542------------------------=[end]

[begin]------------------------=
[2013/05/29 08:22:28] [articles_controller.rb: 1576]
word=ソーラー
File size=4697------------------------=[end]

[begin]------------------------=
[2013/05/29 08:22:28] [articles_controller.rb: 1576]
word=原油
File size=4852------------------------=[end]

[begin]------------------------=
[2013/05/29 08:22:28] [articles_controller.rb: 1576]
word=原発
File size=5001------------------------=[end]

[begin]------------------------=
[2013/05/29 08:22:28] [articles_controller.rb: 1576]
word=石油
File size=5150------------------------=[end]

[begin]------------------------=
[2013/05/29 08:22:28] [articles_controller.rb: 1576]
word=エネルギー
File size=5299------------------------=[end]

[begin]------------------------=
[2013/05/29 08:22:28] [articles_controller.rb: 1576]
word=発電
File size=5457------------------------=[end]

[begin]------------------------=
[2013/05/29 08:22:28] [articles_controller.rb: 1576]
word=火力
File size=5606------------------------=[end]

[begin]------------------------=
[2013/05/29 08:22:28] [articles_controller.rb: 1576]
word=証券
File size=5755------------------------=[end]

[begin]------------------------=
[2013/05/29 08:22:28] [articles_controller.rb: 1576]
word=相場
File size=5904------------------------=[end]

[begin]------------------------=
[2013/05/29 08:22:28] [articles_controller.rb: 1576]
word=円
File size=6053------------------------=[end]

[begin]------------------------=
[2013/05/29 08:22:28] [articles_controller.rb: 1576]
word=日経平均
File size=6199------------------------=[end]

[begin]------------------------=
[2013/05/29 08:22:28] [articles_controller.rb: 1576]
word=ＥＵＲＩＢＯＲ
File size=6354------------------------=[end]

[begin]------------------------=
[2013/05/29 08:22:28] [articles_controller.rb: 1576]
word=米国
File size=6518------------------------=[end]

[begin]------------------------=
[2013/05/29 08:22:28] [articles_controller.rb: 1576]
word=米
File size=6667------------------------=[end]

[begin]------------------------=
[2013/05/29 08:22:28] [articles_controller.rb: 1576]
word=アメリカ
File size=6813------------------------=[end]

[begin]------------------------=
[2013/05/29 08:22:28] [articles_controller.rb: 1576]
word=中国
File size=6968------------------------=[end]

[begin]------------------------=
[2013/05/29 08:22:28] [articles_controller.rb: 1576]
word=中
File size=7117------------------------=[end]

[begin]------------------------=
[2013/05/29 08:22:28] [articles_controller.rb: 1576]
word=ヨーロッパ
File size=7263------------------------=[end]

[begin]------------------------=
[2013/05/29 08:22:28] [articles_controller.rb: 1576]
word=欧州
File size=7421------------------------=[end]

[begin]------------------------=
[2013/05/29 08:22:28] [articles_controller.rb: 1576]
word=欧
File size=7570------------------------=[end]

[begin]------------------------=
[2013/05/29 08:22:28] [articles_controller.rb: 1576]
word=EURIBOR
File size=7716------------------------=[end]

[begin]------------------------=
[2013/05/29 08:22:28] [articles_controller.rb: 1576]
word=EURO
File size=7866------------------------=[end]

[begin]------------------------=
[2013/05/29 08:22:28] [articles_controller.rb: 1576]
word=ユーロ
File size=8013------------------------=[end]

[begin]------------------------=
[2013/05/29 08:22:28] [articles_controller.rb: 1576]
word=ロシア
File size=8165------------------------=[end]

[begin]------------------------=
[2013/05/29 08:22:28] [articles_controller.rb: 1576]
word=東欧
File size=8317------------------------=[end]

[begin]------------------------=
[2013/05/29 08:22:28] [articles_controller.rb: 1576]
word=ポーランド
File size=8466------------------------=[end]

[begin]------------------------=
[2013/05/29 08:22:28] [articles_controller.rb: 1576]
word=イギリス
File size=8624------------------------=[end]

[begin]------------------------=
[2013/05/29 08:22:28] [articles_controller.rb: 1576]
word=フランス
File size=8779------------------------=[end]

[begin]------------------------=
[2013/05/29 08:22:28] [articles_controller.rb: 1576]
word=ドイツ
File size=8934------------------------=[end]

[begin]------------------------=
[2013/05/29 08:22:28] [articles_controller.rb: 1576]
word=スペイン
File size=9086------------------------=[end]

[begin]------------------------=
[2013/05/29 08:22:28] [articles_controller.rb: 1576]
word=イタリア
File size=9241------------------------=[end]

[begin]------------------------=
[2013/05/29 08:22:28] [articles_controller.rb: 1576]
word=伊
File size=9396------------------------=[end]

[begin]------------------------=
[2013/05/29 08:22:28] [articles_controller.rb: 1576]
word=ポルトガル
File size=9542------------------------=[end]

[begin]------------------------=
[2013/05/29 08:22:28] [articles_controller.rb: 1576]
word=韓国
File size=9700------------------------=[end]

[begin]------------------------=
[2013/05/29 08:22:28] [articles_controller.rb: 1576]
word=韓
File size=9849------------------------=[end]

[begin]------------------------=
[2013/05/29 08:22:28] [articles_controller.rb: 1576]
word=朝鮮
File size=9995------------------------=[end]

[begin]------------------------=
[2013/05/29 08:22:28] [articles_controller.rb: 1576]
word=サムスン
File size=10144------------------------=[end]

[begin]------------------------=
[2013/05/29 08:22:28] [articles_controller.rb: 1576]
word=現代
File size=10300------------------------=[end]

[begin]------------------------=
[2013/05/29 08:22:28] [articles_controller.rb: 1576]
word=イラン
File size=10450------------------------=[end]

[begin]------------------------=
[2013/05/29 08:22:28] [articles_controller.rb: 1576]
word=シリア
File size=10603------------------------=[end]

[begin]------------------------=
[2013/05/29 08:22:28] [articles_controller.rb: 1576]
word=イラク
File size=10756------------------------=[end]

[begin]------------------------=
[2013/05/29 08:22:28] [articles_controller.rb: 1576]
word=自動車
File size=10909------------------------=[end]

[begin]------------------------=
[2013/05/29 08:22:28] [articles_controller.rb: 1576]
word=乗用車
File size=11062------------------------=[end]

[begin]------------------------=
[2013/05/29 08:22:28] [articles_controller.rb: 1576]
word=日産
File size=11215------------------------=[end]

[begin]------------------------=
[2013/05/29 08:22:28] [articles_controller.rb: 1576]
word=日野
File size=11365------------------------=[end]

[begin]------------------------=
[2013/05/29 08:22:28] [articles_controller.rb: 1576]
word=三菱自
File size=11515------------------------=[end]

[begin]------------------------=
[2013/05/29 08:22:28] [articles_controller.rb: 1576]
word=トヨタ
File size=11668------------------------=[end]

[begin]------------------------=
[2013/05/29 08:22:28] [articles_controller.rb: 1576]
word=米国
File size=11821------------------------=[end]

[begin]------------------------=
[2013/05/29 08:22:28] [articles_controller.rb: 1576]
word=米
File size=11971------------------------=[end]

[begin]------------------------=
[2013/05/29 08:22:28] [articles_controller.rb: 1576]
word=アメリカ
File size=12118------------------------=[end]

[begin]------------------------=
[2013/05/29 08:22:28] [articles_controller.rb: 1576]
word=中国
File size=12274------------------------=[end]

[begin]------------------------=
[2013/05/29 08:22:28] [articles_controller.rb: 1576]
word=中
File size=12424------------------------=[end]

[begin]------------------------=
[2013/05/29 08:22:28] [articles_controller.rb: 1576]
word=ヨーロッパ
File size=12571------------------------=[end]

[begin]------------------------=
[2013/05/29 08:22:28] [articles_controller.rb: 1576]
word=欧州
File size=12730------------------------=[end]

[begin]------------------------=
[2013/05/29 08:22:28] [articles_controller.rb: 1576]
word=欧
File size=12880------------------------=[end]

[begin]------------------------=
[2013/05/29 08:22:28] [articles_controller.rb: 1576]
word=EURIBOR
File size=13027------------------------=[end]

[begin]------------------------=
[2013/05/29 08:22:28] [articles_controller.rb: 1576]
word=EURO
File size=13178------------------------=[end]

[begin]------------------------=
[2013/05/29 08:22:28] [articles_controller.rb: 1576]
word=ユーロ
File size=13326------------------------=[end]

[begin]------------------------=
[2013/05/29 08:22:28] [articles_controller.rb: 1576]
word=ロシア
File size=13479------------------------=[end]

[begin]------------------------=
[2013/05/29 08:22:28] [articles_controller.rb: 1576]
word=東欧
File size=13632------------------------=[end]

[begin]------------------------=
[2013/05/29 08:22:28] [articles_controller.rb: 1576]
word=ポーランド
File size=13782------------------------=[end]

[begin]------------------------=
[2013/05/29 08:22:28] [articles_controller.rb: 1576]
word=イギリス
File size=13941------------------------=[end]

[begin]------------------------=
[2013/05/29 08:22:28] [articles_controller.rb: 1576]
word=フランス
File size=14097------------------------=[end]

[begin]------------------------=
[2013/05/29 08:22:28] [articles_controller.rb: 1576]
word=ドイツ
File size=14253------------------------=[end]

[begin]------------------------=
[2013/05/29 08:22:28] [articles_controller.rb: 1576]
word=スペイン
File size=14406------------------------=[end]

[begin]------------------------=
[2013/05/29 08:22:28] [articles_controller.rb: 1576]
word=イタリア
File size=14562------------------------=[end]

[begin]------------------------=
[2013/05/29 08:22:28] [articles_controller.rb: 1576]
word=伊
File size=14718------------------------=[end]

[begin]------------------------=
[2013/05/29 08:22:28] [articles_controller.rb: 1576]
word=ポルトガル
File size=14865------------------------=[end]

[begin]------------------------=
[2013/05/29 08:22:28] [articles_controller.rb: 1576]
word=韓国
File size=15024------------------------=[end]

[begin]------------------------=
[2013/05/29 08:22:28] [articles_controller.rb: 1576]
word=韓
File size=15174------------------------=[end]

[begin]------------------------=
[2013/05/29 08:22:28] [articles_controller.rb: 1576]
word=朝鮮
File size=15321------------------------=[end]

[begin]------------------------=
[2013/05/29 08:22:28] [articles_controller.rb: 1576]
word=サムスン
File size=15471------------------------=[end]

[begin]------------------------=
[2013/05/29 08:22:28] [articles_controller.rb: 1576]
word=現代
File size=15627------------------------=[end]

[begin]------------------------=
[2013/05/29 08:22:28] [articles_controller.rb: 1576]
word=イラン
File size=15777------------------------=[end]

[begin]------------------------=
[2013/05/29 08:22:28] [articles_controller.rb: 1576]
word=シリア
File size=15930------------------------=[end]

[begin]------------------------=
[2013/05/29 08:22:28] [articles_controller.rb: 1576]
word=イラク
File size=16083------------------------=[end]

[begin]------------------------=
[2013/05/29 08:22:28] [articles_controller.rb: 1576]
word=自動車
File size=16236------------------------=[end]

[begin]------------------------=
[2013/05/29 08:22:28] [articles_controller.rb: 1576]
word=乗用車
File size=16389------------------------=[end]

[begin]------------------------=
[2013/05/29 08:22:28] [articles_controller.rb: 1576]
word=日産
File size=16542------------------------=[end]

[begin]------------------------=
[2013/05/29 08:22:28] [articles_controller.rb: 1576]
word=日野
File size=16692------------------------=[end]

[begin]------------------------=
[2013/05/29 08:22:28] [articles_controller.rb: 1576]
word=三菱自
File size=16842------------------------=[end]

[begin]------------------------=
[2013/05/29 08:22:28] [articles_controller.rb: 1576]
word=トヨタ
File size=16995------------------------=[end]

[begin]------------------------=
[2013/05/29 08:22:28] [articles_controller.rb: 1576]
word=ダイハツ
File size=17148------------------------=[end]

[begin]------------------------=
[2013/05/29 08:22:28] [articles_controller.rb: 1576]
word=ホンダ
File size=17304------------------------=[end]

[begin]------------------------=
[2013/05/29 08:22:28] [articles_controller.rb: 1576]
word=マツダ
File size=17457------------------------=[end]

[begin]------------------------=
[2013/05/29 08:22:28] [articles_controller.rb: 1576]
word=ＢＭＷ
File size=17610------------------------=[end]

[begin]------------------------=
[2013/05/29 08:22:28] [articles_controller.rb: 1576]
word=BMW
File size=17763------------------------=[end]

[begin]------------------------=
[2013/05/29 08:22:28] [articles_controller.rb: 1576]
word=ベンツ
File size=17910------------------------=[end]

[begin]------------------------=
[2013/05/29 08:22:28] [articles_controller.rb: 1576]
word=ソニー
File size=18063------------------------=[end]

[begin]------------------------=
[2013/05/29 08:22:28] [articles_controller.rb: 1576]
word=パナソニック
File size=18216------------------------=[end]

[begin]------------------------=
[2013/05/29 08:22:28] [articles_controller.rb: 1576]
word=松下
File size=18378------------------------=[end]

[begin]------------------------=
[2013/05/29 08:22:28] [articles_controller.rb: 1576]
word=シャープ
File size=18528------------------------=[end]

[begin]------------------------=
[2013/05/29 08:22:28] [articles_controller.rb: 1576]
word=東芝
File size=18684------------------------=[end]

[begin]------------------------=
[2013/05/29 08:22:28] [articles_controller.rb: 1576]
word=三菱電
File size=18834------------------------=[end]

[begin]------------------------=
[2013/05/29 08:22:28] [articles_controller.rb: 1576]
word=セイコー
File size=18987------------------------=[end]

[begin]------------------------=
[2013/05/29 08:22:28] [articles_controller.rb: 1576]
word=ガソリン
File size=19143------------------------=[end]

[begin]------------------------=
[2013/05/29 08:22:28] [articles_controller.rb: 1576]
word=ソーラー
File size=19299------------------------=[end]

[begin]------------------------=
[2013/05/29 08:22:28] [articles_controller.rb: 1576]
word=原油
File size=19455------------------------=[end]

[begin]------------------------=
[2013/05/29 08:22:28] [articles_controller.rb: 1576]
word=原発
File size=19605------------------------=[end]

[begin]------------------------=
[2013/05/29 08:22:28] [articles_controller.rb: 1576]
word=石油
File size=19755------------------------=[end]

[begin]------------------------=
[2013/05/29 08:22:28] [articles_controller.rb: 1576]
word=エネルギー
File size=19905------------------------=[end]

