[begin]------------------------=
[2013/05/29 08:22:25] [articles_controller.rb: 1576]
word=中
File size=0------------------------=[end]

[begin]------------------------=
[2013/05/29 08:22:25] [articles_controller.rb: 1576]
word=ヨーロッパ
File size=143------------------------=[end]

[begin]------------------------=
[2013/05/29 08:22:25] [articles_controller.rb: 1576]
word=欧州
File size=300------------------------=[end]

[begin]------------------------=
[2013/05/29 08:22:25] [articles_controller.rb: 1576]
word=欧
File size=448------------------------=[end]

[begin]------------------------=
[2013/05/29 08:22:25] [articles_controller.rb: 1576]
word=EURIBOR
File size=593------------------------=[end]

[begin]------------------------=
[2013/05/29 08:22:25] [articles_controller.rb: 1576]
word=EURO
File size=742------------------------=[end]

[begin]------------------------=
[2013/05/29 08:22:25] [articles_controller.rb: 1576]
word=ユーロ
File size=888------------------------=[end]

[begin]------------------------=
[2013/05/29 08:22:25] [articles_controller.rb: 1576]
word=ロシア
File size=1039------------------------=[end]

[begin]------------------------=
[2013/05/29 08:22:25] [articles_controller.rb: 1576]
word=東欧
File size=1191------------------------=[end]

[begin]------------------------=
[2013/05/29 08:22:25] [articles_controller.rb: 1576]
word=ポーランド
File size=1340------------------------=[end]

[begin]------------------------=
[2013/05/29 08:22:25] [articles_controller.rb: 1576]
word=イギリス
File size=1498------------------------=[end]

[begin]------------------------=
[2013/05/29 08:22:25] [articles_controller.rb: 1576]
word=フランス
File size=1653------------------------=[end]

[begin]------------------------=
[2013/05/29 08:22:25] [articles_controller.rb: 1576]
word=ドイツ
File size=1808------------------------=[end]

[begin]------------------------=
[2013/05/29 08:22:25] [articles_controller.rb: 1576]
word=スペイン
File size=1960------------------------=[end]

[begin]------------------------=
[2013/05/29 08:22:25] [articles_controller.rb: 1576]
word=イタリア
File size=2115------------------------=[end]

[begin]------------------------=
[2013/05/29 08:22:25] [articles_controller.rb: 1576]
word=伊
File size=2270------------------------=[end]

[begin]------------------------=
[2013/05/29 08:22:25] [articles_controller.rb: 1576]
word=ポルトガル
File size=2416------------------------=[end]

[begin]------------------------=
[2013/05/29 08:22:25] [articles_controller.rb: 1576]
word=韓国
File size=2574------------------------=[end]

[begin]------------------------=
[2013/05/29 08:22:25] [articles_controller.rb: 1576]
word=韓
File size=2723------------------------=[end]

[begin]------------------------=
[2013/05/29 08:22:25] [articles_controller.rb: 1576]
word=朝鮮
File size=2869------------------------=[end]

[begin]------------------------=
[2013/05/29 08:22:25] [articles_controller.rb: 1576]
word=サムスン
File size=3018------------------------=[end]

[begin]------------------------=
[2013/05/29 08:22:25] [articles_controller.rb: 1576]
word=現代
File size=3173------------------------=[end]

[begin]------------------------=
[2013/05/29 08:22:25] [articles_controller.rb: 1576]
word=イラン
File size=3322------------------------=[end]

[begin]------------------------=
[2013/05/29 08:22:25] [articles_controller.rb: 1576]
word=シリア
File size=3474------------------------=[end]

[begin]------------------------=
[2013/05/29 08:22:25] [articles_controller.rb: 1576]
word=イラク
File size=3626------------------------=[end]

[begin]------------------------=
[2013/05/29 08:22:25] [articles_controller.rb: 1576]
word=自動車
File size=3778------------------------=[end]

[begin]------------------------=
[2013/05/29 08:22:25] [articles_controller.rb: 1576]
word=乗用車
File size=3930------------------------=[end]

[begin]------------------------=
[2013/05/29 08:22:25] [articles_controller.rb: 1576]
word=日産
File size=4082------------------------=[end]

[begin]------------------------=
[2013/05/29 08:22:25] [articles_controller.rb: 1576]
word=日野
File size=4231------------------------=[end]

[begin]------------------------=
[2013/05/29 08:22:25] [articles_controller.rb: 1576]
word=三菱自
File size=4380------------------------=[end]

[begin]------------------------=
[2013/05/29 08:22:25] [articles_controller.rb: 1576]
word=トヨタ
File size=4532------------------------=[end]

[begin]------------------------=
[2013/05/29 08:22:25] [articles_controller.rb: 1576]
word=ダイハツ
File size=4684------------------------=[end]

[begin]------------------------=
[2013/05/29 08:22:25] [articles_controller.rb: 1576]
word=ホンダ
File size=4839------------------------=[end]

[begin]------------------------=
[2013/05/29 08:22:25] [articles_controller.rb: 1576]
word=マツダ
File size=4991------------------------=[end]

[begin]------------------------=
[2013/05/29 08:22:25] [articles_controller.rb: 1576]
word=ＢＭＷ
File size=5143------------------------=[end]

[begin]------------------------=
[2013/05/29 08:22:25] [articles_controller.rb: 1576]
word=BMW
File size=5295------------------------=[end]

[begin]------------------------=
[2013/05/29 08:22:25] [articles_controller.rb: 1576]
word=ベンツ
File size=5441------------------------=[end]

[begin]------------------------=
[2013/05/29 08:22:25] [articles_controller.rb: 1576]
word=ソニー
File size=5593------------------------=[end]

[begin]------------------------=
[2013/05/29 08:22:25] [articles_controller.rb: 1576]
word=パナソニック
File size=5745------------------------=[end]

[begin]------------------------=
[2013/05/29 08:22:25] [articles_controller.rb: 1576]
word=松下
File size=5906------------------------=[end]

[begin]------------------------=
[2013/05/29 08:22:25] [articles_controller.rb: 1576]
word=シャープ
File size=6055------------------------=[end]

[begin]------------------------=
[2013/05/29 08:22:25] [articles_controller.rb: 1576]
word=東芝
File size=6210------------------------=[end]

[begin]------------------------=
[2013/05/29 08:22:25] [articles_controller.rb: 1576]
word=三菱電
File size=6359------------------------=[end]

[begin]------------------------=
[2013/05/29 08:22:25] [articles_controller.rb: 1576]
word=セイコー
File size=6511------------------------=[end]

[begin]------------------------=
[2013/05/29 08:22:25] [articles_controller.rb: 1576]
word=ガソリン
File size=6666------------------------=[end]

[begin]------------------------=
[2013/05/29 08:22:25] [articles_controller.rb: 1576]
word=ソーラー
File size=6821------------------------=[end]

[begin]------------------------=
[2013/05/29 08:22:25] [articles_controller.rb: 1576]
word=原油
File size=6976------------------------=[end]

[begin]------------------------=
[2013/05/29 08:22:25] [articles_controller.rb: 1576]
word=原発
File size=7125------------------------=[end]

[begin]------------------------=
[2013/05/29 08:22:25] [articles_controller.rb: 1576]
word=石油
File size=7274------------------------=[end]

[begin]------------------------=
[2013/05/29 08:22:25] [articles_controller.rb: 1576]
word=エネルギー
File size=7423------------------------=[end]

[begin]------------------------=
[2013/05/29 08:22:25] [articles_controller.rb: 1576]
word=発電
File size=7581------------------------=[end]

[begin]------------------------=
[2013/05/29 08:22:25] [articles_controller.rb: 1576]
word=火力
File size=7730------------------------=[end]

[begin]------------------------=
[2013/05/29 08:22:25] [articles_controller.rb: 1576]
word=証券
File size=7879------------------------=[end]

[begin]------------------------=
[2013/05/29 08:22:25] [articles_controller.rb: 1576]
word=相場
File size=8028------------------------=[end]

[begin]------------------------=
[2013/05/29 08:22:25] [articles_controller.rb: 1576]
word=円
File size=8177------------------------=[end]

[begin]------------------------=
[2013/05/29 08:22:25] [articles_controller.rb: 1576]
word=日経平均
File size=8323------------------------=[end]

[begin]------------------------=
[2013/05/29 08:22:25] [articles_controller.rb: 1576]
word=ＥＵＲＩＢＯＲ
File size=8478------------------------=[end]

[begin]------------------------=
[2013/05/29 08:22:25] [articles_controller.rb: 1576]
word=米国
File size=8642------------------------=[end]

[begin]------------------------=
[2013/05/29 08:22:25] [articles_controller.rb: 1576]
word=米
File size=8791------------------------=[end]

[begin]------------------------=
[2013/05/29 08:22:25] [articles_controller.rb: 1576]
word=米国
File size=8937------------------------=[end]

[begin]------------------------=
[2013/05/29 08:22:25] [articles_controller.rb: 1576]
word=米
File size=9086------------------------=[end]

[begin]------------------------=
[2013/05/29 08:22:25] [articles_controller.rb: 1576]
word=アメリカ
File size=9232------------------------=[end]

[begin]------------------------=
[2013/05/29 08:22:25] [articles_controller.rb: 1576]
word=中国
File size=9387------------------------=[end]

[begin]------------------------=
[2013/05/29 08:22:25] [articles_controller.rb: 1576]
word=中
File size=9536------------------------=[end]

[begin]------------------------=
[2013/05/29 08:22:25] [articles_controller.rb: 1576]
word=ヨーロッパ
File size=9682------------------------=[end]

[begin]------------------------=
[2013/05/29 08:22:25] [articles_controller.rb: 1576]
word=欧州
File size=9840------------------------=[end]

[begin]------------------------=
[2013/05/29 08:22:25] [articles_controller.rb: 1576]
word=欧
File size=9989------------------------=[end]

[begin]------------------------=
[2013/05/29 08:22:25] [articles_controller.rb: 1576]
word=EURIBOR
File size=10135------------------------=[end]

[begin]------------------------=
[2013/05/29 08:22:25] [articles_controller.rb: 1576]
word=EURO
File size=10286------------------------=[end]

[begin]------------------------=
[2013/05/29 08:22:25] [articles_controller.rb: 1576]
word=ユーロ
File size=10434------------------------=[end]

[begin]------------------------=
[2013/05/29 08:22:25] [articles_controller.rb: 1576]
word=ロシア
File size=10587------------------------=[end]

[begin]------------------------=
[2013/05/29 08:22:25] [articles_controller.rb: 1576]
word=東欧
File size=10740------------------------=[end]

[begin]------------------------=
[2013/05/29 08:22:25] [articles_controller.rb: 1576]
word=ポーランド
File size=10890------------------------=[end]

[begin]------------------------=
[2013/05/29 08:22:25] [articles_controller.rb: 1576]
word=イギリス
File size=11049------------------------=[end]

[begin]------------------------=
[2013/05/29 08:22:25] [articles_controller.rb: 1576]
word=フランス
File size=11205------------------------=[end]

[begin]------------------------=
[2013/05/29 08:22:25] [articles_controller.rb: 1576]
word=ドイツ
File size=11361------------------------=[end]

[begin]------------------------=
[2013/05/29 08:22:25] [articles_controller.rb: 1576]
word=スペイン
File size=11514------------------------=[end]

[begin]------------------------=
[2013/05/29 08:22:25] [articles_controller.rb: 1576]
word=イタリア
File size=11670------------------------=[end]

[begin]------------------------=
[2013/05/29 08:22:25] [articles_controller.rb: 1576]
word=伊
File size=11826------------------------=[end]

[begin]------------------------=
[2013/05/29 08:22:25] [articles_controller.rb: 1576]
word=米国
File size=11973------------------------=[end]

[begin]------------------------=
[2013/05/29 08:22:25] [articles_controller.rb: 1576]
word=米
File size=12123------------------------=[end]

[begin]------------------------=
[2013/05/29 08:22:25] [articles_controller.rb: 1576]
word=アメリカ
File size=12270------------------------=[end]

[begin]------------------------=
[2013/05/29 08:22:25] [articles_controller.rb: 1576]
word=中国
File size=12426------------------------=[end]

[begin]------------------------=
[2013/05/29 08:22:25] [articles_controller.rb: 1576]
word=中
File size=12576------------------------=[end]

[begin]------------------------=
[2013/05/29 08:22:25] [articles_controller.rb: 1576]
word=米国
File size=12723------------------------=[end]

[begin]------------------------=
[2013/05/29 08:22:25] [articles_controller.rb: 1576]
word=米
File size=12873------------------------=[end]

[begin]------------------------=
[2013/05/29 08:22:25] [articles_controller.rb: 1576]
word=アメリカ
File size=13020------------------------=[end]

[begin]------------------------=
[2013/05/29 08:22:25] [articles_controller.rb: 1576]
word=中国
File size=13176------------------------=[end]

[begin]------------------------=
[2013/05/29 08:22:25] [articles_controller.rb: 1576]
word=中
File size=13326------------------------=[end]

[begin]------------------------=
[2013/05/29 08:22:25] [articles_controller.rb: 1576]
word=ヨーロッパ
File size=13473------------------------=[end]

[begin]------------------------=
[2013/05/29 08:22:25] [articles_controller.rb: 1576]
word=欧州
File size=13632------------------------=[end]

[begin]------------------------=
[2013/05/29 08:22:25] [articles_controller.rb: 1576]
word=欧
File size=13782------------------------=[end]

[begin]------------------------=
[2013/05/29 08:22:25] [articles_controller.rb: 1576]
word=EURIBOR
File size=13929------------------------=[end]

[begin]------------------------=
[2013/05/29 08:22:25] [articles_controller.rb: 1576]
word=EURO
File size=14080------------------------=[end]

[begin]------------------------=
[2013/05/29 08:22:25] [articles_controller.rb: 1576]
word=ユーロ
File size=14228------------------------=[end]

[begin]------------------------=
[2013/05/29 08:22:25] [articles_controller.rb: 1576]
word=ロシア
File size=14381------------------------=[end]

[begin]------------------------=
[2013/05/29 08:22:25] [articles_controller.rb: 1576]
word=東欧
File size=14534------------------------=[end]

[begin]------------------------=
[2013/05/29 08:22:25] [articles_controller.rb: 1576]
word=ポーランド
File size=14684------------------------=[end]

[begin]------------------------=
[2013/05/29 08:22:25] [articles_controller.rb: 1576]
word=イギリス
File size=14843------------------------=[end]

[begin]------------------------=
[2013/05/29 08:22:25] [articles_controller.rb: 1576]
word=フランス
File size=14999------------------------=[end]

[begin]------------------------=
[2013/05/29 08:22:25] [articles_controller.rb: 1576]
word=ドイツ
File size=15155------------------------=[end]

[begin]------------------------=
[2013/05/29 08:22:25] [articles_controller.rb: 1576]
word=スペイン
File size=15308------------------------=[end]

[begin]------------------------=
[2013/05/29 08:22:25] [articles_controller.rb: 1576]
word=イタリア
File size=15464------------------------=[end]

[begin]------------------------=
[2013/05/29 08:22:25] [articles_controller.rb: 1576]
word=伊
File size=15620------------------------=[end]

[begin]------------------------=
[2013/05/29 08:22:25] [articles_controller.rb: 1576]
word=ポルトガル
File size=15767------------------------=[end]

[begin]------------------------=
[2013/05/29 08:22:25] [articles_controller.rb: 1576]
word=韓国
File size=15926------------------------=[end]

[begin]------------------------=
[2013/05/29 08:22:25] [articles_controller.rb: 1576]
word=韓
File size=16076------------------------=[end]

[begin]------------------------=
[2013/05/29 08:22:25] [articles_controller.rb: 1576]
word=朝鮮
File size=16223------------------------=[end]

[begin]------------------------=
[2013/05/29 08:22:25] [articles_controller.rb: 1576]
word=サムスン
File size=16373------------------------=[end]

[begin]------------------------=
[2013/05/29 08:22:25] [articles_controller.rb: 1576]
word=現代
File size=16529------------------------=[end]

[begin]------------------------=
[2013/05/29 08:22:25] [articles_controller.rb: 1576]
word=イラン
File size=16679------------------------=[end]

[begin]------------------------=
[2013/05/29 08:22:25] [articles_controller.rb: 1576]
word=シリア
File size=16832------------------------=[end]

[begin]------------------------=
[2013/05/29 08:22:25] [articles_controller.rb: 1576]
word=イラク
File size=16985------------------------=[end]

[begin]------------------------=
[2013/05/29 08:22:25] [articles_controller.rb: 1576]
word=自動車
File size=17138------------------------=[end]

[begin]------------------------=
[2013/05/29 08:22:25] [articles_controller.rb: 1576]
word=乗用車
File size=17291------------------------=[end]

[begin]------------------------=
[2013/05/29 08:22:25] [articles_controller.rb: 1576]
word=日産
File size=17444------------------------=[end]

[begin]------------------------=
[2013/05/29 08:22:25] [articles_controller.rb: 1576]
word=日野
File size=17594------------------------=[end]

[begin]------------------------=
[2013/05/29 08:22:25] [articles_controller.rb: 1576]
word=三菱自
File size=17744------------------------=[end]

[begin]------------------------=
[2013/05/29 08:22:25] [articles_controller.rb: 1576]
word=トヨタ
File size=17897------------------------=[end]

[begin]------------------------=
[2013/05/29 08:22:25] [articles_controller.rb: 1576]
word=ダイハツ
File size=18050------------------------=[end]

[begin]------------------------=
[2013/05/29 08:22:25] [articles_controller.rb: 1576]
word=ホンダ
File size=18206------------------------=[end]

[begin]------------------------=
[2013/05/29 08:22:25] [articles_controller.rb: 1576]
word=マツダ
File size=18359------------------------=[end]

[begin]------------------------=
[2013/05/29 08:22:25] [articles_controller.rb: 1576]
word=ＢＭＷ
File size=18512------------------------=[end]

[begin]------------------------=
[2013/05/29 08:22:25] [articles_controller.rb: 1576]
word=BMW
File size=18665------------------------=[end]

[begin]------------------------=
[2013/05/29 08:22:25] [articles_controller.rb: 1576]
word=ベンツ
File size=18812------------------------=[end]

[begin]------------------------=
[2013/05/29 08:22:25] [articles_controller.rb: 1576]
word=ソニー
File size=18965------------------------=[end]

[begin]------------------------=
[2013/05/29 08:22:25] [articles_controller.rb: 1576]
word=パナソニック
File size=19118------------------------=[end]

[begin]------------------------=
[2013/05/29 08:22:25] [articles_controller.rb: 1576]
word=松下
File size=19280------------------------=[end]

[begin]------------------------=
[2013/05/29 08:22:25] [articles_controller.rb: 1576]
word=シャープ
File size=19430------------------------=[end]

[begin]------------------------=
[2013/05/29 08:22:25] [articles_controller.rb: 1576]
word=東芝
File size=19586------------------------=[end]

[begin]------------------------=
[2013/05/29 08:22:25] [articles_controller.rb: 1576]
word=三菱電
File size=19736------------------------=[end]

[begin]------------------------=
[2013/05/29 08:22:25] [articles_controller.rb: 1576]
word=セイコー
File size=19889------------------------=[end]

