[begin]------------------------=
[2013/05/29 08:45:48] [articles_controller.rb: 1576]
word=イタリア
File size=0------------------------=[end]

[begin]------------------------=
[2013/05/29 08:45:48] [articles_controller.rb: 1576]
word=伊
File size=152------------------------=[end]

[begin]------------------------=
[2013/05/29 08:45:48] [articles_controller.rb: 1576]
word=ポルトガル
File size=297------------------------=[end]

[begin]------------------------=
[2013/05/29 08:45:48] [articles_controller.rb: 1576]
word=韓国
File size=454------------------------=[end]

[begin]------------------------=
[2013/05/29 08:45:48] [articles_controller.rb: 1576]
word=韓
File size=602------------------------=[end]

[begin]------------------------=
[2013/05/29 08:45:48] [articles_controller.rb: 1576]
word=朝鮮
File size=747------------------------=[end]

[begin]------------------------=
[2013/05/29 08:45:48] [articles_controller.rb: 1576]
word=サムスン
File size=895------------------------=[end]

[begin]------------------------=
[2013/05/29 08:45:48] [articles_controller.rb: 1576]
word=現代
File size=1049------------------------=[end]

[begin]------------------------=
[2013/05/29 08:45:48] [articles_controller.rb: 1576]
word=イラン
File size=1198------------------------=[end]

[begin]------------------------=
[2013/05/29 08:45:48] [articles_controller.rb: 1576]
word=シリア
File size=1350------------------------=[end]

[begin]------------------------=
[2013/05/29 08:45:48] [articles_controller.rb: 1576]
word=イラク
File size=1502------------------------=[end]

[begin]------------------------=
[2013/05/29 08:45:48] [articles_controller.rb: 1576]
word=自動車
File size=1654------------------------=[end]

[begin]------------------------=
[2013/05/29 08:45:48] [articles_controller.rb: 1576]
word=乗用車
File size=1806------------------------=[end]

[begin]------------------------=
[2013/05/29 08:45:48] [articles_controller.rb: 1576]
word=日産
File size=1958------------------------=[end]

[begin]------------------------=
[2013/05/29 08:45:48] [articles_controller.rb: 1576]
word=日野
File size=2107------------------------=[end]

[begin]------------------------=
[2013/05/29 08:45:48] [articles_controller.rb: 1576]
word=三菱自
File size=2256------------------------=[end]

[begin]------------------------=
[2013/05/29 08:45:48] [articles_controller.rb: 1576]
word=トヨタ
File size=2408------------------------=[end]

[begin]------------------------=
[2013/05/29 08:45:48] [articles_controller.rb: 1576]
word=ダイハツ
File size=2560------------------------=[end]

[begin]------------------------=
[2013/05/29 08:45:48] [articles_controller.rb: 1576]
word=ホンダ
File size=2715------------------------=[end]

[begin]------------------------=
[2013/05/29 08:45:48] [articles_controller.rb: 1576]
word=マツダ
File size=2867------------------------=[end]

[begin]------------------------=
[2013/05/29 08:45:48] [articles_controller.rb: 1576]
word=ＢＭＷ
File size=3019------------------------=[end]

[begin]------------------------=
[2013/05/29 08:45:48] [articles_controller.rb: 1576]
word=BMW
File size=3171------------------------=[end]

[begin]------------------------=
[2013/05/29 08:45:48] [articles_controller.rb: 1576]
word=ベンツ
File size=3317------------------------=[end]

[begin]------------------------=
[2013/05/29 08:45:48] [articles_controller.rb: 1576]
word=ソニー
File size=3469------------------------=[end]

[begin]------------------------=
[2013/05/29 08:45:48] [articles_controller.rb: 1576]
word=パナソニック
File size=3621------------------------=[end]

[begin]------------------------=
[2013/05/29 08:45:48] [articles_controller.rb: 1576]
word=松下
File size=3782------------------------=[end]

[begin]------------------------=
[2013/05/29 08:45:48] [articles_controller.rb: 1576]
word=シャープ
File size=3931------------------------=[end]

[begin]------------------------=
[2013/05/29 08:45:48] [articles_controller.rb: 1576]
word=東芝
File size=4086------------------------=[end]

[begin]------------------------=
[2013/05/29 08:45:48] [articles_controller.rb: 1576]
word=三菱電
File size=4235------------------------=[end]

[begin]------------------------=
[2013/05/29 08:45:48] [articles_controller.rb: 1576]
word=セイコー
File size=4387------------------------=[end]

[begin]------------------------=
[2013/05/29 08:45:48] [articles_controller.rb: 1576]
word=ガソリン
File size=4542------------------------=[end]

[begin]------------------------=
[2013/05/29 08:45:48] [articles_controller.rb: 1576]
word=ソーラー
File size=4697------------------------=[end]

[begin]------------------------=
[2013/05/29 08:45:48] [articles_controller.rb: 1576]
word=原油
File size=4852------------------------=[end]

[begin]------------------------=
[2013/05/29 08:45:48] [articles_controller.rb: 1576]
word=原発
File size=5001------------------------=[end]

[begin]------------------------=
[2013/05/29 08:45:48] [articles_controller.rb: 1576]
word=石油
File size=5150------------------------=[end]

[begin]------------------------=
[2013/05/29 08:45:48] [articles_controller.rb: 1576]
word=エネルギー
File size=5299------------------------=[end]

[begin]------------------------=
[2013/05/29 08:45:48] [articles_controller.rb: 1576]
word=発電
File size=5457------------------------=[end]

[begin]------------------------=
[2013/05/29 08:45:48] [articles_controller.rb: 1576]
word=火力
File size=5606------------------------=[end]

[begin]------------------------=
[2013/05/29 08:45:48] [articles_controller.rb: 1576]
word=証券
File size=5755------------------------=[end]

[begin]------------------------=
[2013/05/29 08:45:48] [articles_controller.rb: 1576]
word=米国
File size=5904------------------------=[end]

[begin]------------------------=
[2013/05/29 08:45:48] [articles_controller.rb: 1576]
word=米
File size=6053------------------------=[end]

[begin]------------------------=
[2013/05/29 08:45:48] [articles_controller.rb: 1576]
word=アメリカ
File size=6199------------------------=[end]

[begin]------------------------=
[2013/05/29 08:45:48] [articles_controller.rb: 1576]
word=中国
File size=6354------------------------=[end]

[begin]------------------------=
[2013/05/29 08:45:48] [articles_controller.rb: 1576]
word=中
File size=6503------------------------=[end]

[begin]------------------------=
[2013/05/29 08:45:48] [articles_controller.rb: 1576]
word=ヨーロッパ
File size=6649------------------------=[end]

[begin]------------------------=
[2013/05/29 08:45:48] [articles_controller.rb: 1576]
word=欧州
File size=6807------------------------=[end]

[begin]------------------------=
[2013/05/29 08:45:48] [articles_controller.rb: 1576]
word=欧
File size=6956------------------------=[end]

[begin]------------------------=
[2013/05/29 08:45:48] [articles_controller.rb: 1576]
word=EURIBOR
File size=7102------------------------=[end]

[begin]------------------------=
[2013/05/29 08:45:48] [articles_controller.rb: 1576]
word=EURO
File size=7252------------------------=[end]

[begin]------------------------=
[2013/05/29 08:45:48] [articles_controller.rb: 1576]
word=ユーロ
File size=7399------------------------=[end]

[begin]------------------------=
[2013/05/29 08:45:48] [articles_controller.rb: 1576]
word=ロシア
File size=7551------------------------=[end]

[begin]------------------------=
[2013/05/29 08:45:48] [articles_controller.rb: 1576]
word=東欧
File size=7703------------------------=[end]

[begin]------------------------=
[2013/05/29 08:45:48] [articles_controller.rb: 1576]
word=ポーランド
File size=7852------------------------=[end]

[begin]------------------------=
[2013/05/29 08:45:48] [articles_controller.rb: 1576]
word=イギリス
File size=8010------------------------=[end]

[begin]------------------------=
[2013/05/29 08:45:48] [articles_controller.rb: 1576]
word=フランス
File size=8165------------------------=[end]

[begin]------------------------=
[2013/05/29 08:45:48] [articles_controller.rb: 1576]
word=ドイツ
File size=8320------------------------=[end]

[begin]------------------------=
[2013/05/29 08:45:48] [articles_controller.rb: 1576]
word=スペイン
File size=8472------------------------=[end]

[begin]------------------------=
[2013/05/29 08:45:48] [articles_controller.rb: 1576]
word=イタリア
File size=8627------------------------=[end]

[begin]------------------------=
[2013/05/29 08:45:48] [articles_controller.rb: 1576]
word=伊
File size=8782------------------------=[end]

[begin]------------------------=
[2013/05/29 08:45:48] [articles_controller.rb: 1576]
word=ポルトガル
File size=8928------------------------=[end]

[begin]------------------------=
[2013/05/29 08:45:48] [articles_controller.rb: 1576]
word=韓国
File size=9086------------------------=[end]

[begin]------------------------=
[2013/05/29 08:45:48] [articles_controller.rb: 1576]
word=韓
File size=9235------------------------=[end]

[begin]------------------------=
[2013/05/29 08:45:48] [articles_controller.rb: 1576]
word=朝鮮
File size=9381------------------------=[end]

[begin]------------------------=
[2013/05/29 08:45:48] [articles_controller.rb: 1576]
word=サムスン
File size=9530------------------------=[end]

[begin]------------------------=
[2013/05/29 08:45:48] [articles_controller.rb: 1576]
word=現代
File size=9685------------------------=[end]

[begin]------------------------=
[2013/05/29 08:45:48] [articles_controller.rb: 1576]
word=イラン
File size=9834------------------------=[end]

[begin]------------------------=
[2013/05/29 08:45:48] [articles_controller.rb: 1576]
word=シリア
File size=9986------------------------=[end]

[begin]------------------------=
[2013/05/29 08:45:48] [articles_controller.rb: 1576]
word=イラク
File size=10138------------------------=[end]

[begin]------------------------=
[2013/05/29 08:45:48] [articles_controller.rb: 1576]
word=自動車
File size=10291------------------------=[end]

[begin]------------------------=
[2013/05/29 08:45:48] [articles_controller.rb: 1576]
word=乗用車
File size=10444------------------------=[end]

[begin]------------------------=
[2013/05/29 08:45:48] [articles_controller.rb: 1576]
word=日産
File size=10597------------------------=[end]

[begin]------------------------=
[2013/05/29 08:45:48] [articles_controller.rb: 1576]
word=日野
File size=10747------------------------=[end]

[begin]------------------------=
[2013/05/29 08:45:48] [articles_controller.rb: 1576]
word=三菱自
File size=10897------------------------=[end]

[begin]------------------------=
[2013/05/29 08:45:48] [articles_controller.rb: 1576]
word=トヨタ
File size=11050------------------------=[end]

[begin]------------------------=
[2013/05/29 08:45:48] [articles_controller.rb: 1576]
word=ダイハツ
File size=11203------------------------=[end]

[begin]------------------------=
[2013/05/29 08:45:48] [articles_controller.rb: 1576]
word=ホンダ
File size=11359------------------------=[end]

[begin]------------------------=
[2013/05/29 08:45:48] [articles_controller.rb: 1576]
word=マツダ
File size=11512------------------------=[end]

[begin]------------------------=
[2013/05/29 08:45:48] [articles_controller.rb: 1576]
word=ＢＭＷ
File size=11665------------------------=[end]

[begin]------------------------=
[2013/05/29 08:45:48] [articles_controller.rb: 1576]
word=BMW
File size=11818------------------------=[end]

[begin]------------------------=
[2013/05/29 08:45:48] [articles_controller.rb: 1576]
word=ベンツ
File size=11965------------------------=[end]

[begin]------------------------=
[2013/05/29 08:45:48] [articles_controller.rb: 1576]
word=ソニー
File size=12118------------------------=[end]

[begin]------------------------=
[2013/05/29 08:45:48] [articles_controller.rb: 1576]
word=パナソニック
File size=12271------------------------=[end]

[begin]------------------------=
[2013/05/29 08:45:48] [articles_controller.rb: 1576]
word=松下
File size=12433------------------------=[end]

[begin]------------------------=
[2013/05/29 08:45:48] [articles_controller.rb: 1576]
word=シャープ
File size=12583------------------------=[end]

[begin]------------------------=
[2013/05/29 08:45:48] [articles_controller.rb: 1576]
word=東芝
File size=12739------------------------=[end]

[begin]------------------------=
[2013/05/29 08:45:48] [articles_controller.rb: 1576]
word=三菱電
File size=12889------------------------=[end]

[begin]------------------------=
[2013/05/29 08:45:48] [articles_controller.rb: 1576]
word=セイコー
File size=13042------------------------=[end]

[begin]------------------------=
[2013/05/29 08:45:48] [articles_controller.rb: 1576]
word=ガソリン
File size=13198------------------------=[end]

[begin]------------------------=
[2013/05/29 08:45:48] [articles_controller.rb: 1576]
word=ソーラー
File size=13354------------------------=[end]

[begin]------------------------=
[2013/05/29 08:45:48] [articles_controller.rb: 1576]
word=原油
File size=13510------------------------=[end]

[begin]------------------------=
[2013/05/29 08:45:48] [articles_controller.rb: 1576]
word=原発
File size=13660------------------------=[end]

[begin]------------------------=
[2013/05/29 08:45:48] [articles_controller.rb: 1576]
word=石油
File size=13810------------------------=[end]

[begin]------------------------=
[2013/05/29 08:45:48] [articles_controller.rb: 1576]
word=エネルギー
File size=13960------------------------=[end]

[begin]------------------------=
[2013/05/29 08:45:48] [articles_controller.rb: 1576]
word=発電
File size=14119------------------------=[end]

[begin]------------------------=
[2013/05/29 08:45:48] [articles_controller.rb: 1576]
word=火力
File size=14269------------------------=[end]

[begin]------------------------=
[2013/05/29 08:45:48] [articles_controller.rb: 1576]
word=証券
File size=14419------------------------=[end]

[begin]------------------------=
[2013/05/29 08:45:48] [articles_controller.rb: 1576]
word=相場
File size=14569------------------------=[end]

[begin]------------------------=
[2013/05/29 08:45:48] [articles_controller.rb: 1576]
word=円
File size=14719------------------------=[end]

[begin]------------------------=
[2013/05/29 08:45:48] [articles_controller.rb: 1576]
word=日経平均
File size=14866------------------------=[end]

[begin]------------------------=
[2013/05/29 08:45:48] [articles_controller.rb: 1576]
word=ＥＵＲＩＢＯＲ
File size=15022------------------------=[end]

[begin]------------------------=
[2013/05/29 08:45:48] [articles_controller.rb: 1576]
word=米国
File size=15187------------------------=[end]

[begin]------------------------=
[2013/05/29 08:45:48] [articles_controller.rb: 1576]
word=米
File size=15337------------------------=[end]

[begin]------------------------=
[2013/05/29 08:45:48] [articles_controller.rb: 1576]
word=アメリカ
File size=15484------------------------=[end]

[begin]------------------------=
[2013/05/29 08:45:48] [articles_controller.rb: 1576]
word=中国
File size=15640------------------------=[end]

[begin]------------------------=
[2013/05/29 08:45:48] [articles_controller.rb: 1576]
word=中
File size=15790------------------------=[end]

[begin]------------------------=
[2013/05/29 08:45:48] [articles_controller.rb: 1576]
word=ヨーロッパ
File size=15937------------------------=[end]

[begin]------------------------=
[2013/05/29 08:45:48] [articles_controller.rb: 1576]
word=欧州
File size=16096------------------------=[end]

[begin]------------------------=
[2013/05/29 08:45:48] [articles_controller.rb: 1576]
word=欧
File size=16246------------------------=[end]

[begin]------------------------=
[2013/05/29 08:45:48] [articles_controller.rb: 1576]
word=EURIBOR
File size=16393------------------------=[end]

[begin]------------------------=
[2013/05/29 08:45:48] [articles_controller.rb: 1576]
word=EURO
File size=16544------------------------=[end]

[begin]------------------------=
[2013/05/29 08:45:48] [articles_controller.rb: 1576]
word=ユーロ
File size=16692------------------------=[end]

[begin]------------------------=
[2013/05/29 08:45:48] [articles_controller.rb: 1576]
word=ロシア
File size=16845------------------------=[end]

[begin]------------------------=
[2013/05/29 08:45:48] [articles_controller.rb: 1576]
word=東欧
File size=16998------------------------=[end]

[begin]------------------------=
[2013/05/29 08:45:48] [articles_controller.rb: 1576]
word=ポーランド
File size=17148------------------------=[end]

[begin]------------------------=
[2013/05/29 08:45:48] [articles_controller.rb: 1576]
word=イギリス
File size=17307------------------------=[end]

[begin]------------------------=
[2013/05/29 08:45:48] [articles_controller.rb: 1576]
word=フランス
File size=17463------------------------=[end]

[begin]------------------------=
[2013/05/29 08:45:48] [articles_controller.rb: 1576]
word=ドイツ
File size=17619------------------------=[end]

[begin]------------------------=
[2013/05/29 08:45:48] [articles_controller.rb: 1576]
word=スペイン
File size=17772------------------------=[end]

[begin]------------------------=
[2013/05/29 08:45:48] [articles_controller.rb: 1576]
word=イタリア
File size=17928------------------------=[end]

[begin]------------------------=
[2013/05/29 08:45:48] [articles_controller.rb: 1576]
word=伊
File size=18084------------------------=[end]

[begin]------------------------=
[2013/05/29 08:45:48] [articles_controller.rb: 1576]
word=ポルトガル
File size=18231------------------------=[end]

[begin]------------------------=
[2013/05/29 08:45:48] [articles_controller.rb: 1576]
word=韓国
File size=18390------------------------=[end]

[begin]------------------------=
[2013/05/29 08:45:48] [articles_controller.rb: 1576]
word=韓
File size=18540------------------------=[end]

[begin]------------------------=
[2013/05/29 08:45:48] [articles_controller.rb: 1576]
word=朝鮮
File size=18687------------------------=[end]

[begin]------------------------=
[2013/05/29 08:45:48] [articles_controller.rb: 1576]
word=サムスン
File size=18837------------------------=[end]

[begin]------------------------=
[2013/05/29 08:45:48] [articles_controller.rb: 1576]
word=現代
File size=18993------------------------=[end]

[begin]------------------------=
[2013/05/29 08:45:48] [articles_controller.rb: 1576]
word=イラン
File size=19143------------------------=[end]

[begin]------------------------=
[2013/05/29 08:45:48] [articles_controller.rb: 1576]
word=シリア
File size=19296------------------------=[end]

[begin]------------------------=
[2013/05/29 08:45:48] [articles_controller.rb: 1576]
word=イラク
File size=19449------------------------=[end]

[begin]------------------------=
[2013/05/29 08:45:48] [articles_controller.rb: 1576]
word=自動車
File size=19602------------------------=[end]

[begin]------------------------=
[2013/05/29 08:45:48] [articles_controller.rb: 1576]
word=乗用車
File size=19755------------------------=[end]

[begin]------------------------=
[2013/05/29 08:45:48] [articles_controller.rb: 1576]
word=日産
File size=19908------------------------=[end]

