[begin]------------------------=
[2013/05/29 08:49:40] [articles_controller.rb: 1576]
word=BMW
File size=0------------------------=[end]

[begin]------------------------=
[2013/05/29 08:49:40] [articles_controller.rb: 1576]
word=ベンツ
File size=143------------------------=[end]

[begin]------------------------=
[2013/05/29 08:49:40] [articles_controller.rb: 1576]
word=ソニー
File size=294------------------------=[end]

[begin]------------------------=
[2013/05/29 08:49:40] [articles_controller.rb: 1576]
word=パナソニック
File size=445------------------------=[end]

[begin]------------------------=
[2013/05/29 08:49:40] [articles_controller.rb: 1576]
word=松下
File size=605------------------------=[end]

[begin]------------------------=
[2013/05/29 08:49:40] [articles_controller.rb: 1576]
word=シャープ
File size=753------------------------=[end]

[begin]------------------------=
[2013/05/29 08:49:40] [articles_controller.rb: 1576]
word=東芝
File size=907------------------------=[end]

[begin]------------------------=
[2013/05/29 08:49:40] [articles_controller.rb: 1576]
word=三菱電
File size=1055------------------------=[end]

[begin]------------------------=
[2013/05/29 08:49:40] [articles_controller.rb: 1576]
word=セイコー
File size=1207------------------------=[end]

[begin]------------------------=
[2013/05/29 08:49:40] [articles_controller.rb: 1576]
word=ガソリン
File size=1362------------------------=[end]

[begin]------------------------=
[2013/05/29 08:49:40] [articles_controller.rb: 1576]
word=ソーラー
File size=1517------------------------=[end]

[begin]------------------------=
[2013/05/29 08:49:40] [articles_controller.rb: 1576]
word=原油
File size=1672------------------------=[end]

[begin]------------------------=
[2013/05/29 08:49:40] [articles_controller.rb: 1576]
word=原発
File size=1821------------------------=[end]

[begin]------------------------=
[2013/05/29 08:49:40] [articles_controller.rb: 1576]
word=石油
File size=1970------------------------=[end]

[begin]------------------------=
[2013/05/29 08:49:40] [articles_controller.rb: 1576]
word=エネルギー
File size=2119------------------------=[end]

[begin]------------------------=
[2013/05/29 08:49:40] [articles_controller.rb: 1576]
word=発電
File size=2277------------------------=[end]

[begin]------------------------=
[2013/05/29 08:49:40] [articles_controller.rb: 1576]
word=火力
File size=2426------------------------=[end]

[begin]------------------------=
[2013/05/29 08:49:40] [articles_controller.rb: 1576]
word=証券
File size=2575------------------------=[end]

[begin]------------------------=
[2013/05/29 08:49:40] [articles_controller.rb: 1576]
word=相場
File size=2724------------------------=[end]

[begin]------------------------=
[2013/05/29 08:49:40] [articles_controller.rb: 1576]
word=円
File size=2873------------------------=[end]

[begin]------------------------=
[2013/05/29 08:49:40] [articles_controller.rb: 1576]
word=米国
File size=3019------------------------=[end]

[begin]------------------------=
[2013/05/29 08:49:40] [articles_controller.rb: 1576]
word=米
File size=3168------------------------=[end]

[begin]------------------------=
[2013/05/29 08:49:40] [articles_controller.rb: 1576]
word=アメリカ
File size=3314------------------------=[end]

[begin]------------------------=
[2013/05/29 08:49:40] [articles_controller.rb: 1576]
word=中国
File size=3469------------------------=[end]

[begin]------------------------=
[2013/05/29 08:49:40] [articles_controller.rb: 1576]
word=中
File size=3618------------------------=[end]

[begin]------------------------=
[2013/05/29 08:49:40] [articles_controller.rb: 1576]
word=ヨーロッパ
File size=3764------------------------=[end]

[begin]------------------------=
[2013/05/29 08:49:40] [articles_controller.rb: 1576]
word=欧州
File size=3922------------------------=[end]

[begin]------------------------=
[2013/05/29 08:49:40] [articles_controller.rb: 1576]
word=欧
File size=4071------------------------=[end]

[begin]------------------------=
[2013/05/29 08:49:40] [articles_controller.rb: 1576]
word=EURIBOR
File size=4217------------------------=[end]

[begin]------------------------=
[2013/05/29 08:49:40] [articles_controller.rb: 1576]
word=EURO
File size=4367------------------------=[end]

[begin]------------------------=
[2013/05/29 08:49:40] [articles_controller.rb: 1576]
word=ユーロ
File size=4514------------------------=[end]

[begin]------------------------=
[2013/05/29 08:49:40] [articles_controller.rb: 1576]
word=米国
File size=4666------------------------=[end]

[begin]------------------------=
[2013/05/29 08:49:40] [articles_controller.rb: 1576]
word=米
File size=4815------------------------=[end]

[begin]------------------------=
[2013/05/29 08:49:40] [articles_controller.rb: 1576]
word=アメリカ
File size=4961------------------------=[end]

[begin]------------------------=
[2013/05/29 08:49:40] [articles_controller.rb: 1576]
word=中国
File size=5116------------------------=[end]

[begin]------------------------=
[2013/05/29 08:49:40] [articles_controller.rb: 1576]
word=中
File size=5265------------------------=[end]

[begin]------------------------=
[2013/05/29 08:49:40] [articles_controller.rb: 1576]
word=ヨーロッパ
File size=5411------------------------=[end]

[begin]------------------------=
[2013/05/29 08:49:40] [articles_controller.rb: 1576]
word=欧州
File size=5569------------------------=[end]

[begin]------------------------=
[2013/05/29 08:49:40] [articles_controller.rb: 1576]
word=欧
File size=5718------------------------=[end]

[begin]------------------------=
[2013/05/29 08:49:40] [articles_controller.rb: 1576]
word=EURIBOR
File size=5864------------------------=[end]

[begin]------------------------=
[2013/05/29 08:49:40] [articles_controller.rb: 1576]
word=EURO
File size=6014------------------------=[end]

[begin]------------------------=
[2013/05/29 08:49:40] [articles_controller.rb: 1576]
word=ユーロ
File size=6161------------------------=[end]

[begin]------------------------=
[2013/05/29 08:49:40] [articles_controller.rb: 1576]
word=ロシア
File size=6313------------------------=[end]

[begin]------------------------=
[2013/05/29 08:49:40] [articles_controller.rb: 1576]
word=東欧
File size=6465------------------------=[end]

[begin]------------------------=
[2013/05/29 08:49:40] [articles_controller.rb: 1576]
word=ポーランド
File size=6614------------------------=[end]

[begin]------------------------=
[2013/05/29 08:49:40] [articles_controller.rb: 1576]
word=イギリス
File size=6772------------------------=[end]

[begin]------------------------=
[2013/05/29 08:49:40] [articles_controller.rb: 1576]
word=フランス
File size=6927------------------------=[end]

[begin]------------------------=
[2013/05/29 08:49:40] [articles_controller.rb: 1576]
word=ドイツ
File size=7082------------------------=[end]

[begin]------------------------=
[2013/05/29 08:49:40] [articles_controller.rb: 1576]
word=スペイン
File size=7234------------------------=[end]

[begin]------------------------=
[2013/05/29 08:49:40] [articles_controller.rb: 1576]
word=イタリア
File size=7389------------------------=[end]

[begin]------------------------=
[2013/05/29 08:49:40] [articles_controller.rb: 1576]
word=伊
File size=7544------------------------=[end]

[begin]------------------------=
[2013/05/29 08:49:40] [articles_controller.rb: 1576]
word=ポルトガル
File size=7690------------------------=[end]

[begin]------------------------=
[2013/05/29 08:49:40] [articles_controller.rb: 1576]
word=韓国
File size=7848------------------------=[end]

[begin]------------------------=
[2013/05/29 08:49:40] [articles_controller.rb: 1576]
word=韓
File size=7997------------------------=[end]

[begin]------------------------=
[2013/05/29 08:49:40] [articles_controller.rb: 1576]
word=朝鮮
File size=8143------------------------=[end]

[begin]------------------------=
[2013/05/29 08:49:40] [articles_controller.rb: 1576]
word=サムスン
File size=8292------------------------=[end]

[begin]------------------------=
[2013/05/29 08:49:40] [articles_controller.rb: 1576]
word=現代
File size=8447------------------------=[end]

[begin]------------------------=
[2013/05/29 08:49:40] [articles_controller.rb: 1576]
word=イラン
File size=8596------------------------=[end]

[begin]------------------------=
[2013/05/29 08:49:40] [articles_controller.rb: 1576]
word=シリア
File size=8748------------------------=[end]

[begin]------------------------=
[2013/05/29 08:49:40] [articles_controller.rb: 1576]
word=イラク
File size=8900------------------------=[end]

[begin]------------------------=
[2013/05/29 08:49:40] [articles_controller.rb: 1576]
word=自動車
File size=9052------------------------=[end]

[begin]------------------------=
[2013/05/29 08:49:40] [articles_controller.rb: 1576]
word=乗用車
File size=9204------------------------=[end]

[begin]------------------------=
[2013/05/29 08:49:40] [articles_controller.rb: 1576]
word=日産
File size=9356------------------------=[end]

[begin]------------------------=
[2013/05/29 08:49:40] [articles_controller.rb: 1576]
word=日野
File size=9505------------------------=[end]

[begin]------------------------=
[2013/05/29 08:49:40] [articles_controller.rb: 1576]
word=三菱自
File size=9654------------------------=[end]

[begin]------------------------=
[2013/05/29 08:49:40] [articles_controller.rb: 1576]
word=トヨタ
File size=9806------------------------=[end]

[begin]------------------------=
[2013/05/29 08:49:40] [articles_controller.rb: 1576]
word=ダイハツ
File size=9958------------------------=[end]

[begin]------------------------=
[2013/05/29 08:49:40] [articles_controller.rb: 1576]
word=ホンダ
File size=10113------------------------=[end]

[begin]------------------------=
[2013/05/29 08:49:40] [articles_controller.rb: 1576]
word=マツダ
File size=10266------------------------=[end]

[begin]------------------------=
[2013/05/29 08:49:40] [articles_controller.rb: 1576]
word=ＢＭＷ
File size=10419------------------------=[end]

[begin]------------------------=
[2013/05/29 08:49:40] [articles_controller.rb: 1576]
word=BMW
File size=10572------------------------=[end]

[begin]------------------------=
[2013/05/29 08:49:40] [articles_controller.rb: 1576]
word=ベンツ
File size=10719------------------------=[end]

[begin]------------------------=
[2013/05/29 08:49:40] [articles_controller.rb: 1576]
word=ソニー
File size=10872------------------------=[end]

[begin]------------------------=
[2013/05/29 08:49:40] [articles_controller.rb: 1576]
word=パナソニック
File size=11025------------------------=[end]

[begin]------------------------=
[2013/05/29 08:49:40] [articles_controller.rb: 1576]
word=松下
File size=11187------------------------=[end]

[begin]------------------------=
[2013/05/29 08:49:40] [articles_controller.rb: 1576]
word=シャープ
File size=11337------------------------=[end]

[begin]------------------------=
[2013/05/29 08:49:40] [articles_controller.rb: 1576]
word=東芝
File size=11493------------------------=[end]

[begin]------------------------=
[2013/05/29 08:49:40] [articles_controller.rb: 1576]
word=三菱電
File size=11643------------------------=[end]

[begin]------------------------=
[2013/05/29 08:49:40] [articles_controller.rb: 1576]
word=セイコー
File size=11796------------------------=[end]

[begin]------------------------=
[2013/05/29 08:49:40] [articles_controller.rb: 1576]
word=ガソリン
File size=11952------------------------=[end]

[begin]------------------------=
[2013/05/29 08:49:40] [articles_controller.rb: 1576]
word=ソーラー
File size=12108------------------------=[end]

[begin]------------------------=
[2013/05/29 08:49:40] [articles_controller.rb: 1576]
word=原油
File size=12264------------------------=[end]

[begin]------------------------=
[2013/05/29 08:49:40] [articles_controller.rb: 1576]
word=原発
File size=12414------------------------=[end]

[begin]------------------------=
[2013/05/29 08:49:40] [articles_controller.rb: 1576]
word=石油
File size=12564------------------------=[end]

[begin]------------------------=
[2013/05/29 08:49:40] [articles_controller.rb: 1576]
word=エネルギー
File size=12714------------------------=[end]

[begin]------------------------=
[2013/05/29 08:49:40] [articles_controller.rb: 1576]
word=発電
File size=12873------------------------=[end]

[begin]------------------------=
[2013/05/29 08:49:40] [articles_controller.rb: 1576]
word=火力
File size=13023------------------------=[end]

[begin]------------------------=
[2013/05/29 08:49:40] [articles_controller.rb: 1576]
word=証券
File size=13173------------------------=[end]

[begin]------------------------=
[2013/05/29 08:49:40] [articles_controller.rb: 1576]
word=相場
File size=13323------------------------=[end]

[begin]------------------------=
[2013/05/29 08:49:40] [articles_controller.rb: 1576]
word=円
File size=13473------------------------=[end]

[begin]------------------------=
[2013/05/29 08:49:40] [articles_controller.rb: 1576]
word=日経平均
File size=13620------------------------=[end]

[begin]------------------------=
[2013/05/29 08:49:40] [articles_controller.rb: 1576]
word=ＥＵＲＩＢＯＲ
File size=13776------------------------=[end]

[begin]------------------------=
[2013/05/29 08:49:40] [articles_controller.rb: 1576]
word=米国
File size=13941------------------------=[end]

[begin]------------------------=
[2013/05/29 08:49:40] [articles_controller.rb: 1576]
word=米
File size=14091------------------------=[end]

[begin]------------------------=
[2013/05/29 08:49:40] [articles_controller.rb: 1576]
word=アメリカ
File size=14238------------------------=[end]

[begin]------------------------=
[2013/05/29 08:49:40] [articles_controller.rb: 1576]
word=中国
File size=14394------------------------=[end]

[begin]------------------------=
[2013/05/29 08:49:40] [articles_controller.rb: 1576]
word=中
File size=14544------------------------=[end]

[begin]------------------------=
[2013/05/29 08:49:40] [articles_controller.rb: 1576]
word=ヨーロッパ
File size=14691------------------------=[end]

[begin]------------------------=
[2013/05/29 08:49:40] [articles_controller.rb: 1576]
word=欧州
File size=14850------------------------=[end]

[begin]------------------------=
[2013/05/29 08:49:40] [articles_controller.rb: 1576]
word=欧
File size=15000------------------------=[end]

[begin]------------------------=
[2013/05/29 08:49:40] [articles_controller.rb: 1576]
word=EURIBOR
File size=15147------------------------=[end]

[begin]------------------------=
[2013/05/29 08:49:40] [articles_controller.rb: 1576]
word=EURO
File size=15298------------------------=[end]

[begin]------------------------=
[2013/05/29 08:49:40] [articles_controller.rb: 1576]
word=ユーロ
File size=15446------------------------=[end]

[begin]------------------------=
[2013/05/29 08:49:40] [articles_controller.rb: 1576]
word=ロシア
File size=15599------------------------=[end]

[begin]------------------------=
[2013/05/29 08:49:40] [articles_controller.rb: 1576]
word=東欧
File size=15752------------------------=[end]

[begin]------------------------=
[2013/05/29 08:49:40] [articles_controller.rb: 1576]
word=ポーランド
File size=15902------------------------=[end]

[begin]------------------------=
[2013/05/29 08:49:40] [articles_controller.rb: 1576]
word=イギリス
File size=16061------------------------=[end]

[begin]------------------------=
[2013/05/29 08:49:40] [articles_controller.rb: 1576]
word=フランス
File size=16217------------------------=[end]

[begin]------------------------=
[2013/05/29 08:49:40] [articles_controller.rb: 1576]
word=ドイツ
File size=16373------------------------=[end]

[begin]------------------------=
[2013/05/29 08:49:40] [articles_controller.rb: 1576]
word=スペイン
File size=16526------------------------=[end]

[begin]------------------------=
[2013/05/29 08:49:40] [articles_controller.rb: 1576]
word=イタリア
File size=16682------------------------=[end]

[begin]------------------------=
[2013/05/29 08:49:40] [articles_controller.rb: 1576]
word=伊
File size=16838------------------------=[end]

[begin]------------------------=
[2013/05/29 08:49:40] [articles_controller.rb: 1576]
word=ポルトガル
File size=16985------------------------=[end]

[begin]------------------------=
[2013/05/29 08:49:40] [articles_controller.rb: 1576]
word=韓国
File size=17144------------------------=[end]

[begin]------------------------=
[2013/05/29 08:49:40] [articles_controller.rb: 1576]
word=韓
File size=17294------------------------=[end]

[begin]------------------------=
[2013/05/29 08:49:40] [articles_controller.rb: 1576]
word=朝鮮
File size=17441------------------------=[end]

[begin]------------------------=
[2013/05/29 08:49:40] [articles_controller.rb: 1576]
word=サムスン
File size=17591------------------------=[end]

[begin]------------------------=
[2013/05/29 08:49:40] [articles_controller.rb: 1576]
word=現代
File size=17747------------------------=[end]

[begin]------------------------=
[2013/05/29 08:49:40] [articles_controller.rb: 1576]
word=イラン
File size=17897------------------------=[end]

[begin]------------------------=
[2013/05/29 08:49:40] [articles_controller.rb: 1576]
word=シリア
File size=18050------------------------=[end]

[begin]------------------------=
[2013/05/29 08:49:40] [articles_controller.rb: 1576]
word=イラク
File size=18203------------------------=[end]

[begin]------------------------=
[2013/05/29 08:49:40] [articles_controller.rb: 1576]
word=自動車
File size=18356------------------------=[end]

[begin]------------------------=
[2013/05/29 08:49:40] [articles_controller.rb: 1576]
word=乗用車
File size=18509------------------------=[end]

[begin]------------------------=
[2013/05/29 08:49:40] [articles_controller.rb: 1576]
word=日産
File size=18662------------------------=[end]

[begin]------------------------=
[2013/05/29 08:49:40] [articles_controller.rb: 1576]
word=日野
File size=18812------------------------=[end]

[begin]------------------------=
[2013/05/29 08:49:40] [articles_controller.rb: 1576]
word=三菱自
File size=18962------------------------=[end]

[begin]------------------------=
[2013/05/29 08:49:40] [articles_controller.rb: 1576]
word=トヨタ
File size=19115------------------------=[end]

[begin]------------------------=
[2013/05/29 08:49:40] [articles_controller.rb: 1576]
word=ダイハツ
File size=19268------------------------=[end]

[begin]------------------------=
[2013/05/29 08:49:40] [articles_controller.rb: 1576]
word=ホンダ
File size=19424------------------------=[end]

[begin]------------------------=
[2013/05/29 08:49:40] [articles_controller.rb: 1576]
word=マツダ
File size=19577------------------------=[end]

[begin]------------------------=
[2013/05/29 08:49:40] [articles_controller.rb: 1576]
word=ＢＭＷ
File size=19730------------------------=[end]

[begin]------------------------=
[2013/05/29 08:49:40] [articles_controller.rb: 1576]
word=BMW
File size=19883------------------------=[end]

