[begin]------------------------=
[2013/05/29 08:45:51] [articles_controller.rb: 1576]
word=米国
File size=0------------------------=[end]

[begin]------------------------=
[2013/05/29 08:45:51] [articles_controller.rb: 1576]
word=米
File size=146------------------------=[end]

[begin]------------------------=
[2013/05/29 08:45:51] [articles_controller.rb: 1576]
word=アメリカ
File size=291------------------------=[end]

[begin]------------------------=
[2013/05/29 08:45:51] [articles_controller.rb: 1576]
word=中国
File size=445------------------------=[end]

[begin]------------------------=
[2013/05/29 08:45:51] [articles_controller.rb: 1576]
word=中
File size=593------------------------=[end]

[begin]------------------------=
[2013/05/29 08:45:51] [articles_controller.rb: 1576]
word=ヨーロッパ
File size=738------------------------=[end]

[begin]------------------------=
[2013/05/29 08:45:51] [articles_controller.rb: 1576]
word=欧州
File size=895------------------------=[end]

[begin]------------------------=
[2013/05/29 08:45:51] [articles_controller.rb: 1576]
word=欧
File size=1043------------------------=[end]

[begin]------------------------=
[2013/05/29 08:45:51] [articles_controller.rb: 1576]
word=EURIBOR
File size=1189------------------------=[end]

[begin]------------------------=
[2013/05/29 08:45:51] [articles_controller.rb: 1576]
word=EURO
File size=1339------------------------=[end]

[begin]------------------------=
[2013/05/29 08:45:51] [articles_controller.rb: 1576]
word=ユーロ
File size=1486------------------------=[end]

[begin]------------------------=
[2013/05/29 08:45:51] [articles_controller.rb: 1576]
word=ロシア
File size=1638------------------------=[end]

[begin]------------------------=
[2013/05/29 08:45:51] [articles_controller.rb: 1576]
word=東欧
File size=1790------------------------=[end]

[begin]------------------------=
[2013/05/29 08:45:51] [articles_controller.rb: 1576]
word=ポーランド
File size=1939------------------------=[end]

[begin]------------------------=
[2013/05/29 08:45:51] [articles_controller.rb: 1576]
word=イギリス
File size=2097------------------------=[end]

[begin]------------------------=
[2013/05/29 08:45:51] [articles_controller.rb: 1576]
word=フランス
File size=2252------------------------=[end]

[begin]------------------------=
[2013/05/29 08:45:51] [articles_controller.rb: 1576]
word=ドイツ
File size=2407------------------------=[end]

[begin]------------------------=
[2013/05/29 08:45:51] [articles_controller.rb: 1576]
word=スペイン
File size=2559------------------------=[end]

[begin]------------------------=
[2013/05/29 08:45:51] [articles_controller.rb: 1576]
word=イタリア
File size=2714------------------------=[end]

[begin]------------------------=
[2013/05/29 08:45:51] [articles_controller.rb: 1576]
word=伊
File size=2869------------------------=[end]

[begin]------------------------=
[2013/05/29 08:45:51] [articles_controller.rb: 1576]
word=ポルトガル
File size=3015------------------------=[end]

[begin]------------------------=
[2013/05/29 08:45:51] [articles_controller.rb: 1576]
word=韓国
File size=3173------------------------=[end]

[begin]------------------------=
[2013/05/29 08:45:51] [articles_controller.rb: 1576]
word=韓
File size=3322------------------------=[end]

[begin]------------------------=
[2013/05/29 08:45:51] [articles_controller.rb: 1576]
word=朝鮮
File size=3468------------------------=[end]

[begin]------------------------=
[2013/05/29 08:45:51] [articles_controller.rb: 1576]
word=サムスン
File size=3617------------------------=[end]

[begin]------------------------=
[2013/05/29 08:45:51] [articles_controller.rb: 1576]
word=現代
File size=3772------------------------=[end]

[begin]------------------------=
[2013/05/29 08:45:51] [articles_controller.rb: 1576]
word=イラン
File size=3921------------------------=[end]

[begin]------------------------=
[2013/05/29 08:45:51] [articles_controller.rb: 1576]
word=シリア
File size=4073------------------------=[end]

[begin]------------------------=
[2013/05/29 08:45:51] [articles_controller.rb: 1576]
word=イラク
File size=4225------------------------=[end]

[begin]------------------------=
[2013/05/29 08:45:51] [articles_controller.rb: 1576]
word=自動車
File size=4377------------------------=[end]

[begin]------------------------=
[2013/05/29 08:45:51] [articles_controller.rb: 1576]
word=乗用車
File size=4529------------------------=[end]

[begin]------------------------=
[2013/05/29 08:45:51] [articles_controller.rb: 1576]
word=日産
File size=4681------------------------=[end]

[begin]------------------------=
[2013/05/29 08:45:51] [articles_controller.rb: 1576]
word=日野
File size=4830------------------------=[end]

[begin]------------------------=
[2013/05/29 08:45:51] [articles_controller.rb: 1576]
word=三菱自
File size=4979------------------------=[end]

[begin]------------------------=
[2013/05/29 08:45:51] [articles_controller.rb: 1576]
word=トヨタ
File size=5131------------------------=[end]

[begin]------------------------=
[2013/05/29 08:45:51] [articles_controller.rb: 1576]
word=ダイハツ
File size=5283------------------------=[end]

[begin]------------------------=
[2013/05/29 08:45:51] [articles_controller.rb: 1576]
word=ホンダ
File size=5438------------------------=[end]

[begin]------------------------=
[2013/05/29 08:45:51] [articles_controller.rb: 1576]
word=マツダ
File size=5590------------------------=[end]

[begin]------------------------=
[2013/05/29 08:45:51] [articles_controller.rb: 1576]
word=ＢＭＷ
File size=5742------------------------=[end]

[begin]------------------------=
[2013/05/29 08:45:51] [articles_controller.rb: 1576]
word=BMW
File size=5894------------------------=[end]

[begin]------------------------=
[2013/05/29 08:45:51] [articles_controller.rb: 1576]
word=ベンツ
File size=6040------------------------=[end]

[begin]------------------------=
[2013/05/29 08:45:51] [articles_controller.rb: 1576]
word=ソニー
File size=6192------------------------=[end]

[begin]------------------------=
[2013/05/29 08:45:51] [articles_controller.rb: 1576]
word=パナソニック
File size=6344------------------------=[end]

[begin]------------------------=
[2013/05/29 08:45:51] [articles_controller.rb: 1576]
word=松下
File size=6505------------------------=[end]

[begin]------------------------=
[2013/05/29 08:45:51] [articles_controller.rb: 1576]
word=シャープ
File size=6654------------------------=[end]

[begin]------------------------=
[2013/05/29 08:45:51] [articles_controller.rb: 1576]
word=東芝
File size=6809------------------------=[end]

[begin]------------------------=
[2013/05/29 08:45:51] [articles_controller.rb: 1576]
word=三菱電
File size=6958------------------------=[end]

[begin]------------------------=
[2013/05/29 08:45:51] [articles_controller.rb: 1576]
word=セイコー
File size=7110------------------------=[end]

[begin]------------------------=
[2013/05/29 08:45:51] [articles_controller.rb: 1576]
word=ガソリン
File size=7265------------------------=[end]

[begin]------------------------=
[2013/05/29 08:45:51] [articles_controller.rb: 1576]
word=ソーラー
File size=7420------------------------=[end]

[begin]------------------------=
[2013/05/29 08:45:51] [articles_controller.rb: 1576]
word=原油
File size=7575------------------------=[end]

[begin]------------------------=
[2013/05/29 08:45:51] [articles_controller.rb: 1576]
word=原発
File size=7724------------------------=[end]

[begin]------------------------=
[2013/05/29 08:45:51] [articles_controller.rb: 1576]
word=石油
File size=7873------------------------=[end]

[begin]------------------------=
[2013/05/29 08:45:51] [articles_controller.rb: 1576]
word=エネルギー
File size=8022------------------------=[end]

[begin]------------------------=
[2013/05/29 08:45:51] [articles_controller.rb: 1576]
word=発電
File size=8180------------------------=[end]

[begin]------------------------=
[2013/05/29 08:45:51] [articles_controller.rb: 1576]
word=火力
File size=8329------------------------=[end]

[begin]------------------------=
[2013/05/29 08:45:51] [articles_controller.rb: 1576]
word=証券
File size=8478------------------------=[end]

[begin]------------------------=
[2013/05/29 08:45:51] [articles_controller.rb: 1576]
word=相場
File size=8627------------------------=[end]

[begin]------------------------=
[2013/05/29 08:45:51] [articles_controller.rb: 1576]
word=円
File size=8776------------------------=[end]

[begin]------------------------=
[2013/05/29 08:45:51] [articles_controller.rb: 1576]
word=米国
File size=8922------------------------=[end]

[begin]------------------------=
[2013/05/29 08:45:51] [articles_controller.rb: 1576]
word=米
File size=9071------------------------=[end]

[begin]------------------------=
[2013/05/29 08:45:51] [articles_controller.rb: 1576]
word=アメリカ
File size=9217------------------------=[end]

[begin]------------------------=
[2013/05/29 08:45:51] [articles_controller.rb: 1576]
word=中国
File size=9372------------------------=[end]

[begin]------------------------=
[2013/05/29 08:45:51] [articles_controller.rb: 1576]
word=中
File size=9521------------------------=[end]

[begin]------------------------=
[2013/05/29 08:45:51] [articles_controller.rb: 1576]
word=ヨーロッパ
File size=9667------------------------=[end]

[begin]------------------------=
[2013/05/29 08:45:51] [articles_controller.rb: 1576]
word=欧州
File size=9825------------------------=[end]

[begin]------------------------=
[2013/05/29 08:45:51] [articles_controller.rb: 1576]
word=欧
File size=9974------------------------=[end]

[begin]------------------------=
[2013/05/29 08:45:51] [articles_controller.rb: 1576]
word=EURIBOR
File size=10120------------------------=[end]

[begin]------------------------=
[2013/05/29 08:45:51] [articles_controller.rb: 1576]
word=EURO
File size=10271------------------------=[end]

[begin]------------------------=
[2013/05/29 08:45:51] [articles_controller.rb: 1576]
word=ユーロ
File size=10419------------------------=[end]

[begin]------------------------=
[2013/05/29 08:45:51] [articles_controller.rb: 1576]
word=ロシア
File size=10572------------------------=[end]

[begin]------------------------=
[2013/05/29 08:45:51] [articles_controller.rb: 1576]
word=東欧
File size=10725------------------------=[end]

[begin]------------------------=
[2013/05/29 08:45:51] [articles_controller.rb: 1576]
word=ポーランド
File size=10875------------------------=[end]

[begin]------------------------=
[2013/05/29 08:45:51] [articles_controller.rb: 1576]
word=イギリス
File size=11034------------------------=[end]

[begin]------------------------=
[2013/05/29 08:45:51] [articles_controller.rb: 1576]
word=フランス
File size=11190------------------------=[end]

[begin]------------------------=
[2013/05/29 08:45:51] [articles_controller.rb: 1576]
word=ドイツ
File size=11346------------------------=[end]

[begin]------------------------=
[2013/05/29 08:45:51] [articles_controller.rb: 1576]
word=スペイン
File size=11499------------------------=[end]

[begin]------------------------=
[2013/05/29 08:45:51] [articles_controller.rb: 1576]
word=イタリア
File size=11655------------------------=[end]

[begin]------------------------=
[2013/05/29 08:45:51] [articles_controller.rb: 1576]
word=伊
File size=11811------------------------=[end]

[begin]------------------------=
[2013/05/29 08:45:51] [articles_controller.rb: 1576]
word=ポルトガル
File size=11958------------------------=[end]

[begin]------------------------=
[2013/05/29 08:45:51] [articles_controller.rb: 1576]
word=韓国
File size=12117------------------------=[end]

[begin]------------------------=
[2013/05/29 08:45:51] [articles_controller.rb: 1576]
word=韓
File size=12267------------------------=[end]

[begin]------------------------=
[2013/05/29 08:45:51] [articles_controller.rb: 1576]
word=朝鮮
File size=12414------------------------=[end]

[begin]------------------------=
[2013/05/29 08:45:51] [articles_controller.rb: 1576]
word=サムスン
File size=12564------------------------=[end]

[begin]------------------------=
[2013/05/29 08:45:51] [articles_controller.rb: 1576]
word=現代
File size=12720------------------------=[end]

[begin]------------------------=
[2013/05/29 08:45:51] [articles_controller.rb: 1576]
word=イラン
File size=12870------------------------=[end]

[begin]------------------------=
[2013/05/29 08:45:51] [articles_controller.rb: 1576]
word=シリア
File size=13023------------------------=[end]

[begin]------------------------=
[2013/05/29 08:45:51] [articles_controller.rb: 1576]
word=イラク
File size=13176------------------------=[end]

[begin]------------------------=
[2013/05/29 08:45:51] [articles_controller.rb: 1576]
word=自動車
File size=13329------------------------=[end]

[begin]------------------------=
[2013/05/29 08:45:51] [articles_controller.rb: 1576]
word=乗用車
File size=13482------------------------=[end]

[begin]------------------------=
[2013/05/29 08:45:51] [articles_controller.rb: 1576]
word=日産
File size=13635------------------------=[end]

[begin]------------------------=
[2013/05/29 08:45:51] [articles_controller.rb: 1576]
word=日野
File size=13785------------------------=[end]

[begin]------------------------=
[2013/05/29 08:45:51] [articles_controller.rb: 1576]
word=三菱自
File size=13935------------------------=[end]

[begin]------------------------=
[2013/05/29 08:45:51] [articles_controller.rb: 1576]
word=トヨタ
File size=14088------------------------=[end]

[begin]------------------------=
[2013/05/29 08:45:51] [articles_controller.rb: 1576]
word=ダイハツ
File size=14241------------------------=[end]

[begin]------------------------=
[2013/05/29 08:45:51] [articles_controller.rb: 1576]
word=ホンダ
File size=14397------------------------=[end]

[begin]------------------------=
[2013/05/29 08:45:51] [articles_controller.rb: 1576]
word=マツダ
File size=14550------------------------=[end]

[begin]------------------------=
[2013/05/29 08:45:51] [articles_controller.rb: 1576]
word=ＢＭＷ
File size=14703------------------------=[end]

[begin]------------------------=
[2013/05/29 08:45:51] [articles_controller.rb: 1576]
word=BMW
File size=14856------------------------=[end]

[begin]------------------------=
[2013/05/29 08:45:51] [articles_controller.rb: 1576]
word=ベンツ
File size=15003------------------------=[end]

[begin]------------------------=
[2013/05/29 08:45:51] [articles_controller.rb: 1576]
word=ソニー
File size=15156------------------------=[end]

[begin]------------------------=
[2013/05/29 08:45:51] [articles_controller.rb: 1576]
word=パナソニック
File size=15309------------------------=[end]

[begin]------------------------=
[2013/05/29 08:45:51] [articles_controller.rb: 1576]
word=松下
File size=15471------------------------=[end]

[begin]------------------------=
[2013/05/29 08:45:51] [articles_controller.rb: 1576]
word=シャープ
File size=15621------------------------=[end]

[begin]------------------------=
[2013/05/29 08:45:51] [articles_controller.rb: 1576]
word=東芝
File size=15777------------------------=[end]

[begin]------------------------=
[2013/05/29 08:45:51] [articles_controller.rb: 1576]
word=三菱電
File size=15927------------------------=[end]

[begin]------------------------=
[2013/05/29 08:45:51] [articles_controller.rb: 1576]
word=セイコー
File size=16080------------------------=[end]

[begin]------------------------=
[2013/05/29 08:45:51] [articles_controller.rb: 1576]
word=ガソリン
File size=16236------------------------=[end]

[begin]------------------------=
[2013/05/29 08:45:51] [articles_controller.rb: 1576]
word=ソーラー
File size=16392------------------------=[end]

[begin]------------------------=
[2013/05/29 08:45:51] [articles_controller.rb: 1576]
word=原油
File size=16548------------------------=[end]

[begin]------------------------=
[2013/05/29 08:45:51] [articles_controller.rb: 1576]
word=原発
File size=16698------------------------=[end]

[begin]------------------------=
[2013/05/29 08:45:51] [articles_controller.rb: 1576]
word=石油
File size=16848------------------------=[end]

[begin]------------------------=
[2013/05/29 08:45:51] [articles_controller.rb: 1576]
word=エネルギー
File size=16998------------------------=[end]

[begin]------------------------=
[2013/05/29 08:45:51] [articles_controller.rb: 1576]
word=発電
File size=17157------------------------=[end]

[begin]------------------------=
[2013/05/29 08:45:51] [articles_controller.rb: 1576]
word=火力
File size=17307------------------------=[end]

[begin]------------------------=
[2013/05/29 08:45:51] [articles_controller.rb: 1576]
word=証券
File size=17457------------------------=[end]

[begin]------------------------=
[2013/05/29 08:45:51] [articles_controller.rb: 1576]
word=相場
File size=17607------------------------=[end]

[begin]------------------------=
[2013/05/29 08:45:51] [articles_controller.rb: 1576]
word=円
File size=17757------------------------=[end]

[begin]------------------------=
[2013/05/29 08:45:51] [articles_controller.rb: 1576]
word=日経平均
File size=17904------------------------=[end]

[begin]------------------------=
[2013/05/29 08:45:51] [articles_controller.rb: 1576]
word=ＥＵＲＩＢＯＲ
File size=18060------------------------=[end]

[begin]------------------------=
[2013/05/29 08:45:51] [articles_controller.rb: 1576]
word=米国
File size=18225------------------------=[end]

[begin]------------------------=
[2013/05/29 08:45:51] [articles_controller.rb: 1576]
word=米
File size=18375------------------------=[end]

[begin]------------------------=
[2013/05/29 08:45:51] [articles_controller.rb: 1576]
word=アメリカ
File size=18522------------------------=[end]

[begin]------------------------=
[2013/05/29 08:45:51] [articles_controller.rb: 1576]
word=中国
File size=18678------------------------=[end]

[begin]------------------------=
[2013/05/29 08:45:51] [articles_controller.rb: 1576]
word=中
File size=18828------------------------=[end]

[begin]------------------------=
[2013/05/29 08:45:51] [articles_controller.rb: 1576]
word=ヨーロッパ
File size=18975------------------------=[end]

[begin]------------------------=
[2013/05/29 08:45:51] [articles_controller.rb: 1576]
word=欧州
File size=19134------------------------=[end]

[begin]------------------------=
[2013/05/29 08:45:51] [articles_controller.rb: 1576]
word=欧
File size=19284------------------------=[end]

[begin]------------------------=
[2013/05/29 08:45:51] [articles_controller.rb: 1576]
word=EURIBOR
File size=19431------------------------=[end]

[begin]------------------------=
[2013/05/29 08:45:51] [articles_controller.rb: 1576]
word=EURO
File size=19582------------------------=[end]

[begin]------------------------=
[2013/05/29 08:45:51] [articles_controller.rb: 1576]
word=ユーロ
File size=19730------------------------=[end]

[begin]------------------------=
[2013/05/29 08:45:51] [articles_controller.rb: 1576]
word=ロシア
File size=19883------------------------=[end]

