[begin]------------------------=
[2013/05/29 08:22:20] [articles_controller.rb: 1576]
word=三菱自
File size=0------------------------=[end]

[begin]------------------------=
[2013/05/29 08:22:20] [articles_controller.rb: 1576]
word=トヨタ
File size=149------------------------=[end]

[begin]------------------------=
[2013/05/29 08:22:20] [articles_controller.rb: 1576]
word=ダイハツ
File size=300------------------------=[end]

[begin]------------------------=
[2013/05/29 08:22:20] [articles_controller.rb: 1576]
word=ホンダ
File size=454------------------------=[end]

[begin]------------------------=
[2013/05/29 08:22:20] [articles_controller.rb: 1576]
word=マツダ
File size=605------------------------=[end]

[begin]------------------------=
[2013/05/29 08:22:20] [articles_controller.rb: 1576]
word=ＢＭＷ
File size=756------------------------=[end]

[begin]------------------------=
[2013/05/29 08:22:20] [articles_controller.rb: 1576]
word=BMW
File size=907------------------------=[end]

[begin]------------------------=
[2013/05/29 08:22:20] [articles_controller.rb: 1576]
word=ベンツ
File size=1052------------------------=[end]

[begin]------------------------=
[2013/05/29 08:22:20] [articles_controller.rb: 1576]
word=ソニー
File size=1204------------------------=[end]

[begin]------------------------=
[2013/05/29 08:22:20] [articles_controller.rb: 1576]
word=パナソニック
File size=1356------------------------=[end]

[begin]------------------------=
[2013/05/29 08:22:20] [articles_controller.rb: 1576]
word=松下
File size=1517------------------------=[end]

[begin]------------------------=
[2013/05/29 08:22:20] [articles_controller.rb: 1576]
word=シャープ
File size=1666------------------------=[end]

[begin]------------------------=
[2013/05/29 08:22:20] [articles_controller.rb: 1576]
word=東芝
File size=1821------------------------=[end]

[begin]------------------------=
[2013/05/29 08:22:20] [articles_controller.rb: 1576]
word=三菱電
File size=1970------------------------=[end]

[begin]------------------------=
[2013/05/29 08:22:20] [articles_controller.rb: 1576]
word=セイコー
File size=2122------------------------=[end]

[begin]------------------------=
[2013/05/29 08:22:20] [articles_controller.rb: 1576]
word=ガソリン
File size=2277------------------------=[end]

[begin]------------------------=
[2013/05/29 08:22:20] [articles_controller.rb: 1576]
word=ソーラー
File size=2432------------------------=[end]

[begin]------------------------=
[2013/05/29 08:22:20] [articles_controller.rb: 1576]
word=原油
File size=2587------------------------=[end]

[begin]------------------------=
[2013/05/29 08:22:20] [articles_controller.rb: 1576]
word=原発
File size=2736------------------------=[end]

[begin]------------------------=
[2013/05/29 08:22:20] [articles_controller.rb: 1576]
word=石油
File size=2885------------------------=[end]

[begin]------------------------=
[2013/05/29 08:22:20] [articles_controller.rb: 1576]
word=エネルギー
File size=3034------------------------=[end]

[begin]------------------------=
[2013/05/29 08:22:20] [articles_controller.rb: 1576]
word=発電
File size=3192------------------------=[end]

[begin]------------------------=
[2013/05/29 08:22:20] [articles_controller.rb: 1576]
word=火力
File size=3341------------------------=[end]

[begin]------------------------=
[2013/05/29 08:22:20] [articles_controller.rb: 1576]
word=証券
File size=3490------------------------=[end]

[begin]------------------------=
[2013/05/29 08:22:20] [articles_controller.rb: 1576]
word=相場
File size=3639------------------------=[end]

[begin]------------------------=
[2013/05/29 08:22:20] [articles_controller.rb: 1576]
word=円
File size=3788------------------------=[end]

[begin]------------------------=
[2013/05/29 08:22:20] [articles_controller.rb: 1576]
word=日経平均
File size=3934------------------------=[end]

[begin]------------------------=
[2013/05/29 08:22:20] [articles_controller.rb: 1576]
word=ＥＵＲＩＢＯＲ
File size=4089------------------------=[end]

[begin]------------------------=
[2013/05/29 08:22:20] [articles_controller.rb: 1576]
word=米国
File size=4253------------------------=[end]

[begin]------------------------=
[2013/05/29 08:22:20] [articles_controller.rb: 1576]
word=米
File size=4402------------------------=[end]

[begin]------------------------=
[2013/05/29 08:22:20] [articles_controller.rb: 1576]
word=アメリカ
File size=4548------------------------=[end]

[begin]------------------------=
[2013/05/29 08:22:20] [articles_controller.rb: 1576]
word=中国
File size=4703------------------------=[end]

[begin]------------------------=
[2013/05/29 08:22:20] [articles_controller.rb: 1576]
word=中
File size=4852------------------------=[end]

[begin]------------------------=
[2013/05/29 08:22:20] [articles_controller.rb: 1576]
word=ヨーロッパ
File size=4998------------------------=[end]

[begin]------------------------=
[2013/05/29 08:22:20] [articles_controller.rb: 1576]
word=欧州
File size=5156------------------------=[end]

[begin]------------------------=
[2013/05/29 08:22:20] [articles_controller.rb: 1576]
word=欧
File size=5305------------------------=[end]

[begin]------------------------=
[2013/05/29 08:22:20] [articles_controller.rb: 1576]
word=EURIBOR
File size=5451------------------------=[end]

[begin]------------------------=
[2013/05/29 08:22:20] [articles_controller.rb: 1576]
word=EURO
File size=5601------------------------=[end]

[begin]------------------------=
[2013/05/29 08:22:20] [articles_controller.rb: 1576]
word=ユーロ
File size=5748------------------------=[end]

[begin]------------------------=
[2013/05/29 08:22:20] [articles_controller.rb: 1576]
word=ロシア
File size=5900------------------------=[end]

[begin]------------------------=
[2013/05/29 08:22:20] [articles_controller.rb: 1576]
word=東欧
File size=6052------------------------=[end]

[begin]------------------------=
[2013/05/29 08:22:20] [articles_controller.rb: 1576]
word=ポーランド
File size=6201------------------------=[end]

[begin]------------------------=
[2013/05/29 08:22:20] [articles_controller.rb: 1576]
word=イギリス
File size=6359------------------------=[end]

[begin]------------------------=
[2013/05/29 08:22:20] [articles_controller.rb: 1576]
word=フランス
File size=6514------------------------=[end]

[begin]------------------------=
[2013/05/29 08:22:20] [articles_controller.rb: 1576]
word=ドイツ
File size=6669------------------------=[end]

[begin]------------------------=
[2013/05/29 08:22:20] [articles_controller.rb: 1576]
word=スペイン
File size=6821------------------------=[end]

[begin]------------------------=
[2013/05/29 08:22:20] [articles_controller.rb: 1576]
word=イタリア
File size=6976------------------------=[end]

[begin]------------------------=
[2013/05/29 08:22:20] [articles_controller.rb: 1576]
word=伊
File size=7131------------------------=[end]

[begin]------------------------=
[2013/05/29 08:22:20] [articles_controller.rb: 1576]
word=ポルトガル
File size=7277------------------------=[end]

[begin]------------------------=
[2013/05/29 08:22:20] [articles_controller.rb: 1576]
word=韓国
File size=7435------------------------=[end]

[begin]------------------------=
[2013/05/29 08:22:20] [articles_controller.rb: 1576]
word=韓
File size=7584------------------------=[end]

[begin]------------------------=
[2013/05/29 08:22:20] [articles_controller.rb: 1576]
word=朝鮮
File size=7730------------------------=[end]

[begin]------------------------=
[2013/05/29 08:22:20] [articles_controller.rb: 1576]
word=サムスン
File size=7879------------------------=[end]

[begin]------------------------=
[2013/05/29 08:22:20] [articles_controller.rb: 1576]
word=現代
File size=8034------------------------=[end]

[begin]------------------------=
[2013/05/29 08:22:20] [articles_controller.rb: 1576]
word=イラン
File size=8183------------------------=[end]

[begin]------------------------=
[2013/05/29 08:22:20] [articles_controller.rb: 1576]
word=シリア
File size=8335------------------------=[end]

[begin]------------------------=
[2013/05/29 08:22:20] [articles_controller.rb: 1576]
word=イラク
File size=8487------------------------=[end]

[begin]------------------------=
[2013/05/29 08:22:20] [articles_controller.rb: 1576]
word=自動車
File size=8639------------------------=[end]

[begin]------------------------=
[2013/05/29 08:22:20] [articles_controller.rb: 1576]
word=乗用車
File size=8791------------------------=[end]

[begin]------------------------=
[2013/05/29 08:22:20] [articles_controller.rb: 1576]
word=日産
File size=8943------------------------=[end]

[begin]------------------------=
[2013/05/29 08:22:20] [articles_controller.rb: 1576]
word=日野
File size=9092------------------------=[end]

[begin]------------------------=
[2013/05/29 08:22:20] [articles_controller.rb: 1576]
word=三菱自
File size=9241------------------------=[end]

[begin]------------------------=
[2013/05/29 08:22:20] [articles_controller.rb: 1576]
word=トヨタ
File size=9393------------------------=[end]

[begin]------------------------=
[2013/05/29 08:22:20] [articles_controller.rb: 1576]
word=ダイハツ
File size=9545------------------------=[end]

[begin]------------------------=
[2013/05/29 08:22:20] [articles_controller.rb: 1576]
word=ホンダ
File size=9700------------------------=[end]

[begin]------------------------=
[2013/05/29 08:22:20] [articles_controller.rb: 1576]
word=マツダ
File size=9852------------------------=[end]

[begin]------------------------=
[2013/05/29 08:22:20] [articles_controller.rb: 1576]
word=ＢＭＷ
File size=10004------------------------=[end]

[begin]------------------------=
[2013/05/29 08:22:20] [articles_controller.rb: 1576]
word=BMW
File size=10157------------------------=[end]

[begin]------------------------=
[2013/05/29 08:22:20] [articles_controller.rb: 1576]
word=ベンツ
File size=10304------------------------=[end]

[begin]------------------------=
[2013/05/29 08:22:20] [articles_controller.rb: 1576]
word=ソニー
File size=10457------------------------=[end]

[begin]------------------------=
[2013/05/29 08:22:20] [articles_controller.rb: 1576]
word=パナソニック
File size=10610------------------------=[end]

[begin]------------------------=
[2013/05/29 08:22:20] [articles_controller.rb: 1576]
word=松下
File size=10772------------------------=[end]

[begin]------------------------=
[2013/05/29 08:22:20] [articles_controller.rb: 1576]
word=シャープ
File size=10922------------------------=[end]

[begin]------------------------=
[2013/05/29 08:22:20] [articles_controller.rb: 1576]
word=東芝
File size=11078------------------------=[end]

[begin]------------------------=
[2013/05/29 08:22:20] [articles_controller.rb: 1576]
word=三菱電
File size=11228------------------------=[end]

[begin]------------------------=
[2013/05/29 08:22:20] [articles_controller.rb: 1576]
word=セイコー
File size=11381------------------------=[end]

[begin]------------------------=
[2013/05/29 08:22:20] [articles_controller.rb: 1576]
word=ガソリン
File size=11537------------------------=[end]

[begin]------------------------=
[2013/05/29 08:22:20] [articles_controller.rb: 1576]
word=ソーラー
File size=11693------------------------=[end]

[begin]------------------------=
[2013/05/29 08:22:20] [articles_controller.rb: 1576]
word=原油
File size=11849------------------------=[end]

[begin]------------------------=
[2013/05/29 08:22:20] [articles_controller.rb: 1576]
word=原発
File size=11999------------------------=[end]

[begin]------------------------=
[2013/05/29 08:22:20] [articles_controller.rb: 1576]
word=石油
File size=12149------------------------=[end]

[begin]------------------------=
[2013/05/29 08:22:20] [articles_controller.rb: 1576]
word=エネルギー
File size=12299------------------------=[end]

[begin]------------------------=
[2013/05/29 08:22:20] [articles_controller.rb: 1576]
word=発電
File size=12458------------------------=[end]

[begin]------------------------=
[2013/05/29 08:22:20] [articles_controller.rb: 1576]
word=火力
File size=12608------------------------=[end]

[begin]------------------------=
[2013/05/29 08:22:20] [articles_controller.rb: 1576]
word=証券
File size=12758------------------------=[end]

[begin]------------------------=
[2013/05/29 08:22:20] [articles_controller.rb: 1576]
word=相場
File size=12908------------------------=[end]

[begin]------------------------=
[2013/05/29 08:22:20] [articles_controller.rb: 1576]
word=円
File size=13058------------------------=[end]

[begin]------------------------=
[2013/05/29 08:22:20] [articles_controller.rb: 1576]
word=日経平均
File size=13205------------------------=[end]

[begin]------------------------=
[2013/05/29 08:22:20] [articles_controller.rb: 1576]
word=ＥＵＲＩＢＯＲ
File size=13361------------------------=[end]

[begin]------------------------=
[2013/05/29 08:22:20] [articles_controller.rb: 1576]
word=米国
File size=13526------------------------=[end]

[begin]------------------------=
[2013/05/29 08:22:20] [articles_controller.rb: 1576]
word=米
File size=13676------------------------=[end]

[begin]------------------------=
[2013/05/29 08:22:20] [articles_controller.rb: 1576]
word=アメリカ
File size=13823------------------------=[end]

[begin]------------------------=
[2013/05/29 08:22:20] [articles_controller.rb: 1576]
word=中国
File size=13979------------------------=[end]

[begin]------------------------=
[2013/05/29 08:22:20] [articles_controller.rb: 1576]
word=中
File size=14129------------------------=[end]

[begin]------------------------=
[2013/05/29 08:22:20] [articles_controller.rb: 1576]
word=ヨーロッパ
File size=14276------------------------=[end]

[begin]------------------------=
[2013/05/29 08:22:20] [articles_controller.rb: 1576]
word=欧州
File size=14435------------------------=[end]

[begin]------------------------=
[2013/05/29 08:22:20] [articles_controller.rb: 1576]
word=欧
File size=14585------------------------=[end]

[begin]------------------------=
[2013/05/29 08:22:20] [articles_controller.rb: 1576]
word=EURIBOR
File size=14732------------------------=[end]

[begin]------------------------=
[2013/05/29 08:22:20] [articles_controller.rb: 1576]
word=EURO
File size=14883------------------------=[end]

[begin]------------------------=
[2013/05/29 08:22:20] [articles_controller.rb: 1576]
word=ユーロ
File size=15031------------------------=[end]

[begin]------------------------=
[2013/05/29 08:22:20] [articles_controller.rb: 1576]
word=ロシア
File size=15184------------------------=[end]

[begin]------------------------=
[2013/05/29 08:22:20] [articles_controller.rb: 1576]
word=東欧
File size=15337------------------------=[end]

[begin]------------------------=
[2013/05/29 08:22:20] [articles_controller.rb: 1576]
word=ポーランド
File size=15487------------------------=[end]

[begin]------------------------=
[2013/05/29 08:22:20] [articles_controller.rb: 1576]
word=イギリス
File size=15646------------------------=[end]

[begin]------------------------=
[2013/05/29 08:22:20] [articles_controller.rb: 1576]
word=フランス
File size=15802------------------------=[end]

[begin]------------------------=
[2013/05/29 08:22:20] [articles_controller.rb: 1576]
word=ドイツ
File size=15958------------------------=[end]

[begin]------------------------=
[2013/05/29 08:22:20] [articles_controller.rb: 1576]
word=スペイン
File size=16111------------------------=[end]

[begin]------------------------=
[2013/05/29 08:22:20] [articles_controller.rb: 1576]
word=イタリア
File size=16267------------------------=[end]

[begin]------------------------=
[2013/05/29 08:22:20] [articles_controller.rb: 1576]
word=伊
File size=16423------------------------=[end]

[begin]------------------------=
[2013/05/29 08:22:20] [articles_controller.rb: 1576]
word=ポルトガル
File size=16570------------------------=[end]

[begin]------------------------=
[2013/05/29 08:22:20] [articles_controller.rb: 1576]
word=韓国
File size=16729------------------------=[end]

[begin]------------------------=
[2013/05/29 08:22:20] [articles_controller.rb: 1576]
word=韓
File size=16879------------------------=[end]

[begin]------------------------=
[2013/05/29 08:22:20] [articles_controller.rb: 1576]
word=朝鮮
File size=17026------------------------=[end]

[begin]------------------------=
[2013/05/29 08:22:20] [articles_controller.rb: 1576]
word=サムスン
File size=17176------------------------=[end]

[begin]------------------------=
[2013/05/29 08:22:20] [articles_controller.rb: 1576]
word=現代
File size=17332------------------------=[end]

[begin]------------------------=
[2013/05/29 08:22:20] [articles_controller.rb: 1576]
word=イラン
File size=17482------------------------=[end]

[begin]------------------------=
[2013/05/29 08:22:20] [articles_controller.rb: 1576]
word=シリア
File size=17635------------------------=[end]

[begin]------------------------=
[2013/05/29 08:22:20] [articles_controller.rb: 1576]
word=イラク
File size=17788------------------------=[end]

[begin]------------------------=
[2013/05/29 08:22:20] [articles_controller.rb: 1576]
word=自動車
File size=17941------------------------=[end]

[begin]------------------------=
[2013/05/29 08:22:20] [articles_controller.rb: 1576]
word=乗用車
File size=18094------------------------=[end]

[begin]------------------------=
[2013/05/29 08:22:20] [articles_controller.rb: 1576]
word=日産
File size=18247------------------------=[end]

[begin]------------------------=
[2013/05/29 08:22:20] [articles_controller.rb: 1576]
word=日野
File size=18397------------------------=[end]

[begin]------------------------=
[2013/05/29 08:22:20] [articles_controller.rb: 1576]
word=三菱自
File size=18547------------------------=[end]

[begin]------------------------=
[2013/05/29 08:22:20] [articles_controller.rb: 1576]
word=トヨタ
File size=18700------------------------=[end]

[begin]------------------------=
[2013/05/29 08:22:20] [articles_controller.rb: 1576]
word=ダイハツ
File size=18853------------------------=[end]

[begin]------------------------=
[2013/05/29 08:22:20] [articles_controller.rb: 1576]
word=ホンダ
File size=19009------------------------=[end]

[begin]------------------------=
[2013/05/29 08:22:20] [articles_controller.rb: 1576]
word=マツダ
File size=19162------------------------=[end]

[begin]------------------------=
[2013/05/29 08:22:20] [articles_controller.rb: 1576]
word=ＢＭＷ
File size=19315------------------------=[end]

[begin]------------------------=
[2013/05/29 08:22:20] [articles_controller.rb: 1576]
word=BMW
File size=19468------------------------=[end]

[begin]------------------------=
[2013/05/29 08:22:20] [articles_controller.rb: 1576]
word=ベンツ
File size=19615------------------------=[end]

[begin]------------------------=
[2013/05/29 08:22:20] [articles_controller.rb: 1576]
word=ソニー
File size=19768------------------------=[end]

[begin]------------------------=
[2013/05/29 08:22:20] [articles_controller.rb: 1576]
word=パナソニック
File size=19921------------------------=[end]

