[begin]------------------------=
[2013/05/30 20:55:56] [articles_controller.rb: 1669]
kw=米
File size=0------------------------=[end]

[begin]------------------------=
[2013/05/30 20:55:56] [articles_controller.rb: 1669]
kw=米国
File size=141------------------------=[end]

[begin]------------------------=
[2013/05/30 20:55:56] [articles_controller.rb: 1669]
kw=米
File size=287------------------------=[end]

[begin]------------------------=
[2013/05/30 20:55:56] [articles_controller.rb: 1669]
kw=米国
File size=430------------------------=[end]

[begin]------------------------=
[2013/05/30 20:55:56] [articles_controller.rb: 1669]
kw=米
File size=576------------------------=[end]

[begin]------------------------=
[2013/05/30 20:55:56] [articles_controller.rb: 1669]
kw=米国
File size=719------------------------=[end]

[begin]------------------------=
[2013/05/30 20:55:56] [articles_controller.rb: 1669]
kw=米
File size=865------------------------=[end]

[begin]------------------------=
[2013/05/30 20:55:56] [articles_controller.rb: 1669]
kw=米国
File size=1008------------------------=[end]

[begin]------------------------=
[2013/05/30 20:55:56] [articles_controller.rb: 1669]
kw=米
File size=1155------------------------=[end]

[begin]------------------------=
[2013/05/30 20:55:56] [articles_controller.rb: 1669]
kw=米国
File size=1299------------------------=[end]

[begin]------------------------=
[2013/05/30 20:55:56] [articles_controller.rb: 1669]
kw=米
File size=1446------------------------=[end]

[begin]------------------------=
[2013/05/30 20:55:56] [articles_controller.rb: 1669]
kw=米国
File size=1590------------------------=[end]

[begin]------------------------=
[2013/05/30 20:55:56] [articles_controller.rb: 1669]
kw=米
File size=1737------------------------=[end]

[begin]------------------------=
[2013/05/30 20:55:56] [articles_controller.rb: 1669]
kw=米国
File size=1881------------------------=[end]

[begin]------------------------=
[2013/05/30 20:55:56] [articles_controller.rb: 1669]
kw=米
File size=2028------------------------=[end]

[begin]------------------------=
[2013/05/30 20:55:56] [articles_controller.rb: 1669]
kw=米国
File size=2172------------------------=[end]

[begin]------------------------=
[2013/05/30 20:55:56] [articles_controller.rb: 1669]
kw=米
File size=2319------------------------=[end]

[begin]------------------------=
[2013/05/30 20:55:56] [articles_controller.rb: 1669]
kw=米国
File size=2463------------------------=[end]

[begin]------------------------=
[2013/05/30 20:55:56] [articles_controller.rb: 1669]
kw=米
File size=2610------------------------=[end]

[begin]------------------------=
[2013/05/30 20:55:56] [articles_controller.rb: 1669]
kw=米国
File size=2754------------------------=[end]

[begin]------------------------=
[2013/05/30 20:55:56] [articles_controller.rb: 1669]
kw=米
File size=2901------------------------=[end]

[begin]------------------------=
[2013/05/30 20:55:56] [articles_controller.rb: 1669]
kw=米国
File size=3045------------------------=[end]

[begin]------------------------=
[2013/05/30 20:55:56] [articles_controller.rb: 1669]
kw=米
File size=3192------------------------=[end]

[begin]------------------------=
[2013/05/30 20:55:56] [articles_controller.rb: 1669]
kw=米国
File size=3336------------------------=[end]

[begin]------------------------=
[2013/05/30 20:55:56] [articles_controller.rb: 1669]
kw=米
File size=3483------------------------=[end]

[begin]------------------------=
[2013/05/30 20:55:56] [articles_controller.rb: 1669]
kw=米国
File size=3627------------------------=[end]

[begin]------------------------=
[2013/05/30 20:55:56] [articles_controller.rb: 1669]
kw=米
File size=3774------------------------=[end]

[begin]------------------------=
[2013/05/30 20:55:56] [articles_controller.rb: 1669]
kw=米国
File size=3918------------------------=[end]

[begin]------------------------=
[2013/05/30 20:55:56] [articles_controller.rb: 1669]
kw=米
File size=4065------------------------=[end]

[begin]------------------------=
[2013/05/30 20:55:56] [articles_controller.rb: 1669]
kw=米国
File size=4209------------------------=[end]

[begin]------------------------=
[2013/05/30 20:55:56] [articles_controller.rb: 1669]
kw=米
File size=4356------------------------=[end]

[begin]------------------------=
[2013/05/30 20:55:56] [articles_controller.rb: 1669]
kw=米国
File size=4500------------------------=[end]

[begin]------------------------=
[2013/05/30 20:55:56] [articles_controller.rb: 1669]
kw=米
File size=4647------------------------=[end]

[begin]------------------------=
[2013/05/30 20:55:56] [articles_controller.rb: 1669]
kw=米国
File size=4791------------------------=[end]

[begin]------------------------=
[2013/05/30 20:55:56] [articles_controller.rb: 1669]
kw=米
File size=4938------------------------=[end]

[begin]------------------------=
[2013/05/30 20:55:56] [articles_controller.rb: 1669]
kw=米国
File size=5082------------------------=[end]

[begin]------------------------=
[2013/05/30 20:55:56] [articles_controller.rb: 1669]
kw=米
File size=5229------------------------=[end]

[begin]------------------------=
[2013/05/30 20:55:56] [articles_controller.rb: 1669]
kw=米国
File size=5373------------------------=[end]

[begin]------------------------=
[2013/05/30 20:55:56] [articles_controller.rb: 1669]
kw=米
File size=5520------------------------=[end]

[begin]------------------------=
[2013/05/30 20:55:56] [articles_controller.rb: 1669]
kw=米国
File size=5664------------------------=[end]

[begin]------------------------=
[2013/05/30 20:55:56] [articles_controller.rb: 1669]
kw=米
File size=5811------------------------=[end]

[begin]------------------------=
[2013/05/30 20:55:56] [articles_controller.rb: 1669]
kw=米国
File size=5955------------------------=[end]

[begin]------------------------=
[2013/05/30 20:55:56] [articles_controller.rb: 1669]
kw=米
File size=6102------------------------=[end]

[begin]------------------------=
[2013/05/30 20:55:56] [articles_controller.rb: 1669]
kw=米国
File size=6246------------------------=[end]

[begin]------------------------=
[2013/05/30 20:55:56] [articles_controller.rb: 1669]
kw=米
File size=6393------------------------=[end]

[begin]------------------------=
[2013/05/30 20:55:56] [articles_controller.rb: 1669]
kw=米国
File size=6537------------------------=[end]

[begin]------------------------=
[2013/05/30 20:55:56] [articles_controller.rb: 1669]
kw=米
File size=6684------------------------=[end]

[begin]------------------------=
[2013/05/30 20:55:56] [articles_controller.rb: 1669]
kw=米国
File size=6828------------------------=[end]

[begin]------------------------=
[2013/05/30 20:55:56] [articles_controller.rb: 1669]
kw=米
File size=6975------------------------=[end]

[begin]------------------------=
[2013/05/30 20:55:56] [articles_controller.rb: 1669]
kw=米国
File size=7119------------------------=[end]

[begin]------------------------=
[2013/05/30 20:55:56] [articles_controller.rb: 1669]
kw=米
File size=7266------------------------=[end]

[begin]------------------------=
[2013/05/30 20:55:56] [articles_controller.rb: 1669]
kw=米国
File size=7410------------------------=[end]

[begin]------------------------=
[2013/05/30 20:55:56] [articles_controller.rb: 1669]
kw=米
File size=7557------------------------=[end]

[begin]------------------------=
[2013/05/30 20:55:56] [articles_controller.rb: 1669]
kw=米国
File size=7701------------------------=[end]

[begin]------------------------=
[2013/05/30 20:55:56] [articles_controller.rb: 1669]
kw=米
File size=7848------------------------=[end]

[begin]------------------------=
[2013/05/30 20:55:56] [articles_controller.rb: 1669]
kw=米国
File size=7992------------------------=[end]

[begin]------------------------=
[2013/05/30 20:55:56] [articles_controller.rb: 1669]
kw=米
File size=8139------------------------=[end]

[begin]------------------------=
[2013/05/30 20:55:56] [articles_controller.rb: 1669]
kw=米国
File size=8283------------------------=[end]

[begin]------------------------=
[2013/05/30 20:55:56] [articles_controller.rb: 1669]
kw=米
File size=8430------------------------=[end]

[begin]------------------------=
[2013/05/30 20:55:56] [articles_controller.rb: 1669]
kw=米国
File size=8574------------------------=[end]

[begin]------------------------=
[2013/05/30 20:55:56] [articles_controller.rb: 1669]
kw=米
File size=8721------------------------=[end]

[begin]------------------------=
[2013/05/30 20:55:56] [articles_controller.rb: 1669]
kw=米国
File size=8865------------------------=[end]

[begin]------------------------=
[2013/05/30 20:55:56] [articles_controller.rb: 1669]
kw=米
File size=9012------------------------=[end]

[begin]------------------------=
[2013/05/30 20:55:56] [articles_controller.rb: 1669]
kw=米国
File size=9156------------------------=[end]

[begin]------------------------=
[2013/05/30 20:55:56] [articles_controller.rb: 1669]
kw=米
File size=9303------------------------=[end]

[begin]------------------------=
[2013/05/30 20:55:56] [articles_controller.rb: 1669]
kw=米国
File size=9447------------------------=[end]

[begin]------------------------=
[2013/05/30 20:55:56] [articles_controller.rb: 1669]
kw=米
File size=9594------------------------=[end]

[begin]------------------------=
[2013/05/30 20:55:56] [articles_controller.rb: 1669]
kw=米国
File size=9738------------------------=[end]

[begin]------------------------=
[2013/05/30 20:55:56] [articles_controller.rb: 1669]
kw=米
File size=9885------------------------=[end]

[begin]------------------------=
[2013/05/30 20:55:56] [articles_controller.rb: 1669]
kw=米国
File size=10029------------------------=[end]

[begin]------------------------=
[2013/05/30 20:55:56] [articles_controller.rb: 1669]
kw=米
File size=10177------------------------=[end]

[begin]------------------------=
[2013/05/30 20:55:56] [articles_controller.rb: 1669]
kw=米国
File size=10322------------------------=[end]

[begin]------------------------=
[2013/05/30 20:55:56] [articles_controller.rb: 1669]
kw=米
File size=10470------------------------=[end]

[begin]------------------------=
[2013/05/30 20:55:56] [articles_controller.rb: 1669]
kw=米国
File size=10615------------------------=[end]

[begin]------------------------=
[2013/05/30 20:55:56] [articles_controller.rb: 1669]
kw=米
File size=10763------------------------=[end]

[begin]------------------------=
[2013/05/30 20:55:56] [articles_controller.rb: 1669]
kw=米国
File size=10908------------------------=[end]

[begin]------------------------=
[2013/05/30 20:55:56] [articles_controller.rb: 1669]
kw=米
File size=11056------------------------=[end]

[begin]------------------------=
[2013/05/30 20:55:56] [articles_controller.rb: 1669]
kw=米国
File size=11201------------------------=[end]

[begin]------------------------=
[2013/05/30 20:55:56] [articles_controller.rb: 1669]
kw=米
File size=11349------------------------=[end]

[begin]------------------------=
[2013/05/30 20:55:56] [articles_controller.rb: 1669]
kw=米国
File size=11494------------------------=[end]

[begin]------------------------=
[2013/05/30 20:55:56] [articles_controller.rb: 1669]
kw=米
File size=11642------------------------=[end]

[begin]------------------------=
[2013/05/30 20:55:56] [articles_controller.rb: 1669]
kw=米国
File size=11787------------------------=[end]

[begin]------------------------=
[2013/05/30 20:55:56] [articles_controller.rb: 1669]
kw=米
File size=11935------------------------=[end]

[begin]------------------------=
[2013/05/30 20:55:56] [articles_controller.rb: 1669]
kw=米国
File size=12080------------------------=[end]

[begin]------------------------=
[2013/05/30 20:55:56] [articles_controller.rb: 1669]
kw=米
File size=12228------------------------=[end]

[begin]------------------------=
[2013/05/30 20:55:56] [articles_controller.rb: 1669]
kw=米国
File size=12373------------------------=[end]

[begin]------------------------=
[2013/05/30 20:55:56] [articles_controller.rb: 1669]
kw=米
File size=12521------------------------=[end]

[begin]------------------------=
[2013/05/30 20:55:56] [articles_controller.rb: 1669]
kw=米国
File size=12666------------------------=[end]

[begin]------------------------=
[2013/05/30 20:55:56] [articles_controller.rb: 1669]
kw=米
File size=12814------------------------=[end]

[begin]------------------------=
[2013/05/30 20:55:56] [articles_controller.rb: 1669]
kw=米国
File size=12959------------------------=[end]

[begin]------------------------=
[2013/05/30 20:55:56] [articles_controller.rb: 1669]
kw=米
File size=13107------------------------=[end]

[begin]------------------------=
[2013/05/30 20:55:56] [articles_controller.rb: 1669]
kw=米国
File size=13252------------------------=[end]

[begin]------------------------=
[2013/05/30 20:55:56] [articles_controller.rb: 1669]
kw=米
File size=13400------------------------=[end]

[begin]------------------------=
[2013/05/30 20:55:56] [articles_controller.rb: 1669]
kw=米国
File size=13545------------------------=[end]

[begin]------------------------=
[2013/05/30 20:55:56] [articles_controller.rb: 1669]
kw=米
File size=13693------------------------=[end]

[begin]------------------------=
[2013/05/30 20:55:56] [articles_controller.rb: 1669]
kw=米国
File size=13838------------------------=[end]

[begin]------------------------=
[2013/05/30 20:55:56] [articles_controller.rb: 1669]
kw=米
File size=13986------------------------=[end]

[begin]------------------------=
[2013/05/30 20:55:56] [articles_controller.rb: 1669]
kw=米国
File size=14131------------------------=[end]

[begin]------------------------=
[2013/05/30 20:55:56] [articles_controller.rb: 1669]
kw=米
File size=14279------------------------=[end]

[begin]------------------------=
[2013/05/30 20:55:56] [articles_controller.rb: 1669]
kw=米国
File size=14424------------------------=[end]

[begin]------------------------=
[2013/05/30 20:55:56] [articles_controller.rb: 1669]
kw=米
File size=14572------------------------=[end]

[begin]------------------------=
[2013/05/30 20:55:56] [articles_controller.rb: 1669]
kw=米国
File size=14717------------------------=[end]

[begin]------------------------=
[2013/05/30 20:55:56] [articles_controller.rb: 1669]
kw=米
File size=14865------------------------=[end]

[begin]------------------------=
[2013/05/30 20:55:56] [articles_controller.rb: 1669]
kw=米国
File size=15010------------------------=[end]

[begin]------------------------=
[2013/05/30 20:55:56] [articles_controller.rb: 1669]
kw=米
File size=15158------------------------=[end]

[begin]------------------------=
[2013/05/30 20:55:56] [articles_controller.rb: 1669]
kw=米国
File size=15303------------------------=[end]

[begin]------------------------=
[2013/05/30 20:55:56] [articles_controller.rb: 1669]
kw=米
File size=15451------------------------=[end]

[begin]------------------------=
[2013/05/30 20:55:56] [articles_controller.rb: 1669]
kw=米国
File size=15596------------------------=[end]

[begin]------------------------=
[2013/05/30 20:55:56] [articles_controller.rb: 1669]
kw=米
File size=15744------------------------=[end]

[begin]------------------------=
[2013/05/30 20:55:56] [articles_controller.rb: 1669]
kw=米国
File size=15889------------------------=[end]

[begin]------------------------=
[2013/05/30 20:55:56] [articles_controller.rb: 1669]
kw=米
File size=16037------------------------=[end]

[begin]------------------------=
[2013/05/30 20:55:56] [articles_controller.rb: 1669]
kw=米国
File size=16182------------------------=[end]

[begin]------------------------=
[2013/05/30 20:55:56] [articles_controller.rb: 1669]
kw=米
File size=16330------------------------=[end]

[begin]------------------------=
[2013/05/30 20:55:56] [articles_controller.rb: 1669]
kw=米国
File size=16475------------------------=[end]

[begin]------------------------=
[2013/05/30 20:55:56] [articles_controller.rb: 1669]
kw=米
File size=16623------------------------=[end]

[begin]------------------------=
[2013/05/30 20:55:56] [articles_controller.rb: 1669]
kw=米国
File size=16768------------------------=[end]

[begin]------------------------=
[2013/05/30 20:55:56] [articles_controller.rb: 1669]
kw=米
File size=16916------------------------=[end]

[begin]------------------------=
[2013/05/30 20:55:56] [articles_controller.rb: 1669]
kw=米国
File size=17061------------------------=[end]

[begin]------------------------=
[2013/05/30 20:55:56] [articles_controller.rb: 1669]
kw=米
File size=17209------------------------=[end]

[begin]------------------------=
[2013/05/30 20:55:56] [articles_controller.rb: 1669]
kw=米国
File size=17354------------------------=[end]

[begin]------------------------=
[2013/05/30 20:55:56] [articles_controller.rb: 1669]
kw=米
File size=17502------------------------=[end]

[begin]------------------------=
[2013/05/30 20:55:56] [articles_controller.rb: 1669]
kw=米国
File size=17647------------------------=[end]

[begin]------------------------=
[2013/05/30 20:55:56] [articles_controller.rb: 1669]
kw=米
File size=17795------------------------=[end]

[begin]------------------------=
[2013/05/30 20:55:56] [articles_controller.rb: 1669]
kw=米国
File size=17940------------------------=[end]

[begin]------------------------=
[2013/05/30 20:55:56] [articles_controller.rb: 1669]
kw=米
File size=18088------------------------=[end]

[begin]------------------------=
[2013/05/30 20:55:56] [articles_controller.rb: 1669]
kw=米国
File size=18233------------------------=[end]

[begin]------------------------=
[2013/05/30 20:55:56] [articles_controller.rb: 1669]
kw=米
File size=18381------------------------=[end]

[begin]------------------------=
[2013/05/30 20:55:56] [articles_controller.rb: 1669]
kw=米国
File size=18526------------------------=[end]

[begin]------------------------=
[2013/05/30 20:55:56] [articles_controller.rb: 1669]
kw=米
File size=18674------------------------=[end]

[begin]------------------------=
[2013/05/30 20:55:56] [articles_controller.rb: 1669]
kw=米国
File size=18819------------------------=[end]

[begin]------------------------=
[2013/05/30 20:55:56] [articles_controller.rb: 1669]
kw=米
File size=18967------------------------=[end]

[begin]------------------------=
[2013/05/30 20:55:56] [articles_controller.rb: 1669]
kw=米国
File size=19112------------------------=[end]

[begin]------------------------=
[2013/05/30 20:55:56] [articles_controller.rb: 1669]
kw=米
File size=19260------------------------=[end]

[begin]------------------------=
[2013/05/30 20:55:56] [articles_controller.rb: 1669]
kw=米国
File size=19405------------------------=[end]

[begin]------------------------=
[2013/05/30 20:55:56] [articles_controller.rb: 1669]
kw=米
File size=19553------------------------=[end]

[begin]------------------------=
[2013/05/30 20:55:56] [articles_controller.rb: 1669]
kw=米国
File size=19698------------------------=[end]

[begin]------------------------=
[2013/05/30 20:55:56] [articles_controller.rb: 1669]
kw=米
File size=19846------------------------=[end]

[begin]------------------------=
[2013/05/30 20:55:56] [articles_controller.rb: 1669]
kw=米国
File size=19991------------------------=[end]

[begin]------------------------=
[2013/05/30 20:55:56] [articles_controller.rb: 1669]
kw=米
File size=20139------------------------=[end]

[begin]------------------------=
[2013/05/30 20:55:56] [articles_controller.rb: 1669]
kw=米国
File size=20284------------------------=[end]

[begin]------------------------=
[2013/05/30 20:55:56] [articles_controller.rb: 1669]
kw=米
File size=20432------------------------=[end]

[begin]------------------------=
[2013/05/30 20:56:01] [articles_controller.rb: 1368]

number=3
File size=20577------------------------=[end]

[begin]------------------------=
[2013/05/30 20:56:01] [C:/WORKS/WS/WS_Android~/NewsReader3/app/controllers/articles_controller.rb: 1388]
int
File size=20726------------------------=[end]

[begin]------------------------=
[2013/05/30 20:56:01] [articles_controller.rb: 39]
genre=int
File size=20920------------------------=[end]

[begin]------------------------=
[2013/05/30 20:56:01] [articles_controller.rb: 140]
genre.name =>Overseas
File size=21066------------------------=[end]

[begin]------------------------=
[2013/05/30 20:56:01] [articles_controller.rb: 150]
genre != nil => Overseas
File size=21225------------------------=[end]

[begin]------------------------=
[2013/05/30 20:56:01] [articles_controller.rb: 159]
categories.size=1
File size=21387------------------------=[end]

[begin]------------------------=
[2013/05/30 20:56:01] [articles_controller.rb: 204]
category_names.size=2
File size=21542------------------------=[end]

[begin]------------------------=
[2013/05/30 20:56:01] [articles_controller.rb: 78]
@category_names.size=2
File size=21701------------------------=[end]

[begin]------------------------=
[2013/05/30 20:56:01] [articles_controller.rb: 1298]
category.name=US
File size=21860------------------------=[end]

[begin]------------------------=
[2013/05/30 20:56:01] [articles_controller.rb: 1307]
kws.size=2
File size=22015------------------------=[end]

[begin]------------------------=
[2013/05/30 20:56:02] [articles_controller.rb: 492]
vendor_list.size=0/a_tags_href.size=75
File size=22164------------------------=[end]

[begin]------------------------=
[2013/05/30 20:56:02] [articles_controller.rb: 1650]
keywords.length=2
File size=22340------------------------=[end]

[begin]------------------------=
[2013/05/30 20:56:02] [articles_controller.rb: 1669]
kw=米国
File size=22496------------------------=[end]

[begin]------------------------=
[2013/05/30 20:56:02] [articles_controller.rb: 1669]
kw=米
File size=22644------------------------=[end]

[begin]------------------------=
[2013/05/30 20:56:02] [articles_controller.rb: 1669]
kw=米国
File size=22789------------------------=[end]

[begin]------------------------=
[2013/05/30 20:56:02] [articles_controller.rb: 1669]
kw=米
File size=22937------------------------=[end]

[begin]------------------------=
[2013/05/30 20:56:02] [articles_controller.rb: 1669]
kw=米国
File size=23082------------------------=[end]

[begin]------------------------=
[2013/05/30 20:56:02] [articles_controller.rb: 1669]
kw=米
File size=23230------------------------=[end]

[begin]------------------------=
[2013/05/30 20:56:02] [articles_controller.rb: 1669]
kw=米国
File size=23375------------------------=[end]

[begin]------------------------=
[2013/05/30 20:56:02] [articles_controller.rb: 1669]
kw=米
File size=23523------------------------=[end]

[begin]------------------------=
[2013/05/30 20:56:02] [articles_controller.rb: 1669]
kw=米国
File size=23668------------------------=[end]

[begin]------------------------=
[2013/05/30 20:56:02] [articles_controller.rb: 1669]
kw=米
File size=23816------------------------=[end]

[begin]------------------------=
[2013/05/30 20:56:02] [articles_controller.rb: 1669]
kw=米国
File size=23961------------------------=[end]

[begin]------------------------=
[2013/05/30 20:56:02] [articles_controller.rb: 1669]
kw=米
File size=24109------------------------=[end]

[begin]------------------------=
[2013/05/30 20:56:02] [articles_controller.rb: 1669]
kw=米国
File size=24254------------------------=[end]

[begin]------------------------=
[2013/05/30 20:56:02] [articles_controller.rb: 1669]
kw=米
File size=24402------------------------=[end]

[begin]------------------------=
[2013/05/30 20:56:02] [articles_controller.rb: 1669]
kw=米国
File size=24547------------------------=[end]

[begin]------------------------=
[2013/05/30 20:56:02] [articles_controller.rb: 1669]
kw=米
File size=24695------------------------=[end]

[begin]------------------------=
[2013/05/30 20:56:02] [articles_controller.rb: 1669]
kw=米国
File size=24840------------------------=[end]

[begin]------------------------=
[2013/05/30 20:56:02] [articles_controller.rb: 1669]
kw=米
File size=24988------------------------=[end]

[begin]------------------------=
[2013/05/30 20:56:02] [articles_controller.rb: 1669]
kw=米国
File size=25133------------------------=[end]

[begin]------------------------=
[2013/05/30 20:56:02] [articles_controller.rb: 1669]
kw=米
File size=25281------------------------=[end]

[begin]------------------------=
[2013/05/30 20:56:02] [articles_controller.rb: 1669]
kw=米国
File size=25426------------------------=[end]

[begin]------------------------=
[2013/05/30 20:56:02] [articles_controller.rb: 1669]
kw=米
File size=25574------------------------=[end]

[begin]------------------------=
[2013/05/30 20:56:02] [articles_controller.rb: 1669]
kw=米国
File size=25719------------------------=[end]

[begin]------------------------=
[2013/05/30 20:56:02] [articles_controller.rb: 1669]
kw=米
File size=25867------------------------=[end]

[begin]------------------------=
[2013/05/30 20:56:02] [articles_controller.rb: 1669]
kw=米国
File size=26012------------------------=[end]

[begin]------------------------=
[2013/05/30 20:56:02] [articles_controller.rb: 1669]
kw=米
File size=26160------------------------=[end]

[begin]------------------------=
[2013/05/30 20:56:02] [articles_controller.rb: 1669]
kw=米国
File size=26305------------------------=[end]

[begin]------------------------=
[2013/05/30 20:56:02] [articles_controller.rb: 1669]
kw=米
File size=26453------------------------=[end]

[begin]------------------------=
[2013/05/30 20:56:02] [articles_controller.rb: 1669]
kw=米国
File size=26598------------------------=[end]

[begin]------------------------=
[2013/05/30 20:56:02] [articles_controller.rb: 1669]
kw=米
File size=26746------------------------=[end]

[begin]------------------------=
[2013/05/30 20:56:02] [articles_controller.rb: 1669]
kw=米国
File size=26891------------------------=[end]

[begin]------------------------=
[2013/05/30 20:56:02] [articles_controller.rb: 1669]
kw=米
File size=27039------------------------=[end]

[begin]------------------------=
[2013/05/30 20:56:02] [articles_controller.rb: 1669]
kw=米国
File size=27184------------------------=[end]

[begin]------------------------=
[2013/05/30 20:56:02] [articles_controller.rb: 1669]
kw=米
File size=27332------------------------=[end]

[begin]------------------------=
[2013/05/30 20:56:02] [articles_controller.rb: 1669]
kw=米国
File size=27477------------------------=[end]

[begin]------------------------=
[2013/05/30 20:56:02] [articles_controller.rb: 1669]
kw=米
File size=27625------------------------=[end]

[begin]------------------------=
[2013/05/30 20:56:02] [articles_controller.rb: 1669]
kw=米国
File size=27770------------------------=[end]

[begin]------------------------=
[2013/05/30 20:56:02] [articles_controller.rb: 1669]
kw=米
File size=27918------------------------=[end]

[begin]------------------------=
[2013/05/30 20:56:02] [articles_controller.rb: 1669]
kw=米国
File size=28063------------------------=[end]

[begin]------------------------=
[2013/05/30 20:56:02] [articles_controller.rb: 1669]
kw=米
File size=28211------------------------=[end]

[begin]------------------------=
[2013/05/30 20:56:02] [articles_controller.rb: 1669]
kw=米国
File size=28356------------------------=[end]

[begin]------------------------=
[2013/05/30 20:56:02] [articles_controller.rb: 1669]
kw=米
File size=28504------------------------=[end]

[begin]------------------------=
[2013/05/30 20:56:02] [articles_controller.rb: 1669]
kw=米国
File size=28649------------------------=[end]

[begin]------------------------=
[2013/05/30 20:56:02] [articles_controller.rb: 1669]
kw=米
File size=28797------------------------=[end]

[begin]------------------------=
[2013/05/30 20:56:02] [articles_controller.rb: 1669]
kw=米国
File size=28942------------------------=[end]

[begin]------------------------=
[2013/05/30 20:56:02] [articles_controller.rb: 1669]
kw=米
File size=29090------------------------=[end]

[begin]------------------------=
[2013/05/30 20:56:02] [articles_controller.rb: 1669]
kw=米国
File size=29235------------------------=[end]

[begin]------------------------=
[2013/05/30 20:56:02] [articles_controller.rb: 1669]
kw=米
File size=29383------------------------=[end]

[begin]------------------------=
[2013/05/30 20:56:02] [articles_controller.rb: 1669]
kw=米国
File size=29528------------------------=[end]

[begin]------------------------=
[2013/05/30 20:56:02] [articles_controller.rb: 1669]
kw=米
File size=29676------------------------=[end]

[begin]------------------------=
[2013/05/30 20:56:02] [articles_controller.rb: 1669]
kw=米国
File size=29821------------------------=[end]

[begin]------------------------=
[2013/05/30 20:56:02] [articles_controller.rb: 1669]
kw=米
File size=29969------------------------=[end]

[begin]------------------------=
[2013/05/30 20:56:02] [articles_controller.rb: 1669]
kw=米国
File size=30114------------------------=[end]

[begin]------------------------=
[2013/05/30 20:56:02] [articles_controller.rb: 1669]
kw=米
File size=30262------------------------=[end]

[begin]------------------------=
[2013/05/30 20:56:02] [articles_controller.rb: 1669]
kw=米国
File size=30407------------------------=[end]

[begin]------------------------=
[2013/05/30 20:56:02] [articles_controller.rb: 1669]
kw=米
File size=30555------------------------=[end]

[begin]------------------------=
[2013/05/30 20:56:02] [articles_controller.rb: 1669]
kw=米国
File size=30700------------------------=[end]

[begin]------------------------=
[2013/05/30 20:56:02] [articles_controller.rb: 1669]
kw=米
File size=30848------------------------=[end]

[begin]------------------------=
[2013/05/30 20:56:02] [articles_controller.rb: 1669]
kw=米国
File size=30993------------------------=[end]

[begin]------------------------=
[2013/05/30 20:56:02] [articles_controller.rb: 1669]
kw=米
File size=31141------------------------=[end]

[begin]------------------------=
[2013/05/30 20:56:02] [articles_controller.rb: 1669]
kw=米国
File size=31286------------------------=[end]

[begin]------------------------=
[2013/05/30 20:56:02] [articles_controller.rb: 1669]
kw=米
File size=31434------------------------=[end]

[begin]------------------------=
[2013/05/30 20:56:02] [articles_controller.rb: 1669]
kw=米国
File size=31579------------------------=[end]

[begin]------------------------=
[2013/05/30 20:56:02] [articles_controller.rb: 1669]
kw=米
File size=31727------------------------=[end]

[begin]------------------------=
[2013/05/30 20:56:02] [articles_controller.rb: 1669]
kw=米国
File size=31872------------------------=[end]

[begin]------------------------=
[2013/05/30 20:56:02] [articles_controller.rb: 1669]
kw=米
File size=32020------------------------=[end]

[begin]------------------------=
[2013/05/30 20:56:02] [articles_controller.rb: 1669]
kw=米国
File size=32165------------------------=[end]

[begin]------------------------=
[2013/05/30 20:56:02] [articles_controller.rb: 1669]
kw=米
File size=32313------------------------=[end]

[begin]------------------------=
[2013/05/30 20:56:02] [articles_controller.rb: 1669]
kw=米国
File size=32458------------------------=[end]

[begin]------------------------=
[2013/05/30 20:56:02] [articles_controller.rb: 1669]
kw=米
File size=32606------------------------=[end]

[begin]------------------------=
[2013/05/30 20:56:02] [articles_controller.rb: 1669]
kw=米国
File size=32751------------------------=[end]

[begin]------------------------=
[2013/05/30 20:56:02] [articles_controller.rb: 1669]
kw=米
File size=32899------------------------=[end]

[begin]------------------------=
[2013/05/30 20:56:02] [articles_controller.rb: 1669]
kw=米国
File size=33044------------------------=[end]

[begin]------------------------=
[2013/05/30 20:56:02] [articles_controller.rb: 1669]
kw=米
File size=33192------------------------=[end]

[begin]------------------------=
[2013/05/30 20:56:02] [articles_controller.rb: 1669]
kw=米国
File size=33337------------------------=[end]

[begin]------------------------=
[2013/05/30 20:56:02] [articles_controller.rb: 1669]
kw=米
File size=33485------------------------=[end]

[begin]------------------------=
[2013/05/30 20:56:02] [articles_controller.rb: 1669]
kw=米国
File size=33630------------------------=[end]

[begin]------------------------=
[2013/05/30 20:56:02] [articles_controller.rb: 1669]
kw=米
File size=33778------------------------=[end]

[begin]------------------------=
[2013/05/30 20:56:02] [articles_controller.rb: 1669]
kw=米国
File size=33923------------------------=[end]

[begin]------------------------=
[2013/05/30 20:56:02] [articles_controller.rb: 1669]
kw=米
File size=34071------------------------=[end]

[begin]------------------------=
[2013/05/30 20:56:02] [articles_controller.rb: 1669]
kw=米国
File size=34216------------------------=[end]

[begin]------------------------=
[2013/05/30 20:56:02] [articles_controller.rb: 1669]
kw=米
File size=34364------------------------=[end]

[begin]------------------------=
[2013/05/30 20:56:02] [articles_controller.rb: 1669]
kw=米国
File size=34509------------------------=[end]

[begin]------------------------=
[2013/05/30 20:56:02] [articles_controller.rb: 1669]
kw=米
File size=34657------------------------=[end]

[begin]------------------------=
[2013/05/30 20:56:02] [articles_controller.rb: 1669]
kw=米国
File size=34802------------------------=[end]

[begin]------------------------=
[2013/05/30 20:56:02] [articles_controller.rb: 1669]
kw=米
File size=34950------------------------=[end]

[begin]------------------------=
[2013/05/30 20:56:02] [articles_controller.rb: 1669]
kw=米国
File size=35095------------------------=[end]

[begin]------------------------=
[2013/05/30 20:56:02] [articles_controller.rb: 1669]
kw=米
File size=35243------------------------=[end]

[begin]------------------------=
[2013/05/30 20:56:02] [articles_controller.rb: 1669]
kw=米国
File size=35388------------------------=[end]

[begin]------------------------=
[2013/05/30 20:56:02] [articles_controller.rb: 1669]
kw=米
File size=35536------------------------=[end]

[begin]------------------------=
[2013/05/30 20:56:02] [articles_controller.rb: 1669]
kw=米国
File size=35681------------------------=[end]

[begin]------------------------=
[2013/05/30 20:56:02] [articles_controller.rb: 1669]
kw=米
File size=35829------------------------=[end]

[begin]------------------------=
[2013/05/30 20:56:02] [articles_controller.rb: 1669]
kw=米国
File size=35974------------------------=[end]

[begin]------------------------=
[2013/05/30 20:56:02] [articles_controller.rb: 1669]
kw=米
File size=36122------------------------=[end]

[begin]------------------------=
[2013/05/30 20:56:02] [articles_controller.rb: 1669]
kw=米国
File size=36267------------------------=[end]

[begin]------------------------=
[2013/05/30 20:56:02] [articles_controller.rb: 1669]
kw=米
File size=36415------------------------=[end]

[begin]------------------------=
[2013/05/30 20:56:02] [articles_controller.rb: 1669]
kw=米国
File size=36560------------------------=[end]

[begin]------------------------=
[2013/05/30 20:56:02] [articles_controller.rb: 1669]
kw=米
File size=36708------------------------=[end]

[begin]------------------------=
[2013/05/30 20:56:02] [articles_controller.rb: 1669]
kw=米国
File size=36853------------------------=[end]

[begin]------------------------=
[2013/05/30 20:56:02] [articles_controller.rb: 1669]
kw=米
File size=37001------------------------=[end]

[begin]------------------------=
[2013/05/30 20:56:02] [articles_controller.rb: 1669]
kw=米国
File size=37146------------------------=[end]

[begin]------------------------=
[2013/05/30 20:56:02] [articles_controller.rb: 1669]
kw=米
File size=37294------------------------=[end]

[begin]------------------------=
[2013/05/30 20:56:02] [articles_controller.rb: 1669]
kw=米国
File size=37439------------------------=[end]

[begin]------------------------=
[2013/05/30 20:56:02] [articles_controller.rb: 1669]
kw=米
File size=37587------------------------=[end]

[begin]------------------------=
[2013/05/30 20:56:02] [articles_controller.rb: 1669]
kw=米国
File size=37732------------------------=[end]

[begin]------------------------=
[2013/05/30 20:56:02] [articles_controller.rb: 1669]
kw=米
File size=37880------------------------=[end]

[begin]------------------------=
[2013/05/30 20:56:02] [articles_controller.rb: 1669]
kw=米国
File size=38025------------------------=[end]

[begin]------------------------=
[2013/05/30 20:56:02] [articles_controller.rb: 1669]
kw=米
File size=38173------------------------=[end]

[begin]------------------------=
[2013/05/30 20:56:02] [articles_controller.rb: 1669]
kw=米国
File size=38318------------------------=[end]

[begin]------------------------=
[2013/05/30 20:56:02] [articles_controller.rb: 1669]
kw=米
File size=38466------------------------=[end]

[begin]------------------------=
[2013/05/30 20:56:02] [articles_controller.rb: 1669]
kw=米国
File size=38611------------------------=[end]

[begin]------------------------=
[2013/05/30 20:56:02] [articles_controller.rb: 1669]
kw=米
File size=38759------------------------=[end]

[begin]------------------------=
[2013/05/30 20:56:02] [articles_controller.rb: 1669]
kw=米国
File size=38904------------------------=[end]

[begin]------------------------=
[2013/05/30 20:56:02] [articles_controller.rb: 1669]
kw=米
File size=39052------------------------=[end]

[begin]------------------------=
[2013/05/30 20:56:02] [articles_controller.rb: 1669]
kw=米国
File size=39197------------------------=[end]

[begin]------------------------=
[2013/05/30 20:56:02] [articles_controller.rb: 1669]
kw=米
File size=39345------------------------=[end]

[begin]------------------------=
[2013/05/30 20:56:02] [articles_controller.rb: 1669]
kw=米国
File size=39490------------------------=[end]

[begin]------------------------=
[2013/05/30 20:56:02] [articles_controller.rb: 1669]
kw=米
File size=39638------------------------=[end]

[begin]------------------------=
[2013/05/30 20:56:02] [articles_controller.rb: 1669]
kw=米国
File size=39783------------------------=[end]

[begin]------------------------=
[2013/05/30 20:56:02] [articles_controller.rb: 1669]
kw=米
File size=39931------------------------=[end]

