[begin]------------------------=
[2013/05/29 09:11:08] [articles_controller.rb: 1576]
word=火力
File size=0------------------------=[end]

[begin]------------------------=
[2013/05/29 09:11:08] [articles_controller.rb: 1576]
word=証券
File size=146------------------------=[end]

[begin]------------------------=
[2013/05/29 09:11:08] [articles_controller.rb: 1576]
word=相場
File size=294------------------------=[end]

[begin]------------------------=
[2013/05/29 09:11:08] [articles_controller.rb: 1576]
word=円
File size=442------------------------=[end]

[begin]------------------------=
[2013/05/29 09:11:08] [articles_controller.rb: 1576]
word=日経平均
File size=587------------------------=[end]

[begin]------------------------=
[2013/05/29 09:11:08] [articles_controller.rb: 1576]
word=ＥＵＲＩＢＯＲ
File size=741------------------------=[end]

[begin]------------------------=
[2013/05/29 09:11:08] [articles_controller.rb: 1576]
word=米国
File size=904------------------------=[end]

[begin]------------------------=
[2013/05/29 09:11:08] [articles_controller.rb: 1576]
word=米
File size=1052------------------------=[end]

[begin]------------------------=
[2013/05/29 09:11:08] [articles_controller.rb: 1576]
word=アメリカ
File size=1198------------------------=[end]

[begin]------------------------=
[2013/05/29 09:11:08] [articles_controller.rb: 1576]
word=中国
File size=1353------------------------=[end]

[begin]------------------------=
[2013/05/29 09:11:08] [articles_controller.rb: 1576]
word=中
File size=1502------------------------=[end]

[begin]------------------------=
[2013/05/29 09:11:08] [articles_controller.rb: 1576]
word=ヨーロッパ
File size=1648------------------------=[end]

[begin]------------------------=
[2013/05/29 09:11:08] [articles_controller.rb: 1576]
word=欧州
File size=1806------------------------=[end]

[begin]------------------------=
[2013/05/29 09:11:08] [articles_controller.rb: 1576]
word=欧
File size=1955------------------------=[end]

[begin]------------------------=
[2013/05/29 09:11:08] [articles_controller.rb: 1576]
word=EURIBOR
File size=2101------------------------=[end]

[begin]------------------------=
[2013/05/29 09:11:08] [articles_controller.rb: 1576]
word=EURO
File size=2251------------------------=[end]

[begin]------------------------=
[2013/05/29 09:11:08] [articles_controller.rb: 1576]
word=ユーロ
File size=2398------------------------=[end]

[begin]------------------------=
[2013/05/29 09:11:08] [articles_controller.rb: 1576]
word=ロシア
File size=2550------------------------=[end]

[begin]------------------------=
[2013/05/29 09:11:08] [articles_controller.rb: 1576]
word=東欧
File size=2702------------------------=[end]

[begin]------------------------=
[2013/05/29 09:11:08] [articles_controller.rb: 1576]
word=ポーランド
File size=2851------------------------=[end]

[begin]------------------------=
[2013/05/29 09:11:08] [articles_controller.rb: 1576]
word=イギリス
File size=3009------------------------=[end]

[begin]------------------------=
[2013/05/29 09:11:08] [articles_controller.rb: 1576]
word=フランス
File size=3164------------------------=[end]

[begin]------------------------=
[2013/05/29 09:11:08] [articles_controller.rb: 1576]
word=ドイツ
File size=3319------------------------=[end]

[begin]------------------------=
[2013/05/29 09:11:08] [articles_controller.rb: 1576]
word=スペイン
File size=3471------------------------=[end]

[begin]------------------------=
[2013/05/29 09:11:08] [articles_controller.rb: 1576]
word=イタリア
File size=3626------------------------=[end]

[begin]------------------------=
[2013/05/29 09:11:08] [articles_controller.rb: 1576]
word=伊
File size=3781------------------------=[end]

[begin]------------------------=
[2013/05/29 09:11:08] [articles_controller.rb: 1576]
word=ポルトガル
File size=3927------------------------=[end]

[begin]------------------------=
[2013/05/29 09:11:08] [articles_controller.rb: 1576]
word=韓国
File size=4085------------------------=[end]

[begin]------------------------=
[2013/05/29 09:11:08] [articles_controller.rb: 1576]
word=韓
File size=4234------------------------=[end]

[begin]------------------------=
[2013/05/29 09:11:08] [articles_controller.rb: 1576]
word=朝鮮
File size=4380------------------------=[end]

[begin]------------------------=
[2013/05/29 09:11:08] [articles_controller.rb: 1576]
word=サムスン
File size=4529------------------------=[end]

[begin]------------------------=
[2013/05/29 09:11:08] [articles_controller.rb: 1576]
word=現代
File size=4684------------------------=[end]

[begin]------------------------=
[2013/05/29 09:11:08] [articles_controller.rb: 1576]
word=イラン
File size=4833------------------------=[end]

[begin]------------------------=
[2013/05/29 09:11:08] [articles_controller.rb: 1576]
word=シリア
File size=4985------------------------=[end]

[begin]------------------------=
[2013/05/29 09:11:08] [articles_controller.rb: 1576]
word=イラク
File size=5137------------------------=[end]

[begin]------------------------=
[2013/05/29 09:11:08] [articles_controller.rb: 1576]
word=自動車
File size=5289------------------------=[end]

[begin]------------------------=
[2013/05/29 09:11:08] [articles_controller.rb: 1576]
word=乗用車
File size=5441------------------------=[end]

[begin]------------------------=
[2013/05/29 09:11:08] [articles_controller.rb: 1576]
word=日産
File size=5593------------------------=[end]

[begin]------------------------=
[2013/05/29 09:11:08] [articles_controller.rb: 1576]
word=日野
File size=5742------------------------=[end]

[begin]------------------------=
[2013/05/29 09:11:08] [articles_controller.rb: 1576]
word=三菱自
File size=5891------------------------=[end]

[begin]------------------------=
[2013/05/29 09:11:08] [articles_controller.rb: 1576]
word=トヨタ
File size=6043------------------------=[end]

[begin]------------------------=
[2013/05/29 09:11:08] [articles_controller.rb: 1576]
word=ダイハツ
File size=6195------------------------=[end]

[begin]------------------------=
[2013/05/29 09:11:08] [articles_controller.rb: 1576]
word=ホンダ
File size=6350------------------------=[end]

[begin]------------------------=
[2013/05/29 09:11:08] [articles_controller.rb: 1576]
word=マツダ
File size=6502------------------------=[end]

[begin]------------------------=
[2013/05/29 09:11:08] [articles_controller.rb: 1576]
word=ＢＭＷ
File size=6654------------------------=[end]

[begin]------------------------=
[2013/05/29 09:11:08] [articles_controller.rb: 1576]
word=BMW
File size=6806------------------------=[end]

[begin]------------------------=
[2013/05/29 09:11:08] [articles_controller.rb: 1576]
word=ベンツ
File size=6952------------------------=[end]

[begin]------------------------=
[2013/05/29 09:11:08] [articles_controller.rb: 1576]
word=ソニー
File size=7104------------------------=[end]

[begin]------------------------=
[2013/05/29 09:11:08] [articles_controller.rb: 1576]
word=パナソニック
File size=7256------------------------=[end]

[begin]------------------------=
[2013/05/29 09:11:08] [articles_controller.rb: 1576]
word=松下
File size=7417------------------------=[end]

[begin]------------------------=
[2013/05/29 09:11:08] [articles_controller.rb: 1576]
word=シャープ
File size=7566------------------------=[end]

[begin]------------------------=
[2013/05/29 09:11:08] [articles_controller.rb: 1576]
word=東芝
File size=7721------------------------=[end]

[begin]------------------------=
[2013/05/29 09:11:08] [articles_controller.rb: 1576]
word=三菱電
File size=7870------------------------=[end]

[begin]------------------------=
[2013/05/29 09:11:08] [articles_controller.rb: 1576]
word=セイコー
File size=8022------------------------=[end]

[begin]------------------------=
[2013/05/29 09:11:08] [articles_controller.rb: 1576]
word=ガソリン
File size=8177------------------------=[end]

[begin]------------------------=
[2013/05/29 09:11:08] [articles_controller.rb: 1576]
word=ソーラー
File size=8332------------------------=[end]

[begin]------------------------=
[2013/05/29 09:11:08] [articles_controller.rb: 1576]
word=原油
File size=8487------------------------=[end]

[begin]------------------------=
[2013/05/29 09:11:08] [articles_controller.rb: 1576]
word=原発
File size=8636------------------------=[end]

[begin]------------------------=
[2013/05/29 09:11:08] [articles_controller.rb: 1576]
word=石油
File size=8785------------------------=[end]

[begin]------------------------=
[2013/05/29 09:11:08] [articles_controller.rb: 1576]
word=エネルギー
File size=8934------------------------=[end]

[begin]------------------------=
[2013/05/29 09:11:08] [articles_controller.rb: 1576]
word=発電
File size=9092------------------------=[end]

[begin]------------------------=
[2013/05/29 09:11:08] [articles_controller.rb: 1576]
word=火力
File size=9241------------------------=[end]

[begin]------------------------=
[2013/05/29 09:11:08] [articles_controller.rb: 1576]
word=証券
File size=9390------------------------=[end]

[begin]------------------------=
[2013/05/29 09:11:08] [articles_controller.rb: 1576]
word=相場
File size=9539------------------------=[end]

[begin]------------------------=
[2013/05/29 09:11:08] [articles_controller.rb: 1576]
word=円
File size=9688------------------------=[end]

[begin]------------------------=
[2013/05/29 09:11:08] [articles_controller.rb: 1576]
word=日経平均
File size=9834------------------------=[end]

[begin]------------------------=
[2013/05/29 09:11:08] [articles_controller.rb: 1576]
word=ＥＵＲＩＢＯＲ
File size=9989------------------------=[end]

[begin]------------------------=
[2013/05/29 09:11:08] [articles_controller.rb: 1576]
word=米国
File size=10153------------------------=[end]

[begin]------------------------=
[2013/05/29 09:11:08] [articles_controller.rb: 1576]
word=米
File size=10303------------------------=[end]

[begin]------------------------=
[2013/05/29 09:11:08] [articles_controller.rb: 1576]
word=アメリカ
File size=10450------------------------=[end]

[begin]------------------------=
[2013/05/29 09:11:08] [articles_controller.rb: 1576]
word=中国
File size=10606------------------------=[end]

[begin]------------------------=
[2013/05/29 09:11:08] [articles_controller.rb: 1576]
word=中
File size=10756------------------------=[end]

[begin]------------------------=
[2013/05/29 09:11:08] [articles_controller.rb: 1576]
word=ヨーロッパ
File size=10903------------------------=[end]

[begin]------------------------=
[2013/05/29 09:11:08] [articles_controller.rb: 1576]
word=欧州
File size=11062------------------------=[end]

[begin]------------------------=
[2013/05/29 09:11:08] [articles_controller.rb: 1576]
word=欧
File size=11212------------------------=[end]

[begin]------------------------=
[2013/05/29 09:11:08] [articles_controller.rb: 1576]
word=EURIBOR
File size=11359------------------------=[end]

[begin]------------------------=
[2013/05/29 09:11:08] [articles_controller.rb: 1576]
word=EURO
File size=11510------------------------=[end]

[begin]------------------------=
[2013/05/29 09:11:08] [articles_controller.rb: 1576]
word=ユーロ
File size=11658------------------------=[end]

[begin]------------------------=
[2013/05/29 09:11:08] [articles_controller.rb: 1576]
word=ロシア
File size=11811------------------------=[end]

[begin]------------------------=
[2013/05/29 09:11:08] [articles_controller.rb: 1576]
word=東欧
File size=11964------------------------=[end]

[begin]------------------------=
[2013/05/29 09:11:08] [articles_controller.rb: 1576]
word=ポーランド
File size=12114------------------------=[end]

[begin]------------------------=
[2013/05/29 09:11:08] [articles_controller.rb: 1576]
word=イギリス
File size=12273------------------------=[end]

[begin]------------------------=
[2013/05/29 09:11:08] [articles_controller.rb: 1576]
word=フランス
File size=12429------------------------=[end]

[begin]------------------------=
[2013/05/29 09:11:08] [articles_controller.rb: 1576]
word=ドイツ
File size=12585------------------------=[end]

[begin]------------------------=
[2013/05/29 09:11:08] [articles_controller.rb: 1576]
word=スペイン
File size=12738------------------------=[end]

[begin]------------------------=
[2013/05/29 09:11:08] [articles_controller.rb: 1576]
word=イタリア
File size=12894------------------------=[end]

[begin]------------------------=
[2013/05/29 09:11:08] [articles_controller.rb: 1576]
word=伊
File size=13050------------------------=[end]

[begin]------------------------=
[2013/05/29 09:11:08] [articles_controller.rb: 1576]
word=ポルトガル
File size=13197------------------------=[end]

[begin]------------------------=
[2013/05/29 09:11:08] [articles_controller.rb: 1576]
word=韓国
File size=13356------------------------=[end]

[begin]------------------------=
[2013/05/29 09:11:08] [articles_controller.rb: 1576]
word=韓
File size=13506------------------------=[end]

[begin]------------------------=
[2013/05/29 09:11:08] [articles_controller.rb: 1576]
word=朝鮮
File size=13653------------------------=[end]

[begin]------------------------=
[2013/05/29 09:11:08] [articles_controller.rb: 1576]
word=サムスン
File size=13803------------------------=[end]

[begin]------------------------=
[2013/05/29 09:11:08] [articles_controller.rb: 1576]
word=現代
File size=13959------------------------=[end]

[begin]------------------------=
[2013/05/29 09:11:08] [articles_controller.rb: 1576]
word=イラン
File size=14109------------------------=[end]

[begin]------------------------=
[2013/05/29 09:11:08] [articles_controller.rb: 1576]
word=シリア
File size=14262------------------------=[end]

[begin]------------------------=
[2013/05/29 09:11:08] [articles_controller.rb: 1576]
word=イラク
File size=14415------------------------=[end]

[begin]------------------------=
[2013/05/29 09:11:08] [articles_controller.rb: 1576]
word=自動車
File size=14568------------------------=[end]

[begin]------------------------=
[2013/05/29 09:11:08] [articles_controller.rb: 1576]
word=乗用車
File size=14721------------------------=[end]

[begin]------------------------=
[2013/05/29 09:11:08] [articles_controller.rb: 1576]
word=日産
File size=14874------------------------=[end]

[begin]------------------------=
[2013/05/29 09:11:08] [articles_controller.rb: 1576]
word=日野
File size=15024------------------------=[end]

[begin]------------------------=
[2013/05/29 09:11:08] [articles_controller.rb: 1576]
word=三菱自
File size=15174------------------------=[end]

[begin]------------------------=
[2013/05/29 09:11:08] [articles_controller.rb: 1576]
word=トヨタ
File size=15327------------------------=[end]

[begin]------------------------=
[2013/05/29 09:11:08] [articles_controller.rb: 1576]
word=ダイハツ
File size=15480------------------------=[end]

[begin]------------------------=
[2013/05/29 09:11:08] [articles_controller.rb: 1576]
word=ホンダ
File size=15636------------------------=[end]

[begin]------------------------=
[2013/05/29 09:11:08] [articles_controller.rb: 1576]
word=マツダ
File size=15789------------------------=[end]

[begin]------------------------=
[2013/05/29 09:11:08] [articles_controller.rb: 1576]
word=ＢＭＷ
File size=15942------------------------=[end]

[begin]------------------------=
[2013/05/29 09:11:08] [articles_controller.rb: 1576]
word=BMW
File size=16095------------------------=[end]

[begin]------------------------=
[2013/05/29 09:11:08] [articles_controller.rb: 1576]
word=ベンツ
File size=16242------------------------=[end]

[begin]------------------------=
[2013/05/29 09:11:08] [articles_controller.rb: 1576]
word=ソニー
File size=16395------------------------=[end]

[begin]------------------------=
[2013/05/29 09:11:08] [articles_controller.rb: 1576]
word=パナソニック
File size=16548------------------------=[end]

[begin]------------------------=
[2013/05/29 09:11:08] [articles_controller.rb: 1576]
word=松下
File size=16710------------------------=[end]

[begin]------------------------=
[2013/05/29 09:11:08] [articles_controller.rb: 1576]
word=シャープ
File size=16860------------------------=[end]

[begin]------------------------=
[2013/05/29 09:11:08] [articles_controller.rb: 1576]
word=東芝
File size=17016------------------------=[end]

[begin]------------------------=
[2013/05/29 09:11:08] [articles_controller.rb: 1576]
word=三菱電
File size=17166------------------------=[end]

[begin]------------------------=
[2013/05/29 09:11:08] [articles_controller.rb: 1576]
word=セイコー
File size=17319------------------------=[end]

[begin]------------------------=
[2013/05/29 09:11:08] [articles_controller.rb: 1576]
word=ガソリン
File size=17475------------------------=[end]

[begin]------------------------=
[2013/05/29 09:11:08] [articles_controller.rb: 1576]
word=ソーラー
File size=17631------------------------=[end]

[begin]------------------------=
[2013/05/29 09:11:08] [articles_controller.rb: 1576]
word=原油
File size=17787------------------------=[end]

[begin]------------------------=
[2013/05/29 09:11:08] [articles_controller.rb: 1576]
word=原発
File size=17937------------------------=[end]

[begin]------------------------=
[2013/05/29 09:11:08] [articles_controller.rb: 1576]
word=石油
File size=18087------------------------=[end]

[begin]------------------------=
[2013/05/29 09:11:08] [articles_controller.rb: 1576]
word=エネルギー
File size=18237------------------------=[end]

[begin]------------------------=
[2013/05/29 09:11:08] [articles_controller.rb: 1576]
word=発電
File size=18396------------------------=[end]

[begin]------------------------=
[2013/05/29 09:11:08] [articles_controller.rb: 1576]
word=火力
File size=18546------------------------=[end]

[begin]------------------------=
[2013/05/29 09:11:08] [articles_controller.rb: 1576]
word=証券
File size=18696------------------------=[end]

[begin]------------------------=
[2013/05/29 09:11:08] [articles_controller.rb: 1576]
word=相場
File size=18846------------------------=[end]

[begin]------------------------=
[2013/05/29 09:11:08] [articles_controller.rb: 1576]
word=円
File size=18996------------------------=[end]

[begin]------------------------=
[2013/05/29 09:11:08] [articles_controller.rb: 1576]
word=日経平均
File size=19143------------------------=[end]

[begin]------------------------=
[2013/05/29 09:11:08] [articles_controller.rb: 1576]
word=ＥＵＲＩＢＯＲ
File size=19299------------------------=[end]

[begin]------------------------=
[2013/05/29 09:11:08] [articles_controller.rb: 1576]
word=米国
File size=19464------------------------=[end]

[begin]------------------------=
[2013/05/29 09:11:08] [articles_controller.rb: 1576]
word=米
File size=19614------------------------=[end]

[begin]------------------------=
[2013/05/29 09:11:08] [articles_controller.rb: 1576]
word=アメリカ
File size=19761------------------------=[end]

[begin]------------------------=
[2013/05/29 09:11:08] [articles_controller.rb: 1576]
word=中国
File size=19917------------------------=[end]

