[begin]------------------------=
[2013/05/29 08:49:38] [articles_controller.rb: 1576]
word=韓
File size=0------------------------=[end]

[begin]------------------------=
[2013/05/29 08:49:38] [articles_controller.rb: 1576]
word=朝鮮
File size=143------------------------=[end]

[begin]------------------------=
[2013/05/29 08:49:38] [articles_controller.rb: 1576]
word=サムスン
File size=291------------------------=[end]

[begin]------------------------=
[2013/05/29 08:49:38] [articles_controller.rb: 1576]
word=現代
File size=445------------------------=[end]

[begin]------------------------=
[2013/05/29 08:49:38] [articles_controller.rb: 1576]
word=イラン
File size=593------------------------=[end]

[begin]------------------------=
[2013/05/29 08:49:38] [articles_controller.rb: 1576]
word=シリア
File size=744------------------------=[end]

[begin]------------------------=
[2013/05/29 08:49:38] [articles_controller.rb: 1576]
word=イラク
File size=895------------------------=[end]

[begin]------------------------=
[2013/05/29 08:49:38] [articles_controller.rb: 1576]
word=自動車
File size=1046------------------------=[end]

[begin]------------------------=
[2013/05/29 08:49:38] [articles_controller.rb: 1576]
word=乗用車
File size=1198------------------------=[end]

[begin]------------------------=
[2013/05/29 08:49:38] [articles_controller.rb: 1576]
word=日産
File size=1350------------------------=[end]

[begin]------------------------=
[2013/05/29 08:49:38] [articles_controller.rb: 1576]
word=日野
File size=1499------------------------=[end]

[begin]------------------------=
[2013/05/29 08:49:38] [articles_controller.rb: 1576]
word=三菱自
File size=1648------------------------=[end]

[begin]------------------------=
[2013/05/29 08:49:38] [articles_controller.rb: 1576]
word=トヨタ
File size=1800------------------------=[end]

[begin]------------------------=
[2013/05/29 08:49:38] [articles_controller.rb: 1576]
word=ダイハツ
File size=1952------------------------=[end]

[begin]------------------------=
[2013/05/29 08:49:38] [articles_controller.rb: 1576]
word=ホンダ
File size=2107------------------------=[end]

[begin]------------------------=
[2013/05/29 08:49:38] [articles_controller.rb: 1576]
word=マツダ
File size=2259------------------------=[end]

[begin]------------------------=
[2013/05/29 08:49:38] [articles_controller.rb: 1576]
word=ＢＭＷ
File size=2411------------------------=[end]

[begin]------------------------=
[2013/05/29 08:49:38] [articles_controller.rb: 1576]
word=BMW
File size=2563------------------------=[end]

[begin]------------------------=
[2013/05/29 08:49:38] [articles_controller.rb: 1576]
word=ベンツ
File size=2709------------------------=[end]

[begin]------------------------=
[2013/05/29 08:49:38] [articles_controller.rb: 1576]
word=ソニー
File size=2861------------------------=[end]

[begin]------------------------=
[2013/05/29 08:49:38] [articles_controller.rb: 1576]
word=パナソニック
File size=3013------------------------=[end]

[begin]------------------------=
[2013/05/29 08:49:38] [articles_controller.rb: 1576]
word=松下
File size=3174------------------------=[end]

[begin]------------------------=
[2013/05/29 08:49:38] [articles_controller.rb: 1576]
word=シャープ
File size=3323------------------------=[end]

[begin]------------------------=
[2013/05/29 08:49:38] [articles_controller.rb: 1576]
word=東芝
File size=3478------------------------=[end]

[begin]------------------------=
[2013/05/29 08:49:38] [articles_controller.rb: 1576]
word=三菱電
File size=3627------------------------=[end]

[begin]------------------------=
[2013/05/29 08:49:38] [articles_controller.rb: 1576]
word=セイコー
File size=3779------------------------=[end]

[begin]------------------------=
[2013/05/29 08:49:38] [articles_controller.rb: 1576]
word=ガソリン
File size=3934------------------------=[end]

[begin]------------------------=
[2013/05/29 08:49:38] [articles_controller.rb: 1576]
word=ソーラー
File size=4089------------------------=[end]

[begin]------------------------=
[2013/05/29 08:49:38] [articles_controller.rb: 1576]
word=原油
File size=4244------------------------=[end]

[begin]------------------------=
[2013/05/29 08:49:38] [articles_controller.rb: 1576]
word=原発
File size=4393------------------------=[end]

[begin]------------------------=
[2013/05/29 08:49:38] [articles_controller.rb: 1576]
word=石油
File size=4542------------------------=[end]

[begin]------------------------=
[2013/05/29 08:49:38] [articles_controller.rb: 1576]
word=エネルギー
File size=4691------------------------=[end]

[begin]------------------------=
[2013/05/29 08:49:38] [articles_controller.rb: 1576]
word=発電
File size=4849------------------------=[end]

[begin]------------------------=
[2013/05/29 08:49:38] [articles_controller.rb: 1576]
word=火力
File size=4998------------------------=[end]

[begin]------------------------=
[2013/05/29 08:49:38] [articles_controller.rb: 1576]
word=証券
File size=5147------------------------=[end]

[begin]------------------------=
[2013/05/29 08:49:38] [articles_controller.rb: 1576]
word=相場
File size=5296------------------------=[end]

[begin]------------------------=
[2013/05/29 08:49:38] [articles_controller.rb: 1576]
word=円
File size=5445------------------------=[end]

[begin]------------------------=
[2013/05/29 08:49:38] [articles_controller.rb: 1576]
word=日経平均
File size=5591------------------------=[end]

[begin]------------------------=
[2013/05/29 08:49:38] [articles_controller.rb: 1576]
word=ＥＵＲＩＢＯＲ
File size=5746------------------------=[end]

[begin]------------------------=
[2013/05/29 08:49:39] [articles_controller.rb: 1576]
word=米国
File size=5910------------------------=[end]

[begin]------------------------=
[2013/05/29 08:49:39] [articles_controller.rb: 1576]
word=米
File size=6059------------------------=[end]

[begin]------------------------=
[2013/05/29 08:49:39] [articles_controller.rb: 1576]
word=アメリカ
File size=6205------------------------=[end]

[begin]------------------------=
[2013/05/29 08:49:39] [articles_controller.rb: 1576]
word=中国
File size=6360------------------------=[end]

[begin]------------------------=
[2013/05/29 08:49:39] [articles_controller.rb: 1576]
word=中
File size=6509------------------------=[end]

[begin]------------------------=
[2013/05/29 08:49:39] [articles_controller.rb: 1576]
word=ヨーロッパ
File size=6655------------------------=[end]

[begin]------------------------=
[2013/05/29 08:49:39] [articles_controller.rb: 1576]
word=欧州
File size=6813------------------------=[end]

[begin]------------------------=
[2013/05/29 08:49:39] [articles_controller.rb: 1576]
word=欧
File size=6962------------------------=[end]

[begin]------------------------=
[2013/05/29 08:49:39] [articles_controller.rb: 1576]
word=EURIBOR
File size=7108------------------------=[end]

[begin]------------------------=
[2013/05/29 08:49:39] [articles_controller.rb: 1576]
word=EURO
File size=7258------------------------=[end]

[begin]------------------------=
[2013/05/29 08:49:39] [articles_controller.rb: 1576]
word=ユーロ
File size=7405------------------------=[end]

[begin]------------------------=
[2013/05/29 08:49:39] [articles_controller.rb: 1576]
word=ロシア
File size=7557------------------------=[end]

[begin]------------------------=
[2013/05/29 08:49:39] [articles_controller.rb: 1576]
word=東欧
File size=7709------------------------=[end]

[begin]------------------------=
[2013/05/29 08:49:39] [articles_controller.rb: 1576]
word=ポーランド
File size=7858------------------------=[end]

[begin]------------------------=
[2013/05/29 08:49:39] [articles_controller.rb: 1576]
word=イギリス
File size=8016------------------------=[end]

[begin]------------------------=
[2013/05/29 08:49:39] [articles_controller.rb: 1576]
word=フランス
File size=8171------------------------=[end]

[begin]------------------------=
[2013/05/29 08:49:39] [articles_controller.rb: 1576]
word=ドイツ
File size=8326------------------------=[end]

[begin]------------------------=
[2013/05/29 08:49:39] [articles_controller.rb: 1576]
word=スペイン
File size=8478------------------------=[end]

[begin]------------------------=
[2013/05/29 08:49:39] [articles_controller.rb: 1576]
word=イタリア
File size=8633------------------------=[end]

[begin]------------------------=
[2013/05/29 08:49:39] [articles_controller.rb: 1576]
word=伊
File size=8788------------------------=[end]

[begin]------------------------=
[2013/05/29 08:49:39] [articles_controller.rb: 1576]
word=ポルトガル
File size=8934------------------------=[end]

[begin]------------------------=
[2013/05/29 08:49:39] [articles_controller.rb: 1576]
word=韓国
File size=9092------------------------=[end]

[begin]------------------------=
[2013/05/29 08:49:39] [articles_controller.rb: 1576]
word=韓
File size=9241------------------------=[end]

[begin]------------------------=
[2013/05/29 08:49:39] [articles_controller.rb: 1576]
word=朝鮮
File size=9387------------------------=[end]

[begin]------------------------=
[2013/05/29 08:49:39] [articles_controller.rb: 1576]
word=サムスン
File size=9536------------------------=[end]

[begin]------------------------=
[2013/05/29 08:49:39] [articles_controller.rb: 1576]
word=現代
File size=9691------------------------=[end]

[begin]------------------------=
[2013/05/29 08:49:39] [articles_controller.rb: 1576]
word=イラン
File size=9840------------------------=[end]

[begin]------------------------=
[2013/05/29 08:49:39] [articles_controller.rb: 1576]
word=シリア
File size=9992------------------------=[end]

[begin]------------------------=
[2013/05/29 08:49:39] [articles_controller.rb: 1576]
word=イラク
File size=10144------------------------=[end]

[begin]------------------------=
[2013/05/29 08:49:39] [articles_controller.rb: 1576]
word=自動車
File size=10297------------------------=[end]

[begin]------------------------=
[2013/05/29 08:49:39] [articles_controller.rb: 1576]
word=乗用車
File size=10450------------------------=[end]

[begin]------------------------=
[2013/05/29 08:49:39] [articles_controller.rb: 1576]
word=日産
File size=10603------------------------=[end]

[begin]------------------------=
[2013/05/29 08:49:39] [articles_controller.rb: 1576]
word=日野
File size=10753------------------------=[end]

[begin]------------------------=
[2013/05/29 08:49:39] [articles_controller.rb: 1576]
word=三菱自
File size=10903------------------------=[end]

[begin]------------------------=
[2013/05/29 08:49:39] [articles_controller.rb: 1576]
word=トヨタ
File size=11056------------------------=[end]

[begin]------------------------=
[2013/05/29 08:49:39] [articles_controller.rb: 1576]
word=ダイハツ
File size=11209------------------------=[end]

[begin]------------------------=
[2013/05/29 08:49:39] [articles_controller.rb: 1576]
word=ホンダ
File size=11365------------------------=[end]

[begin]------------------------=
[2013/05/29 08:49:39] [articles_controller.rb: 1576]
word=マツダ
File size=11518------------------------=[end]

[begin]------------------------=
[2013/05/29 08:49:39] [articles_controller.rb: 1576]
word=ＢＭＷ
File size=11671------------------------=[end]

[begin]------------------------=
[2013/05/29 08:49:39] [articles_controller.rb: 1576]
word=BMW
File size=11824------------------------=[end]

[begin]------------------------=
[2013/05/29 08:49:39] [articles_controller.rb: 1576]
word=ベンツ
File size=11971------------------------=[end]

[begin]------------------------=
[2013/05/29 08:49:39] [articles_controller.rb: 1576]
word=ソニー
File size=12124------------------------=[end]

[begin]------------------------=
[2013/05/29 08:49:39] [articles_controller.rb: 1576]
word=パナソニック
File size=12277------------------------=[end]

[begin]------------------------=
[2013/05/29 08:49:39] [articles_controller.rb: 1576]
word=松下
File size=12439------------------------=[end]

[begin]------------------------=
[2013/05/29 08:49:39] [articles_controller.rb: 1576]
word=シャープ
File size=12589------------------------=[end]

[begin]------------------------=
[2013/05/29 08:49:39] [articles_controller.rb: 1576]
word=東芝
File size=12745------------------------=[end]

[begin]------------------------=
[2013/05/29 08:49:39] [articles_controller.rb: 1576]
word=三菱電
File size=12895------------------------=[end]

[begin]------------------------=
[2013/05/29 08:49:39] [articles_controller.rb: 1576]
word=セイコー
File size=13048------------------------=[end]

[begin]------------------------=
[2013/05/29 08:49:39] [articles_controller.rb: 1576]
word=ガソリン
File size=13204------------------------=[end]

[begin]------------------------=
[2013/05/29 08:49:39] [articles_controller.rb: 1576]
word=ソーラー
File size=13360------------------------=[end]

[begin]------------------------=
[2013/05/29 08:49:39] [articles_controller.rb: 1576]
word=原油
File size=13516------------------------=[end]

[begin]------------------------=
[2013/05/29 08:49:39] [articles_controller.rb: 1576]
word=原発
File size=13666------------------------=[end]

[begin]------------------------=
[2013/05/29 08:49:39] [articles_controller.rb: 1576]
word=石油
File size=13816------------------------=[end]

[begin]------------------------=
[2013/05/29 08:49:39] [articles_controller.rb: 1576]
word=エネルギー
File size=13966------------------------=[end]

[begin]------------------------=
[2013/05/29 08:49:39] [articles_controller.rb: 1576]
word=発電
File size=14125------------------------=[end]

[begin]------------------------=
[2013/05/29 08:49:39] [articles_controller.rb: 1576]
word=火力
File size=14275------------------------=[end]

[begin]------------------------=
[2013/05/29 08:49:39] [articles_controller.rb: 1576]
word=証券
File size=14425------------------------=[end]

[begin]------------------------=
[2013/05/29 08:49:39] [articles_controller.rb: 1576]
word=相場
File size=14575------------------------=[end]

[begin]------------------------=
[2013/05/29 08:49:39] [articles_controller.rb: 1576]
word=円
File size=14725------------------------=[end]

[begin]------------------------=
[2013/05/29 08:49:39] [articles_controller.rb: 1576]
word=日経平均
File size=14872------------------------=[end]

[begin]------------------------=
[2013/05/29 08:49:39] [articles_controller.rb: 1576]
word=ＥＵＲＩＢＯＲ
File size=15028------------------------=[end]

[begin]------------------------=
[2013/05/29 08:49:39] [articles_controller.rb: 1576]
word=米国
File size=15193------------------------=[end]

[begin]------------------------=
[2013/05/29 08:49:39] [articles_controller.rb: 1576]
word=米
File size=15343------------------------=[end]

[begin]------------------------=
[2013/05/29 08:49:39] [articles_controller.rb: 1576]
word=アメリカ
File size=15490------------------------=[end]

[begin]------------------------=
[2013/05/29 08:49:39] [articles_controller.rb: 1576]
word=中国
File size=15646------------------------=[end]

[begin]------------------------=
[2013/05/29 08:49:39] [articles_controller.rb: 1576]
word=中
File size=15796------------------------=[end]

[begin]------------------------=
[2013/05/29 08:49:39] [articles_controller.rb: 1576]
word=米国
File size=15943------------------------=[end]

[begin]------------------------=
[2013/05/29 08:49:39] [articles_controller.rb: 1576]
word=米
File size=16093------------------------=[end]

[begin]------------------------=
[2013/05/29 08:49:39] [articles_controller.rb: 1576]
word=アメリカ
File size=16240------------------------=[end]

[begin]------------------------=
[2013/05/29 08:49:39] [articles_controller.rb: 1576]
word=中国
File size=16396------------------------=[end]

[begin]------------------------=
[2013/05/29 08:49:39] [articles_controller.rb: 1576]
word=中
File size=16546------------------------=[end]

[begin]------------------------=
[2013/05/29 08:49:39] [articles_controller.rb: 1576]
word=ヨーロッパ
File size=16693------------------------=[end]

[begin]------------------------=
[2013/05/29 08:49:39] [articles_controller.rb: 1576]
word=欧州
File size=16852------------------------=[end]

[begin]------------------------=
[2013/05/29 08:49:39] [articles_controller.rb: 1576]
word=欧
File size=17002------------------------=[end]

[begin]------------------------=
[2013/05/29 08:49:39] [articles_controller.rb: 1576]
word=EURIBOR
File size=17149------------------------=[end]

[begin]------------------------=
[2013/05/29 08:49:39] [articles_controller.rb: 1576]
word=EURO
File size=17300------------------------=[end]

[begin]------------------------=
[2013/05/29 08:49:39] [articles_controller.rb: 1576]
word=ユーロ
File size=17448------------------------=[end]

[begin]------------------------=
[2013/05/29 08:49:39] [articles_controller.rb: 1576]
word=ロシア
File size=17601------------------------=[end]

[begin]------------------------=
[2013/05/29 08:49:39] [articles_controller.rb: 1576]
word=東欧
File size=17754------------------------=[end]

[begin]------------------------=
[2013/05/29 08:49:39] [articles_controller.rb: 1576]
word=ポーランド
File size=17904------------------------=[end]

[begin]------------------------=
[2013/05/29 08:49:39] [articles_controller.rb: 1576]
word=イギリス
File size=18063------------------------=[end]

[begin]------------------------=
[2013/05/29 08:49:39] [articles_controller.rb: 1576]
word=フランス
File size=18219------------------------=[end]

[begin]------------------------=
[2013/05/29 08:49:39] [articles_controller.rb: 1576]
word=ドイツ
File size=18375------------------------=[end]

[begin]------------------------=
[2013/05/29 08:49:39] [articles_controller.rb: 1576]
word=スペイン
File size=18528------------------------=[end]

[begin]------------------------=
[2013/05/29 08:49:39] [articles_controller.rb: 1576]
word=イタリア
File size=18684------------------------=[end]

[begin]------------------------=
[2013/05/29 08:49:39] [articles_controller.rb: 1576]
word=伊
File size=18840------------------------=[end]

[begin]------------------------=
[2013/05/29 08:49:39] [articles_controller.rb: 1576]
word=ポルトガル
File size=18987------------------------=[end]

[begin]------------------------=
[2013/05/29 08:49:39] [articles_controller.rb: 1576]
word=韓国
File size=19146------------------------=[end]

[begin]------------------------=
[2013/05/29 08:49:39] [articles_controller.rb: 1576]
word=韓
File size=19296------------------------=[end]

[begin]------------------------=
[2013/05/29 08:49:39] [articles_controller.rb: 1576]
word=朝鮮
File size=19443------------------------=[end]

[begin]------------------------=
[2013/05/29 08:49:39] [articles_controller.rb: 1576]
word=サムスン
File size=19593------------------------=[end]

[begin]------------------------=
[2013/05/29 08:49:39] [articles_controller.rb: 1576]
word=現代
File size=19749------------------------=[end]

[begin]------------------------=
[2013/05/29 08:49:39] [articles_controller.rb: 1576]
word=イラン
File size=19899------------------------=[end]

