[begin]------------------------=
[2013/05/29 09:13:56] [articles_controller.rb: 1668]
kw=米国
File size=0------------------------=[end]

[begin]------------------------=
[2013/05/29 09:13:56] [articles_controller.rb: 1668]
kw=米国
File size=144------------------------=[end]

[begin]------------------------=
[2013/05/29 09:13:56] [articles_controller.rb: 1668]
kw=米国
File size=290------------------------=[end]

[begin]------------------------=
[2013/05/29 09:13:56] [articles_controller.rb: 1668]
kw=米国
File size=436------------------------=[end]

[begin]------------------------=
[2013/05/29 09:13:56] [articles_controller.rb: 1668]
kw=米国
File size=582------------------------=[end]

[begin]------------------------=
[2013/05/29 09:13:56] [articles_controller.rb: 1668]
kw=米国
File size=728------------------------=[end]

[begin]------------------------=
[2013/05/29 09:13:56] [articles_controller.rb: 1668]
kw=米国
File size=874------------------------=[end]

[begin]------------------------=
[2013/05/29 09:13:56] [articles_controller.rb: 1668]
kw=米国
File size=1020------------------------=[end]

[begin]------------------------=
[2013/05/29 09:13:56] [articles_controller.rb: 1668]
kw=米国
File size=1167------------------------=[end]

[begin]------------------------=
[2013/05/29 09:13:56] [articles_controller.rb: 1668]
kw=米国
File size=1314------------------------=[end]

[begin]------------------------=
[2013/05/29 09:13:56] [articles_controller.rb: 1668]
kw=米国
File size=1461------------------------=[end]

[begin]------------------------=
[2013/05/29 09:13:56] [articles_controller.rb: 1668]
kw=米国
File size=1608------------------------=[end]

[begin]------------------------=
[2013/05/29 09:13:56] [articles_controller.rb: 1668]
kw=米国
File size=1755------------------------=[end]

[begin]------------------------=
[2013/05/29 09:13:56] [articles_controller.rb: 1668]
kw=米国
File size=1902------------------------=[end]

[begin]------------------------=
[2013/05/29 09:13:56] [articles_controller.rb: 1668]
kw=米国
File size=2049------------------------=[end]

[begin]------------------------=
[2013/05/29 09:13:56] [articles_controller.rb: 1668]
kw=米国
File size=2196------------------------=[end]

[begin]------------------------=
[2013/05/29 09:13:56] [articles_controller.rb: 1668]
kw=米国
File size=2343------------------------=[end]

[begin]------------------------=
[2013/05/29 09:13:56] [articles_controller.rb: 1668]
kw=米国
File size=2490------------------------=[end]

[begin]------------------------=
[2013/05/29 09:13:56] [articles_controller.rb: 1668]
kw=米国
File size=2637------------------------=[end]

[begin]------------------------=
[2013/05/29 09:13:56] [articles_controller.rb: 1668]
kw=米国
File size=2784------------------------=[end]

[begin]------------------------=
[2013/05/29 09:13:56] [articles_controller.rb: 1668]
kw=米国
File size=2931------------------------=[end]

[begin]------------------------=
[2013/05/29 09:13:56] [articles_controller.rb: 1668]
kw=米国
File size=3078------------------------=[end]

[begin]------------------------=
[2013/05/29 09:13:56] [articles_controller.rb: 1668]
kw=米国
File size=3225------------------------=[end]

[begin]------------------------=
[2013/05/29 09:13:56] [articles_controller.rb: 1668]
kw=米国
File size=3372------------------------=[end]

[begin]------------------------=
[2013/05/29 09:13:56] [articles_controller.rb: 1668]
kw=米国
File size=3519------------------------=[end]

[begin]------------------------=
[2013/05/29 09:13:56] [articles_controller.rb: 1668]
kw=米国
File size=3666------------------------=[end]

[begin]------------------------=
[2013/05/29 09:13:56] [articles_controller.rb: 1668]
kw=米国
File size=3813------------------------=[end]

[begin]------------------------=
[2013/05/29 09:13:56] [articles_controller.rb: 1668]
kw=米国
File size=3960------------------------=[end]

[begin]------------------------=
[2013/05/29 09:13:56] [articles_controller.rb: 1668]
kw=米国
File size=4107------------------------=[end]

[begin]------------------------=
[2013/05/29 09:13:56] [articles_controller.rb: 1668]
kw=米国
File size=4254------------------------=[end]

[begin]------------------------=
[2013/05/29 09:13:56] [articles_controller.rb: 1668]
kw=米国
File size=4401------------------------=[end]

[begin]------------------------=
[2013/05/29 09:13:56] [articles_controller.rb: 1668]
kw=米国
File size=4548------------------------=[end]

[begin]------------------------=
[2013/05/29 09:13:56] [articles_controller.rb: 1668]
kw=米国
File size=4695------------------------=[end]

[begin]------------------------=
[2013/05/29 09:13:56] [articles_controller.rb: 1668]
kw=米国
File size=4842------------------------=[end]

[begin]------------------------=
[2013/05/29 09:13:56] [articles_controller.rb: 1668]
kw=米国
File size=4989------------------------=[end]

[begin]------------------------=
[2013/05/29 09:13:56] [articles_controller.rb: 1668]
kw=米国
File size=5136------------------------=[end]

[begin]------------------------=
[2013/05/29 09:13:56] [articles_controller.rb: 1668]
kw=米国
File size=5283------------------------=[end]

[begin]------------------------=
[2013/05/29 09:13:56] [articles_controller.rb: 1668]
kw=米国
File size=5430------------------------=[end]

[begin]------------------------=
[2013/05/29 09:13:56] [articles_controller.rb: 1668]
kw=米国
File size=5577------------------------=[end]

[begin]------------------------=
[2013/05/29 09:13:56] [articles_controller.rb: 1668]
kw=米国
File size=5724------------------------=[end]

[begin]------------------------=
[2013/05/29 09:13:56] [articles_controller.rb: 1668]
kw=米国
File size=5871------------------------=[end]

[begin]------------------------=
[2013/05/29 09:13:56] [articles_controller.rb: 1668]
kw=米国
File size=6018------------------------=[end]

[begin]------------------------=
[2013/05/29 09:13:56] [articles_controller.rb: 1668]
kw=米国
File size=6165------------------------=[end]

[begin]------------------------=
[2013/05/29 09:13:56] [articles_controller.rb: 1668]
kw=米国
File size=6312------------------------=[end]

[begin]------------------------=
[2013/05/29 09:13:56] [articles_controller.rb: 1668]
kw=米国
File size=6459------------------------=[end]

[begin]------------------------=
[2013/05/29 09:13:56] [articles_controller.rb: 1668]
kw=米国
File size=6606------------------------=[end]

[begin]------------------------=
[2013/05/29 09:13:56] [articles_controller.rb: 1668]
kw=米国
File size=6753------------------------=[end]

[begin]------------------------=
[2013/05/29 09:13:56] [articles_controller.rb: 1668]
kw=米国
File size=6900------------------------=[end]

[begin]------------------------=
[2013/05/29 09:13:56] [articles_controller.rb: 1668]
kw=米国
File size=7047------------------------=[end]

[begin]------------------------=
[2013/05/29 09:13:56] [articles_controller.rb: 1668]
kw=米国
File size=7194------------------------=[end]

[begin]------------------------=
[2013/05/29 09:13:56] [articles_controller.rb: 1668]
kw=米国
File size=7341------------------------=[end]

[begin]------------------------=
[2013/05/29 09:13:56] [articles_controller.rb: 1668]
kw=米国
File size=7488------------------------=[end]

[begin]------------------------=
[2013/05/29 09:13:56] [articles_controller.rb: 1668]
kw=米国
File size=7635------------------------=[end]

[begin]------------------------=
[2013/05/29 09:13:56] [articles_controller.rb: 1668]
kw=米国
File size=7782------------------------=[end]

[begin]------------------------=
[2013/05/29 09:13:56] [articles_controller.rb: 1668]
kw=米国
File size=7929------------------------=[end]

[begin]------------------------=
[2013/05/29 09:13:56] [articles_controller.rb: 1668]
kw=米国
File size=8076------------------------=[end]

[begin]------------------------=
[2013/05/29 09:13:56] [articles_controller.rb: 1668]
kw=米国
File size=8223------------------------=[end]

[begin]------------------------=
[2013/05/29 09:13:56] [articles_controller.rb: 1668]
kw=米国
File size=8370------------------------=[end]

[begin]------------------------=
[2013/05/29 09:13:56] [articles_controller.rb: 1668]
kw=米国
File size=8517------------------------=[end]

[begin]------------------------=
[2013/05/29 09:13:56] [articles_controller.rb: 1668]
kw=米国
File size=8664------------------------=[end]

[begin]------------------------=
[2013/05/29 09:13:56] [articles_controller.rb: 1668]
kw=米国
File size=8811------------------------=[end]

[begin]------------------------=
[2013/05/29 09:13:56] [articles_controller.rb: 1668]
kw=米国
File size=8958------------------------=[end]

[begin]------------------------=
[2013/05/29 09:13:56] [articles_controller.rb: 1668]
kw=米国
File size=9105------------------------=[end]

[begin]------------------------=
[2013/05/29 09:13:56] [articles_controller.rb: 1668]
kw=米国
File size=9252------------------------=[end]

[begin]------------------------=
[2013/05/29 09:13:56] [articles_controller.rb: 1668]
kw=米国
File size=9399------------------------=[end]

[begin]------------------------=
[2013/05/29 09:13:56] [articles_controller.rb: 1668]
kw=米国
File size=9546------------------------=[end]

[begin]------------------------=
[2013/05/29 09:13:56] [articles_controller.rb: 1668]
kw=米国
File size=9693------------------------=[end]

[begin]------------------------=
[2013/05/29 09:13:56] [articles_controller.rb: 1668]
kw=米国
File size=9840------------------------=[end]

[begin]------------------------=
[2013/05/29 09:13:56] [articles_controller.rb: 1668]
kw=米国
File size=9987------------------------=[end]

[begin]------------------------=
[2013/05/29 09:13:56] [articles_controller.rb: 1668]
kw=米国
File size=10134------------------------=[end]

[begin]------------------------=
[2013/05/29 09:13:56] [articles_controller.rb: 1668]
kw=米国
File size=10282------------------------=[end]

[begin]------------------------=
[2013/05/29 09:39:07] [articles_controller.rb: 1368]

number=3
File size=10430------------------------=[end]

[begin]------------------------=
[2013/05/29 09:39:07] [C:/WORKS/WS/WS_Android~/NewsReader3/app/controllers/articles_controller.rb: 1388]
soci
File size=10579------------------------=[end]

[begin]------------------------=
[2013/05/29 09:39:07] [articles_controller.rb: 39]
genre=soci
File size=10774------------------------=[end]

[begin]------------------------=
[2013/05/29 09:39:08] [articles_controller.rb: 492]
vendor_list.size=0/a_tags_href.size=75
File size=10921------------------------=[end]

[begin]------------------------=
[2013/05/29 09:39:08] [articles_controller.rb: 1713]


categorize_new3_soci(a_tags)----------------------
File size=11097------------------------=[end]

[begin]------------------------=
[2013/05/29 09:39:12] [articles_controller.rb: 1368]

number=3
File size=11290------------------------=[end]

[begin]------------------------=
[2013/05/29 09:39:12] [C:/WORKS/WS/WS_Android~/NewsReader3/app/controllers/articles_controller.rb: 1388]
int
File size=11439------------------------=[end]

[begin]------------------------=
[2013/05/29 09:39:12] [articles_controller.rb: 39]
genre=int
File size=11633------------------------=[end]

[begin]------------------------=
[2013/05/29 09:39:12] [articles_controller.rb: 140]
genre.name =>Overseas
File size=11779------------------------=[end]

[begin]------------------------=
[2013/05/29 09:39:12] [articles_controller.rb: 150]
genre != nil => Overseas
File size=11938------------------------=[end]

[begin]------------------------=
[2013/05/29 09:39:12] [articles_controller.rb: 159]
categories.size=1
File size=12100------------------------=[end]

[begin]------------------------=
[2013/05/29 09:39:12] [articles_controller.rb: 204]
category_names.size=2
File size=12255------------------------=[end]

[begin]------------------------=
[2013/05/29 09:39:12] [articles_controller.rb: 78]
@category_names.size=2
File size=12414------------------------=[end]

[begin]------------------------=
[2013/05/29 09:39:12] [articles_controller.rb: 1298]
category.name=US
File size=12573------------------------=[end]

[begin]------------------------=
[2013/05/29 09:39:12] [articles_controller.rb: 1307]
kws.size=1
File size=12728------------------------=[end]

[begin]------------------------=
[2013/05/29 09:39:13] [articles_controller.rb: 492]
vendor_list.size=0/a_tags_href.size=75
File size=12877------------------------=[end]

[begin]------------------------=
[2013/05/29 09:39:47] [articles_controller.rb: 1368]

number=3
File size=13053------------------------=[end]

[begin]------------------------=
[2013/05/29 09:39:47] [C:/WORKS/WS/WS_Android~/NewsReader3/app/controllers/articles_controller.rb: 1388]
int
File size=13202------------------------=[end]

[begin]------------------------=
[2013/05/29 09:39:47] [articles_controller.rb: 39]
genre=int
File size=13396------------------------=[end]

[begin]------------------------=
[2013/05/29 09:39:47] [articles_controller.rb: 140]
genre.name =>Overseas
File size=13542------------------------=[end]

[begin]------------------------=
[2013/05/29 09:39:47] [articles_controller.rb: 150]
genre != nil => Overseas
File size=13701------------------------=[end]

[begin]------------------------=
[2013/05/29 09:39:47] [articles_controller.rb: 159]
categories.size=1
File size=13863------------------------=[end]

[begin]------------------------=
[2013/05/29 09:39:47] [articles_controller.rb: 204]
category_names.size=2
File size=14018------------------------=[end]

[begin]------------------------=
[2013/05/29 09:39:47] [articles_controller.rb: 78]
@category_names.size=2
File size=14177------------------------=[end]

[begin]------------------------=
[2013/05/29 09:39:47] [articles_controller.rb: 1298]
category.name=US
File size=14336------------------------=[end]

[begin]------------------------=
[2013/05/29 09:39:47] [articles_controller.rb: 1307]
kws.size=1
File size=14491------------------------=[end]

[begin]------------------------=
[2013/05/29 09:39:49] [articles_controller.rb: 492]
vendor_list.size=0/a_tags_href.size=75
File size=14640------------------------=[end]

[begin]------------------------=
[2013/05/29 09:39:49] [articles_controller.rb: 1650]
keywords.length=1
File size=14816------------------------=[end]

[begin]------------------------=
[2013/05/29 09:39:49] [articles_controller.rb: 1669]
kw=米国
File size=14972------------------------=[end]

[begin]------------------------=
[2013/05/29 09:39:49] [articles_controller.rb: 1669]
kw=米国
File size=15120------------------------=[end]

[begin]------------------------=
[2013/05/29 09:39:49] [articles_controller.rb: 1669]
kw=米国
File size=15268------------------------=[end]

[begin]------------------------=
[2013/05/29 09:39:49] [articles_controller.rb: 1669]
kw=米国
File size=15416------------------------=[end]

[begin]------------------------=
[2013/05/29 09:39:49] [articles_controller.rb: 1669]
kw=米国
File size=15564------------------------=[end]

[begin]------------------------=
[2013/05/29 09:39:49] [articles_controller.rb: 1669]
kw=米国
File size=15712------------------------=[end]

[begin]------------------------=
[2013/05/29 09:39:49] [articles_controller.rb: 1669]
kw=米国
File size=15860------------------------=[end]

[begin]------------------------=
[2013/05/29 09:39:49] [articles_controller.rb: 1669]
kw=米国
File size=16008------------------------=[end]

[begin]------------------------=
[2013/05/29 09:39:49] [articles_controller.rb: 1669]
kw=米国
File size=16156------------------------=[end]

[begin]------------------------=
[2013/05/29 09:39:49] [articles_controller.rb: 1669]
kw=米国
File size=16304------------------------=[end]

[begin]------------------------=
[2013/05/29 09:39:49] [articles_controller.rb: 1669]
kw=米国
File size=16452------------------------=[end]

[begin]------------------------=
[2013/05/29 09:39:49] [articles_controller.rb: 1669]
kw=米国
File size=16600------------------------=[end]

[begin]------------------------=
[2013/05/29 09:39:49] [articles_controller.rb: 1669]
kw=米国
File size=16748------------------------=[end]

[begin]------------------------=
[2013/05/29 09:39:49] [articles_controller.rb: 1669]
kw=米国
File size=16896------------------------=[end]

[begin]------------------------=
[2013/05/29 09:39:49] [articles_controller.rb: 1669]
kw=米国
File size=17044------------------------=[end]

[begin]------------------------=
[2013/05/29 09:39:49] [articles_controller.rb: 1669]
kw=米国
File size=17192------------------------=[end]

[begin]------------------------=
[2013/05/29 09:39:49] [articles_controller.rb: 1669]
kw=米国
File size=17340------------------------=[end]

[begin]------------------------=
[2013/05/29 09:39:49] [articles_controller.rb: 1669]
kw=米国
File size=17488------------------------=[end]

[begin]------------------------=
[2013/05/29 09:39:49] [articles_controller.rb: 1669]
kw=米国
File size=17636------------------------=[end]

[begin]------------------------=
[2013/05/29 09:39:49] [articles_controller.rb: 1669]
kw=米国
File size=17784------------------------=[end]

[begin]------------------------=
[2013/05/29 09:39:49] [articles_controller.rb: 1669]
kw=米国
File size=17932------------------------=[end]

[begin]------------------------=
[2013/05/29 09:39:49] [articles_controller.rb: 1669]
kw=米国
File size=18080------------------------=[end]

[begin]------------------------=
[2013/05/29 09:39:49] [articles_controller.rb: 1669]
kw=米国
File size=18228------------------------=[end]

[begin]------------------------=
[2013/05/29 09:39:49] [articles_controller.rb: 1669]
kw=米国
File size=18376------------------------=[end]

[begin]------------------------=
[2013/05/29 09:39:49] [articles_controller.rb: 1669]
kw=米国
File size=18524------------------------=[end]

[begin]------------------------=
[2013/05/29 09:39:49] [articles_controller.rb: 1669]
kw=米国
File size=18672------------------------=[end]

[begin]------------------------=
[2013/05/29 09:39:49] [articles_controller.rb: 1669]
kw=米国
File size=18820------------------------=[end]

[begin]------------------------=
[2013/05/29 09:39:49] [articles_controller.rb: 1669]
kw=米国
File size=18968------------------------=[end]

[begin]------------------------=
[2013/05/29 09:39:49] [articles_controller.rb: 1669]
kw=米国
File size=19116------------------------=[end]

[begin]------------------------=
[2013/05/29 09:39:49] [articles_controller.rb: 1669]
kw=米国
File size=19264------------------------=[end]

[begin]------------------------=
[2013/05/29 09:39:49] [articles_controller.rb: 1669]
kw=米国
File size=19412------------------------=[end]

[begin]------------------------=
[2013/05/29 09:39:49] [articles_controller.rb: 1669]
kw=米国
File size=19560------------------------=[end]

[begin]------------------------=
[2013/05/29 09:39:49] [articles_controller.rb: 1669]
kw=米国
File size=19708------------------------=[end]

[begin]------------------------=
[2013/05/29 09:39:49] [articles_controller.rb: 1669]
kw=米国
File size=19856------------------------=[end]

