[begin]------------------------=
[2013/05/29 09:11:03] [articles_controller.rb: 1576]
word=原発
File size=0------------------------=[end]

[begin]------------------------=
[2013/05/29 09:11:03] [articles_controller.rb: 1576]
word=石油
File size=146------------------------=[end]

[begin]------------------------=
[2013/05/29 09:11:03] [articles_controller.rb: 1576]
word=エネルギー
File size=294------------------------=[end]

[begin]------------------------=
[2013/05/29 09:11:03] [articles_controller.rb: 1576]
word=発電
File size=451------------------------=[end]

[begin]------------------------=
[2013/05/29 09:11:03] [articles_controller.rb: 1576]
word=火力
File size=599------------------------=[end]

[begin]------------------------=
[2013/05/29 09:11:03] [articles_controller.rb: 1576]
word=証券
File size=747------------------------=[end]

[begin]------------------------=
[2013/05/29 09:11:04] [articles_controller.rb: 1576]
word=相場
File size=895------------------------=[end]

[begin]------------------------=
[2013/05/29 09:11:04] [articles_controller.rb: 1576]
word=円
File size=1043------------------------=[end]

[begin]------------------------=
[2013/05/29 09:11:04] [articles_controller.rb: 1576]
word=日経平均
File size=1189------------------------=[end]

[begin]------------------------=
[2013/05/29 09:11:04] [articles_controller.rb: 1576]
word=ＥＵＲＩＢＯＲ
File size=1344------------------------=[end]

[begin]------------------------=
[2013/05/29 09:11:04] [articles_controller.rb: 1576]
word=米国
File size=1508------------------------=[end]

[begin]------------------------=
[2013/05/29 09:11:04] [articles_controller.rb: 1576]
word=米
File size=1657------------------------=[end]

[begin]------------------------=
[2013/05/29 09:11:04] [articles_controller.rb: 1576]
word=アメリカ
File size=1803------------------------=[end]

[begin]------------------------=
[2013/05/29 09:11:04] [articles_controller.rb: 1576]
word=中国
File size=1958------------------------=[end]

[begin]------------------------=
[2013/05/29 09:11:04] [articles_controller.rb: 1576]
word=中
File size=2107------------------------=[end]

[begin]------------------------=
[2013/05/29 09:11:04] [articles_controller.rb: 1576]
word=ヨーロッパ
File size=2253------------------------=[end]

[begin]------------------------=
[2013/05/29 09:11:04] [articles_controller.rb: 1576]
word=欧州
File size=2411------------------------=[end]

[begin]------------------------=
[2013/05/29 09:11:04] [articles_controller.rb: 1576]
word=欧
File size=2560------------------------=[end]

[begin]------------------------=
[2013/05/29 09:11:04] [articles_controller.rb: 1576]
word=EURIBOR
File size=2706------------------------=[end]

[begin]------------------------=
[2013/05/29 09:11:04] [articles_controller.rb: 1576]
word=EURO
File size=2856------------------------=[end]

[begin]------------------------=
[2013/05/29 09:11:04] [articles_controller.rb: 1576]
word=ユーロ
File size=3003------------------------=[end]

[begin]------------------------=
[2013/05/29 09:11:04] [articles_controller.rb: 1576]
word=ロシア
File size=3155------------------------=[end]

[begin]------------------------=
[2013/05/29 09:11:04] [articles_controller.rb: 1576]
word=東欧
File size=3307------------------------=[end]

[begin]------------------------=
[2013/05/29 09:11:04] [articles_controller.rb: 1576]
word=ポーランド
File size=3456------------------------=[end]

[begin]------------------------=
[2013/05/29 09:11:04] [articles_controller.rb: 1576]
word=イギリス
File size=3614------------------------=[end]

[begin]------------------------=
[2013/05/29 09:11:04] [articles_controller.rb: 1576]
word=フランス
File size=3769------------------------=[end]

[begin]------------------------=
[2013/05/29 09:11:04] [articles_controller.rb: 1576]
word=ドイツ
File size=3924------------------------=[end]

[begin]------------------------=
[2013/05/29 09:11:04] [articles_controller.rb: 1576]
word=スペイン
File size=4076------------------------=[end]

[begin]------------------------=
[2013/05/29 09:11:04] [articles_controller.rb: 1576]
word=イタリア
File size=4231------------------------=[end]

[begin]------------------------=
[2013/05/29 09:11:04] [articles_controller.rb: 1576]
word=伊
File size=4386------------------------=[end]

[begin]------------------------=
[2013/05/29 09:11:04] [articles_controller.rb: 1576]
word=ポルトガル
File size=4532------------------------=[end]

[begin]------------------------=
[2013/05/29 09:11:04] [articles_controller.rb: 1576]
word=韓国
File size=4690------------------------=[end]

[begin]------------------------=
[2013/05/29 09:11:04] [articles_controller.rb: 1576]
word=韓
File size=4839------------------------=[end]

[begin]------------------------=
[2013/05/29 09:11:04] [articles_controller.rb: 1576]
word=朝鮮
File size=4985------------------------=[end]

[begin]------------------------=
[2013/05/29 09:11:04] [articles_controller.rb: 1576]
word=サムスン
File size=5134------------------------=[end]

[begin]------------------------=
[2013/05/29 09:11:04] [articles_controller.rb: 1576]
word=現代
File size=5289------------------------=[end]

[begin]------------------------=
[2013/05/29 09:11:04] [articles_controller.rb: 1576]
word=イラン
File size=5438------------------------=[end]

[begin]------------------------=
[2013/05/29 09:11:04] [articles_controller.rb: 1576]
word=シリア
File size=5590------------------------=[end]

[begin]------------------------=
[2013/05/29 09:11:04] [articles_controller.rb: 1576]
word=イラク
File size=5742------------------------=[end]

[begin]------------------------=
[2013/05/29 09:11:04] [articles_controller.rb: 1576]
word=自動車
File size=5894------------------------=[end]

[begin]------------------------=
[2013/05/29 09:11:04] [articles_controller.rb: 1576]
word=乗用車
File size=6046------------------------=[end]

[begin]------------------------=
[2013/05/29 09:11:04] [articles_controller.rb: 1576]
word=日産
File size=6198------------------------=[end]

[begin]------------------------=
[2013/05/29 09:11:04] [articles_controller.rb: 1576]
word=日野
File size=6347------------------------=[end]

[begin]------------------------=
[2013/05/29 09:11:04] [articles_controller.rb: 1576]
word=三菱自
File size=6496------------------------=[end]

[begin]------------------------=
[2013/05/29 09:11:04] [articles_controller.rb: 1576]
word=トヨタ
File size=6648------------------------=[end]

[begin]------------------------=
[2013/05/29 09:11:04] [articles_controller.rb: 1576]
word=ダイハツ
File size=6800------------------------=[end]

[begin]------------------------=
[2013/05/29 09:11:04] [articles_controller.rb: 1576]
word=ホンダ
File size=6955------------------------=[end]

[begin]------------------------=
[2013/05/29 09:11:04] [articles_controller.rb: 1576]
word=マツダ
File size=7107------------------------=[end]

[begin]------------------------=
[2013/05/29 09:11:04] [articles_controller.rb: 1576]
word=ＢＭＷ
File size=7259------------------------=[end]

[begin]------------------------=
[2013/05/29 09:11:04] [articles_controller.rb: 1576]
word=BMW
File size=7411------------------------=[end]

[begin]------------------------=
[2013/05/29 09:11:04] [articles_controller.rb: 1576]
word=ベンツ
File size=7557------------------------=[end]

[begin]------------------------=
[2013/05/29 09:11:04] [articles_controller.rb: 1576]
word=ソニー
File size=7709------------------------=[end]

[begin]------------------------=
[2013/05/29 09:11:04] [articles_controller.rb: 1576]
word=パナソニック
File size=7861------------------------=[end]

[begin]------------------------=
[2013/05/29 09:11:04] [articles_controller.rb: 1576]
word=松下
File size=8022------------------------=[end]

[begin]------------------------=
[2013/05/29 09:11:04] [articles_controller.rb: 1576]
word=シャープ
File size=8171------------------------=[end]

[begin]------------------------=
[2013/05/29 09:11:04] [articles_controller.rb: 1576]
word=東芝
File size=8326------------------------=[end]

[begin]------------------------=
[2013/05/29 09:11:04] [articles_controller.rb: 1576]
word=三菱電
File size=8475------------------------=[end]

[begin]------------------------=
[2013/05/29 09:11:04] [articles_controller.rb: 1576]
word=セイコー
File size=8627------------------------=[end]

[begin]------------------------=
[2013/05/29 09:11:04] [articles_controller.rb: 1576]
word=ガソリン
File size=8782------------------------=[end]

[begin]------------------------=
[2013/05/29 09:11:04] [articles_controller.rb: 1576]
word=ソーラー
File size=8937------------------------=[end]

[begin]------------------------=
[2013/05/29 09:11:04] [articles_controller.rb: 1576]
word=原油
File size=9092------------------------=[end]

[begin]------------------------=
[2013/05/29 09:11:04] [articles_controller.rb: 1576]
word=原発
File size=9241------------------------=[end]

[begin]------------------------=
[2013/05/29 09:11:04] [articles_controller.rb: 1576]
word=石油
File size=9390------------------------=[end]

[begin]------------------------=
[2013/05/29 09:11:04] [articles_controller.rb: 1576]
word=エネルギー
File size=9539------------------------=[end]

[begin]------------------------=
[2013/05/29 09:11:04] [articles_controller.rb: 1576]
word=発電
File size=9697------------------------=[end]

[begin]------------------------=
[2013/05/29 09:11:04] [articles_controller.rb: 1576]
word=火力
File size=9846------------------------=[end]

[begin]------------------------=
[2013/05/29 09:11:04] [articles_controller.rb: 1576]
word=証券
File size=9995------------------------=[end]

[begin]------------------------=
[2013/05/29 09:11:04] [articles_controller.rb: 1576]
word=相場
File size=10144------------------------=[end]

[begin]------------------------=
[2013/05/29 09:11:04] [articles_controller.rb: 1576]
word=円
File size=10294------------------------=[end]

[begin]------------------------=
[2013/05/29 09:11:04] [articles_controller.rb: 1576]
word=日経平均
File size=10441------------------------=[end]

[begin]------------------------=
[2013/05/29 09:11:04] [articles_controller.rb: 1576]
word=ＥＵＲＩＢＯＲ
File size=10597------------------------=[end]

[begin]------------------------=
[2013/05/29 09:11:04] [articles_controller.rb: 1576]
word=米国
File size=10762------------------------=[end]

[begin]------------------------=
[2013/05/29 09:11:04] [articles_controller.rb: 1576]
word=米
File size=10912------------------------=[end]

[begin]------------------------=
[2013/05/29 09:11:04] [articles_controller.rb: 1576]
word=アメリカ
File size=11059------------------------=[end]

[begin]------------------------=
[2013/05/29 09:11:04] [articles_controller.rb: 1576]
word=中国
File size=11215------------------------=[end]

[begin]------------------------=
[2013/05/29 09:11:04] [articles_controller.rb: 1576]
word=中
File size=11365------------------------=[end]

[begin]------------------------=
[2013/05/29 09:11:04] [articles_controller.rb: 1576]
word=ヨーロッパ
File size=11512------------------------=[end]

[begin]------------------------=
[2013/05/29 09:11:04] [articles_controller.rb: 1576]
word=欧州
File size=11671------------------------=[end]

[begin]------------------------=
[2013/05/29 09:11:04] [articles_controller.rb: 1576]
word=欧
File size=11821------------------------=[end]

[begin]------------------------=
[2013/05/29 09:11:04] [articles_controller.rb: 1576]
word=EURIBOR
File size=11968------------------------=[end]

[begin]------------------------=
[2013/05/29 09:11:04] [articles_controller.rb: 1576]
word=EURO
File size=12119------------------------=[end]

[begin]------------------------=
[2013/05/29 09:11:04] [articles_controller.rb: 1576]
word=ユーロ
File size=12267------------------------=[end]

[begin]------------------------=
[2013/05/29 09:11:04] [articles_controller.rb: 1576]
word=ロシア
File size=12420------------------------=[end]

[begin]------------------------=
[2013/05/29 09:11:04] [articles_controller.rb: 1576]
word=東欧
File size=12573------------------------=[end]

[begin]------------------------=
[2013/05/29 09:11:04] [articles_controller.rb: 1576]
word=ポーランド
File size=12723------------------------=[end]

[begin]------------------------=
[2013/05/29 09:11:04] [articles_controller.rb: 1576]
word=イギリス
File size=12882------------------------=[end]

[begin]------------------------=
[2013/05/29 09:11:04] [articles_controller.rb: 1576]
word=フランス
File size=13038------------------------=[end]

[begin]------------------------=
[2013/05/29 09:11:04] [articles_controller.rb: 1576]
word=ドイツ
File size=13194------------------------=[end]

[begin]------------------------=
[2013/05/29 09:11:04] [articles_controller.rb: 1576]
word=スペイン
File size=13347------------------------=[end]

[begin]------------------------=
[2013/05/29 09:11:04] [articles_controller.rb: 1576]
word=イタリア
File size=13503------------------------=[end]

[begin]------------------------=
[2013/05/29 09:11:04] [articles_controller.rb: 1576]
word=伊
File size=13659------------------------=[end]

[begin]------------------------=
[2013/05/29 09:11:04] [articles_controller.rb: 1576]
word=ポルトガル
File size=13806------------------------=[end]

[begin]------------------------=
[2013/05/29 09:11:04] [articles_controller.rb: 1576]
word=韓国
File size=13965------------------------=[end]

[begin]------------------------=
[2013/05/29 09:11:04] [articles_controller.rb: 1576]
word=韓
File size=14115------------------------=[end]

[begin]------------------------=
[2013/05/29 09:11:04] [articles_controller.rb: 1576]
word=朝鮮
File size=14262------------------------=[end]

[begin]------------------------=
[2013/05/29 09:11:04] [articles_controller.rb: 1576]
word=サムスン
File size=14412------------------------=[end]

[begin]------------------------=
[2013/05/29 09:11:04] [articles_controller.rb: 1576]
word=現代
File size=14568------------------------=[end]

[begin]------------------------=
[2013/05/29 09:11:04] [articles_controller.rb: 1576]
word=イラン
File size=14718------------------------=[end]

[begin]------------------------=
[2013/05/29 09:11:04] [articles_controller.rb: 1576]
word=シリア
File size=14871------------------------=[end]

[begin]------------------------=
[2013/05/29 09:11:04] [articles_controller.rb: 1576]
word=イラク
File size=15024------------------------=[end]

[begin]------------------------=
[2013/05/29 09:11:04] [articles_controller.rb: 1576]
word=自動車
File size=15177------------------------=[end]

[begin]------------------------=
[2013/05/29 09:11:04] [articles_controller.rb: 1576]
word=乗用車
File size=15330------------------------=[end]

[begin]------------------------=
[2013/05/29 09:11:04] [articles_controller.rb: 1576]
word=日産
File size=15483------------------------=[end]

[begin]------------------------=
[2013/05/29 09:11:04] [articles_controller.rb: 1576]
word=日野
File size=15633------------------------=[end]

[begin]------------------------=
[2013/05/29 09:11:04] [articles_controller.rb: 1576]
word=三菱自
File size=15783------------------------=[end]

[begin]------------------------=
[2013/05/29 09:11:04] [articles_controller.rb: 1576]
word=トヨタ
File size=15936------------------------=[end]

[begin]------------------------=
[2013/05/29 09:11:04] [articles_controller.rb: 1576]
word=ダイハツ
File size=16089------------------------=[end]

[begin]------------------------=
[2013/05/29 09:11:04] [articles_controller.rb: 1576]
word=ホンダ
File size=16245------------------------=[end]

[begin]------------------------=
[2013/05/29 09:11:04] [articles_controller.rb: 1576]
word=マツダ
File size=16398------------------------=[end]

[begin]------------------------=
[2013/05/29 09:11:04] [articles_controller.rb: 1576]
word=ＢＭＷ
File size=16551------------------------=[end]

[begin]------------------------=
[2013/05/29 09:11:04] [articles_controller.rb: 1576]
word=BMW
File size=16704------------------------=[end]

[begin]------------------------=
[2013/05/29 09:11:04] [articles_controller.rb: 1576]
word=ベンツ
File size=16851------------------------=[end]

[begin]------------------------=
[2013/05/29 09:11:04] [articles_controller.rb: 1576]
word=ソニー
File size=17004------------------------=[end]

[begin]------------------------=
[2013/05/29 09:11:04] [articles_controller.rb: 1576]
word=パナソニック
File size=17157------------------------=[end]

[begin]------------------------=
[2013/05/29 09:11:04] [articles_controller.rb: 1576]
word=松下
File size=17319------------------------=[end]

[begin]------------------------=
[2013/05/29 09:11:04] [articles_controller.rb: 1576]
word=シャープ
File size=17469------------------------=[end]

[begin]------------------------=
[2013/05/29 09:11:04] [articles_controller.rb: 1576]
word=東芝
File size=17625------------------------=[end]

[begin]------------------------=
[2013/05/29 09:11:04] [articles_controller.rb: 1576]
word=三菱電
File size=17775------------------------=[end]

[begin]------------------------=
[2013/05/29 09:11:04] [articles_controller.rb: 1576]
word=セイコー
File size=17928------------------------=[end]

[begin]------------------------=
[2013/05/29 09:11:04] [articles_controller.rb: 1576]
word=ガソリン
File size=18084------------------------=[end]

[begin]------------------------=
[2013/05/29 09:11:04] [articles_controller.rb: 1576]
word=ソーラー
File size=18240------------------------=[end]

[begin]------------------------=
[2013/05/29 09:11:04] [articles_controller.rb: 1576]
word=原油
File size=18396------------------------=[end]

[begin]------------------------=
[2013/05/29 09:11:04] [articles_controller.rb: 1576]
word=原発
File size=18546------------------------=[end]

[begin]------------------------=
[2013/05/29 09:11:04] [articles_controller.rb: 1576]
word=石油
File size=18696------------------------=[end]

[begin]------------------------=
[2013/05/29 09:11:04] [articles_controller.rb: 1576]
word=エネルギー
File size=18846------------------------=[end]

[begin]------------------------=
[2013/05/29 09:11:04] [articles_controller.rb: 1576]
word=発電
File size=19005------------------------=[end]

[begin]------------------------=
[2013/05/29 09:11:04] [articles_controller.rb: 1576]
word=火力
File size=19155------------------------=[end]

[begin]------------------------=
[2013/05/29 09:11:04] [articles_controller.rb: 1576]
word=証券
File size=19305------------------------=[end]

[begin]------------------------=
[2013/05/29 09:11:04] [articles_controller.rb: 1576]
word=相場
File size=19455------------------------=[end]

[begin]------------------------=
[2013/05/29 09:11:04] [articles_controller.rb: 1576]
word=円
File size=19605------------------------=[end]

[begin]------------------------=
[2013/05/29 09:11:04] [articles_controller.rb: 1576]
word=日経平均
File size=19752------------------------=[end]

[begin]------------------------=
[2013/05/29 09:11:04] [articles_controller.rb: 1576]
word=ＥＵＲＩＢＯＲ
File size=19908------------------------=[end]

