[begin]------------------------=
[2013/05/29 08:22:22] [articles_controller.rb: 1576]
word=東欧
File size=0------------------------=[end]

[begin]------------------------=
[2013/05/29 08:22:22] [articles_controller.rb: 1576]
word=ポーランド
File size=146------------------------=[end]

[begin]------------------------=
[2013/05/29 08:22:22] [articles_controller.rb: 1576]
word=イギリス
File size=303------------------------=[end]

[begin]------------------------=
[2013/05/29 08:22:22] [articles_controller.rb: 1576]
word=フランス
File size=457------------------------=[end]

[begin]------------------------=
[2013/05/29 08:22:22] [articles_controller.rb: 1576]
word=ドイツ
File size=611------------------------=[end]

[begin]------------------------=
[2013/05/29 08:22:22] [articles_controller.rb: 1576]
word=スペイン
File size=762------------------------=[end]

[begin]------------------------=
[2013/05/29 08:22:22] [articles_controller.rb: 1576]
word=イタリア
File size=916------------------------=[end]

[begin]------------------------=
[2013/05/29 08:22:22] [articles_controller.rb: 1576]
word=伊
File size=1070------------------------=[end]

[begin]------------------------=
[2013/05/29 08:22:22] [articles_controller.rb: 1576]
word=ポルトガル
File size=1216------------------------=[end]

[begin]------------------------=
[2013/05/29 08:22:22] [articles_controller.rb: 1576]
word=韓国
File size=1374------------------------=[end]

[begin]------------------------=
[2013/05/29 08:22:22] [articles_controller.rb: 1576]
word=韓
File size=1523------------------------=[end]

[begin]------------------------=
[2013/05/29 08:22:22] [articles_controller.rb: 1576]
word=朝鮮
File size=1669------------------------=[end]

[begin]------------------------=
[2013/05/29 08:22:22] [articles_controller.rb: 1576]
word=サムスン
File size=1818------------------------=[end]

[begin]------------------------=
[2013/05/29 08:22:22] [articles_controller.rb: 1576]
word=現代
File size=1973------------------------=[end]

[begin]------------------------=
[2013/05/29 08:22:22] [articles_controller.rb: 1576]
word=イラン
File size=2122------------------------=[end]

[begin]------------------------=
[2013/05/29 08:22:22] [articles_controller.rb: 1576]
word=シリア
File size=2274------------------------=[end]

[begin]------------------------=
[2013/05/29 08:22:22] [articles_controller.rb: 1576]
word=イラク
File size=2426------------------------=[end]

[begin]------------------------=
[2013/05/29 08:22:22] [articles_controller.rb: 1576]
word=自動車
File size=2578------------------------=[end]

[begin]------------------------=
[2013/05/29 08:22:22] [articles_controller.rb: 1576]
word=乗用車
File size=2730------------------------=[end]

[begin]------------------------=
[2013/05/29 08:22:22] [articles_controller.rb: 1576]
word=日産
File size=2882------------------------=[end]

[begin]------------------------=
[2013/05/29 08:22:22] [articles_controller.rb: 1576]
word=日野
File size=3031------------------------=[end]

[begin]------------------------=
[2013/05/29 08:22:22] [articles_controller.rb: 1576]
word=三菱自
File size=3180------------------------=[end]

[begin]------------------------=
[2013/05/29 08:22:22] [articles_controller.rb: 1576]
word=トヨタ
File size=3332------------------------=[end]

[begin]------------------------=
[2013/05/29 08:22:22] [articles_controller.rb: 1576]
word=ダイハツ
File size=3484------------------------=[end]

[begin]------------------------=
[2013/05/29 08:22:22] [articles_controller.rb: 1576]
word=ホンダ
File size=3639------------------------=[end]

[begin]------------------------=
[2013/05/29 08:22:22] [articles_controller.rb: 1576]
word=マツダ
File size=3791------------------------=[end]

[begin]------------------------=
[2013/05/29 08:22:22] [articles_controller.rb: 1576]
word=ＢＭＷ
File size=3943------------------------=[end]

[begin]------------------------=
[2013/05/29 08:22:22] [articles_controller.rb: 1576]
word=BMW
File size=4095------------------------=[end]

[begin]------------------------=
[2013/05/29 08:22:22] [articles_controller.rb: 1576]
word=ベンツ
File size=4241------------------------=[end]

[begin]------------------------=
[2013/05/29 08:22:22] [articles_controller.rb: 1576]
word=ソニー
File size=4393------------------------=[end]

[begin]------------------------=
[2013/05/29 08:22:22] [articles_controller.rb: 1576]
word=パナソニック
File size=4545------------------------=[end]

[begin]------------------------=
[2013/05/29 08:22:22] [articles_controller.rb: 1576]
word=松下
File size=4706------------------------=[end]

[begin]------------------------=
[2013/05/29 08:22:22] [articles_controller.rb: 1576]
word=シャープ
File size=4855------------------------=[end]

[begin]------------------------=
[2013/05/29 08:22:22] [articles_controller.rb: 1576]
word=東芝
File size=5010------------------------=[end]

[begin]------------------------=
[2013/05/29 08:22:22] [articles_controller.rb: 1576]
word=三菱電
File size=5159------------------------=[end]

[begin]------------------------=
[2013/05/29 08:22:22] [articles_controller.rb: 1576]
word=セイコー
File size=5311------------------------=[end]

[begin]------------------------=
[2013/05/29 08:22:22] [articles_controller.rb: 1576]
word=ガソリン
File size=5466------------------------=[end]

[begin]------------------------=
[2013/05/29 08:22:22] [articles_controller.rb: 1576]
word=ソーラー
File size=5621------------------------=[end]

[begin]------------------------=
[2013/05/29 08:22:22] [articles_controller.rb: 1576]
word=原油
File size=5776------------------------=[end]

[begin]------------------------=
[2013/05/29 08:22:22] [articles_controller.rb: 1576]
word=原発
File size=5925------------------------=[end]

[begin]------------------------=
[2013/05/29 08:22:22] [articles_controller.rb: 1576]
word=石油
File size=6074------------------------=[end]

[begin]------------------------=
[2013/05/29 08:22:22] [articles_controller.rb: 1576]
word=エネルギー
File size=6223------------------------=[end]

[begin]------------------------=
[2013/05/29 08:22:22] [articles_controller.rb: 1576]
word=発電
File size=6381------------------------=[end]

[begin]------------------------=
[2013/05/29 08:22:22] [articles_controller.rb: 1576]
word=火力
File size=6530------------------------=[end]

[begin]------------------------=
[2013/05/29 08:22:22] [articles_controller.rb: 1576]
word=証券
File size=6679------------------------=[end]

[begin]------------------------=
[2013/05/29 08:22:22] [articles_controller.rb: 1576]
word=相場
File size=6828------------------------=[end]

[begin]------------------------=
[2013/05/29 08:22:22] [articles_controller.rb: 1576]
word=円
File size=6977------------------------=[end]

[begin]------------------------=
[2013/05/29 08:22:22] [articles_controller.rb: 1576]
word=日経平均
File size=7123------------------------=[end]

[begin]------------------------=
[2013/05/29 08:22:22] [articles_controller.rb: 1576]
word=ＥＵＲＩＢＯＲ
File size=7278------------------------=[end]

[begin]------------------------=
[2013/05/29 08:22:22] [articles_controller.rb: 1576]
word=米国
File size=7442------------------------=[end]

[begin]------------------------=
[2013/05/29 08:22:22] [articles_controller.rb: 1576]
word=米
File size=7591------------------------=[end]

[begin]------------------------=
[2013/05/29 08:22:22] [articles_controller.rb: 1576]
word=米国
File size=7737------------------------=[end]

[begin]------------------------=
[2013/05/29 08:22:22] [articles_controller.rb: 1576]
word=米
File size=7886------------------------=[end]

[begin]------------------------=
[2013/05/29 08:22:22] [articles_controller.rb: 1576]
word=アメリカ
File size=8032------------------------=[end]

[begin]------------------------=
[2013/05/29 08:22:22] [articles_controller.rb: 1576]
word=中国
File size=8187------------------------=[end]

[begin]------------------------=
[2013/05/29 08:22:22] [articles_controller.rb: 1576]
word=中
File size=8336------------------------=[end]

[begin]------------------------=
[2013/05/29 08:22:22] [articles_controller.rb: 1576]
word=米国
File size=8482------------------------=[end]

[begin]------------------------=
[2013/05/29 08:22:22] [articles_controller.rb: 1576]
word=米
File size=8631------------------------=[end]

[begin]------------------------=
[2013/05/29 08:22:22] [articles_controller.rb: 1576]
word=アメリカ
File size=8777------------------------=[end]

[begin]------------------------=
[2013/05/29 08:22:22] [articles_controller.rb: 1576]
word=中国
File size=8932------------------------=[end]

[begin]------------------------=
[2013/05/29 08:22:22] [articles_controller.rb: 1576]
word=中
File size=9081------------------------=[end]

[begin]------------------------=
[2013/05/29 08:22:22] [articles_controller.rb: 1576]
word=ヨーロッパ
File size=9227------------------------=[end]

[begin]------------------------=
[2013/05/29 08:22:22] [articles_controller.rb: 1576]
word=欧州
File size=9385------------------------=[end]

[begin]------------------------=
[2013/05/29 08:22:22] [articles_controller.rb: 1576]
word=欧
File size=9534------------------------=[end]

[begin]------------------------=
[2013/05/29 08:22:22] [articles_controller.rb: 1576]
word=EURIBOR
File size=9680------------------------=[end]

[begin]------------------------=
[2013/05/29 08:22:22] [articles_controller.rb: 1576]
word=EURO
File size=9830------------------------=[end]

[begin]------------------------=
[2013/05/29 08:22:22] [articles_controller.rb: 1576]
word=ユーロ
File size=9977------------------------=[end]

[begin]------------------------=
[2013/05/29 08:22:22] [articles_controller.rb: 1576]
word=ロシア
File size=10129------------------------=[end]

[begin]------------------------=
[2013/05/29 08:22:22] [articles_controller.rb: 1576]
word=東欧
File size=10282------------------------=[end]

[begin]------------------------=
[2013/05/29 08:22:22] [articles_controller.rb: 1576]
word=ポーランド
File size=10432------------------------=[end]

[begin]------------------------=
[2013/05/29 08:22:22] [articles_controller.rb: 1576]
word=イギリス
File size=10591------------------------=[end]

[begin]------------------------=
[2013/05/29 08:22:22] [articles_controller.rb: 1576]
word=フランス
File size=10747------------------------=[end]

[begin]------------------------=
[2013/05/29 08:22:22] [articles_controller.rb: 1576]
word=ドイツ
File size=10903------------------------=[end]

[begin]------------------------=
[2013/05/29 08:22:22] [articles_controller.rb: 1576]
word=スペイン
File size=11056------------------------=[end]

[begin]------------------------=
[2013/05/29 08:22:22] [articles_controller.rb: 1576]
word=イタリア
File size=11212------------------------=[end]

[begin]------------------------=
[2013/05/29 08:22:22] [articles_controller.rb: 1576]
word=伊
File size=11368------------------------=[end]

[begin]------------------------=
[2013/05/29 08:22:22] [articles_controller.rb: 1576]
word=ポルトガル
File size=11515------------------------=[end]

[begin]------------------------=
[2013/05/29 08:22:22] [articles_controller.rb: 1576]
word=韓国
File size=11674------------------------=[end]

[begin]------------------------=
[2013/05/29 08:22:22] [articles_controller.rb: 1576]
word=韓
File size=11824------------------------=[end]

[begin]------------------------=
[2013/05/29 08:22:22] [articles_controller.rb: 1576]
word=朝鮮
File size=11971------------------------=[end]

[begin]------------------------=
[2013/05/29 08:22:22] [articles_controller.rb: 1576]
word=サムスン
File size=12121------------------------=[end]

[begin]------------------------=
[2013/05/29 08:22:22] [articles_controller.rb: 1576]
word=現代
File size=12277------------------------=[end]

[begin]------------------------=
[2013/05/29 08:22:22] [articles_controller.rb: 1576]
word=イラン
File size=12427------------------------=[end]

[begin]------------------------=
[2013/05/29 08:22:22] [articles_controller.rb: 1576]
word=シリア
File size=12580------------------------=[end]

[begin]------------------------=
[2013/05/29 08:22:22] [articles_controller.rb: 1576]
word=イラク
File size=12733------------------------=[end]

[begin]------------------------=
[2013/05/29 08:22:22] [articles_controller.rb: 1576]
word=自動車
File size=12886------------------------=[end]

[begin]------------------------=
[2013/05/29 08:22:22] [articles_controller.rb: 1576]
word=乗用車
File size=13039------------------------=[end]

[begin]------------------------=
[2013/05/29 08:22:22] [articles_controller.rb: 1576]
word=日産
File size=13192------------------------=[end]

[begin]------------------------=
[2013/05/29 08:22:22] [articles_controller.rb: 1576]
word=日野
File size=13342------------------------=[end]

[begin]------------------------=
[2013/05/29 08:22:22] [articles_controller.rb: 1576]
word=三菱自
File size=13492------------------------=[end]

[begin]------------------------=
[2013/05/29 08:22:22] [articles_controller.rb: 1576]
word=トヨタ
File size=13645------------------------=[end]

[begin]------------------------=
[2013/05/29 08:22:22] [articles_controller.rb: 1576]
word=ダイハツ
File size=13798------------------------=[end]

[begin]------------------------=
[2013/05/29 08:22:22] [articles_controller.rb: 1576]
word=ホンダ
File size=13954------------------------=[end]

[begin]------------------------=
[2013/05/29 08:22:22] [articles_controller.rb: 1576]
word=マツダ
File size=14107------------------------=[end]

[begin]------------------------=
[2013/05/29 08:22:22] [articles_controller.rb: 1576]
word=ＢＭＷ
File size=14260------------------------=[end]

[begin]------------------------=
[2013/05/29 08:22:22] [articles_controller.rb: 1576]
word=BMW
File size=14413------------------------=[end]

[begin]------------------------=
[2013/05/29 08:22:22] [articles_controller.rb: 1576]
word=ベンツ
File size=14560------------------------=[end]

[begin]------------------------=
[2013/05/29 08:22:22] [articles_controller.rb: 1576]
word=ソニー
File size=14713------------------------=[end]

[begin]------------------------=
[2013/05/29 08:22:22] [articles_controller.rb: 1576]
word=パナソニック
File size=14866------------------------=[end]

[begin]------------------------=
[2013/05/29 08:22:22] [articles_controller.rb: 1576]
word=松下
File size=15028------------------------=[end]

[begin]------------------------=
[2013/05/29 08:22:22] [articles_controller.rb: 1576]
word=シャープ
File size=15178------------------------=[end]

[begin]------------------------=
[2013/05/29 08:22:22] [articles_controller.rb: 1576]
word=東芝
File size=15334------------------------=[end]

[begin]------------------------=
[2013/05/29 08:22:22] [articles_controller.rb: 1576]
word=三菱電
File size=15484------------------------=[end]

[begin]------------------------=
[2013/05/29 08:22:22] [articles_controller.rb: 1576]
word=セイコー
File size=15637------------------------=[end]

[begin]------------------------=
[2013/05/29 08:22:22] [articles_controller.rb: 1576]
word=ガソリン
File size=15793------------------------=[end]

[begin]------------------------=
[2013/05/29 08:22:22] [articles_controller.rb: 1576]
word=ソーラー
File size=15949------------------------=[end]

[begin]------------------------=
[2013/05/29 08:22:22] [articles_controller.rb: 1576]
word=原油
File size=16105------------------------=[end]

[begin]------------------------=
[2013/05/29 08:22:22] [articles_controller.rb: 1576]
word=原発
File size=16255------------------------=[end]

[begin]------------------------=
[2013/05/29 08:22:22] [articles_controller.rb: 1576]
word=石油
File size=16405------------------------=[end]

[begin]------------------------=
[2013/05/29 08:22:22] [articles_controller.rb: 1576]
word=エネルギー
File size=16555------------------------=[end]

[begin]------------------------=
[2013/05/29 08:22:22] [articles_controller.rb: 1576]
word=発電
File size=16714------------------------=[end]

[begin]------------------------=
[2013/05/29 08:22:22] [articles_controller.rb: 1576]
word=火力
File size=16864------------------------=[end]

[begin]------------------------=
[2013/05/29 08:22:22] [articles_controller.rb: 1576]
word=証券
File size=17014------------------------=[end]

[begin]------------------------=
[2013/05/29 08:22:22] [articles_controller.rb: 1576]
word=相場
File size=17164------------------------=[end]

[begin]------------------------=
[2013/05/29 08:22:22] [articles_controller.rb: 1576]
word=円
File size=17314------------------------=[end]

[begin]------------------------=
[2013/05/29 08:22:22] [articles_controller.rb: 1576]
word=日経平均
File size=17461------------------------=[end]

[begin]------------------------=
[2013/05/29 08:22:22] [articles_controller.rb: 1576]
word=ＥＵＲＩＢＯＲ
File size=17617------------------------=[end]

[begin]------------------------=
[2013/05/29 08:22:22] [articles_controller.rb: 1576]
word=米国
File size=17782------------------------=[end]

[begin]------------------------=
[2013/05/29 08:22:22] [articles_controller.rb: 1576]
word=米
File size=17932------------------------=[end]

[begin]------------------------=
[2013/05/29 08:22:22] [articles_controller.rb: 1576]
word=アメリカ
File size=18079------------------------=[end]

[begin]------------------------=
[2013/05/29 08:22:22] [articles_controller.rb: 1576]
word=中国
File size=18235------------------------=[end]

[begin]------------------------=
[2013/05/29 08:22:22] [articles_controller.rb: 1576]
word=中
File size=18385------------------------=[end]

[begin]------------------------=
[2013/05/29 08:22:22] [articles_controller.rb: 1576]
word=ヨーロッパ
File size=18532------------------------=[end]

[begin]------------------------=
[2013/05/29 08:22:22] [articles_controller.rb: 1576]
word=欧州
File size=18691------------------------=[end]

[begin]------------------------=
[2013/05/29 08:22:22] [articles_controller.rb: 1576]
word=欧
File size=18841------------------------=[end]

[begin]------------------------=
[2013/05/29 08:22:22] [articles_controller.rb: 1576]
word=EURIBOR
File size=18988------------------------=[end]

[begin]------------------------=
[2013/05/29 08:22:22] [articles_controller.rb: 1576]
word=EURO
File size=19139------------------------=[end]

[begin]------------------------=
[2013/05/29 08:22:22] [articles_controller.rb: 1576]
word=ユーロ
File size=19287------------------------=[end]

[begin]------------------------=
[2013/05/29 08:22:22] [articles_controller.rb: 1576]
word=ロシア
File size=19440------------------------=[end]

[begin]------------------------=
[2013/05/29 08:22:22] [articles_controller.rb: 1576]
word=東欧
File size=19593------------------------=[end]

[begin]------------------------=
[2013/05/29 08:22:22] [articles_controller.rb: 1576]
word=ポーランド
File size=19743------------------------=[end]

[begin]------------------------=
[2013/05/29 08:22:22] [articles_controller.rb: 1576]
word=イギリス
File size=19902------------------------=[end]

