[begin]------------------------=
[2013/05/29 09:11:06] [articles_controller.rb: 1576]
word=ダイハツ
File size=0------------------------=[end]

[begin]------------------------=
[2013/05/29 09:11:06] [articles_controller.rb: 1576]
word=ホンダ
File size=152------------------------=[end]

[begin]------------------------=
[2013/05/29 09:11:06] [articles_controller.rb: 1576]
word=マツダ
File size=303------------------------=[end]

[begin]------------------------=
[2013/05/29 09:11:06] [articles_controller.rb: 1576]
word=ＢＭＷ
File size=454------------------------=[end]

[begin]------------------------=
[2013/05/29 09:11:06] [articles_controller.rb: 1576]
word=BMW
File size=605------------------------=[end]

[begin]------------------------=
[2013/05/29 09:11:06] [articles_controller.rb: 1576]
word=ベンツ
File size=750------------------------=[end]

[begin]------------------------=
[2013/05/29 09:11:06] [articles_controller.rb: 1576]
word=ソニー
File size=901------------------------=[end]

[begin]------------------------=
[2013/05/29 09:11:06] [articles_controller.rb: 1576]
word=パナソニック
File size=1052------------------------=[end]

[begin]------------------------=
[2013/05/29 09:11:06] [articles_controller.rb: 1576]
word=松下
File size=1213------------------------=[end]

[begin]------------------------=
[2013/05/29 09:11:06] [articles_controller.rb: 1576]
word=シャープ
File size=1362------------------------=[end]

[begin]------------------------=
[2013/05/29 09:11:06] [articles_controller.rb: 1576]
word=東芝
File size=1517------------------------=[end]

[begin]------------------------=
[2013/05/29 09:11:06] [articles_controller.rb: 1576]
word=三菱電
File size=1666------------------------=[end]

[begin]------------------------=
[2013/05/29 09:11:06] [articles_controller.rb: 1576]
word=セイコー
File size=1818------------------------=[end]

[begin]------------------------=
[2013/05/29 09:11:06] [articles_controller.rb: 1576]
word=ガソリン
File size=1973------------------------=[end]

[begin]------------------------=
[2013/05/29 09:11:06] [articles_controller.rb: 1576]
word=ソーラー
File size=2128------------------------=[end]

[begin]------------------------=
[2013/05/29 09:11:06] [articles_controller.rb: 1576]
word=原油
File size=2283------------------------=[end]

[begin]------------------------=
[2013/05/29 09:11:06] [articles_controller.rb: 1576]
word=原発
File size=2432------------------------=[end]

[begin]------------------------=
[2013/05/29 09:11:06] [articles_controller.rb: 1576]
word=石油
File size=2581------------------------=[end]

[begin]------------------------=
[2013/05/29 09:11:06] [articles_controller.rb: 1576]
word=エネルギー
File size=2730------------------------=[end]

[begin]------------------------=
[2013/05/29 09:11:06] [articles_controller.rb: 1576]
word=発電
File size=2888------------------------=[end]

[begin]------------------------=
[2013/05/29 09:11:06] [articles_controller.rb: 1576]
word=火力
File size=3037------------------------=[end]

[begin]------------------------=
[2013/05/29 09:11:06] [articles_controller.rb: 1576]
word=証券
File size=3186------------------------=[end]

[begin]------------------------=
[2013/05/29 09:11:06] [articles_controller.rb: 1576]
word=相場
File size=3335------------------------=[end]

[begin]------------------------=
[2013/05/29 09:11:06] [articles_controller.rb: 1576]
word=円
File size=3484------------------------=[end]

[begin]------------------------=
[2013/05/29 09:11:06] [articles_controller.rb: 1576]
word=日経平均
File size=3630------------------------=[end]

[begin]------------------------=
[2013/05/29 09:11:06] [articles_controller.rb: 1576]
word=ＥＵＲＩＢＯＲ
File size=3785------------------------=[end]

[begin]------------------------=
[2013/05/29 09:11:06] [articles_controller.rb: 1576]
word=米国
File size=3949------------------------=[end]

[begin]------------------------=
[2013/05/29 09:11:06] [articles_controller.rb: 1576]
word=米
File size=4098------------------------=[end]

[begin]------------------------=
[2013/05/29 09:11:06] [articles_controller.rb: 1576]
word=米国
File size=4244------------------------=[end]

[begin]------------------------=
[2013/05/29 09:11:06] [articles_controller.rb: 1576]
word=米
File size=4393------------------------=[end]

[begin]------------------------=
[2013/05/29 09:11:06] [articles_controller.rb: 1576]
word=アメリカ
File size=4539------------------------=[end]

[begin]------------------------=
[2013/05/29 09:11:06] [articles_controller.rb: 1576]
word=中国
File size=4694------------------------=[end]

[begin]------------------------=
[2013/05/29 09:11:06] [articles_controller.rb: 1576]
word=中
File size=4843------------------------=[end]

[begin]------------------------=
[2013/05/29 09:11:06] [articles_controller.rb: 1576]
word=ヨーロッパ
File size=4989------------------------=[end]

[begin]------------------------=
[2013/05/29 09:11:06] [articles_controller.rb: 1576]
word=欧州
File size=5147------------------------=[end]

[begin]------------------------=
[2013/05/29 09:11:06] [articles_controller.rb: 1576]
word=欧
File size=5296------------------------=[end]

[begin]------------------------=
[2013/05/29 09:11:06] [articles_controller.rb: 1576]
word=EURIBOR
File size=5442------------------------=[end]

[begin]------------------------=
[2013/05/29 09:11:06] [articles_controller.rb: 1576]
word=EURO
File size=5592------------------------=[end]

[begin]------------------------=
[2013/05/29 09:11:06] [articles_controller.rb: 1576]
word=ユーロ
File size=5739------------------------=[end]

[begin]------------------------=
[2013/05/29 09:11:06] [articles_controller.rb: 1576]
word=ロシア
File size=5891------------------------=[end]

[begin]------------------------=
[2013/05/29 09:11:06] [articles_controller.rb: 1576]
word=東欧
File size=6043------------------------=[end]

[begin]------------------------=
[2013/05/29 09:11:06] [articles_controller.rb: 1576]
word=ポーランド
File size=6192------------------------=[end]

[begin]------------------------=
[2013/05/29 09:11:06] [articles_controller.rb: 1576]
word=イギリス
File size=6350------------------------=[end]

[begin]------------------------=
[2013/05/29 09:11:06] [articles_controller.rb: 1576]
word=フランス
File size=6505------------------------=[end]

[begin]------------------------=
[2013/05/29 09:11:06] [articles_controller.rb: 1576]
word=ドイツ
File size=6660------------------------=[end]

[begin]------------------------=
[2013/05/29 09:11:06] [articles_controller.rb: 1576]
word=スペイン
File size=6812------------------------=[end]

[begin]------------------------=
[2013/05/29 09:11:06] [articles_controller.rb: 1576]
word=イタリア
File size=6967------------------------=[end]

[begin]------------------------=
[2013/05/29 09:11:06] [articles_controller.rb: 1576]
word=伊
File size=7122------------------------=[end]

[begin]------------------------=
[2013/05/29 09:11:06] [articles_controller.rb: 1576]
word=ポルトガル
File size=7268------------------------=[end]

[begin]------------------------=
[2013/05/29 09:11:06] [articles_controller.rb: 1576]
word=韓国
File size=7426------------------------=[end]

[begin]------------------------=
[2013/05/29 09:11:06] [articles_controller.rb: 1576]
word=韓
File size=7575------------------------=[end]

[begin]------------------------=
[2013/05/29 09:11:06] [articles_controller.rb: 1576]
word=朝鮮
File size=7721------------------------=[end]

[begin]------------------------=
[2013/05/29 09:11:06] [articles_controller.rb: 1576]
word=サムスン
File size=7870------------------------=[end]

[begin]------------------------=
[2013/05/29 09:11:06] [articles_controller.rb: 1576]
word=現代
File size=8025------------------------=[end]

[begin]------------------------=
[2013/05/29 09:11:06] [articles_controller.rb: 1576]
word=イラン
File size=8174------------------------=[end]

[begin]------------------------=
[2013/05/29 09:11:06] [articles_controller.rb: 1576]
word=シリア
File size=8326------------------------=[end]

[begin]------------------------=
[2013/05/29 09:11:06] [articles_controller.rb: 1576]
word=イラク
File size=8478------------------------=[end]

[begin]------------------------=
[2013/05/29 09:11:06] [articles_controller.rb: 1576]
word=自動車
File size=8630------------------------=[end]

[begin]------------------------=
[2013/05/29 09:11:06] [articles_controller.rb: 1576]
word=乗用車
File size=8782------------------------=[end]

[begin]------------------------=
[2013/05/29 09:11:06] [articles_controller.rb: 1576]
word=日産
File size=8934------------------------=[end]

[begin]------------------------=
[2013/05/29 09:11:06] [articles_controller.rb: 1576]
word=日野
File size=9083------------------------=[end]

[begin]------------------------=
[2013/05/29 09:11:06] [articles_controller.rb: 1576]
word=三菱自
File size=9232------------------------=[end]

[begin]------------------------=
[2013/05/29 09:11:06] [articles_controller.rb: 1576]
word=トヨタ
File size=9384------------------------=[end]

[begin]------------------------=
[2013/05/29 09:11:06] [articles_controller.rb: 1576]
word=ダイハツ
File size=9536------------------------=[end]

[begin]------------------------=
[2013/05/29 09:11:06] [articles_controller.rb: 1576]
word=ホンダ
File size=9691------------------------=[end]

[begin]------------------------=
[2013/05/29 09:11:06] [articles_controller.rb: 1576]
word=マツダ
File size=9843------------------------=[end]

[begin]------------------------=
[2013/05/29 09:11:06] [articles_controller.rb: 1576]
word=ＢＭＷ
File size=9995------------------------=[end]

[begin]------------------------=
[2013/05/29 09:11:06] [articles_controller.rb: 1576]
word=BMW
File size=10147------------------------=[end]

[begin]------------------------=
[2013/05/29 09:11:06] [articles_controller.rb: 1576]
word=ベンツ
File size=10294------------------------=[end]

[begin]------------------------=
[2013/05/29 09:11:06] [articles_controller.rb: 1576]
word=ソニー
File size=10447------------------------=[end]

[begin]------------------------=
[2013/05/29 09:11:06] [articles_controller.rb: 1576]
word=パナソニック
File size=10600------------------------=[end]

[begin]------------------------=
[2013/05/29 09:11:06] [articles_controller.rb: 1576]
word=松下
File size=10762------------------------=[end]

[begin]------------------------=
[2013/05/29 09:11:06] [articles_controller.rb: 1576]
word=シャープ
File size=10912------------------------=[end]

[begin]------------------------=
[2013/05/29 09:11:06] [articles_controller.rb: 1576]
word=東芝
File size=11068------------------------=[end]

[begin]------------------------=
[2013/05/29 09:11:06] [articles_controller.rb: 1576]
word=三菱電
File size=11218------------------------=[end]

[begin]------------------------=
[2013/05/29 09:11:06] [articles_controller.rb: 1576]
word=セイコー
File size=11371------------------------=[end]

[begin]------------------------=
[2013/05/29 09:11:06] [articles_controller.rb: 1576]
word=ガソリン
File size=11527------------------------=[end]

[begin]------------------------=
[2013/05/29 09:11:06] [articles_controller.rb: 1576]
word=ソーラー
File size=11683------------------------=[end]

[begin]------------------------=
[2013/05/29 09:11:06] [articles_controller.rb: 1576]
word=原油
File size=11839------------------------=[end]

[begin]------------------------=
[2013/05/29 09:11:06] [articles_controller.rb: 1576]
word=原発
File size=11989------------------------=[end]

[begin]------------------------=
[2013/05/29 09:11:06] [articles_controller.rb: 1576]
word=石油
File size=12139------------------------=[end]

[begin]------------------------=
[2013/05/29 09:11:06] [articles_controller.rb: 1576]
word=エネルギー
File size=12289------------------------=[end]

[begin]------------------------=
[2013/05/29 09:11:06] [articles_controller.rb: 1576]
word=発電
File size=12448------------------------=[end]

[begin]------------------------=
[2013/05/29 09:11:06] [articles_controller.rb: 1576]
word=火力
File size=12598------------------------=[end]

[begin]------------------------=
[2013/05/29 09:11:06] [articles_controller.rb: 1576]
word=証券
File size=12748------------------------=[end]

[begin]------------------------=
[2013/05/29 09:11:06] [articles_controller.rb: 1576]
word=相場
File size=12898------------------------=[end]

[begin]------------------------=
[2013/05/29 09:11:06] [articles_controller.rb: 1576]
word=円
File size=13048------------------------=[end]

[begin]------------------------=
[2013/05/29 09:11:06] [articles_controller.rb: 1576]
word=日経平均
File size=13195------------------------=[end]

[begin]------------------------=
[2013/05/29 09:11:06] [articles_controller.rb: 1576]
word=ＥＵＲＩＢＯＲ
File size=13351------------------------=[end]

[begin]------------------------=
[2013/05/29 09:11:06] [articles_controller.rb: 1576]
word=米国
File size=13516------------------------=[end]

[begin]------------------------=
[2013/05/29 09:11:06] [articles_controller.rb: 1576]
word=米
File size=13666------------------------=[end]

[begin]------------------------=
[2013/05/29 09:11:06] [articles_controller.rb: 1576]
word=アメリカ
File size=13813------------------------=[end]

[begin]------------------------=
[2013/05/29 09:11:06] [articles_controller.rb: 1576]
word=中国
File size=13969------------------------=[end]

[begin]------------------------=
[2013/05/29 09:11:06] [articles_controller.rb: 1576]
word=中
File size=14119------------------------=[end]

[begin]------------------------=
[2013/05/29 09:11:06] [articles_controller.rb: 1576]
word=ヨーロッパ
File size=14266------------------------=[end]

[begin]------------------------=
[2013/05/29 09:11:06] [articles_controller.rb: 1576]
word=欧州
File size=14425------------------------=[end]

[begin]------------------------=
[2013/05/29 09:11:06] [articles_controller.rb: 1576]
word=欧
File size=14575------------------------=[end]

[begin]------------------------=
[2013/05/29 09:11:06] [articles_controller.rb: 1576]
word=EURIBOR
File size=14722------------------------=[end]

[begin]------------------------=
[2013/05/29 09:11:06] [articles_controller.rb: 1576]
word=EURO
File size=14873------------------------=[end]

[begin]------------------------=
[2013/05/29 09:11:06] [articles_controller.rb: 1576]
word=ユーロ
File size=15021------------------------=[end]

[begin]------------------------=
[2013/05/29 09:11:06] [articles_controller.rb: 1576]
word=ロシア
File size=15174------------------------=[end]

[begin]------------------------=
[2013/05/29 09:11:06] [articles_controller.rb: 1576]
word=東欧
File size=15327------------------------=[end]

[begin]------------------------=
[2013/05/29 09:11:06] [articles_controller.rb: 1576]
word=ポーランド
File size=15477------------------------=[end]

[begin]------------------------=
[2013/05/29 09:11:06] [articles_controller.rb: 1576]
word=イギリス
File size=15636------------------------=[end]

[begin]------------------------=
[2013/05/29 09:11:06] [articles_controller.rb: 1576]
word=フランス
File size=15792------------------------=[end]

[begin]------------------------=
[2013/05/29 09:11:06] [articles_controller.rb: 1576]
word=ドイツ
File size=15948------------------------=[end]

[begin]------------------------=
[2013/05/29 09:11:06] [articles_controller.rb: 1576]
word=スペイン
File size=16101------------------------=[end]

[begin]------------------------=
[2013/05/29 09:11:06] [articles_controller.rb: 1576]
word=イタリア
File size=16257------------------------=[end]

[begin]------------------------=
[2013/05/29 09:11:06] [articles_controller.rb: 1576]
word=伊
File size=16413------------------------=[end]

[begin]------------------------=
[2013/05/29 09:11:06] [articles_controller.rb: 1576]
word=ポルトガル
File size=16560------------------------=[end]

[begin]------------------------=
[2013/05/29 09:11:06] [articles_controller.rb: 1576]
word=韓国
File size=16719------------------------=[end]

[begin]------------------------=
[2013/05/29 09:11:06] [articles_controller.rb: 1576]
word=韓
File size=16869------------------------=[end]

[begin]------------------------=
[2013/05/29 09:11:06] [articles_controller.rb: 1576]
word=朝鮮
File size=17016------------------------=[end]

[begin]------------------------=
[2013/05/29 09:11:06] [articles_controller.rb: 1576]
word=サムスン
File size=17166------------------------=[end]

[begin]------------------------=
[2013/05/29 09:11:06] [articles_controller.rb: 1576]
word=現代
File size=17322------------------------=[end]

[begin]------------------------=
[2013/05/29 09:11:06] [articles_controller.rb: 1576]
word=イラン
File size=17472------------------------=[end]

[begin]------------------------=
[2013/05/29 09:11:06] [articles_controller.rb: 1576]
word=シリア
File size=17625------------------------=[end]

[begin]------------------------=
[2013/05/29 09:11:06] [articles_controller.rb: 1576]
word=イラク
File size=17778------------------------=[end]

[begin]------------------------=
[2013/05/29 09:11:06] [articles_controller.rb: 1576]
word=自動車
File size=17931------------------------=[end]

[begin]------------------------=
[2013/05/29 09:11:06] [articles_controller.rb: 1576]
word=乗用車
File size=18084------------------------=[end]

[begin]------------------------=
[2013/05/29 09:11:06] [articles_controller.rb: 1576]
word=日産
File size=18237------------------------=[end]

[begin]------------------------=
[2013/05/29 09:11:06] [articles_controller.rb: 1576]
word=日野
File size=18387------------------------=[end]

[begin]------------------------=
[2013/05/29 09:11:06] [articles_controller.rb: 1576]
word=三菱自
File size=18537------------------------=[end]

[begin]------------------------=
[2013/05/29 09:11:06] [articles_controller.rb: 1576]
word=トヨタ
File size=18690------------------------=[end]

[begin]------------------------=
[2013/05/29 09:11:06] [articles_controller.rb: 1576]
word=ダイハツ
File size=18843------------------------=[end]

[begin]------------------------=
[2013/05/29 09:11:06] [articles_controller.rb: 1576]
word=ホンダ
File size=18999------------------------=[end]

[begin]------------------------=
[2013/05/29 09:11:06] [articles_controller.rb: 1576]
word=マツダ
File size=19152------------------------=[end]

[begin]------------------------=
[2013/05/29 09:11:06] [articles_controller.rb: 1576]
word=ＢＭＷ
File size=19305------------------------=[end]

[begin]------------------------=
[2013/05/29 09:11:06] [articles_controller.rb: 1576]
word=BMW
File size=19458------------------------=[end]

[begin]------------------------=
[2013/05/29 09:11:06] [articles_controller.rb: 1576]
word=ベンツ
File size=19605------------------------=[end]

[begin]------------------------=
[2013/05/29 09:11:06] [articles_controller.rb: 1576]
word=ソニー
File size=19758------------------------=[end]

[begin]------------------------=
[2013/05/29 09:11:06] [articles_controller.rb: 1576]
word=パナソニック
File size=19911------------------------=[end]

