[begin]------------------------=
[2013/05/29 08:45:52] [articles_controller.rb: 1576]
word=自動車
File size=0------------------------=[end]

[begin]------------------------=
[2013/05/29 08:45:52] [articles_controller.rb: 1576]
word=乗用車
File size=149------------------------=[end]

[begin]------------------------=
[2013/05/29 08:45:52] [articles_controller.rb: 1576]
word=日産
File size=300------------------------=[end]

[begin]------------------------=
[2013/05/29 08:45:52] [articles_controller.rb: 1576]
word=日野
File size=448------------------------=[end]

[begin]------------------------=
[2013/05/29 08:45:52] [articles_controller.rb: 1576]
word=三菱自
File size=596------------------------=[end]

[begin]------------------------=
[2013/05/29 08:45:52] [articles_controller.rb: 1576]
word=トヨタ
File size=747------------------------=[end]

[begin]------------------------=
[2013/05/29 08:45:52] [articles_controller.rb: 1576]
word=ダイハツ
File size=898------------------------=[end]

[begin]------------------------=
[2013/05/29 08:45:52] [articles_controller.rb: 1576]
word=ホンダ
File size=1052------------------------=[end]

[begin]------------------------=
[2013/05/29 08:45:52] [articles_controller.rb: 1576]
word=マツダ
File size=1204------------------------=[end]

[begin]------------------------=
[2013/05/29 08:45:52] [articles_controller.rb: 1576]
word=ＢＭＷ
File size=1356------------------------=[end]

[begin]------------------------=
[2013/05/29 08:45:52] [articles_controller.rb: 1576]
word=BMW
File size=1508------------------------=[end]

[begin]------------------------=
[2013/05/29 08:45:52] [articles_controller.rb: 1576]
word=ベンツ
File size=1654------------------------=[end]

[begin]------------------------=
[2013/05/29 08:45:52] [articles_controller.rb: 1576]
word=ソニー
File size=1806------------------------=[end]

[begin]------------------------=
[2013/05/29 08:45:52] [articles_controller.rb: 1576]
word=パナソニック
File size=1958------------------------=[end]

[begin]------------------------=
[2013/05/29 08:45:52] [articles_controller.rb: 1576]
word=松下
File size=2119------------------------=[end]

[begin]------------------------=
[2013/05/29 08:45:52] [articles_controller.rb: 1576]
word=シャープ
File size=2268------------------------=[end]

[begin]------------------------=
[2013/05/29 08:45:52] [articles_controller.rb: 1576]
word=東芝
File size=2423------------------------=[end]

[begin]------------------------=
[2013/05/29 08:45:52] [articles_controller.rb: 1576]
word=三菱電
File size=2572------------------------=[end]

[begin]------------------------=
[2013/05/29 08:45:52] [articles_controller.rb: 1576]
word=セイコー
File size=2724------------------------=[end]

[begin]------------------------=
[2013/05/29 08:45:52] [articles_controller.rb: 1576]
word=ガソリン
File size=2879------------------------=[end]

[begin]------------------------=
[2013/05/29 08:45:52] [articles_controller.rb: 1576]
word=ソーラー
File size=3034------------------------=[end]

[begin]------------------------=
[2013/05/29 08:45:52] [articles_controller.rb: 1576]
word=原油
File size=3189------------------------=[end]

[begin]------------------------=
[2013/05/29 08:45:52] [articles_controller.rb: 1576]
word=原発
File size=3338------------------------=[end]

[begin]------------------------=
[2013/05/29 08:45:52] [articles_controller.rb: 1576]
word=石油
File size=3487------------------------=[end]

[begin]------------------------=
[2013/05/29 08:45:52] [articles_controller.rb: 1576]
word=エネルギー
File size=3636------------------------=[end]

[begin]------------------------=
[2013/05/29 08:45:52] [articles_controller.rb: 1576]
word=発電
File size=3794------------------------=[end]

[begin]------------------------=
[2013/05/29 08:45:52] [articles_controller.rb: 1576]
word=火力
File size=3943------------------------=[end]

[begin]------------------------=
[2013/05/29 08:45:52] [articles_controller.rb: 1576]
word=証券
File size=4092------------------------=[end]

[begin]------------------------=
[2013/05/29 08:45:52] [articles_controller.rb: 1576]
word=相場
File size=4241------------------------=[end]

[begin]------------------------=
[2013/05/29 08:45:52] [articles_controller.rb: 1576]
word=円
File size=4390------------------------=[end]

[begin]------------------------=
[2013/05/29 08:45:52] [articles_controller.rb: 1576]
word=日経平均
File size=4536------------------------=[end]

[begin]------------------------=
[2013/05/29 08:45:52] [articles_controller.rb: 1576]
word=ＥＵＲＩＢＯＲ
File size=4691------------------------=[end]

[begin]------------------------=
[2013/05/29 08:45:52] [articles_controller.rb: 1576]
word=米国
File size=4855------------------------=[end]

[begin]------------------------=
[2013/05/29 08:45:52] [articles_controller.rb: 1576]
word=米
File size=5004------------------------=[end]

[begin]------------------------=
[2013/05/29 08:45:52] [articles_controller.rb: 1576]
word=アメリカ
File size=5150------------------------=[end]

[begin]------------------------=
[2013/05/29 08:45:52] [articles_controller.rb: 1576]
word=中国
File size=5305------------------------=[end]

[begin]------------------------=
[2013/05/29 08:45:52] [articles_controller.rb: 1576]
word=中
File size=5454------------------------=[end]

[begin]------------------------=
[2013/05/29 08:45:52] [articles_controller.rb: 1576]
word=ヨーロッパ
File size=5600------------------------=[end]

[begin]------------------------=
[2013/05/29 08:45:52] [articles_controller.rb: 1576]
word=欧州
File size=5758------------------------=[end]

[begin]------------------------=
[2013/05/29 08:45:52] [articles_controller.rb: 1576]
word=欧
File size=5907------------------------=[end]

[begin]------------------------=
[2013/05/29 08:45:52] [articles_controller.rb: 1576]
word=EURIBOR
File size=6053------------------------=[end]

[begin]------------------------=
[2013/05/29 08:45:52] [articles_controller.rb: 1576]
word=EURO
File size=6203------------------------=[end]

[begin]------------------------=
[2013/05/29 08:45:52] [articles_controller.rb: 1576]
word=ユーロ
File size=6350------------------------=[end]

[begin]------------------------=
[2013/05/29 08:45:52] [articles_controller.rb: 1576]
word=ロシア
File size=6502------------------------=[end]

[begin]------------------------=
[2013/05/29 08:45:52] [articles_controller.rb: 1576]
word=東欧
File size=6654------------------------=[end]

[begin]------------------------=
[2013/05/29 08:45:52] [articles_controller.rb: 1576]
word=ポーランド
File size=6803------------------------=[end]

[begin]------------------------=
[2013/05/29 08:45:52] [articles_controller.rb: 1576]
word=イギリス
File size=6961------------------------=[end]

[begin]------------------------=
[2013/05/29 08:45:52] [articles_controller.rb: 1576]
word=フランス
File size=7116------------------------=[end]

[begin]------------------------=
[2013/05/29 08:45:52] [articles_controller.rb: 1576]
word=ドイツ
File size=7271------------------------=[end]

[begin]------------------------=
[2013/05/29 08:45:52] [articles_controller.rb: 1576]
word=スペイン
File size=7423------------------------=[end]

[begin]------------------------=
[2013/05/29 08:45:52] [articles_controller.rb: 1576]
word=イタリア
File size=7578------------------------=[end]

[begin]------------------------=
[2013/05/29 08:45:52] [articles_controller.rb: 1576]
word=伊
File size=7733------------------------=[end]

[begin]------------------------=
[2013/05/29 08:45:52] [articles_controller.rb: 1576]
word=ポルトガル
File size=7879------------------------=[end]

[begin]------------------------=
[2013/05/29 08:45:52] [articles_controller.rb: 1576]
word=韓国
File size=8037------------------------=[end]

[begin]------------------------=
[2013/05/29 08:45:52] [articles_controller.rb: 1576]
word=韓
File size=8186------------------------=[end]

[begin]------------------------=
[2013/05/29 08:45:52] [articles_controller.rb: 1576]
word=朝鮮
File size=8332------------------------=[end]

[begin]------------------------=
[2013/05/29 08:45:52] [articles_controller.rb: 1576]
word=サムスン
File size=8481------------------------=[end]

[begin]------------------------=
[2013/05/29 08:45:52] [articles_controller.rb: 1576]
word=現代
File size=8636------------------------=[end]

[begin]------------------------=
[2013/05/29 08:45:52] [articles_controller.rb: 1576]
word=イラン
File size=8785------------------------=[end]

[begin]------------------------=
[2013/05/29 08:45:52] [articles_controller.rb: 1576]
word=シリア
File size=8937------------------------=[end]

[begin]------------------------=
[2013/05/29 08:45:52] [articles_controller.rb: 1576]
word=イラク
File size=9089------------------------=[end]

[begin]------------------------=
[2013/05/29 08:45:52] [articles_controller.rb: 1576]
word=自動車
File size=9241------------------------=[end]

[begin]------------------------=
[2013/05/29 08:45:52] [articles_controller.rb: 1576]
word=乗用車
File size=9393------------------------=[end]

[begin]------------------------=
[2013/05/29 08:45:52] [articles_controller.rb: 1576]
word=日産
File size=9545------------------------=[end]

[begin]------------------------=
[2013/05/29 08:45:52] [articles_controller.rb: 1576]
word=日野
File size=9694------------------------=[end]

[begin]------------------------=
[2013/05/29 08:45:52] [articles_controller.rb: 1576]
word=三菱自
File size=9843------------------------=[end]

[begin]------------------------=
[2013/05/29 08:45:52] [articles_controller.rb: 1576]
word=トヨタ
File size=9995------------------------=[end]

[begin]------------------------=
[2013/05/29 08:45:52] [articles_controller.rb: 1576]
word=ダイハツ
File size=10147------------------------=[end]

[begin]------------------------=
[2013/05/29 08:45:52] [articles_controller.rb: 1576]
word=ホンダ
File size=10303------------------------=[end]

[begin]------------------------=
[2013/05/29 08:45:52] [articles_controller.rb: 1576]
word=マツダ
File size=10456------------------------=[end]

[begin]------------------------=
[2013/05/29 08:45:52] [articles_controller.rb: 1576]
word=ＢＭＷ
File size=10609------------------------=[end]

[begin]------------------------=
[2013/05/29 08:45:52] [articles_controller.rb: 1576]
word=BMW
File size=10762------------------------=[end]

[begin]------------------------=
[2013/05/29 08:45:52] [articles_controller.rb: 1576]
word=ベンツ
File size=10909------------------------=[end]

[begin]------------------------=
[2013/05/29 08:45:52] [articles_controller.rb: 1576]
word=ソニー
File size=11062------------------------=[end]

[begin]------------------------=
[2013/05/29 08:45:52] [articles_controller.rb: 1576]
word=パナソニック
File size=11215------------------------=[end]

[begin]------------------------=
[2013/05/29 08:45:52] [articles_controller.rb: 1576]
word=松下
File size=11377------------------------=[end]

[begin]------------------------=
[2013/05/29 08:45:52] [articles_controller.rb: 1576]
word=シャープ
File size=11527------------------------=[end]

[begin]------------------------=
[2013/05/29 08:45:52] [articles_controller.rb: 1576]
word=東芝
File size=11683------------------------=[end]

[begin]------------------------=
[2013/05/29 08:45:52] [articles_controller.rb: 1576]
word=三菱電
File size=11833------------------------=[end]

[begin]------------------------=
[2013/05/29 08:45:52] [articles_controller.rb: 1576]
word=セイコー
File size=11986------------------------=[end]

[begin]------------------------=
[2013/05/29 08:45:52] [articles_controller.rb: 1576]
word=ガソリン
File size=12142------------------------=[end]

[begin]------------------------=
[2013/05/29 08:45:52] [articles_controller.rb: 1576]
word=ソーラー
File size=12298------------------------=[end]

[begin]------------------------=
[2013/05/29 08:45:52] [articles_controller.rb: 1576]
word=原油
File size=12454------------------------=[end]

[begin]------------------------=
[2013/05/29 08:45:52] [articles_controller.rb: 1576]
word=原発
File size=12604------------------------=[end]

[begin]------------------------=
[2013/05/29 08:45:52] [articles_controller.rb: 1576]
word=石油
File size=12754------------------------=[end]

[begin]------------------------=
[2013/05/29 08:45:52] [articles_controller.rb: 1576]
word=エネルギー
File size=12904------------------------=[end]

[begin]------------------------=
[2013/05/29 08:45:52] [articles_controller.rb: 1576]
word=発電
File size=13063------------------------=[end]

[begin]------------------------=
[2013/05/29 08:45:52] [articles_controller.rb: 1576]
word=火力
File size=13213------------------------=[end]

[begin]------------------------=
[2013/05/29 08:45:52] [articles_controller.rb: 1576]
word=証券
File size=13363------------------------=[end]

[begin]------------------------=
[2013/05/29 08:45:52] [articles_controller.rb: 1576]
word=相場
File size=13513------------------------=[end]

[begin]------------------------=
[2013/05/29 08:45:52] [articles_controller.rb: 1576]
word=円
File size=13663------------------------=[end]

[begin]------------------------=
[2013/05/29 08:45:52] [articles_controller.rb: 1576]
word=米国
File size=13810------------------------=[end]

[begin]------------------------=
[2013/05/29 08:45:52] [articles_controller.rb: 1576]
word=米
File size=13960------------------------=[end]

[begin]------------------------=
[2013/05/29 08:45:52] [articles_controller.rb: 1576]
word=アメリカ
File size=14107------------------------=[end]

[begin]------------------------=
[2013/05/29 08:45:52] [articles_controller.rb: 1576]
word=中国
File size=14263------------------------=[end]

[begin]------------------------=
[2013/05/29 08:45:52] [articles_controller.rb: 1576]
word=中
File size=14413------------------------=[end]

[begin]------------------------=
[2013/05/29 08:45:52] [articles_controller.rb: 1576]
word=ヨーロッパ
File size=14560------------------------=[end]

[begin]------------------------=
[2013/05/29 08:45:52] [articles_controller.rb: 1576]
word=欧州
File size=14719------------------------=[end]

[begin]------------------------=
[2013/05/29 08:45:52] [articles_controller.rb: 1576]
word=欧
File size=14869------------------------=[end]

[begin]------------------------=
[2013/05/29 08:45:52] [articles_controller.rb: 1576]
word=EURIBOR
File size=15016------------------------=[end]

[begin]------------------------=
[2013/05/29 08:45:52] [articles_controller.rb: 1576]
word=EURO
File size=15167------------------------=[end]

[begin]------------------------=
[2013/05/29 08:45:52] [articles_controller.rb: 1576]
word=ユーロ
File size=15315------------------------=[end]

[begin]------------------------=
[2013/05/29 08:45:52] [articles_controller.rb: 1576]
word=ロシア
File size=15468------------------------=[end]

[begin]------------------------=
[2013/05/29 08:45:52] [articles_controller.rb: 1576]
word=東欧
File size=15621------------------------=[end]

[begin]------------------------=
[2013/05/29 08:45:52] [articles_controller.rb: 1576]
word=ポーランド
File size=15771------------------------=[end]

[begin]------------------------=
[2013/05/29 08:45:52] [articles_controller.rb: 1576]
word=イギリス
File size=15930------------------------=[end]

[begin]------------------------=
[2013/05/29 08:45:52] [articles_controller.rb: 1576]
word=フランス
File size=16086------------------------=[end]

[begin]------------------------=
[2013/05/29 08:45:52] [articles_controller.rb: 1576]
word=ドイツ
File size=16242------------------------=[end]

[begin]------------------------=
[2013/05/29 08:45:52] [articles_controller.rb: 1576]
word=スペイン
File size=16395------------------------=[end]

[begin]------------------------=
[2013/05/29 08:45:52] [articles_controller.rb: 1576]
word=イタリア
File size=16551------------------------=[end]

[begin]------------------------=
[2013/05/29 08:45:52] [articles_controller.rb: 1576]
word=伊
File size=16707------------------------=[end]

[begin]------------------------=
[2013/05/29 08:45:52] [articles_controller.rb: 1576]
word=ポルトガル
File size=16854------------------------=[end]

[begin]------------------------=
[2013/05/29 08:45:52] [articles_controller.rb: 1576]
word=韓国
File size=17013------------------------=[end]

[begin]------------------------=
[2013/05/29 08:45:52] [articles_controller.rb: 1576]
word=韓
File size=17163------------------------=[end]

[begin]------------------------=
[2013/05/29 08:45:52] [articles_controller.rb: 1576]
word=朝鮮
File size=17310------------------------=[end]

[begin]------------------------=
[2013/05/29 08:45:52] [articles_controller.rb: 1576]
word=サムスン
File size=17460------------------------=[end]

[begin]------------------------=
[2013/05/29 08:45:52] [articles_controller.rb: 1576]
word=現代
File size=17616------------------------=[end]

[begin]------------------------=
[2013/05/29 08:45:52] [articles_controller.rb: 1576]
word=イラン
File size=17766------------------------=[end]

[begin]------------------------=
[2013/05/29 08:45:52] [articles_controller.rb: 1576]
word=シリア
File size=17919------------------------=[end]

[begin]------------------------=
[2013/05/29 08:45:52] [articles_controller.rb: 1576]
word=イラク
File size=18072------------------------=[end]

[begin]------------------------=
[2013/05/29 08:45:52] [articles_controller.rb: 1576]
word=自動車
File size=18225------------------------=[end]

[begin]------------------------=
[2013/05/29 08:45:52] [articles_controller.rb: 1576]
word=乗用車
File size=18378------------------------=[end]

[begin]------------------------=
[2013/05/29 08:45:52] [articles_controller.rb: 1576]
word=日産
File size=18531------------------------=[end]

[begin]------------------------=
[2013/05/29 08:45:52] [articles_controller.rb: 1576]
word=日野
File size=18681------------------------=[end]

[begin]------------------------=
[2013/05/29 08:45:52] [articles_controller.rb: 1576]
word=三菱自
File size=18831------------------------=[end]

[begin]------------------------=
[2013/05/29 08:45:52] [articles_controller.rb: 1576]
word=トヨタ
File size=18984------------------------=[end]

[begin]------------------------=
[2013/05/29 08:45:52] [articles_controller.rb: 1576]
word=ダイハツ
File size=19137------------------------=[end]

[begin]------------------------=
[2013/05/29 08:45:52] [articles_controller.rb: 1576]
word=ホンダ
File size=19293------------------------=[end]

[begin]------------------------=
[2013/05/29 08:45:52] [articles_controller.rb: 1576]
word=マツダ
File size=19446------------------------=[end]

[begin]------------------------=
[2013/05/29 08:45:52] [articles_controller.rb: 1576]
word=ＢＭＷ
File size=19599------------------------=[end]

[begin]------------------------=
[2013/05/29 08:45:52] [articles_controller.rb: 1576]
word=BMW
File size=19752------------------------=[end]

[begin]------------------------=
[2013/05/29 08:45:52] [articles_controller.rb: 1576]
word=ベンツ
File size=19899------------------------=[end]

