[begin]------------------------=
[2013/05/29 08:45:46] [articles_controller.rb: 1576]
word=三菱電
File size=0------------------------=[end]

[begin]------------------------=
[2013/05/29 08:45:46] [articles_controller.rb: 1576]
word=セイコー
File size=149------------------------=[end]

[begin]------------------------=
[2013/05/29 08:45:46] [articles_controller.rb: 1576]
word=ガソリン
File size=303------------------------=[end]

[begin]------------------------=
[2013/05/29 08:45:46] [articles_controller.rb: 1576]
word=ソーラー
File size=457------------------------=[end]

[begin]------------------------=
[2013/05/29 08:45:46] [articles_controller.rb: 1576]
word=原油
File size=611------------------------=[end]

[begin]------------------------=
[2013/05/29 08:45:46] [articles_controller.rb: 1576]
word=原発
File size=759------------------------=[end]

[begin]------------------------=
[2013/05/29 08:45:46] [articles_controller.rb: 1576]
word=石油
File size=907------------------------=[end]

[begin]------------------------=
[2013/05/29 08:45:46] [articles_controller.rb: 1576]
word=エネルギー
File size=1055------------------------=[end]

[begin]------------------------=
[2013/05/29 08:45:46] [articles_controller.rb: 1576]
word=発電
File size=1213------------------------=[end]

[begin]------------------------=
[2013/05/29 08:45:46] [articles_controller.rb: 1576]
word=火力
File size=1362------------------------=[end]

[begin]------------------------=
[2013/05/29 08:45:46] [articles_controller.rb: 1576]
word=証券
File size=1511------------------------=[end]

[begin]------------------------=
[2013/05/29 08:45:46] [articles_controller.rb: 1576]
word=相場
File size=1660------------------------=[end]

[begin]------------------------=
[2013/05/29 08:45:46] [articles_controller.rb: 1576]
word=円
File size=1809------------------------=[end]

[begin]------------------------=
[2013/05/29 08:45:46] [articles_controller.rb: 1576]
word=日経平均
File size=1955------------------------=[end]

[begin]------------------------=
[2013/05/29 08:45:46] [articles_controller.rb: 1576]
word=ＥＵＲＩＢＯＲ
File size=2110------------------------=[end]

[begin]------------------------=
[2013/05/29 08:45:46] [articles_controller.rb: 1576]
word=米国
File size=2274------------------------=[end]

[begin]------------------------=
[2013/05/29 08:45:46] [articles_controller.rb: 1576]
word=米
File size=2423------------------------=[end]

[begin]------------------------=
[2013/05/29 08:45:46] [articles_controller.rb: 1576]
word=アメリカ
File size=2569------------------------=[end]

[begin]------------------------=
[2013/05/29 08:45:46] [articles_controller.rb: 1576]
word=中国
File size=2724------------------------=[end]

[begin]------------------------=
[2013/05/29 08:45:46] [articles_controller.rb: 1576]
word=中
File size=2873------------------------=[end]

[begin]------------------------=
[2013/05/29 08:45:46] [articles_controller.rb: 1576]
word=ヨーロッパ
File size=3019------------------------=[end]

[begin]------------------------=
[2013/05/29 08:45:46] [articles_controller.rb: 1576]
word=欧州
File size=3177------------------------=[end]

[begin]------------------------=
[2013/05/29 08:45:46] [articles_controller.rb: 1576]
word=欧
File size=3326------------------------=[end]

[begin]------------------------=
[2013/05/29 08:45:46] [articles_controller.rb: 1576]
word=EURIBOR
File size=3472------------------------=[end]

[begin]------------------------=
[2013/05/29 08:45:46] [articles_controller.rb: 1576]
word=EURO
File size=3622------------------------=[end]

[begin]------------------------=
[2013/05/29 08:45:46] [articles_controller.rb: 1576]
word=ユーロ
File size=3769------------------------=[end]

[begin]------------------------=
[2013/05/29 08:45:46] [articles_controller.rb: 1576]
word=ロシア
File size=3921------------------------=[end]

[begin]------------------------=
[2013/05/29 08:45:46] [articles_controller.rb: 1576]
word=東欧
File size=4073------------------------=[end]

[begin]------------------------=
[2013/05/29 08:45:46] [articles_controller.rb: 1576]
word=ポーランド
File size=4222------------------------=[end]

[begin]------------------------=
[2013/05/29 08:45:46] [articles_controller.rb: 1576]
word=イギリス
File size=4380------------------------=[end]

[begin]------------------------=
[2013/05/29 08:45:46] [articles_controller.rb: 1576]
word=フランス
File size=4535------------------------=[end]

[begin]------------------------=
[2013/05/29 08:45:46] [articles_controller.rb: 1576]
word=ドイツ
File size=4690------------------------=[end]

[begin]------------------------=
[2013/05/29 08:45:46] [articles_controller.rb: 1576]
word=スペイン
File size=4842------------------------=[end]

[begin]------------------------=
[2013/05/29 08:45:46] [articles_controller.rb: 1576]
word=イタリア
File size=4997------------------------=[end]

[begin]------------------------=
[2013/05/29 08:45:46] [articles_controller.rb: 1576]
word=伊
File size=5152------------------------=[end]

[begin]------------------------=
[2013/05/29 08:45:46] [articles_controller.rb: 1576]
word=ポルトガル
File size=5298------------------------=[end]

[begin]------------------------=
[2013/05/29 08:45:46] [articles_controller.rb: 1576]
word=韓国
File size=5456------------------------=[end]

[begin]------------------------=
[2013/05/29 08:45:46] [articles_controller.rb: 1576]
word=韓
File size=5605------------------------=[end]

[begin]------------------------=
[2013/05/29 08:45:46] [articles_controller.rb: 1576]
word=朝鮮
File size=5751------------------------=[end]

[begin]------------------------=
[2013/05/29 08:45:46] [articles_controller.rb: 1576]
word=サムスン
File size=5900------------------------=[end]

[begin]------------------------=
[2013/05/29 08:45:46] [articles_controller.rb: 1576]
word=現代
File size=6055------------------------=[end]

[begin]------------------------=
[2013/05/29 08:45:46] [articles_controller.rb: 1576]
word=イラン
File size=6204------------------------=[end]

[begin]------------------------=
[2013/05/29 08:45:46] [articles_controller.rb: 1576]
word=シリア
File size=6356------------------------=[end]

[begin]------------------------=
[2013/05/29 08:45:46] [articles_controller.rb: 1576]
word=イラク
File size=6508------------------------=[end]

[begin]------------------------=
[2013/05/29 08:45:46] [articles_controller.rb: 1576]
word=自動車
File size=6660------------------------=[end]

[begin]------------------------=
[2013/05/29 08:45:46] [articles_controller.rb: 1576]
word=乗用車
File size=6812------------------------=[end]

[begin]------------------------=
[2013/05/29 08:45:46] [articles_controller.rb: 1576]
word=日産
File size=6964------------------------=[end]

[begin]------------------------=
[2013/05/29 08:45:46] [articles_controller.rb: 1576]
word=日野
File size=7113------------------------=[end]

[begin]------------------------=
[2013/05/29 08:45:46] [articles_controller.rb: 1576]
word=三菱自
File size=7262------------------------=[end]

[begin]------------------------=
[2013/05/29 08:45:46] [articles_controller.rb: 1576]
word=トヨタ
File size=7414------------------------=[end]

[begin]------------------------=
[2013/05/29 08:45:46] [articles_controller.rb: 1576]
word=ダイハツ
File size=7566------------------------=[end]

[begin]------------------------=
[2013/05/29 08:45:46] [articles_controller.rb: 1576]
word=ホンダ
File size=7721------------------------=[end]

[begin]------------------------=
[2013/05/29 08:45:46] [articles_controller.rb: 1576]
word=マツダ
File size=7873------------------------=[end]

[begin]------------------------=
[2013/05/29 08:45:46] [articles_controller.rb: 1576]
word=ＢＭＷ
File size=8025------------------------=[end]

[begin]------------------------=
[2013/05/29 08:45:46] [articles_controller.rb: 1576]
word=BMW
File size=8177------------------------=[end]

[begin]------------------------=
[2013/05/29 08:45:46] [articles_controller.rb: 1576]
word=ベンツ
File size=8323------------------------=[end]

[begin]------------------------=
[2013/05/29 08:45:46] [articles_controller.rb: 1576]
word=ソニー
File size=8475------------------------=[end]

[begin]------------------------=
[2013/05/29 08:45:46] [articles_controller.rb: 1576]
word=パナソニック
File size=8627------------------------=[end]

[begin]------------------------=
[2013/05/29 08:45:46] [articles_controller.rb: 1576]
word=松下
File size=8788------------------------=[end]

[begin]------------------------=
[2013/05/29 08:45:46] [articles_controller.rb: 1576]
word=シャープ
File size=8937------------------------=[end]

[begin]------------------------=
[2013/05/29 08:45:46] [articles_controller.rb: 1576]
word=東芝
File size=9092------------------------=[end]

[begin]------------------------=
[2013/05/29 08:45:46] [articles_controller.rb: 1576]
word=三菱電
File size=9241------------------------=[end]

[begin]------------------------=
[2013/05/29 08:45:46] [articles_controller.rb: 1576]
word=セイコー
File size=9393------------------------=[end]

[begin]------------------------=
[2013/05/29 08:45:46] [articles_controller.rb: 1576]
word=ガソリン
File size=9548------------------------=[end]

[begin]------------------------=
[2013/05/29 08:45:46] [articles_controller.rb: 1576]
word=ソーラー
File size=9703------------------------=[end]

[begin]------------------------=
[2013/05/29 08:45:46] [articles_controller.rb: 1576]
word=原油
File size=9858------------------------=[end]

[begin]------------------------=
[2013/05/29 08:45:46] [articles_controller.rb: 1576]
word=原発
File size=10007------------------------=[end]

[begin]------------------------=
[2013/05/29 08:45:46] [articles_controller.rb: 1576]
word=石油
File size=10157------------------------=[end]

[begin]------------------------=
[2013/05/29 08:45:46] [articles_controller.rb: 1576]
word=エネルギー
File size=10307------------------------=[end]

[begin]------------------------=
[2013/05/29 08:45:46] [articles_controller.rb: 1576]
word=発電
File size=10466------------------------=[end]

[begin]------------------------=
[2013/05/29 08:45:46] [articles_controller.rb: 1576]
word=火力
File size=10616------------------------=[end]

[begin]------------------------=
[2013/05/29 08:45:46] [articles_controller.rb: 1576]
word=証券
File size=10766------------------------=[end]

[begin]------------------------=
[2013/05/29 08:45:46] [articles_controller.rb: 1576]
word=相場
File size=10916------------------------=[end]

[begin]------------------------=
[2013/05/29 08:45:46] [articles_controller.rb: 1576]
word=円
File size=11066------------------------=[end]

[begin]------------------------=
[2013/05/29 08:45:46] [articles_controller.rb: 1576]
word=日経平均
File size=11213------------------------=[end]

[begin]------------------------=
[2013/05/29 08:45:46] [articles_controller.rb: 1576]
word=ＥＵＲＩＢＯＲ
File size=11369------------------------=[end]

[begin]------------------------=
[2013/05/29 08:45:46] [articles_controller.rb: 1576]
word=米国
File size=11534------------------------=[end]

[begin]------------------------=
[2013/05/29 08:45:46] [articles_controller.rb: 1576]
word=米
File size=11684------------------------=[end]

[begin]------------------------=
[2013/05/29 08:45:46] [articles_controller.rb: 1576]
word=アメリカ
File size=11831------------------------=[end]

[begin]------------------------=
[2013/05/29 08:45:46] [articles_controller.rb: 1576]
word=中国
File size=11987------------------------=[end]

[begin]------------------------=
[2013/05/29 08:45:46] [articles_controller.rb: 1576]
word=中
File size=12137------------------------=[end]

[begin]------------------------=
[2013/05/29 08:45:46] [articles_controller.rb: 1576]
word=ヨーロッパ
File size=12284------------------------=[end]

[begin]------------------------=
[2013/05/29 08:45:46] [articles_controller.rb: 1576]
word=欧州
File size=12443------------------------=[end]

[begin]------------------------=
[2013/05/29 08:45:46] [articles_controller.rb: 1576]
word=欧
File size=12593------------------------=[end]

[begin]------------------------=
[2013/05/29 08:45:46] [articles_controller.rb: 1576]
word=EURIBOR
File size=12740------------------------=[end]

[begin]------------------------=
[2013/05/29 08:45:46] [articles_controller.rb: 1576]
word=EURO
File size=12891------------------------=[end]

[begin]------------------------=
[2013/05/29 08:45:46] [articles_controller.rb: 1576]
word=ユーロ
File size=13039------------------------=[end]

[begin]------------------------=
[2013/05/29 08:45:46] [articles_controller.rb: 1576]
word=ロシア
File size=13192------------------------=[end]

[begin]------------------------=
[2013/05/29 08:45:46] [articles_controller.rb: 1576]
word=東欧
File size=13345------------------------=[end]

[begin]------------------------=
[2013/05/29 08:45:46] [articles_controller.rb: 1576]
word=ポーランド
File size=13495------------------------=[end]

[begin]------------------------=
[2013/05/29 08:45:46] [articles_controller.rb: 1576]
word=イギリス
File size=13654------------------------=[end]

[begin]------------------------=
[2013/05/29 08:45:46] [articles_controller.rb: 1576]
word=フランス
File size=13810------------------------=[end]

[begin]------------------------=
[2013/05/29 08:45:46] [articles_controller.rb: 1576]
word=ドイツ
File size=13966------------------------=[end]

[begin]------------------------=
[2013/05/29 08:45:46] [articles_controller.rb: 1576]
word=スペイン
File size=14119------------------------=[end]

[begin]------------------------=
[2013/05/29 08:45:46] [articles_controller.rb: 1576]
word=イタリア
File size=14275------------------------=[end]

[begin]------------------------=
[2013/05/29 08:45:46] [articles_controller.rb: 1576]
word=伊
File size=14431------------------------=[end]

[begin]------------------------=
[2013/05/29 08:45:46] [articles_controller.rb: 1576]
word=ポルトガル
File size=14578------------------------=[end]

[begin]------------------------=
[2013/05/29 08:45:46] [articles_controller.rb: 1576]
word=韓国
File size=14737------------------------=[end]

[begin]------------------------=
[2013/05/29 08:45:46] [articles_controller.rb: 1576]
word=韓
File size=14887------------------------=[end]

[begin]------------------------=
[2013/05/29 08:45:46] [articles_controller.rb: 1576]
word=朝鮮
File size=15034------------------------=[end]

[begin]------------------------=
[2013/05/29 08:45:46] [articles_controller.rb: 1576]
word=サムスン
File size=15184------------------------=[end]

[begin]------------------------=
[2013/05/29 08:45:46] [articles_controller.rb: 1576]
word=現代
File size=15340------------------------=[end]

[begin]------------------------=
[2013/05/29 08:45:46] [articles_controller.rb: 1576]
word=イラン
File size=15490------------------------=[end]

[begin]------------------------=
[2013/05/29 08:45:46] [articles_controller.rb: 1576]
word=シリア
File size=15643------------------------=[end]

[begin]------------------------=
[2013/05/29 08:45:46] [articles_controller.rb: 1576]
word=イラク
File size=15796------------------------=[end]

[begin]------------------------=
[2013/05/29 08:45:46] [articles_controller.rb: 1576]
word=自動車
File size=15949------------------------=[end]

[begin]------------------------=
[2013/05/29 08:45:46] [articles_controller.rb: 1576]
word=乗用車
File size=16102------------------------=[end]

[begin]------------------------=
[2013/05/29 08:45:46] [articles_controller.rb: 1576]
word=日産
File size=16255------------------------=[end]

[begin]------------------------=
[2013/05/29 08:45:46] [articles_controller.rb: 1576]
word=日野
File size=16405------------------------=[end]

[begin]------------------------=
[2013/05/29 08:45:46] [articles_controller.rb: 1576]
word=三菱自
File size=16555------------------------=[end]

[begin]------------------------=
[2013/05/29 08:45:46] [articles_controller.rb: 1576]
word=トヨタ
File size=16708------------------------=[end]

[begin]------------------------=
[2013/05/29 08:45:46] [articles_controller.rb: 1576]
word=ダイハツ
File size=16861------------------------=[end]

[begin]------------------------=
[2013/05/29 08:45:46] [articles_controller.rb: 1576]
word=ホンダ
File size=17017------------------------=[end]

[begin]------------------------=
[2013/05/29 08:45:46] [articles_controller.rb: 1576]
word=マツダ
File size=17170------------------------=[end]

[begin]------------------------=
[2013/05/29 08:45:46] [articles_controller.rb: 1576]
word=ＢＭＷ
File size=17323------------------------=[end]

[begin]------------------------=
[2013/05/29 08:45:46] [articles_controller.rb: 1576]
word=BMW
File size=17476------------------------=[end]

[begin]------------------------=
[2013/05/29 08:45:46] [articles_controller.rb: 1576]
word=ベンツ
File size=17623------------------------=[end]

[begin]------------------------=
[2013/05/29 08:45:46] [articles_controller.rb: 1576]
word=ソニー
File size=17776------------------------=[end]

[begin]------------------------=
[2013/05/29 08:45:46] [articles_controller.rb: 1576]
word=パナソニック
File size=17929------------------------=[end]

[begin]------------------------=
[2013/05/29 08:45:46] [articles_controller.rb: 1576]
word=松下
File size=18091------------------------=[end]

[begin]------------------------=
[2013/05/29 08:45:46] [articles_controller.rb: 1576]
word=シャープ
File size=18241------------------------=[end]

[begin]------------------------=
[2013/05/29 08:45:46] [articles_controller.rb: 1576]
word=東芝
File size=18397------------------------=[end]

[begin]------------------------=
[2013/05/29 08:45:46] [articles_controller.rb: 1576]
word=三菱電
File size=18547------------------------=[end]

[begin]------------------------=
[2013/05/29 08:45:46] [articles_controller.rb: 1576]
word=セイコー
File size=18700------------------------=[end]

[begin]------------------------=
[2013/05/29 08:45:46] [articles_controller.rb: 1576]
word=ガソリン
File size=18856------------------------=[end]

[begin]------------------------=
[2013/05/29 08:45:46] [articles_controller.rb: 1576]
word=ソーラー
File size=19012------------------------=[end]

[begin]------------------------=
[2013/05/29 08:45:46] [articles_controller.rb: 1576]
word=原油
File size=19168------------------------=[end]

[begin]------------------------=
[2013/05/29 08:45:46] [articles_controller.rb: 1576]
word=原発
File size=19318------------------------=[end]

[begin]------------------------=
[2013/05/29 08:45:46] [articles_controller.rb: 1576]
word=石油
File size=19468------------------------=[end]

[begin]------------------------=
[2013/05/29 08:45:46] [articles_controller.rb: 1576]
word=エネルギー
File size=19618------------------------=[end]

[begin]------------------------=
[2013/05/29 08:45:46] [articles_controller.rb: 1576]
word=発電
File size=19777------------------------=[end]

[begin]------------------------=
[2013/05/29 08:45:46] [articles_controller.rb: 1576]
word=火力
File size=19927------------------------=[end]

