[begin]------------------------=
[2013/05/29 09:11:08] [articles_controller.rb: 1576]
word=中
File size=0------------------------=[end]

[begin]------------------------=
[2013/05/29 09:11:08] [articles_controller.rb: 1576]
word=ヨーロッパ
File size=143------------------------=[end]

[begin]------------------------=
[2013/05/29 09:11:08] [articles_controller.rb: 1576]
word=欧州
File size=300------------------------=[end]

[begin]------------------------=
[2013/05/29 09:11:08] [articles_controller.rb: 1576]
word=欧
File size=448------------------------=[end]

[begin]------------------------=
[2013/05/29 09:11:08] [articles_controller.rb: 1576]
word=EURIBOR
File size=593------------------------=[end]

[begin]------------------------=
[2013/05/29 09:11:08] [articles_controller.rb: 1576]
word=EURO
File size=742------------------------=[end]

[begin]------------------------=
[2013/05/29 09:11:08] [articles_controller.rb: 1576]
word=ユーロ
File size=888------------------------=[end]

[begin]------------------------=
[2013/05/29 09:11:08] [articles_controller.rb: 1576]
word=ロシア
File size=1039------------------------=[end]

[begin]------------------------=
[2013/05/29 09:11:08] [articles_controller.rb: 1576]
word=東欧
File size=1191------------------------=[end]

[begin]------------------------=
[2013/05/29 09:11:08] [articles_controller.rb: 1576]
word=ポーランド
File size=1340------------------------=[end]

[begin]------------------------=
[2013/05/29 09:11:08] [articles_controller.rb: 1576]
word=イギリス
File size=1498------------------------=[end]

[begin]------------------------=
[2013/05/29 09:11:08] [articles_controller.rb: 1576]
word=フランス
File size=1653------------------------=[end]

[begin]------------------------=
[2013/05/29 09:11:08] [articles_controller.rb: 1576]
word=ドイツ
File size=1808------------------------=[end]

[begin]------------------------=
[2013/05/29 09:11:08] [articles_controller.rb: 1576]
word=スペイン
File size=1960------------------------=[end]

[begin]------------------------=
[2013/05/29 09:11:08] [articles_controller.rb: 1576]
word=イタリア
File size=2115------------------------=[end]

[begin]------------------------=
[2013/05/29 09:11:08] [articles_controller.rb: 1576]
word=伊
File size=2270------------------------=[end]

[begin]------------------------=
[2013/05/29 09:11:08] [articles_controller.rb: 1576]
word=ポルトガル
File size=2416------------------------=[end]

[begin]------------------------=
[2013/05/29 09:11:08] [articles_controller.rb: 1576]
word=韓国
File size=2574------------------------=[end]

[begin]------------------------=
[2013/05/29 09:11:08] [articles_controller.rb: 1576]
word=韓
File size=2723------------------------=[end]

[begin]------------------------=
[2013/05/29 09:11:08] [articles_controller.rb: 1576]
word=朝鮮
File size=2869------------------------=[end]

[begin]------------------------=
[2013/05/29 09:11:08] [articles_controller.rb: 1576]
word=サムスン
File size=3018------------------------=[end]

[begin]------------------------=
[2013/05/29 09:11:08] [articles_controller.rb: 1576]
word=現代
File size=3173------------------------=[end]

[begin]------------------------=
[2013/05/29 09:11:08] [articles_controller.rb: 1576]
word=イラン
File size=3322------------------------=[end]

[begin]------------------------=
[2013/05/29 09:11:08] [articles_controller.rb: 1576]
word=シリア
File size=3474------------------------=[end]

[begin]------------------------=
[2013/05/29 09:11:08] [articles_controller.rb: 1576]
word=イラク
File size=3626------------------------=[end]

[begin]------------------------=
[2013/05/29 09:11:08] [articles_controller.rb: 1576]
word=自動車
File size=3778------------------------=[end]

[begin]------------------------=
[2013/05/29 09:11:08] [articles_controller.rb: 1576]
word=乗用車
File size=3930------------------------=[end]

[begin]------------------------=
[2013/05/29 09:11:08] [articles_controller.rb: 1576]
word=日産
File size=4082------------------------=[end]

[begin]------------------------=
[2013/05/29 09:11:08] [articles_controller.rb: 1576]
word=日野
File size=4231------------------------=[end]

[begin]------------------------=
[2013/05/29 09:11:08] [articles_controller.rb: 1576]
word=三菱自
File size=4380------------------------=[end]

[begin]------------------------=
[2013/05/29 09:11:08] [articles_controller.rb: 1576]
word=トヨタ
File size=4532------------------------=[end]

[begin]------------------------=
[2013/05/29 09:11:08] [articles_controller.rb: 1576]
word=ダイハツ
File size=4684------------------------=[end]

[begin]------------------------=
[2013/05/29 09:11:08] [articles_controller.rb: 1576]
word=ホンダ
File size=4839------------------------=[end]

[begin]------------------------=
[2013/05/29 09:11:08] [articles_controller.rb: 1576]
word=マツダ
File size=4991------------------------=[end]

[begin]------------------------=
[2013/05/29 09:11:08] [articles_controller.rb: 1576]
word=ＢＭＷ
File size=5143------------------------=[end]

[begin]------------------------=
[2013/05/29 09:11:08] [articles_controller.rb: 1576]
word=BMW
File size=5295------------------------=[end]

[begin]------------------------=
[2013/05/29 09:11:08] [articles_controller.rb: 1576]
word=ベンツ
File size=5441------------------------=[end]

[begin]------------------------=
[2013/05/29 09:11:08] [articles_controller.rb: 1576]
word=ソニー
File size=5593------------------------=[end]

[begin]------------------------=
[2013/05/29 09:11:08] [articles_controller.rb: 1576]
word=パナソニック
File size=5745------------------------=[end]

[begin]------------------------=
[2013/05/29 09:11:08] [articles_controller.rb: 1576]
word=松下
File size=5906------------------------=[end]

[begin]------------------------=
[2013/05/29 09:11:08] [articles_controller.rb: 1576]
word=シャープ
File size=6055------------------------=[end]

[begin]------------------------=
[2013/05/29 09:11:08] [articles_controller.rb: 1576]
word=東芝
File size=6210------------------------=[end]

[begin]------------------------=
[2013/05/29 09:11:08] [articles_controller.rb: 1576]
word=三菱電
File size=6359------------------------=[end]

[begin]------------------------=
[2013/05/29 09:11:08] [articles_controller.rb: 1576]
word=セイコー
File size=6511------------------------=[end]

[begin]------------------------=
[2013/05/29 09:11:08] [articles_controller.rb: 1576]
word=ガソリン
File size=6666------------------------=[end]

[begin]------------------------=
[2013/05/29 09:11:08] [articles_controller.rb: 1576]
word=ソーラー
File size=6821------------------------=[end]

[begin]------------------------=
[2013/05/29 09:11:08] [articles_controller.rb: 1576]
word=原油
File size=6976------------------------=[end]

[begin]------------------------=
[2013/05/29 09:11:08] [articles_controller.rb: 1576]
word=原発
File size=7125------------------------=[end]

[begin]------------------------=
[2013/05/29 09:11:08] [articles_controller.rb: 1576]
word=石油
File size=7274------------------------=[end]

[begin]------------------------=
[2013/05/29 09:11:08] [articles_controller.rb: 1576]
word=エネルギー
File size=7423------------------------=[end]

[begin]------------------------=
[2013/05/29 09:11:08] [articles_controller.rb: 1576]
word=発電
File size=7581------------------------=[end]

[begin]------------------------=
[2013/05/29 09:11:08] [articles_controller.rb: 1576]
word=火力
File size=7730------------------------=[end]

[begin]------------------------=
[2013/05/29 09:11:08] [articles_controller.rb: 1576]
word=証券
File size=7879------------------------=[end]

[begin]------------------------=
[2013/05/29 09:11:08] [articles_controller.rb: 1576]
word=相場
File size=8028------------------------=[end]

[begin]------------------------=
[2013/05/29 09:11:08] [articles_controller.rb: 1576]
word=円
File size=8177------------------------=[end]

[begin]------------------------=
[2013/05/29 09:11:08] [articles_controller.rb: 1576]
word=日経平均
File size=8323------------------------=[end]

[begin]------------------------=
[2013/05/29 09:11:08] [articles_controller.rb: 1576]
word=ＥＵＲＩＢＯＲ
File size=8478------------------------=[end]

[begin]------------------------=
[2013/05/29 09:11:08] [articles_controller.rb: 1576]
word=米国
File size=8642------------------------=[end]

[begin]------------------------=
[2013/05/29 09:11:08] [articles_controller.rb: 1576]
word=米
File size=8791------------------------=[end]

[begin]------------------------=
[2013/05/29 09:11:08] [articles_controller.rb: 1576]
word=アメリカ
File size=8937------------------------=[end]

[begin]------------------------=
[2013/05/29 09:11:08] [articles_controller.rb: 1576]
word=中国
File size=9092------------------------=[end]

[begin]------------------------=
[2013/05/29 09:11:08] [articles_controller.rb: 1576]
word=中
File size=9241------------------------=[end]

[begin]------------------------=
[2013/05/29 09:11:08] [articles_controller.rb: 1576]
word=ヨーロッパ
File size=9387------------------------=[end]

[begin]------------------------=
[2013/05/29 09:11:08] [articles_controller.rb: 1576]
word=欧州
File size=9545------------------------=[end]

[begin]------------------------=
[2013/05/29 09:11:08] [articles_controller.rb: 1576]
word=欧
File size=9694------------------------=[end]

[begin]------------------------=
[2013/05/29 09:11:08] [articles_controller.rb: 1576]
word=EURIBOR
File size=9840------------------------=[end]

[begin]------------------------=
[2013/05/29 09:11:08] [articles_controller.rb: 1576]
word=EURO
File size=9990------------------------=[end]

[begin]------------------------=
[2013/05/29 09:11:08] [articles_controller.rb: 1576]
word=ユーロ
File size=10137------------------------=[end]

[begin]------------------------=
[2013/05/29 09:11:08] [articles_controller.rb: 1576]
word=ロシア
File size=10290------------------------=[end]

[begin]------------------------=
[2013/05/29 09:11:08] [articles_controller.rb: 1576]
word=東欧
File size=10443------------------------=[end]

[begin]------------------------=
[2013/05/29 09:11:08] [articles_controller.rb: 1576]
word=ポーランド
File size=10593------------------------=[end]

[begin]------------------------=
[2013/05/29 09:11:08] [articles_controller.rb: 1576]
word=イギリス
File size=10752------------------------=[end]

[begin]------------------------=
[2013/05/29 09:11:08] [articles_controller.rb: 1576]
word=フランス
File size=10908------------------------=[end]

[begin]------------------------=
[2013/05/29 09:11:08] [articles_controller.rb: 1576]
word=ドイツ
File size=11064------------------------=[end]

[begin]------------------------=
[2013/05/29 09:11:08] [articles_controller.rb: 1576]
word=スペイン
File size=11217------------------------=[end]

[begin]------------------------=
[2013/05/29 09:11:08] [articles_controller.rb: 1576]
word=イタリア
File size=11373------------------------=[end]

[begin]------------------------=
[2013/05/29 09:11:09] [articles_controller.rb: 1576]
word=伊
File size=11529------------------------=[end]

[begin]------------------------=
[2013/05/29 09:11:09] [articles_controller.rb: 1576]
word=ポルトガル
File size=11676------------------------=[end]

[begin]------------------------=
[2013/05/29 09:11:09] [articles_controller.rb: 1576]
word=韓国
File size=11835------------------------=[end]

[begin]------------------------=
[2013/05/29 09:11:09] [articles_controller.rb: 1576]
word=韓
File size=11985------------------------=[end]

[begin]------------------------=
[2013/05/29 09:11:09] [articles_controller.rb: 1576]
word=朝鮮
File size=12132------------------------=[end]

[begin]------------------------=
[2013/05/29 09:11:09] [articles_controller.rb: 1576]
word=サムスン
File size=12282------------------------=[end]

[begin]------------------------=
[2013/05/29 09:11:09] [articles_controller.rb: 1576]
word=現代
File size=12438------------------------=[end]

[begin]------------------------=
[2013/05/29 09:11:09] [articles_controller.rb: 1576]
word=イラン
File size=12588------------------------=[end]

[begin]------------------------=
[2013/05/29 09:11:09] [articles_controller.rb: 1576]
word=シリア
File size=12741------------------------=[end]

[begin]------------------------=
[2013/05/29 09:11:09] [articles_controller.rb: 1576]
word=イラク
File size=12894------------------------=[end]

[begin]------------------------=
[2013/05/29 09:11:09] [articles_controller.rb: 1576]
word=自動車
File size=13047------------------------=[end]

[begin]------------------------=
[2013/05/29 09:11:09] [articles_controller.rb: 1576]
word=乗用車
File size=13200------------------------=[end]

[begin]------------------------=
[2013/05/29 09:11:09] [articles_controller.rb: 1576]
word=日産
File size=13353------------------------=[end]

[begin]------------------------=
[2013/05/29 09:11:09] [articles_controller.rb: 1576]
word=日野
File size=13503------------------------=[end]

[begin]------------------------=
[2013/05/29 09:11:09] [articles_controller.rb: 1576]
word=三菱自
File size=13653------------------------=[end]

[begin]------------------------=
[2013/05/29 09:11:09] [articles_controller.rb: 1576]
word=トヨタ
File size=13806------------------------=[end]

[begin]------------------------=
[2013/05/29 09:11:09] [articles_controller.rb: 1576]
word=ダイハツ
File size=13959------------------------=[end]

[begin]------------------------=
[2013/05/29 09:11:09] [articles_controller.rb: 1576]
word=ホンダ
File size=14115------------------------=[end]

[begin]------------------------=
[2013/05/29 09:11:09] [articles_controller.rb: 1576]
word=マツダ
File size=14268------------------------=[end]

[begin]------------------------=
[2013/05/29 09:11:09] [articles_controller.rb: 1576]
word=ＢＭＷ
File size=14421------------------------=[end]

[begin]------------------------=
[2013/05/29 09:11:09] [articles_controller.rb: 1576]
word=BMW
File size=14574------------------------=[end]

[begin]------------------------=
[2013/05/29 09:11:09] [articles_controller.rb: 1576]
word=ベンツ
File size=14721------------------------=[end]

[begin]------------------------=
[2013/05/29 09:11:09] [articles_controller.rb: 1576]
word=ソニー
File size=14874------------------------=[end]

[begin]------------------------=
[2013/05/29 09:11:09] [articles_controller.rb: 1576]
word=パナソニック
File size=15027------------------------=[end]

[begin]------------------------=
[2013/05/29 09:11:09] [articles_controller.rb: 1576]
word=松下
File size=15189------------------------=[end]

[begin]------------------------=
[2013/05/29 09:11:09] [articles_controller.rb: 1576]
word=シャープ
File size=15339------------------------=[end]

[begin]------------------------=
[2013/05/29 09:11:09] [articles_controller.rb: 1576]
word=東芝
File size=15495------------------------=[end]

[begin]------------------------=
[2013/05/29 09:11:09] [articles_controller.rb: 1576]
word=三菱電
File size=15645------------------------=[end]

[begin]------------------------=
[2013/05/29 09:11:09] [articles_controller.rb: 1576]
word=セイコー
File size=15798------------------------=[end]

[begin]------------------------=
[2013/05/29 09:11:09] [articles_controller.rb: 1576]
word=ガソリン
File size=15954------------------------=[end]

[begin]------------------------=
[2013/05/29 09:11:09] [articles_controller.rb: 1576]
word=ソーラー
File size=16110------------------------=[end]

[begin]------------------------=
[2013/05/29 09:11:09] [articles_controller.rb: 1576]
word=原油
File size=16266------------------------=[end]

[begin]------------------------=
[2013/05/29 09:11:09] [articles_controller.rb: 1576]
word=原発
File size=16416------------------------=[end]

[begin]------------------------=
[2013/05/29 09:11:09] [articles_controller.rb: 1576]
word=石油
File size=16566------------------------=[end]

[begin]------------------------=
[2013/05/29 09:11:09] [articles_controller.rb: 1576]
word=エネルギー
File size=16716------------------------=[end]

[begin]------------------------=
[2013/05/29 09:11:09] [articles_controller.rb: 1576]
word=発電
File size=16875------------------------=[end]

[begin]------------------------=
[2013/05/29 09:11:09] [articles_controller.rb: 1576]
word=火力
File size=17025------------------------=[end]

[begin]------------------------=
[2013/05/29 09:11:09] [articles_controller.rb: 1576]
word=証券
File size=17175------------------------=[end]

[begin]------------------------=
[2013/05/29 09:11:09] [articles_controller.rb: 1576]
word=相場
File size=17325------------------------=[end]

[begin]------------------------=
[2013/05/29 09:11:09] [articles_controller.rb: 1576]
word=円
File size=17475------------------------=[end]

[begin]------------------------=
[2013/05/29 09:11:09] [articles_controller.rb: 1576]
word=米国
File size=17622------------------------=[end]

[begin]------------------------=
[2013/05/29 09:11:09] [articles_controller.rb: 1576]
word=米
File size=17772------------------------=[end]

[begin]------------------------=
[2013/05/29 09:11:09] [articles_controller.rb: 1576]
word=アメリカ
File size=17919------------------------=[end]

[begin]------------------------=
[2013/05/29 09:11:09] [articles_controller.rb: 1576]
word=中国
File size=18075------------------------=[end]

[begin]------------------------=
[2013/05/29 09:11:09] [articles_controller.rb: 1576]
word=中
File size=18225------------------------=[end]

[begin]------------------------=
[2013/05/29 09:11:09] [articles_controller.rb: 1576]
word=ヨーロッパ
File size=18372------------------------=[end]

[begin]------------------------=
[2013/05/29 09:11:09] [articles_controller.rb: 1576]
word=欧州
File size=18531------------------------=[end]

[begin]------------------------=
[2013/05/29 09:11:09] [articles_controller.rb: 1576]
word=欧
File size=18681------------------------=[end]

[begin]------------------------=
[2013/05/29 09:11:09] [articles_controller.rb: 1576]
word=EURIBOR
File size=18828------------------------=[end]

[begin]------------------------=
[2013/05/29 09:11:09] [articles_controller.rb: 1576]
word=EURO
File size=18979------------------------=[end]

[begin]------------------------=
[2013/05/29 09:11:09] [articles_controller.rb: 1576]
word=ユーロ
File size=19127------------------------=[end]

[begin]------------------------=
[2013/05/29 09:11:09] [articles_controller.rb: 1576]
word=ロシア
File size=19280------------------------=[end]

[begin]------------------------=
[2013/05/29 09:11:09] [articles_controller.rb: 1576]
word=東欧
File size=19433------------------------=[end]

[begin]------------------------=
[2013/05/29 09:11:09] [articles_controller.rb: 1576]
word=ポーランド
File size=19583------------------------=[end]

[begin]------------------------=
[2013/05/29 09:11:09] [articles_controller.rb: 1576]
word=イギリス
File size=19742------------------------=[end]

[begin]------------------------=
[2013/05/29 09:11:09] [articles_controller.rb: 1576]
word=フランス
File size=19898------------------------=[end]

