[begin]------------------------=
[2013/05/29 08:22:29] [articles_controller.rb: 1576]
word=東欧
File size=0------------------------=[end]

[begin]------------------------=
[2013/05/29 08:22:29] [articles_controller.rb: 1576]
word=ポーランド
File size=146------------------------=[end]

[begin]------------------------=
[2013/05/29 08:22:29] [articles_controller.rb: 1576]
word=イギリス
File size=303------------------------=[end]

[begin]------------------------=
[2013/05/29 08:22:29] [articles_controller.rb: 1576]
word=フランス
File size=457------------------------=[end]

[begin]------------------------=
[2013/05/29 08:22:29] [articles_controller.rb: 1576]
word=ドイツ
File size=611------------------------=[end]

[begin]------------------------=
[2013/05/29 08:22:29] [articles_controller.rb: 1576]
word=スペイン
File size=762------------------------=[end]

[begin]------------------------=
[2013/05/29 08:22:29] [articles_controller.rb: 1576]
word=イタリア
File size=916------------------------=[end]

[begin]------------------------=
[2013/05/29 08:22:29] [articles_controller.rb: 1576]
word=伊
File size=1070------------------------=[end]

[begin]------------------------=
[2013/05/29 08:22:29] [articles_controller.rb: 1576]
word=ポルトガル
File size=1216------------------------=[end]

[begin]------------------------=
[2013/05/29 08:22:29] [articles_controller.rb: 1576]
word=韓国
File size=1374------------------------=[end]

[begin]------------------------=
[2013/05/29 08:22:29] [articles_controller.rb: 1576]
word=韓
File size=1523------------------------=[end]

[begin]------------------------=
[2013/05/29 08:22:29] [articles_controller.rb: 1576]
word=朝鮮
File size=1669------------------------=[end]

[begin]------------------------=
[2013/05/29 08:22:29] [articles_controller.rb: 1576]
word=サムスン
File size=1818------------------------=[end]

[begin]------------------------=
[2013/05/29 08:22:29] [articles_controller.rb: 1576]
word=現代
File size=1973------------------------=[end]

[begin]------------------------=
[2013/05/29 08:22:29] [articles_controller.rb: 1576]
word=イラン
File size=2122------------------------=[end]

[begin]------------------------=
[2013/05/29 08:22:29] [articles_controller.rb: 1576]
word=シリア
File size=2274------------------------=[end]

[begin]------------------------=
[2013/05/29 08:22:29] [articles_controller.rb: 1576]
word=イラク
File size=2426------------------------=[end]

[begin]------------------------=
[2013/05/29 08:22:29] [articles_controller.rb: 1576]
word=自動車
File size=2578------------------------=[end]

[begin]------------------------=
[2013/05/29 08:22:29] [articles_controller.rb: 1576]
word=乗用車
File size=2730------------------------=[end]

[begin]------------------------=
[2013/05/29 08:22:29] [articles_controller.rb: 1576]
word=日産
File size=2882------------------------=[end]

[begin]------------------------=
[2013/05/29 08:22:29] [articles_controller.rb: 1576]
word=日野
File size=3031------------------------=[end]

[begin]------------------------=
[2013/05/29 08:22:29] [articles_controller.rb: 1576]
word=三菱自
File size=3180------------------------=[end]

[begin]------------------------=
[2013/05/29 08:22:29] [articles_controller.rb: 1576]
word=トヨタ
File size=3332------------------------=[end]

[begin]------------------------=
[2013/05/29 08:22:29] [articles_controller.rb: 1576]
word=ダイハツ
File size=3484------------------------=[end]

[begin]------------------------=
[2013/05/29 08:22:29] [articles_controller.rb: 1576]
word=ホンダ
File size=3639------------------------=[end]

[begin]------------------------=
[2013/05/29 08:22:29] [articles_controller.rb: 1576]
word=マツダ
File size=3791------------------------=[end]

[begin]------------------------=
[2013/05/29 08:22:29] [articles_controller.rb: 1576]
word=ＢＭＷ
File size=3943------------------------=[end]

[begin]------------------------=
[2013/05/29 08:22:29] [articles_controller.rb: 1576]
word=BMW
File size=4095------------------------=[end]

[begin]------------------------=
[2013/05/29 08:22:29] [articles_controller.rb: 1576]
word=ベンツ
File size=4241------------------------=[end]

[begin]------------------------=
[2013/05/29 08:22:29] [articles_controller.rb: 1576]
word=ソニー
File size=4393------------------------=[end]

[begin]------------------------=
[2013/05/29 08:22:29] [articles_controller.rb: 1576]
word=パナソニック
File size=4545------------------------=[end]

[begin]------------------------=
[2013/05/29 08:22:29] [articles_controller.rb: 1576]
word=松下
File size=4706------------------------=[end]

[begin]------------------------=
[2013/05/29 08:22:29] [articles_controller.rb: 1576]
word=シャープ
File size=4855------------------------=[end]

[begin]------------------------=
[2013/05/29 08:22:29] [articles_controller.rb: 1576]
word=東芝
File size=5010------------------------=[end]

[begin]------------------------=
[2013/05/29 08:22:29] [articles_controller.rb: 1576]
word=三菱電
File size=5159------------------------=[end]

[begin]------------------------=
[2013/05/29 08:22:29] [articles_controller.rb: 1576]
word=セイコー
File size=5311------------------------=[end]

[begin]------------------------=
[2013/05/29 08:22:29] [articles_controller.rb: 1576]
word=ガソリン
File size=5466------------------------=[end]

[begin]------------------------=
[2013/05/29 08:22:29] [articles_controller.rb: 1576]
word=ソーラー
File size=5621------------------------=[end]

[begin]------------------------=
[2013/05/29 08:22:29] [articles_controller.rb: 1576]
word=原油
File size=5776------------------------=[end]

[begin]------------------------=
[2013/05/29 08:22:29] [articles_controller.rb: 1576]
word=原発
File size=5925------------------------=[end]

[begin]------------------------=
[2013/05/29 08:22:29] [articles_controller.rb: 1576]
word=石油
File size=6074------------------------=[end]

[begin]------------------------=
[2013/05/29 08:22:29] [articles_controller.rb: 1576]
word=エネルギー
File size=6223------------------------=[end]

[begin]------------------------=
[2013/05/29 08:22:29] [articles_controller.rb: 1576]
word=発電
File size=6381------------------------=[end]

[begin]------------------------=
[2013/05/29 08:22:29] [articles_controller.rb: 1576]
word=火力
File size=6530------------------------=[end]

[begin]------------------------=
[2013/05/29 08:22:29] [articles_controller.rb: 1576]
word=証券
File size=6679------------------------=[end]

[begin]------------------------=
[2013/05/29 08:22:29] [articles_controller.rb: 1576]
word=相場
File size=6828------------------------=[end]

[begin]------------------------=
[2013/05/29 08:22:29] [articles_controller.rb: 1576]
word=円
File size=6977------------------------=[end]

[begin]------------------------=
[2013/05/29 08:22:29] [articles_controller.rb: 1576]
word=米国
File size=7123------------------------=[end]

[begin]------------------------=
[2013/05/29 08:22:29] [articles_controller.rb: 1576]
word=米
File size=7272------------------------=[end]

[begin]------------------------=
[2013/05/29 08:22:29] [articles_controller.rb: 1576]
word=アメリカ
File size=7418------------------------=[end]

[begin]------------------------=
[2013/05/29 08:22:29] [articles_controller.rb: 1576]
word=中国
File size=7573------------------------=[end]

[begin]------------------------=
[2013/05/29 08:22:29] [articles_controller.rb: 1576]
word=中
File size=7722------------------------=[end]

[begin]------------------------=
[2013/05/29 08:22:29] [articles_controller.rb: 1576]
word=ヨーロッパ
File size=7868------------------------=[end]

[begin]------------------------=
[2013/05/29 08:22:29] [articles_controller.rb: 1576]
word=欧州
File size=8026------------------------=[end]

[begin]------------------------=
[2013/05/29 08:22:29] [articles_controller.rb: 1576]
word=欧
File size=8175------------------------=[end]

[begin]------------------------=
[2013/05/29 08:22:29] [articles_controller.rb: 1576]
word=EURIBOR
File size=8321------------------------=[end]

[begin]------------------------=
[2013/05/29 08:22:29] [articles_controller.rb: 1576]
word=EURO
File size=8471------------------------=[end]

[begin]------------------------=
[2013/05/29 08:22:29] [articles_controller.rb: 1576]
word=ユーロ
File size=8618------------------------=[end]

[begin]------------------------=
[2013/05/29 08:22:29] [articles_controller.rb: 1576]
word=米国
File size=8770------------------------=[end]

[begin]------------------------=
[2013/05/29 08:22:29] [articles_controller.rb: 1576]
word=米
File size=8919------------------------=[end]

[begin]------------------------=
[2013/05/29 08:22:29] [articles_controller.rb: 1576]
word=アメリカ
File size=9065------------------------=[end]

[begin]------------------------=
[2013/05/29 08:22:29] [articles_controller.rb: 1576]
word=中国
File size=9220------------------------=[end]

[begin]------------------------=
[2013/05/29 08:22:29] [articles_controller.rb: 1576]
word=中
File size=9369------------------------=[end]

[begin]------------------------=
[2013/05/29 08:22:29] [articles_controller.rb: 1576]
word=ヨーロッパ
File size=9515------------------------=[end]

[begin]------------------------=
[2013/05/29 08:22:29] [articles_controller.rb: 1576]
word=欧州
File size=9673------------------------=[end]

[begin]------------------------=
[2013/05/29 08:22:29] [articles_controller.rb: 1576]
word=欧
File size=9822------------------------=[end]

[begin]------------------------=
[2013/05/29 08:22:29] [articles_controller.rb: 1576]
word=EURIBOR
File size=9968------------------------=[end]

[begin]------------------------=
[2013/05/29 08:22:29] [articles_controller.rb: 1576]
word=EURO
File size=10118------------------------=[end]

[begin]------------------------=
[2013/05/29 08:22:29] [articles_controller.rb: 1576]
word=ユーロ
File size=10266------------------------=[end]

[begin]------------------------=
[2013/05/29 08:22:29] [articles_controller.rb: 1576]
word=ロシア
File size=10419------------------------=[end]

[begin]------------------------=
[2013/05/29 08:22:29] [articles_controller.rb: 1576]
word=東欧
File size=10572------------------------=[end]

[begin]------------------------=
[2013/05/29 08:22:29] [articles_controller.rb: 1576]
word=ポーランド
File size=10722------------------------=[end]

[begin]------------------------=
[2013/05/29 08:22:29] [articles_controller.rb: 1576]
word=イギリス
File size=10881------------------------=[end]

[begin]------------------------=
[2013/05/29 08:22:29] [articles_controller.rb: 1576]
word=フランス
File size=11037------------------------=[end]

[begin]------------------------=
[2013/05/29 08:22:29] [articles_controller.rb: 1576]
word=ドイツ
File size=11193------------------------=[end]

[begin]------------------------=
[2013/05/29 08:22:29] [articles_controller.rb: 1576]
word=スペイン
File size=11346------------------------=[end]

[begin]------------------------=
[2013/05/29 08:22:29] [articles_controller.rb: 1576]
word=イタリア
File size=11502------------------------=[end]

[begin]------------------------=
[2013/05/29 08:22:29] [articles_controller.rb: 1576]
word=伊
File size=11658------------------------=[end]

[begin]------------------------=
[2013/05/29 08:22:29] [articles_controller.rb: 1576]
word=ポルトガル
File size=11805------------------------=[end]

[begin]------------------------=
[2013/05/29 08:22:29] [articles_controller.rb: 1576]
word=韓国
File size=11964------------------------=[end]

[begin]------------------------=
[2013/05/29 08:22:29] [articles_controller.rb: 1576]
word=韓
File size=12114------------------------=[end]

[begin]------------------------=
[2013/05/29 08:22:29] [articles_controller.rb: 1576]
word=朝鮮
File size=12261------------------------=[end]

[begin]------------------------=
[2013/05/29 08:22:29] [articles_controller.rb: 1576]
word=サムスン
File size=12411------------------------=[end]

[begin]------------------------=
[2013/05/29 08:22:29] [articles_controller.rb: 1576]
word=現代
File size=12567------------------------=[end]

[begin]------------------------=
[2013/05/29 08:22:29] [articles_controller.rb: 1576]
word=イラン
File size=12717------------------------=[end]

[begin]------------------------=
[2013/05/29 08:22:29] [articles_controller.rb: 1576]
word=シリア
File size=12870------------------------=[end]

[begin]------------------------=
[2013/05/29 08:22:29] [articles_controller.rb: 1576]
word=イラク
File size=13023------------------------=[end]

[begin]------------------------=
[2013/05/29 08:22:29] [articles_controller.rb: 1576]
word=自動車
File size=13176------------------------=[end]

[begin]------------------------=
[2013/05/29 08:22:29] [articles_controller.rb: 1576]
word=乗用車
File size=13329------------------------=[end]

[begin]------------------------=
[2013/05/29 08:22:29] [articles_controller.rb: 1576]
word=日産
File size=13482------------------------=[end]

[begin]------------------------=
[2013/05/29 08:22:29] [articles_controller.rb: 1576]
word=日野
File size=13632------------------------=[end]

[begin]------------------------=
[2013/05/29 08:22:29] [articles_controller.rb: 1576]
word=三菱自
File size=13782------------------------=[end]

[begin]------------------------=
[2013/05/29 08:22:29] [articles_controller.rb: 1576]
word=トヨタ
File size=13935------------------------=[end]

[begin]------------------------=
[2013/05/29 08:22:29] [articles_controller.rb: 1576]
word=ダイハツ
File size=14088------------------------=[end]

[begin]------------------------=
[2013/05/29 08:22:29] [articles_controller.rb: 1576]
word=ホンダ
File size=14244------------------------=[end]

[begin]------------------------=
[2013/05/29 08:22:29] [articles_controller.rb: 1576]
word=マツダ
File size=14397------------------------=[end]

[begin]------------------------=
[2013/05/29 08:22:29] [articles_controller.rb: 1576]
word=ＢＭＷ
File size=14550------------------------=[end]

[begin]------------------------=
[2013/05/29 08:22:29] [articles_controller.rb: 1576]
word=BMW
File size=14703------------------------=[end]

[begin]------------------------=
[2013/05/29 08:22:29] [articles_controller.rb: 1576]
word=ベンツ
File size=14850------------------------=[end]

[begin]------------------------=
[2013/05/29 08:22:29] [articles_controller.rb: 1576]
word=ソニー
File size=15003------------------------=[end]

[begin]------------------------=
[2013/05/29 08:22:29] [articles_controller.rb: 1576]
word=パナソニック
File size=15156------------------------=[end]

[begin]------------------------=
[2013/05/29 08:22:29] [articles_controller.rb: 1576]
word=松下
File size=15318------------------------=[end]

[begin]------------------------=
[2013/05/29 08:22:29] [articles_controller.rb: 1576]
word=シャープ
File size=15468------------------------=[end]

[begin]------------------------=
[2013/05/29 08:22:29] [articles_controller.rb: 1576]
word=東芝
File size=15624------------------------=[end]

[begin]------------------------=
[2013/05/29 08:22:29] [articles_controller.rb: 1576]
word=三菱電
File size=15774------------------------=[end]

[begin]------------------------=
[2013/05/29 08:22:29] [articles_controller.rb: 1576]
word=セイコー
File size=15927------------------------=[end]

[begin]------------------------=
[2013/05/29 08:22:29] [articles_controller.rb: 1576]
word=ガソリン
File size=16083------------------------=[end]

[begin]------------------------=
[2013/05/29 08:22:29] [articles_controller.rb: 1576]
word=ソーラー
File size=16239------------------------=[end]

[begin]------------------------=
[2013/05/29 08:22:29] [articles_controller.rb: 1576]
word=原油
File size=16395------------------------=[end]

[begin]------------------------=
[2013/05/29 08:22:29] [articles_controller.rb: 1576]
word=原発
File size=16545------------------------=[end]

[begin]------------------------=
[2013/05/29 08:22:29] [articles_controller.rb: 1576]
word=石油
File size=16695------------------------=[end]

[begin]------------------------=
[2013/05/29 08:22:29] [articles_controller.rb: 1576]
word=エネルギー
File size=16845------------------------=[end]

[begin]------------------------=
[2013/05/29 08:22:29] [articles_controller.rb: 1576]
word=発電
File size=17004------------------------=[end]

[begin]------------------------=
[2013/05/29 08:22:29] [articles_controller.rb: 1576]
word=火力
File size=17154------------------------=[end]

[begin]------------------------=
[2013/05/29 08:22:29] [articles_controller.rb: 1576]
word=証券
File size=17304------------------------=[end]

[begin]------------------------=
[2013/05/29 08:22:29] [articles_controller.rb: 1576]
word=相場
File size=17454------------------------=[end]

[begin]------------------------=
[2013/05/29 08:22:29] [articles_controller.rb: 1576]
word=円
File size=17604------------------------=[end]

[begin]------------------------=
[2013/05/29 08:22:29] [articles_controller.rb: 1576]
word=日経平均
File size=17751------------------------=[end]

[begin]------------------------=
[2013/05/29 08:22:29] [articles_controller.rb: 1576]
word=ＥＵＲＩＢＯＲ
File size=17907------------------------=[end]

[begin]------------------------=
[2013/05/29 08:22:29] [articles_controller.rb: 1576]
word=米国
File size=18072------------------------=[end]

[begin]------------------------=
[2013/05/29 08:22:29] [articles_controller.rb: 1576]
word=米
File size=18222------------------------=[end]

[begin]------------------------=
[2013/05/29 08:22:29] [articles_controller.rb: 1576]
word=アメリカ
File size=18369------------------------=[end]

[begin]------------------------=
[2013/05/29 08:22:29] [articles_controller.rb: 1576]
word=中国
File size=18525------------------------=[end]

[begin]------------------------=
[2013/05/29 08:22:29] [articles_controller.rb: 1576]
word=中
File size=18675------------------------=[end]

[begin]------------------------=
[2013/05/29 08:22:29] [articles_controller.rb: 1576]
word=ヨーロッパ
File size=18822------------------------=[end]

[begin]------------------------=
[2013/05/29 08:22:29] [articles_controller.rb: 1576]
word=欧州
File size=18981------------------------=[end]

[begin]------------------------=
[2013/05/29 08:22:29] [articles_controller.rb: 1576]
word=欧
File size=19131------------------------=[end]

[begin]------------------------=
[2013/05/29 08:22:29] [articles_controller.rb: 1576]
word=EURIBOR
File size=19278------------------------=[end]

[begin]------------------------=
[2013/05/29 08:22:29] [articles_controller.rb: 1576]
word=EURO
File size=19429------------------------=[end]

[begin]------------------------=
[2013/05/29 08:22:29] [articles_controller.rb: 1576]
word=ユーロ
File size=19577------------------------=[end]

[begin]------------------------=
[2013/05/29 08:22:29] [articles_controller.rb: 1576]
word=ロシア
File size=19730------------------------=[end]

[begin]------------------------=
[2013/05/29 08:22:29] [articles_controller.rb: 1576]
word=東欧
File size=19883------------------------=[end]

