[begin]------------------------=
[2013/05/29 08:22:24] [articles_controller.rb: 1576]
word=ソーラー
File size=0------------------------=[end]

[begin]------------------------=
[2013/05/29 08:22:24] [articles_controller.rb: 1576]
word=原油
File size=152------------------------=[end]

[begin]------------------------=
[2013/05/29 08:22:24] [articles_controller.rb: 1576]
word=原発
File size=300------------------------=[end]

[begin]------------------------=
[2013/05/29 08:22:24] [articles_controller.rb: 1576]
word=石油
File size=448------------------------=[end]

[begin]------------------------=
[2013/05/29 08:22:24] [articles_controller.rb: 1576]
word=エネルギー
File size=596------------------------=[end]

[begin]------------------------=
[2013/05/29 08:22:24] [articles_controller.rb: 1576]
word=発電
File size=753------------------------=[end]

[begin]------------------------=
[2013/05/29 08:22:24] [articles_controller.rb: 1576]
word=火力
File size=901------------------------=[end]

[begin]------------------------=
[2013/05/29 08:22:24] [articles_controller.rb: 1576]
word=証券
File size=1049------------------------=[end]

[begin]------------------------=
[2013/05/29 08:22:24] [articles_controller.rb: 1576]
word=相場
File size=1198------------------------=[end]

[begin]------------------------=
[2013/05/29 08:22:24] [articles_controller.rb: 1576]
word=円
File size=1347------------------------=[end]

[begin]------------------------=
[2013/05/29 08:22:24] [articles_controller.rb: 1576]
word=日経平均
File size=1493------------------------=[end]

[begin]------------------------=
[2013/05/29 08:22:24] [articles_controller.rb: 1576]
word=ＥＵＲＩＢＯＲ
File size=1648------------------------=[end]

[begin]------------------------=
[2013/05/29 08:22:24] [articles_controller.rb: 1576]
word=米国
File size=1812------------------------=[end]

[begin]------------------------=
[2013/05/29 08:22:24] [articles_controller.rb: 1576]
word=米
File size=1961------------------------=[end]

[begin]------------------------=
[2013/05/29 08:22:24] [articles_controller.rb: 1576]
word=米国
File size=2107------------------------=[end]

[begin]------------------------=
[2013/05/29 08:22:24] [articles_controller.rb: 1576]
word=米
File size=2256------------------------=[end]

[begin]------------------------=
[2013/05/29 08:22:24] [articles_controller.rb: 1576]
word=アメリカ
File size=2402------------------------=[end]

[begin]------------------------=
[2013/05/29 08:22:24] [articles_controller.rb: 1576]
word=中国
File size=2557------------------------=[end]

[begin]------------------------=
[2013/05/29 08:22:24] [articles_controller.rb: 1576]
word=中
File size=2706------------------------=[end]

[begin]------------------------=
[2013/05/29 08:22:24] [articles_controller.rb: 1576]
word=ヨーロッパ
File size=2852------------------------=[end]

[begin]------------------------=
[2013/05/29 08:22:24] [articles_controller.rb: 1576]
word=欧州
File size=3010------------------------=[end]

[begin]------------------------=
[2013/05/29 08:22:24] [articles_controller.rb: 1576]
word=欧
File size=3159------------------------=[end]

[begin]------------------------=
[2013/05/29 08:22:24] [articles_controller.rb: 1576]
word=EURIBOR
File size=3305------------------------=[end]

[begin]------------------------=
[2013/05/29 08:22:24] [articles_controller.rb: 1576]
word=EURO
File size=3455------------------------=[end]

[begin]------------------------=
[2013/05/29 08:22:24] [articles_controller.rb: 1576]
word=ユーロ
File size=3602------------------------=[end]

[begin]------------------------=
[2013/05/29 08:22:24] [articles_controller.rb: 1576]
word=ロシア
File size=3754------------------------=[end]

[begin]------------------------=
[2013/05/29 08:22:24] [articles_controller.rb: 1576]
word=東欧
File size=3906------------------------=[end]

[begin]------------------------=
[2013/05/29 08:22:24] [articles_controller.rb: 1576]
word=ポーランド
File size=4055------------------------=[end]

[begin]------------------------=
[2013/05/29 08:22:24] [articles_controller.rb: 1576]
word=イギリス
File size=4213------------------------=[end]

[begin]------------------------=
[2013/05/29 08:22:24] [articles_controller.rb: 1576]
word=フランス
File size=4368------------------------=[end]

[begin]------------------------=
[2013/05/29 08:22:24] [articles_controller.rb: 1576]
word=ドイツ
File size=4523------------------------=[end]

[begin]------------------------=
[2013/05/29 08:22:24] [articles_controller.rb: 1576]
word=スペイン
File size=4675------------------------=[end]

[begin]------------------------=
[2013/05/29 08:22:24] [articles_controller.rb: 1576]
word=イタリア
File size=4830------------------------=[end]

[begin]------------------------=
[2013/05/29 08:22:24] [articles_controller.rb: 1576]
word=伊
File size=4985------------------------=[end]

[begin]------------------------=
[2013/05/29 08:22:24] [articles_controller.rb: 1576]
word=ポルトガル
File size=5131------------------------=[end]

[begin]------------------------=
[2013/05/29 08:22:24] [articles_controller.rb: 1576]
word=韓国
File size=5289------------------------=[end]

[begin]------------------------=
[2013/05/29 08:22:24] [articles_controller.rb: 1576]
word=韓
File size=5438------------------------=[end]

[begin]------------------------=
[2013/05/29 08:22:24] [articles_controller.rb: 1576]
word=朝鮮
File size=5584------------------------=[end]

[begin]------------------------=
[2013/05/29 08:22:24] [articles_controller.rb: 1576]
word=サムスン
File size=5733------------------------=[end]

[begin]------------------------=
[2013/05/29 08:22:24] [articles_controller.rb: 1576]
word=現代
File size=5888------------------------=[end]

[begin]------------------------=
[2013/05/29 08:22:24] [articles_controller.rb: 1576]
word=イラン
File size=6037------------------------=[end]

[begin]------------------------=
[2013/05/29 08:22:24] [articles_controller.rb: 1576]
word=シリア
File size=6189------------------------=[end]

[begin]------------------------=
[2013/05/29 08:22:24] [articles_controller.rb: 1576]
word=イラク
File size=6341------------------------=[end]

[begin]------------------------=
[2013/05/29 08:22:24] [articles_controller.rb: 1576]
word=自動車
File size=6493------------------------=[end]

[begin]------------------------=
[2013/05/29 08:22:24] [articles_controller.rb: 1576]
word=乗用車
File size=6645------------------------=[end]

[begin]------------------------=
[2013/05/29 08:22:24] [articles_controller.rb: 1576]
word=日産
File size=6797------------------------=[end]

[begin]------------------------=
[2013/05/29 08:22:24] [articles_controller.rb: 1576]
word=日野
File size=6946------------------------=[end]

[begin]------------------------=
[2013/05/29 08:22:24] [articles_controller.rb: 1576]
word=三菱自
File size=7095------------------------=[end]

[begin]------------------------=
[2013/05/29 08:22:24] [articles_controller.rb: 1576]
word=トヨタ
File size=7247------------------------=[end]

[begin]------------------------=
[2013/05/29 08:22:24] [articles_controller.rb: 1576]
word=ダイハツ
File size=7399------------------------=[end]

[begin]------------------------=
[2013/05/29 08:22:24] [articles_controller.rb: 1576]
word=ホンダ
File size=7554------------------------=[end]

[begin]------------------------=
[2013/05/29 08:22:24] [articles_controller.rb: 1576]
word=マツダ
File size=7706------------------------=[end]

[begin]------------------------=
[2013/05/29 08:22:24] [articles_controller.rb: 1576]
word=ＢＭＷ
File size=7858------------------------=[end]

[begin]------------------------=
[2013/05/29 08:22:24] [articles_controller.rb: 1576]
word=BMW
File size=8010------------------------=[end]

[begin]------------------------=
[2013/05/29 08:22:24] [articles_controller.rb: 1576]
word=ベンツ
File size=8156------------------------=[end]

[begin]------------------------=
[2013/05/29 08:22:24] [articles_controller.rb: 1576]
word=ソニー
File size=8308------------------------=[end]

[begin]------------------------=
[2013/05/29 08:22:24] [articles_controller.rb: 1576]
word=パナソニック
File size=8460------------------------=[end]

[begin]------------------------=
[2013/05/29 08:22:24] [articles_controller.rb: 1576]
word=松下
File size=8621------------------------=[end]

[begin]------------------------=
[2013/05/29 08:22:24] [articles_controller.rb: 1576]
word=シャープ
File size=8770------------------------=[end]

[begin]------------------------=
[2013/05/29 08:22:24] [articles_controller.rb: 1576]
word=東芝
File size=8925------------------------=[end]

[begin]------------------------=
[2013/05/29 08:22:24] [articles_controller.rb: 1576]
word=三菱電
File size=9074------------------------=[end]

[begin]------------------------=
[2013/05/29 08:22:24] [articles_controller.rb: 1576]
word=セイコー
File size=9226------------------------=[end]

[begin]------------------------=
[2013/05/29 08:22:24] [articles_controller.rb: 1576]
word=ガソリン
File size=9381------------------------=[end]

[begin]------------------------=
[2013/05/29 08:22:24] [articles_controller.rb: 1576]
word=ソーラー
File size=9536------------------------=[end]

[begin]------------------------=
[2013/05/29 08:22:24] [articles_controller.rb: 1576]
word=原油
File size=9691------------------------=[end]

[begin]------------------------=
[2013/05/29 08:22:24] [articles_controller.rb: 1576]
word=原発
File size=9840------------------------=[end]

[begin]------------------------=
[2013/05/29 08:22:24] [articles_controller.rb: 1576]
word=石油
File size=9989------------------------=[end]

[begin]------------------------=
[2013/05/29 08:22:24] [articles_controller.rb: 1576]
word=エネルギー
File size=10138------------------------=[end]

[begin]------------------------=
[2013/05/29 08:22:24] [articles_controller.rb: 1576]
word=発電
File size=10297------------------------=[end]

[begin]------------------------=
[2013/05/29 08:22:24] [articles_controller.rb: 1576]
word=火力
File size=10447------------------------=[end]

[begin]------------------------=
[2013/05/29 08:22:24] [articles_controller.rb: 1576]
word=証券
File size=10597------------------------=[end]

[begin]------------------------=
[2013/05/29 08:22:24] [articles_controller.rb: 1576]
word=相場
File size=10747------------------------=[end]

[begin]------------------------=
[2013/05/29 08:22:24] [articles_controller.rb: 1576]
word=円
File size=10897------------------------=[end]

[begin]------------------------=
[2013/05/29 08:22:24] [articles_controller.rb: 1576]
word=日経平均
File size=11044------------------------=[end]

[begin]------------------------=
[2013/05/29 08:22:24] [articles_controller.rb: 1576]
word=ＥＵＲＩＢＯＲ
File size=11200------------------------=[end]

[begin]------------------------=
[2013/05/29 08:22:24] [articles_controller.rb: 1576]
word=米国
File size=11365------------------------=[end]

[begin]------------------------=
[2013/05/29 08:22:24] [articles_controller.rb: 1576]
word=米
File size=11515------------------------=[end]

[begin]------------------------=
[2013/05/29 08:22:24] [articles_controller.rb: 1576]
word=米国
File size=11662------------------------=[end]

[begin]------------------------=
[2013/05/29 08:22:24] [articles_controller.rb: 1576]
word=米
File size=11812------------------------=[end]

[begin]------------------------=
[2013/05/29 08:22:24] [articles_controller.rb: 1576]
word=アメリカ
File size=11959------------------------=[end]

[begin]------------------------=
[2013/05/29 08:22:24] [articles_controller.rb: 1576]
word=中国
File size=12115------------------------=[end]

[begin]------------------------=
[2013/05/29 08:22:24] [articles_controller.rb: 1576]
word=中
File size=12265------------------------=[end]

[begin]------------------------=
[2013/05/29 08:22:24] [articles_controller.rb: 1576]
word=ヨーロッパ
File size=12412------------------------=[end]

[begin]------------------------=
[2013/05/29 08:22:24] [articles_controller.rb: 1576]
word=欧州
File size=12571------------------------=[end]

[begin]------------------------=
[2013/05/29 08:22:24] [articles_controller.rb: 1576]
word=欧
File size=12721------------------------=[end]

[begin]------------------------=
[2013/05/29 08:22:24] [articles_controller.rb: 1576]
word=EURIBOR
File size=12868------------------------=[end]

[begin]------------------------=
[2013/05/29 08:22:24] [articles_controller.rb: 1576]
word=EURO
File size=13019------------------------=[end]

[begin]------------------------=
[2013/05/29 08:22:24] [articles_controller.rb: 1576]
word=ユーロ
File size=13167------------------------=[end]

[begin]------------------------=
[2013/05/29 08:22:24] [articles_controller.rb: 1576]
word=ロシア
File size=13320------------------------=[end]

[begin]------------------------=
[2013/05/29 08:22:24] [articles_controller.rb: 1576]
word=東欧
File size=13473------------------------=[end]

[begin]------------------------=
[2013/05/29 08:22:24] [articles_controller.rb: 1576]
word=ポーランド
File size=13623------------------------=[end]

[begin]------------------------=
[2013/05/29 08:22:24] [articles_controller.rb: 1576]
word=イギリス
File size=13782------------------------=[end]

[begin]------------------------=
[2013/05/29 08:22:24] [articles_controller.rb: 1576]
word=フランス
File size=13938------------------------=[end]

[begin]------------------------=
[2013/05/29 08:22:24] [articles_controller.rb: 1576]
word=ドイツ
File size=14094------------------------=[end]

[begin]------------------------=
[2013/05/29 08:22:24] [articles_controller.rb: 1576]
word=スペイン
File size=14247------------------------=[end]

[begin]------------------------=
[2013/05/29 08:22:24] [articles_controller.rb: 1576]
word=イタリア
File size=14403------------------------=[end]

[begin]------------------------=
[2013/05/29 08:22:24] [articles_controller.rb: 1576]
word=伊
File size=14559------------------------=[end]

[begin]------------------------=
[2013/05/29 08:22:24] [articles_controller.rb: 1576]
word=ポルトガル
File size=14706------------------------=[end]

[begin]------------------------=
[2013/05/29 08:22:24] [articles_controller.rb: 1576]
word=韓国
File size=14865------------------------=[end]

[begin]------------------------=
[2013/05/29 08:22:24] [articles_controller.rb: 1576]
word=韓
File size=15015------------------------=[end]

[begin]------------------------=
[2013/05/29 08:22:24] [articles_controller.rb: 1576]
word=朝鮮
File size=15162------------------------=[end]

[begin]------------------------=
[2013/05/29 08:22:24] [articles_controller.rb: 1576]
word=サムスン
File size=15312------------------------=[end]

[begin]------------------------=
[2013/05/29 08:22:24] [articles_controller.rb: 1576]
word=現代
File size=15468------------------------=[end]

[begin]------------------------=
[2013/05/29 08:22:24] [articles_controller.rb: 1576]
word=イラン
File size=15618------------------------=[end]

[begin]------------------------=
[2013/05/29 08:22:24] [articles_controller.rb: 1576]
word=シリア
File size=15771------------------------=[end]

[begin]------------------------=
[2013/05/29 08:22:24] [articles_controller.rb: 1576]
word=イラク
File size=15924------------------------=[end]

[begin]------------------------=
[2013/05/29 08:22:24] [articles_controller.rb: 1576]
word=自動車
File size=16077------------------------=[end]

[begin]------------------------=
[2013/05/29 08:22:24] [articles_controller.rb: 1576]
word=乗用車
File size=16230------------------------=[end]

[begin]------------------------=
[2013/05/29 08:22:24] [articles_controller.rb: 1576]
word=日産
File size=16383------------------------=[end]

[begin]------------------------=
[2013/05/29 08:22:24] [articles_controller.rb: 1576]
word=日野
File size=16533------------------------=[end]

[begin]------------------------=
[2013/05/29 08:22:24] [articles_controller.rb: 1576]
word=三菱自
File size=16683------------------------=[end]

[begin]------------------------=
[2013/05/29 08:22:24] [articles_controller.rb: 1576]
word=トヨタ
File size=16836------------------------=[end]

[begin]------------------------=
[2013/05/29 08:22:24] [articles_controller.rb: 1576]
word=ダイハツ
File size=16989------------------------=[end]

[begin]------------------------=
[2013/05/29 08:22:24] [articles_controller.rb: 1576]
word=ホンダ
File size=17145------------------------=[end]

[begin]------------------------=
[2013/05/29 08:22:24] [articles_controller.rb: 1576]
word=マツダ
File size=17298------------------------=[end]

[begin]------------------------=
[2013/05/29 08:22:24] [articles_controller.rb: 1576]
word=ＢＭＷ
File size=17451------------------------=[end]

[begin]------------------------=
[2013/05/29 08:22:24] [articles_controller.rb: 1576]
word=BMW
File size=17604------------------------=[end]

[begin]------------------------=
[2013/05/29 08:22:24] [articles_controller.rb: 1576]
word=ベンツ
File size=17751------------------------=[end]

[begin]------------------------=
[2013/05/29 08:22:24] [articles_controller.rb: 1576]
word=ソニー
File size=17904------------------------=[end]

[begin]------------------------=
[2013/05/29 08:22:24] [articles_controller.rb: 1576]
word=パナソニック
File size=18057------------------------=[end]

[begin]------------------------=
[2013/05/29 08:22:24] [articles_controller.rb: 1576]
word=松下
File size=18219------------------------=[end]

[begin]------------------------=
[2013/05/29 08:22:24] [articles_controller.rb: 1576]
word=シャープ
File size=18369------------------------=[end]

[begin]------------------------=
[2013/05/29 08:22:24] [articles_controller.rb: 1576]
word=東芝
File size=18525------------------------=[end]

[begin]------------------------=
[2013/05/29 08:22:24] [articles_controller.rb: 1576]
word=三菱電
File size=18675------------------------=[end]

[begin]------------------------=
[2013/05/29 08:22:24] [articles_controller.rb: 1576]
word=セイコー
File size=18828------------------------=[end]

[begin]------------------------=
[2013/05/29 08:22:24] [articles_controller.rb: 1576]
word=ガソリン
File size=18984------------------------=[end]

[begin]------------------------=
[2013/05/29 08:22:24] [articles_controller.rb: 1576]
word=ソーラー
File size=19140------------------------=[end]

[begin]------------------------=
[2013/05/29 08:22:24] [articles_controller.rb: 1576]
word=原油
File size=19296------------------------=[end]

[begin]------------------------=
[2013/05/29 08:22:24] [articles_controller.rb: 1576]
word=原発
File size=19446------------------------=[end]

[begin]------------------------=
[2013/05/29 08:22:24] [articles_controller.rb: 1576]
word=石油
File size=19596------------------------=[end]

[begin]------------------------=
[2013/05/29 08:22:24] [articles_controller.rb: 1576]
word=エネルギー
File size=19746------------------------=[end]

[begin]------------------------=
[2013/05/29 08:22:24] [articles_controller.rb: 1576]
word=発電
File size=19905------------------------=[end]

