[begin]------------------------=
[2013/05/30 21:07:38] [articles_controller.rb: 1699]
kw=米
File size=0------------------------=[end]

[begin]------------------------=
[2013/05/30 21:07:38] [articles_controller.rb: 1699]
kw=米国
File size=141------------------------=[end]

[begin]------------------------=
[2013/05/30 21:07:38] [articles_controller.rb: 1699]
kw=米
File size=287------------------------=[end]

[begin]------------------------=
[2013/05/30 21:07:38] [articles_controller.rb: 1699]
kw=米国
File size=430------------------------=[end]

[begin]------------------------=
[2013/05/30 21:07:38] [articles_controller.rb: 1699]
kw=米
File size=576------------------------=[end]

[begin]------------------------=
[2013/05/30 21:07:38] [articles_controller.rb: 1699]
kw=米国
File size=719------------------------=[end]

[begin]------------------------=
[2013/05/30 21:07:38] [articles_controller.rb: 1699]
kw=米
File size=865------------------------=[end]

[begin]------------------------=
[2013/05/30 21:07:38] [articles_controller.rb: 1699]
kw=米国
File size=1008------------------------=[end]

[begin]------------------------=
[2013/05/30 21:07:38] [articles_controller.rb: 1699]
kw=米
File size=1155------------------------=[end]

[begin]------------------------=
[2013/05/30 21:07:38] [articles_controller.rb: 1699]
kw=米国
File size=1299------------------------=[end]

[begin]------------------------=
[2013/05/30 21:07:38] [articles_controller.rb: 1699]
kw=米
File size=1446------------------------=[end]

[begin]------------------------=
[2013/05/30 21:07:38] [articles_controller.rb: 1699]
kw=米国
File size=1590------------------------=[end]

[begin]------------------------=
[2013/05/30 21:07:38] [articles_controller.rb: 1699]
kw=米
File size=1737------------------------=[end]

[begin]------------------------=
[2013/05/30 21:07:38] [articles_controller.rb: 1699]
kw=米国
File size=1881------------------------=[end]

[begin]------------------------=
[2013/05/30 21:07:38] [articles_controller.rb: 1699]
kw=米
File size=2028------------------------=[end]

[begin]------------------------=
[2013/05/30 21:07:38] [articles_controller.rb: 1699]
kw=米国
File size=2172------------------------=[end]

[begin]------------------------=
[2013/05/30 21:07:38] [articles_controller.rb: 1699]
kw=米
File size=2319------------------------=[end]

[begin]------------------------=
[2013/05/30 21:07:38] [articles_controller.rb: 1699]
kw=米国
File size=2463------------------------=[end]

[begin]------------------------=
[2013/05/30 21:07:38] [articles_controller.rb: 1699]
kw=米
File size=2610------------------------=[end]

[begin]------------------------=
[2013/05/30 21:07:38] [articles_controller.rb: 1699]
kw=米国
File size=2754------------------------=[end]

[begin]------------------------=
[2013/05/30 21:07:38] [articles_controller.rb: 1699]
kw=米
File size=2901------------------------=[end]

[begin]------------------------=
[2013/05/30 21:07:38] [articles_controller.rb: 1699]
kw=米国
File size=3045------------------------=[end]

[begin]------------------------=
[2013/05/30 21:07:38] [articles_controller.rb: 1699]
kw=米
File size=3192------------------------=[end]

[begin]------------------------=
[2013/05/30 21:07:38] [articles_controller.rb: 1699]
kw=米国
File size=3336------------------------=[end]

[begin]------------------------=
[2013/05/30 21:07:38] [articles_controller.rb: 1699]
kw=米
File size=3483------------------------=[end]

[begin]------------------------=
[2013/05/30 21:07:38] [articles_controller.rb: 1699]
kw=米国
File size=3627------------------------=[end]

[begin]------------------------=
[2013/05/30 21:07:38] [articles_controller.rb: 1699]
kw=米
File size=3774------------------------=[end]

[begin]------------------------=
[2013/05/30 21:07:38] [articles_controller.rb: 1699]
kw=米国
File size=3918------------------------=[end]

[begin]------------------------=
[2013/05/30 21:07:38] [articles_controller.rb: 1699]
kw=米
File size=4065------------------------=[end]

[begin]------------------------=
[2013/05/30 21:07:38] [articles_controller.rb: 1699]
kw=米国
File size=4209------------------------=[end]

[begin]------------------------=
[2013/05/30 21:07:38] [articles_controller.rb: 1699]
kw=米
File size=4356------------------------=[end]

[begin]------------------------=
[2013/05/30 21:07:38] [articles_controller.rb: 1699]
kw=米国
File size=4500------------------------=[end]

[begin]------------------------=
[2013/05/30 21:07:38] [articles_controller.rb: 1699]
kw=米
File size=4647------------------------=[end]

[begin]------------------------=
[2013/05/30 21:07:38] [articles_controller.rb: 1699]
kw=米国
File size=4791------------------------=[end]

[begin]------------------------=
[2013/05/30 21:07:38] [articles_controller.rb: 1699]
kw=米
File size=4938------------------------=[end]

[begin]------------------------=
[2013/05/30 21:07:38] [articles_controller.rb: 1699]
kw=米国
File size=5082------------------------=[end]

[begin]------------------------=
[2013/05/30 21:07:38] [articles_controller.rb: 1699]
kw=米
File size=5229------------------------=[end]

[begin]------------------------=
[2013/05/30 21:07:38] [articles_controller.rb: 1699]
kw=米国
File size=5373------------------------=[end]

[begin]------------------------=
[2013/05/30 21:07:38] [articles_controller.rb: 1699]
kw=米
File size=5520------------------------=[end]

[begin]------------------------=
[2013/05/30 21:07:38] [articles_controller.rb: 1699]
kw=米国
File size=5664------------------------=[end]

[begin]------------------------=
[2013/05/30 21:07:38] [articles_controller.rb: 1699]
kw=米
File size=5811------------------------=[end]

[begin]------------------------=
[2013/05/30 21:07:38] [articles_controller.rb: 1699]
kw=米国
File size=5955------------------------=[end]

[begin]------------------------=
[2013/05/30 21:07:38] [articles_controller.rb: 1699]
kw=米
File size=6102------------------------=[end]

[begin]------------------------=
[2013/05/30 21:07:38] [articles_controller.rb: 1699]
kw=米国
File size=6246------------------------=[end]

[begin]------------------------=
[2013/05/30 21:07:38] [articles_controller.rb: 1699]
kw=米
File size=6393------------------------=[end]

[begin]------------------------=
[2013/05/30 21:07:38] [articles_controller.rb: 1699]
kw=米国
File size=6537------------------------=[end]

[begin]------------------------=
[2013/05/30 21:07:38] [articles_controller.rb: 1699]
kw=米
File size=6684------------------------=[end]

[begin]------------------------=
[2013/05/30 21:07:38] [articles_controller.rb: 1699]
kw=米国
File size=6828------------------------=[end]

[begin]------------------------=
[2013/05/30 21:07:38] [articles_controller.rb: 1699]
kw=米
File size=6975------------------------=[end]

[begin]------------------------=
[2013/05/30 21:07:38] [articles_controller.rb: 1699]
kw=米国
File size=7119------------------------=[end]

[begin]------------------------=
[2013/05/30 21:07:38] [articles_controller.rb: 1699]
kw=米
File size=7266------------------------=[end]

[begin]------------------------=
[2013/05/30 21:07:38] [articles_controller.rb: 1699]
kw=米国
File size=7410------------------------=[end]

[begin]------------------------=
[2013/05/30 21:07:38] [articles_controller.rb: 1699]
kw=米
File size=7557------------------------=[end]

[begin]------------------------=
[2013/05/30 21:07:38] [articles_controller.rb: 1699]
kw=米国
File size=7701------------------------=[end]

[begin]------------------------=
[2013/05/30 21:07:38] [articles_controller.rb: 1699]
kw=米
File size=7848------------------------=[end]

[begin]------------------------=
[2013/05/30 21:07:38] [articles_controller.rb: 1699]
kw=米国
File size=7992------------------------=[end]

[begin]------------------------=
[2013/05/30 21:07:38] [articles_controller.rb: 1699]
kw=米
File size=8139------------------------=[end]

[begin]------------------------=
[2013/05/30 21:07:38] [articles_controller.rb: 1699]
kw=米国
File size=8283------------------------=[end]

[begin]------------------------=
[2013/05/30 21:07:38] [articles_controller.rb: 1699]
kw=米
File size=8430------------------------=[end]

[begin]------------------------=
[2013/05/30 21:07:38] [articles_controller.rb: 1699]
kw=米国
File size=8574------------------------=[end]

[begin]------------------------=
[2013/05/30 21:07:38] [articles_controller.rb: 1699]
kw=米
File size=8721------------------------=[end]

[begin]------------------------=
[2013/05/30 21:07:38] [articles_controller.rb: 1699]
kw=米国
File size=8865------------------------=[end]

[begin]------------------------=
[2013/05/30 21:07:38] [articles_controller.rb: 1699]
kw=米
File size=9012------------------------=[end]

[begin]------------------------=
[2013/05/30 21:07:38] [articles_controller.rb: 1699]
kw=米国
File size=9156------------------------=[end]

[begin]------------------------=
[2013/05/30 21:07:38] [articles_controller.rb: 1699]
kw=米
File size=9303------------------------=[end]

[begin]------------------------=
[2013/05/30 21:07:38] [articles_controller.rb: 1699]
kw=米国
File size=9447------------------------=[end]

[begin]------------------------=
[2013/05/30 21:07:38] [articles_controller.rb: 1699]
kw=米
File size=9594------------------------=[end]

[begin]------------------------=
[2013/05/30 21:07:38] [articles_controller.rb: 1699]
kw=米国
File size=9738------------------------=[end]

[begin]------------------------=
[2013/05/30 21:07:38] [articles_controller.rb: 1699]
kw=米
File size=9885------------------------=[end]

[begin]------------------------=
[2013/05/30 21:07:38] [articles_controller.rb: 1699]
kw=米国
File size=10029------------------------=[end]

[begin]------------------------=
[2013/05/30 21:07:38] [articles_controller.rb: 1699]
kw=米
File size=10177------------------------=[end]

[begin]------------------------=
[2013/05/30 21:07:38] [articles_controller.rb: 1699]
kw=米国
File size=10322------------------------=[end]

[begin]------------------------=
[2013/05/30 21:07:38] [articles_controller.rb: 1699]
kw=米
File size=10470------------------------=[end]

[begin]------------------------=
[2013/05/30 21:07:38] [articles_controller.rb: 1699]
kw=米国
File size=10615------------------------=[end]

[begin]------------------------=
[2013/05/30 21:07:38] [articles_controller.rb: 1699]
kw=米
File size=10763------------------------=[end]

[begin]------------------------=
[2013/05/30 21:07:38] [articles_controller.rb: 1699]
kw=米国
File size=10908------------------------=[end]

[begin]------------------------=
[2013/05/30 21:07:38] [articles_controller.rb: 1699]
kw=米
File size=11056------------------------=[end]

[begin]------------------------=
[2013/05/30 21:07:38] [articles_controller.rb: 1699]
kw=米国
File size=11201------------------------=[end]

[begin]------------------------=
[2013/05/30 21:07:38] [articles_controller.rb: 1699]
kw=米
File size=11349------------------------=[end]

[begin]------------------------=
[2013/05/30 21:07:38] [articles_controller.rb: 1699]
kw=米国
File size=11494------------------------=[end]

[begin]------------------------=
[2013/05/30 21:07:38] [articles_controller.rb: 1699]
kw=米
File size=11642------------------------=[end]

[begin]------------------------=
[2013/05/30 21:07:38] [articles_controller.rb: 1699]
kw=米国
File size=11787------------------------=[end]

[begin]------------------------=
[2013/05/30 21:07:38] [articles_controller.rb: 1699]
kw=米
File size=11935------------------------=[end]

[begin]------------------------=
[2013/05/30 21:07:38] [articles_controller.rb: 1699]
kw=米国
File size=12080------------------------=[end]

[begin]------------------------=
[2013/05/30 21:07:38] [articles_controller.rb: 1699]
kw=米
File size=12228------------------------=[end]

[begin]------------------------=
[2013/05/30 21:07:38] [articles_controller.rb: 1699]
kw=米国
File size=12373------------------------=[end]

[begin]------------------------=
[2013/05/30 21:07:38] [articles_controller.rb: 1699]
kw=米
File size=12521------------------------=[end]

[begin]------------------------=
[2013/05/30 21:07:38] [articles_controller.rb: 1699]
kw=米国
File size=12666------------------------=[end]

[begin]------------------------=
[2013/05/30 21:07:38] [articles_controller.rb: 1699]
kw=米
File size=12814------------------------=[end]

[begin]------------------------=
[2013/05/30 21:07:38] [articles_controller.rb: 1699]
kw=米国
File size=12959------------------------=[end]

[begin]------------------------=
[2013/05/30 21:07:38] [articles_controller.rb: 1699]
kw=米
File size=13107------------------------=[end]

[begin]------------------------=
[2013/05/30 21:07:38] [articles_controller.rb: 1699]
kw=米国
File size=13252------------------------=[end]

[begin]------------------------=
[2013/05/30 21:07:38] [articles_controller.rb: 1699]
kw=米
File size=13400------------------------=[end]

[begin]------------------------=
[2013/05/30 21:07:38] [articles_controller.rb: 1699]
kw=米国
File size=13545------------------------=[end]

[begin]------------------------=
[2013/05/30 21:07:38] [articles_controller.rb: 1699]
kw=米
File size=13693------------------------=[end]

[begin]------------------------=
[2013/05/30 21:07:38] [articles_controller.rb: 1699]
kw=米国
File size=13838------------------------=[end]

[begin]------------------------=
[2013/05/30 21:07:38] [articles_controller.rb: 1699]
kw=米
File size=13986------------------------=[end]

[begin]------------------------=
[2013/05/30 21:07:38] [articles_controller.rb: 1699]
kw=米国
File size=14131------------------------=[end]

[begin]------------------------=
[2013/05/30 21:07:38] [articles_controller.rb: 1699]
kw=米
File size=14279------------------------=[end]

[begin]------------------------=
[2013/05/30 21:07:38] [articles_controller.rb: 1699]
kw=米国
File size=14424------------------------=[end]

[begin]------------------------=
[2013/05/30 21:07:38] [articles_controller.rb: 1699]
kw=米
File size=14572------------------------=[end]

[begin]------------------------=
[2013/05/30 21:07:38] [articles_controller.rb: 1699]
kw=米国
File size=14717------------------------=[end]

[begin]------------------------=
[2013/05/30 21:07:38] [articles_controller.rb: 1699]
kw=米
File size=14865------------------------=[end]

[begin]------------------------=
[2013/05/30 21:07:38] [articles_controller.rb: 1699]
kw=米国
File size=15010------------------------=[end]

[begin]------------------------=
[2013/05/30 21:07:38] [articles_controller.rb: 1699]
kw=米
File size=15158------------------------=[end]

[begin]------------------------=
[2013/05/30 21:07:38] [articles_controller.rb: 1699]
kw=米国
File size=15303------------------------=[end]

[begin]------------------------=
[2013/05/30 21:07:38] [articles_controller.rb: 1699]
kw=米
File size=15451------------------------=[end]

[begin]------------------------=
[2013/05/30 21:07:38] [articles_controller.rb: 1699]
kw=米国
File size=15596------------------------=[end]

[begin]------------------------=
[2013/05/30 21:07:38] [articles_controller.rb: 1699]
kw=米
File size=15744------------------------=[end]

[begin]------------------------=
[2013/05/30 21:07:38] [articles_controller.rb: 1699]
kw=米国
File size=15889------------------------=[end]

[begin]------------------------=
[2013/05/30 21:07:38] [articles_controller.rb: 1699]
kw=米
File size=16037------------------------=[end]

[begin]------------------------=
[2013/05/30 21:07:38] [articles_controller.rb: 1699]
kw=米国
File size=16182------------------------=[end]

[begin]------------------------=
[2013/05/30 21:07:38] [articles_controller.rb: 1699]
kw=米
File size=16330------------------------=[end]

[begin]------------------------=
[2013/05/30 21:07:38] [articles_controller.rb: 1699]
kw=米国
File size=16475------------------------=[end]

[begin]------------------------=
[2013/05/30 21:07:38] [articles_controller.rb: 1699]
kw=米
File size=16623------------------------=[end]

[begin]------------------------=
[2013/05/30 21:07:38] [articles_controller.rb: 1699]
kw=米国
File size=16768------------------------=[end]

[begin]------------------------=
[2013/05/30 21:07:38] [articles_controller.rb: 1699]
kw=米
File size=16916------------------------=[end]

[begin]------------------------=
[2013/05/30 21:07:38] [articles_controller.rb: 1699]
kw=米国
File size=17061------------------------=[end]

[begin]------------------------=
[2013/05/30 21:07:38] [articles_controller.rb: 1699]
kw=米
File size=17209------------------------=[end]

[begin]------------------------=
[2013/05/30 21:07:38] [articles_controller.rb: 1699]
kw=米国
File size=17354------------------------=[end]

[begin]------------------------=
[2013/05/30 21:07:38] [articles_controller.rb: 1699]
kw=米
File size=17502------------------------=[end]

[begin]------------------------=
[2013/05/30 21:07:38] [articles_controller.rb: 1699]
kw=米国
File size=17647------------------------=[end]

[begin]------------------------=
[2013/05/30 21:07:38] [articles_controller.rb: 1699]
kw=米
File size=17795------------------------=[end]

[begin]------------------------=
[2013/05/30 21:07:38] [articles_controller.rb: 1699]
kw=米国
File size=17940------------------------=[end]

[begin]------------------------=
[2013/05/30 21:07:38] [articles_controller.rb: 1699]
kw=米
File size=18088------------------------=[end]

[begin]------------------------=
[2013/05/30 21:07:38] [articles_controller.rb: 1699]
kw=米国
File size=18233------------------------=[end]

[begin]------------------------=
[2013/05/30 21:07:38] [articles_controller.rb: 1699]
kw=米
File size=18381------------------------=[end]

[begin]------------------------=
[2013/05/30 21:07:38] [articles_controller.rb: 1699]
kw=米国
File size=18526------------------------=[end]

[begin]------------------------=
[2013/05/30 21:07:38] [articles_controller.rb: 1699]
kw=米
File size=18674------------------------=[end]

[begin]------------------------=
[2013/05/30 21:07:38] [articles_controller.rb: 1699]
kw=米国
File size=18819------------------------=[end]

[begin]------------------------=
[2013/05/30 21:07:38] [articles_controller.rb: 1699]
kw=米
File size=18967------------------------=[end]

[begin]------------------------=
[2013/05/30 21:07:38] [articles_controller.rb: 1699]
kw=米国
File size=19112------------------------=[end]

[begin]------------------------=
[2013/05/30 21:07:38] [articles_controller.rb: 1699]
kw=米
File size=19260------------------------=[end]

[begin]------------------------=
[2013/05/30 21:07:38] [articles_controller.rb: 1699]
kw=米国
File size=19405------------------------=[end]

[begin]------------------------=
[2013/05/30 21:07:38] [articles_controller.rb: 1699]
kw=米
File size=19553------------------------=[end]

[begin]------------------------=
[2013/05/30 21:07:38] [articles_controller.rb: 1699]
kw=米国
File size=19698------------------------=[end]

[begin]------------------------=
[2013/05/30 21:07:38] [articles_controller.rb: 1699]
kw=米
File size=19846------------------------=[end]

[begin]------------------------=
[2013/05/30 21:07:38] [articles_controller.rb: 1699]
kw=米国
File size=19991------------------------=[end]

[begin]------------------------=
[2013/05/30 21:07:38] [articles_controller.rb: 1699]
kw=米
File size=20139------------------------=[end]

[begin]------------------------=
[2013/05/30 21:07:38] [articles_controller.rb: 1699]
kw=米国
File size=20284------------------------=[end]

[begin]------------------------=
[2013/05/30 21:07:38] [articles_controller.rb: 1699]
kw=米
File size=20432------------------------=[end]

[begin]------------------------=
[2013/05/30 21:07:38] [articles_controller.rb: 1699]
kw=米国
File size=20577------------------------=[end]

[begin]------------------------=
[2013/05/30 21:07:38] [articles_controller.rb: 1699]
kw=米
File size=20725------------------------=[end]

[begin]------------------------=
[2013/05/30 21:07:38] [articles_controller.rb: 1699]
kw=米国
File size=20870------------------------=[end]

[begin]------------------------=
[2013/05/30 21:07:38] [articles_controller.rb: 1699]
kw=米
File size=21018------------------------=[end]

[begin]------------------------=
[2013/05/30 21:07:38] [articles_controller.rb: 1699]
kw=米国
File size=21163------------------------=[end]

[begin]------------------------=
[2013/05/30 21:07:38] [articles_controller.rb: 1699]
kw=米
File size=21311------------------------=[end]

[begin]------------------------=
[2013/05/30 21:10:29] [articles_controller.rb: 1368]

number=3
File size=21456------------------------=[end]

[begin]------------------------=
[2013/05/30 21:10:29] [C:/WORKS/WS/WS_Android~/NewsReader3/app/controllers/articles_controller.rb: 1388]
int
File size=21605------------------------=[end]

[begin]------------------------=
[2013/05/30 21:10:29] [articles_controller.rb: 39]
genre=int
File size=21799------------------------=[end]

[begin]------------------------=
[2013/05/30 21:10:30] [articles_controller.rb: 140]
genre.name =>Overseas
File size=21945------------------------=[end]

[begin]------------------------=
[2013/05/30 21:10:30] [articles_controller.rb: 150]
genre != nil => Overseas
File size=22104------------------------=[end]

[begin]------------------------=
[2013/05/30 21:10:30] [articles_controller.rb: 159]
categories.size=1
File size=22266------------------------=[end]

[begin]------------------------=
[2013/05/30 21:10:30] [articles_controller.rb: 204]
category_names.size=2
File size=22421------------------------=[end]

[begin]------------------------=
[2013/05/30 21:10:30] [articles_controller.rb: 78]
@category_names.size=2
File size=22580------------------------=[end]

[begin]------------------------=
[2013/05/30 21:10:30] [articles_controller.rb: 1298]
category.name=US
File size=22739------------------------=[end]

[begin]------------------------=
[2013/05/30 21:10:30] [articles_controller.rb: 1307]
kws.size=2
File size=22894------------------------=[end]

[begin]------------------------=
[2013/05/30 21:10:30] [articles_controller.rb: 492]
vendor_list.size=0/a_tags_href.size=75
File size=23043------------------------=[end]

[begin]------------------------=
[2013/05/30 21:10:30] [articles_controller.rb: 1643]
category.id.to_s=1
File size=23219------------------------=[end]

[begin]------------------------=
[2013/05/30 21:10:30] [articles_controller.rb: 1699]
kw=米国
File size=23376------------------------=[end]

[begin]------------------------=
[2013/05/30 21:10:30] [articles_controller.rb: 1699]
kw=米
File size=23524------------------------=[end]

[begin]------------------------=
[2013/05/30 21:10:30] [articles_controller.rb: 1699]
kw=米国
File size=23669------------------------=[end]

[begin]------------------------=
[2013/05/30 21:10:30] [articles_controller.rb: 1699]
kw=米
File size=23817------------------------=[end]

[begin]------------------------=
[2013/05/30 21:10:30] [articles_controller.rb: 1699]
kw=米国
File size=23962------------------------=[end]

[begin]------------------------=
[2013/05/30 21:10:30] [articles_controller.rb: 1699]
kw=米
File size=24110------------------------=[end]

[begin]------------------------=
[2013/05/30 21:10:30] [articles_controller.rb: 1699]
kw=米国
File size=24255------------------------=[end]

[begin]------------------------=
[2013/05/30 21:10:30] [articles_controller.rb: 1699]
kw=米
File size=24403------------------------=[end]

[begin]------------------------=
[2013/05/30 21:10:30] [articles_controller.rb: 1699]
kw=米国
File size=24548------------------------=[end]

[begin]------------------------=
[2013/05/30 21:10:30] [articles_controller.rb: 1699]
kw=米
File size=24696------------------------=[end]

[begin]------------------------=
[2013/05/30 21:10:30] [articles_controller.rb: 1699]
kw=米国
File size=24841------------------------=[end]

[begin]------------------------=
[2013/05/30 21:10:30] [articles_controller.rb: 1699]
kw=米
File size=24989------------------------=[end]

[begin]------------------------=
[2013/05/30 21:10:30] [articles_controller.rb: 1699]
kw=米国
File size=25134------------------------=[end]

[begin]------------------------=
[2013/05/30 21:10:30] [articles_controller.rb: 1699]
kw=米
File size=25282------------------------=[end]

[begin]------------------------=
[2013/05/30 21:10:30] [articles_controller.rb: 1699]
kw=米国
File size=25427------------------------=[end]

[begin]------------------------=
[2013/05/30 21:10:30] [articles_controller.rb: 1699]
kw=米
File size=25575------------------------=[end]

[begin]------------------------=
[2013/05/30 21:10:30] [articles_controller.rb: 1699]
kw=米国
File size=25720------------------------=[end]

[begin]------------------------=
[2013/05/30 21:10:30] [articles_controller.rb: 1699]
kw=米
File size=25868------------------------=[end]

[begin]------------------------=
[2013/05/30 21:10:30] [articles_controller.rb: 1699]
kw=米国
File size=26013------------------------=[end]

[begin]------------------------=
[2013/05/30 21:10:30] [articles_controller.rb: 1699]
kw=米
File size=26161------------------------=[end]

[begin]------------------------=
[2013/05/30 21:10:30] [articles_controller.rb: 1699]
kw=米国
File size=26306------------------------=[end]

[begin]------------------------=
[2013/05/30 21:10:30] [articles_controller.rb: 1699]
kw=米
File size=26454------------------------=[end]

[begin]------------------------=
[2013/05/30 21:10:30] [articles_controller.rb: 1699]
kw=米国
File size=26599------------------------=[end]

[begin]------------------------=
[2013/05/30 21:10:30] [articles_controller.rb: 1699]
kw=米
File size=26747------------------------=[end]

[begin]------------------------=
[2013/05/30 21:10:30] [articles_controller.rb: 1699]
kw=米国
File size=26892------------------------=[end]

[begin]------------------------=
[2013/05/30 21:10:30] [articles_controller.rb: 1699]
kw=米
File size=27040------------------------=[end]

[begin]------------------------=
[2013/05/30 21:10:30] [articles_controller.rb: 1699]
kw=米国
File size=27185------------------------=[end]

[begin]------------------------=
[2013/05/30 21:10:30] [articles_controller.rb: 1699]
kw=米
File size=27333------------------------=[end]

[begin]------------------------=
[2013/05/30 21:10:30] [articles_controller.rb: 1699]
kw=米国
File size=27478------------------------=[end]

[begin]------------------------=
[2013/05/30 21:10:30] [articles_controller.rb: 1699]
kw=米
File size=27626------------------------=[end]

[begin]------------------------=
[2013/05/30 21:10:30] [articles_controller.rb: 1699]
kw=米国
File size=27771------------------------=[end]

[begin]------------------------=
[2013/05/30 21:10:31] [articles_controller.rb: 1699]
kw=米
File size=27919------------------------=[end]

[begin]------------------------=
[2013/05/30 21:10:31] [articles_controller.rb: 1699]
kw=米国
File size=28064------------------------=[end]

[begin]------------------------=
[2013/05/30 21:10:31] [articles_controller.rb: 1699]
kw=米
File size=28212------------------------=[end]

[begin]------------------------=
[2013/05/30 21:10:31] [articles_controller.rb: 1699]
kw=米国
File size=28357------------------------=[end]

[begin]------------------------=
[2013/05/30 21:10:31] [articles_controller.rb: 1699]
kw=米
File size=28505------------------------=[end]

[begin]------------------------=
[2013/05/30 21:10:31] [articles_controller.rb: 1699]
kw=米国
File size=28650------------------------=[end]

[begin]------------------------=
[2013/05/30 21:10:31] [articles_controller.rb: 1699]
kw=米
File size=28798------------------------=[end]

[begin]------------------------=
[2013/05/30 21:10:31] [articles_controller.rb: 1699]
kw=米国
File size=28943------------------------=[end]

[begin]------------------------=
[2013/05/30 21:10:31] [articles_controller.rb: 1699]
kw=米
File size=29091------------------------=[end]

[begin]------------------------=
[2013/05/30 21:10:31] [articles_controller.rb: 1699]
kw=米国
File size=29236------------------------=[end]

[begin]------------------------=
[2013/05/30 21:10:31] [articles_controller.rb: 1699]
kw=米
File size=29384------------------------=[end]

[begin]------------------------=
[2013/05/30 21:10:31] [articles_controller.rb: 1699]
kw=米国
File size=29529------------------------=[end]

[begin]------------------------=
[2013/05/30 21:10:31] [articles_controller.rb: 1699]
kw=米
File size=29677------------------------=[end]

[begin]------------------------=
[2013/05/30 21:10:31] [articles_controller.rb: 1699]
kw=米国
File size=29822------------------------=[end]

[begin]------------------------=
[2013/05/30 21:10:31] [articles_controller.rb: 1699]
kw=米
File size=29970------------------------=[end]

[begin]------------------------=
[2013/05/30 21:10:31] [articles_controller.rb: 1699]
kw=米国
File size=30115------------------------=[end]

[begin]------------------------=
[2013/05/30 21:10:31] [articles_controller.rb: 1699]
kw=米
File size=30263------------------------=[end]

[begin]------------------------=
[2013/05/30 21:10:31] [articles_controller.rb: 1699]
kw=米国
File size=30408------------------------=[end]

[begin]------------------------=
[2013/05/30 21:10:31] [articles_controller.rb: 1699]
kw=米
File size=30556------------------------=[end]

[begin]------------------------=
[2013/05/30 21:10:31] [articles_controller.rb: 1699]
kw=米国
File size=30701------------------------=[end]

[begin]------------------------=
[2013/05/30 21:10:31] [articles_controller.rb: 1699]
kw=米
File size=30849------------------------=[end]

[begin]------------------------=
[2013/05/30 21:10:31] [articles_controller.rb: 1699]
kw=米国
File size=30994------------------------=[end]

[begin]------------------------=
[2013/05/30 21:10:31] [articles_controller.rb: 1699]
kw=米
File size=31142------------------------=[end]

[begin]------------------------=
[2013/05/30 21:10:31] [articles_controller.rb: 1699]
kw=米国
File size=31287------------------------=[end]

[begin]------------------------=
[2013/05/30 21:10:31] [articles_controller.rb: 1699]
kw=米
File size=31435------------------------=[end]

[begin]------------------------=
[2013/05/30 21:10:31] [articles_controller.rb: 1699]
kw=米国
File size=31580------------------------=[end]

[begin]------------------------=
[2013/05/30 21:10:31] [articles_controller.rb: 1699]
kw=米
File size=31728------------------------=[end]

[begin]------------------------=
[2013/05/30 21:10:31] [articles_controller.rb: 1699]
kw=米国
File size=31873------------------------=[end]

[begin]------------------------=
[2013/05/30 21:10:31] [articles_controller.rb: 1699]
kw=米
File size=32021------------------------=[end]

[begin]------------------------=
[2013/05/30 21:10:31] [articles_controller.rb: 1699]
kw=米国
File size=32166------------------------=[end]

[begin]------------------------=
[2013/05/30 21:10:31] [articles_controller.rb: 1699]
kw=米
File size=32314------------------------=[end]

[begin]------------------------=
[2013/05/30 21:10:31] [articles_controller.rb: 1699]
kw=米国
File size=32459------------------------=[end]

[begin]------------------------=
[2013/05/30 21:10:31] [articles_controller.rb: 1699]
kw=米
File size=32607------------------------=[end]

[begin]------------------------=
[2013/05/30 21:10:31] [articles_controller.rb: 1699]
kw=米国
File size=32752------------------------=[end]

[begin]------------------------=
[2013/05/30 21:10:31] [articles_controller.rb: 1699]
kw=米
File size=32900------------------------=[end]

[begin]------------------------=
[2013/05/30 21:10:31] [articles_controller.rb: 1699]
kw=米国
File size=33045------------------------=[end]

[begin]------------------------=
[2013/05/30 21:10:31] [articles_controller.rb: 1699]
kw=米
File size=33193------------------------=[end]

[begin]------------------------=
[2013/05/30 21:10:31] [articles_controller.rb: 1699]
kw=米国
File size=33338------------------------=[end]

[begin]------------------------=
[2013/05/30 21:10:31] [articles_controller.rb: 1699]
kw=米
File size=33486------------------------=[end]

[begin]------------------------=
[2013/05/30 21:10:31] [articles_controller.rb: 1699]
kw=米国
File size=33631------------------------=[end]

[begin]------------------------=
[2013/05/30 21:10:31] [articles_controller.rb: 1699]
kw=米
File size=33779------------------------=[end]

[begin]------------------------=
[2013/05/30 21:10:31] [articles_controller.rb: 1699]
kw=米国
File size=33924------------------------=[end]

[begin]------------------------=
[2013/05/30 21:10:31] [articles_controller.rb: 1699]
kw=米
File size=34072------------------------=[end]

[begin]------------------------=
[2013/05/30 21:10:31] [articles_controller.rb: 1699]
kw=米国
File size=34217------------------------=[end]

[begin]------------------------=
[2013/05/30 21:10:31] [articles_controller.rb: 1699]
kw=米
File size=34365------------------------=[end]

[begin]------------------------=
[2013/05/30 21:10:31] [articles_controller.rb: 1699]
kw=米国
File size=34510------------------------=[end]

[begin]------------------------=
[2013/05/30 21:10:31] [articles_controller.rb: 1699]
kw=米
File size=34658------------------------=[end]

[begin]------------------------=
[2013/05/30 21:10:31] [articles_controller.rb: 1699]
kw=米国
File size=34803------------------------=[end]

[begin]------------------------=
[2013/05/30 21:10:31] [articles_controller.rb: 1699]
kw=米
File size=34951------------------------=[end]

[begin]------------------------=
[2013/05/30 21:10:31] [articles_controller.rb: 1699]
kw=米国
File size=35096------------------------=[end]

[begin]------------------------=
[2013/05/30 21:10:31] [articles_controller.rb: 1699]
kw=米
File size=35244------------------------=[end]

[begin]------------------------=
[2013/05/30 21:10:31] [articles_controller.rb: 1699]
kw=米国
File size=35389------------------------=[end]

[begin]------------------------=
[2013/05/30 21:10:31] [articles_controller.rb: 1699]
kw=米
File size=35537------------------------=[end]

[begin]------------------------=
[2013/05/30 21:10:31] [articles_controller.rb: 1699]
kw=米国
File size=35682------------------------=[end]

[begin]------------------------=
[2013/05/30 21:10:31] [articles_controller.rb: 1699]
kw=米
File size=35830------------------------=[end]

[begin]------------------------=
[2013/05/30 21:10:31] [articles_controller.rb: 1699]
kw=米国
File size=35975------------------------=[end]

[begin]------------------------=
[2013/05/30 21:10:31] [articles_controller.rb: 1699]
kw=米
File size=36123------------------------=[end]

[begin]------------------------=
[2013/05/30 21:10:31] [articles_controller.rb: 1699]
kw=米国
File size=36268------------------------=[end]

[begin]------------------------=
[2013/05/30 21:10:31] [articles_controller.rb: 1699]
kw=米
File size=36416------------------------=[end]

[begin]------------------------=
[2013/05/30 21:10:31] [articles_controller.rb: 1699]
kw=米国
File size=36561------------------------=[end]

[begin]------------------------=
[2013/05/30 21:10:31] [articles_controller.rb: 1699]
kw=米
File size=36709------------------------=[end]

[begin]------------------------=
[2013/05/30 21:10:31] [articles_controller.rb: 1699]
kw=米国
File size=36854------------------------=[end]

[begin]------------------------=
[2013/05/30 21:10:31] [articles_controller.rb: 1699]
kw=米
File size=37002------------------------=[end]

[begin]------------------------=
[2013/05/30 21:10:31] [articles_controller.rb: 1699]
kw=米国
File size=37147------------------------=[end]

[begin]------------------------=
[2013/05/30 21:10:31] [articles_controller.rb: 1699]
kw=米
File size=37295------------------------=[end]

[begin]------------------------=
[2013/05/30 21:10:31] [articles_controller.rb: 1699]
kw=米国
File size=37440------------------------=[end]

[begin]------------------------=
[2013/05/30 21:10:31] [articles_controller.rb: 1699]
kw=米
File size=37588------------------------=[end]

[begin]------------------------=
[2013/05/30 21:10:31] [articles_controller.rb: 1699]
kw=米国
File size=37733------------------------=[end]

[begin]------------------------=
[2013/05/30 21:10:31] [articles_controller.rb: 1699]
kw=米
File size=37881------------------------=[end]

[begin]------------------------=
[2013/05/30 21:10:31] [articles_controller.rb: 1699]
kw=米国
File size=38026------------------------=[end]

[begin]------------------------=
[2013/05/30 21:10:31] [articles_controller.rb: 1699]
kw=米
File size=38174------------------------=[end]

[begin]------------------------=
[2013/05/30 21:10:31] [articles_controller.rb: 1699]
kw=米国
File size=38319------------------------=[end]

[begin]------------------------=
[2013/05/30 21:10:31] [articles_controller.rb: 1699]
kw=米
File size=38467------------------------=[end]

[begin]------------------------=
[2013/05/30 21:10:31] [articles_controller.rb: 1699]
kw=米国
File size=38612------------------------=[end]

[begin]------------------------=
[2013/05/30 21:10:31] [articles_controller.rb: 1699]
kw=米
File size=38760------------------------=[end]

[begin]------------------------=
[2013/05/30 21:10:31] [articles_controller.rb: 1699]
kw=米国
File size=38905------------------------=[end]

[begin]------------------------=
[2013/05/30 21:10:31] [articles_controller.rb: 1699]
kw=米
File size=39053------------------------=[end]

[begin]------------------------=
[2013/05/30 21:10:31] [articles_controller.rb: 1699]
kw=米国
File size=39198------------------------=[end]

[begin]------------------------=
[2013/05/30 21:10:31] [articles_controller.rb: 1699]
kw=米
File size=39346------------------------=[end]

[begin]------------------------=
[2013/05/30 21:10:31] [articles_controller.rb: 1699]
kw=米国
File size=39491------------------------=[end]

[begin]------------------------=
[2013/05/30 21:10:31] [articles_controller.rb: 1699]
kw=米
File size=39639------------------------=[end]

[begin]------------------------=
[2013/05/30 21:10:31] [articles_controller.rb: 1699]
kw=米国
File size=39784------------------------=[end]

[begin]------------------------=
[2013/05/30 21:10:31] [articles_controller.rb: 1699]
kw=米
File size=39932------------------------=[end]

