[begin]------------------------=
[2013/05/29 08:49:32] [articles_controller.rb: 1576]
word=伊
File size=0------------------------=[end]

[begin]------------------------=
[2013/05/29 08:49:32] [articles_controller.rb: 1576]
word=ポルトガル
File size=143------------------------=[end]

[begin]------------------------=
[2013/05/29 08:49:32] [articles_controller.rb: 1576]
word=韓国
File size=300------------------------=[end]

[begin]------------------------=
[2013/05/29 08:49:32] [articles_controller.rb: 1576]
word=韓
File size=448------------------------=[end]

[begin]------------------------=
[2013/05/29 08:49:32] [articles_controller.rb: 1576]
word=朝鮮
File size=593------------------------=[end]

[begin]------------------------=
[2013/05/29 08:49:32] [articles_controller.rb: 1576]
word=サムスン
File size=741------------------------=[end]

[begin]------------------------=
[2013/05/29 08:49:32] [articles_controller.rb: 1576]
word=現代
File size=895------------------------=[end]

[begin]------------------------=
[2013/05/29 08:49:32] [articles_controller.rb: 1576]
word=イラン
File size=1043------------------------=[end]

[begin]------------------------=
[2013/05/29 08:49:32] [articles_controller.rb: 1576]
word=シリア
File size=1195------------------------=[end]

[begin]------------------------=
[2013/05/29 08:49:32] [articles_controller.rb: 1576]
word=イラク
File size=1347------------------------=[end]

[begin]------------------------=
[2013/05/29 08:49:32] [articles_controller.rb: 1576]
word=自動車
File size=1499------------------------=[end]

[begin]------------------------=
[2013/05/29 08:49:32] [articles_controller.rb: 1576]
word=乗用車
File size=1651------------------------=[end]

[begin]------------------------=
[2013/05/29 08:49:32] [articles_controller.rb: 1576]
word=日産
File size=1803------------------------=[end]

[begin]------------------------=
[2013/05/29 08:49:32] [articles_controller.rb: 1576]
word=日野
File size=1952------------------------=[end]

[begin]------------------------=
[2013/05/29 08:49:32] [articles_controller.rb: 1576]
word=三菱自
File size=2101------------------------=[end]

[begin]------------------------=
[2013/05/29 08:49:32] [articles_controller.rb: 1576]
word=トヨタ
File size=2253------------------------=[end]

[begin]------------------------=
[2013/05/29 08:49:32] [articles_controller.rb: 1576]
word=ダイハツ
File size=2405------------------------=[end]

[begin]------------------------=
[2013/05/29 08:49:32] [articles_controller.rb: 1576]
word=ホンダ
File size=2560------------------------=[end]

[begin]------------------------=
[2013/05/29 08:49:32] [articles_controller.rb: 1576]
word=マツダ
File size=2712------------------------=[end]

[begin]------------------------=
[2013/05/29 08:49:32] [articles_controller.rb: 1576]
word=ＢＭＷ
File size=2864------------------------=[end]

[begin]------------------------=
[2013/05/29 08:49:32] [articles_controller.rb: 1576]
word=BMW
File size=3016------------------------=[end]

[begin]------------------------=
[2013/05/29 08:49:32] [articles_controller.rb: 1576]
word=ベンツ
File size=3162------------------------=[end]

[begin]------------------------=
[2013/05/29 08:49:32] [articles_controller.rb: 1576]
word=ソニー
File size=3314------------------------=[end]

[begin]------------------------=
[2013/05/29 08:49:32] [articles_controller.rb: 1576]
word=パナソニック
File size=3466------------------------=[end]

[begin]------------------------=
[2013/05/29 08:49:32] [articles_controller.rb: 1576]
word=松下
File size=3627------------------------=[end]

[begin]------------------------=
[2013/05/29 08:49:32] [articles_controller.rb: 1576]
word=シャープ
File size=3776------------------------=[end]

[begin]------------------------=
[2013/05/29 08:49:32] [articles_controller.rb: 1576]
word=東芝
File size=3931------------------------=[end]

[begin]------------------------=
[2013/05/29 08:49:32] [articles_controller.rb: 1576]
word=三菱電
File size=4080------------------------=[end]

[begin]------------------------=
[2013/05/29 08:49:32] [articles_controller.rb: 1576]
word=セイコー
File size=4232------------------------=[end]

[begin]------------------------=
[2013/05/29 08:49:32] [articles_controller.rb: 1576]
word=ガソリン
File size=4387------------------------=[end]

[begin]------------------------=
[2013/05/29 08:49:32] [articles_controller.rb: 1576]
word=ソーラー
File size=4542------------------------=[end]

[begin]------------------------=
[2013/05/29 08:49:32] [articles_controller.rb: 1576]
word=原油
File size=4697------------------------=[end]

[begin]------------------------=
[2013/05/29 08:49:32] [articles_controller.rb: 1576]
word=原発
File size=4846------------------------=[end]

[begin]------------------------=
[2013/05/29 08:49:32] [articles_controller.rb: 1576]
word=石油
File size=4995------------------------=[end]

[begin]------------------------=
[2013/05/29 08:49:32] [articles_controller.rb: 1576]
word=エネルギー
File size=5144------------------------=[end]

[begin]------------------------=
[2013/05/29 08:49:32] [articles_controller.rb: 1576]
word=発電
File size=5302------------------------=[end]

[begin]------------------------=
[2013/05/29 08:49:32] [articles_controller.rb: 1576]
word=火力
File size=5451------------------------=[end]

[begin]------------------------=
[2013/05/29 08:49:32] [articles_controller.rb: 1576]
word=証券
File size=5600------------------------=[end]

[begin]------------------------=
[2013/05/29 08:49:32] [articles_controller.rb: 1576]
word=相場
File size=5749------------------------=[end]

[begin]------------------------=
[2013/05/29 08:49:32] [articles_controller.rb: 1576]
word=円
File size=5898------------------------=[end]

[begin]------------------------=
[2013/05/29 08:49:32] [articles_controller.rb: 1576]
word=日経平均
File size=6044------------------------=[end]

[begin]------------------------=
[2013/05/29 08:49:32] [articles_controller.rb: 1576]
word=ＥＵＲＩＢＯＲ
File size=6199------------------------=[end]

[begin]------------------------=
[2013/05/29 08:49:32] [articles_controller.rb: 1576]
word=米国
File size=6363------------------------=[end]

[begin]------------------------=
[2013/05/29 08:49:32] [articles_controller.rb: 1576]
word=米
File size=6512------------------------=[end]

[begin]------------------------=
[2013/05/29 08:49:32] [articles_controller.rb: 1576]
word=アメリカ
File size=6658------------------------=[end]

[begin]------------------------=
[2013/05/29 08:49:32] [articles_controller.rb: 1576]
word=中国
File size=6813------------------------=[end]

[begin]------------------------=
[2013/05/29 08:49:32] [articles_controller.rb: 1576]
word=中
File size=6962------------------------=[end]

[begin]------------------------=
[2013/05/29 08:49:32] [articles_controller.rb: 1576]
word=ヨーロッパ
File size=7108------------------------=[end]

[begin]------------------------=
[2013/05/29 08:49:32] [articles_controller.rb: 1576]
word=欧州
File size=7266------------------------=[end]

[begin]------------------------=
[2013/05/29 08:49:32] [articles_controller.rb: 1576]
word=欧
File size=7415------------------------=[end]

[begin]------------------------=
[2013/05/29 08:49:32] [articles_controller.rb: 1576]
word=EURIBOR
File size=7561------------------------=[end]

[begin]------------------------=
[2013/05/29 08:49:32] [articles_controller.rb: 1576]
word=EURO
File size=7711------------------------=[end]

[begin]------------------------=
[2013/05/29 08:49:32] [articles_controller.rb: 1576]
word=ユーロ
File size=7858------------------------=[end]

[begin]------------------------=
[2013/05/29 08:49:32] [articles_controller.rb: 1576]
word=ロシア
File size=8010------------------------=[end]

[begin]------------------------=
[2013/05/29 08:49:32] [articles_controller.rb: 1576]
word=東欧
File size=8162------------------------=[end]

[begin]------------------------=
[2013/05/29 08:49:32] [articles_controller.rb: 1576]
word=ポーランド
File size=8311------------------------=[end]

[begin]------------------------=
[2013/05/29 08:49:32] [articles_controller.rb: 1576]
word=イギリス
File size=8469------------------------=[end]

[begin]------------------------=
[2013/05/29 08:49:32] [articles_controller.rb: 1576]
word=フランス
File size=8624------------------------=[end]

[begin]------------------------=
[2013/05/29 08:49:32] [articles_controller.rb: 1576]
word=ドイツ
File size=8779------------------------=[end]

[begin]------------------------=
[2013/05/29 08:49:32] [articles_controller.rb: 1576]
word=スペイン
File size=8931------------------------=[end]

[begin]------------------------=
[2013/05/29 08:49:32] [articles_controller.rb: 1576]
word=イタリア
File size=9086------------------------=[end]

[begin]------------------------=
[2013/05/29 08:49:32] [articles_controller.rb: 1576]
word=伊
File size=9241------------------------=[end]

[begin]------------------------=
[2013/05/29 08:49:32] [articles_controller.rb: 1576]
word=ポルトガル
File size=9387------------------------=[end]

[begin]------------------------=
[2013/05/29 08:49:32] [articles_controller.rb: 1576]
word=韓国
File size=9545------------------------=[end]

[begin]------------------------=
[2013/05/29 08:49:32] [articles_controller.rb: 1576]
word=韓
File size=9694------------------------=[end]

[begin]------------------------=
[2013/05/29 08:49:32] [articles_controller.rb: 1576]
word=朝鮮
File size=9840------------------------=[end]

[begin]------------------------=
[2013/05/29 08:49:32] [articles_controller.rb: 1576]
word=サムスン
File size=9989------------------------=[end]

[begin]------------------------=
[2013/05/29 08:49:32] [articles_controller.rb: 1576]
word=現代
File size=10144------------------------=[end]

[begin]------------------------=
[2013/05/29 08:49:32] [articles_controller.rb: 1576]
word=イラン
File size=10294------------------------=[end]

[begin]------------------------=
[2013/05/29 08:49:32] [articles_controller.rb: 1576]
word=シリア
File size=10447------------------------=[end]

[begin]------------------------=
[2013/05/29 08:49:32] [articles_controller.rb: 1576]
word=イラク
File size=10600------------------------=[end]

[begin]------------------------=
[2013/05/29 08:49:32] [articles_controller.rb: 1576]
word=自動車
File size=10753------------------------=[end]

[begin]------------------------=
[2013/05/29 08:49:32] [articles_controller.rb: 1576]
word=乗用車
File size=10906------------------------=[end]

[begin]------------------------=
[2013/05/29 08:49:32] [articles_controller.rb: 1576]
word=日産
File size=11059------------------------=[end]

[begin]------------------------=
[2013/05/29 08:49:32] [articles_controller.rb: 1576]
word=日野
File size=11209------------------------=[end]

[begin]------------------------=
[2013/05/29 08:49:32] [articles_controller.rb: 1576]
word=三菱自
File size=11359------------------------=[end]

[begin]------------------------=
[2013/05/29 08:49:32] [articles_controller.rb: 1576]
word=トヨタ
File size=11512------------------------=[end]

[begin]------------------------=
[2013/05/29 08:49:32] [articles_controller.rb: 1576]
word=ダイハツ
File size=11665------------------------=[end]

[begin]------------------------=
[2013/05/29 08:49:32] [articles_controller.rb: 1576]
word=ホンダ
File size=11821------------------------=[end]

[begin]------------------------=
[2013/05/29 08:49:32] [articles_controller.rb: 1576]
word=マツダ
File size=11974------------------------=[end]

[begin]------------------------=
[2013/05/29 08:49:32] [articles_controller.rb: 1576]
word=ＢＭＷ
File size=12127------------------------=[end]

[begin]------------------------=
[2013/05/29 08:49:32] [articles_controller.rb: 1576]
word=BMW
File size=12280------------------------=[end]

[begin]------------------------=
[2013/05/29 08:49:32] [articles_controller.rb: 1576]
word=ベンツ
File size=12427------------------------=[end]

[begin]------------------------=
[2013/05/29 08:49:32] [articles_controller.rb: 1576]
word=ソニー
File size=12580------------------------=[end]

[begin]------------------------=
[2013/05/29 08:49:32] [articles_controller.rb: 1576]
word=パナソニック
File size=12733------------------------=[end]

[begin]------------------------=
[2013/05/29 08:49:32] [articles_controller.rb: 1576]
word=松下
File size=12895------------------------=[end]

[begin]------------------------=
[2013/05/29 08:49:32] [articles_controller.rb: 1576]
word=シャープ
File size=13045------------------------=[end]

[begin]------------------------=
[2013/05/29 08:49:32] [articles_controller.rb: 1576]
word=東芝
File size=13201------------------------=[end]

[begin]------------------------=
[2013/05/29 08:49:32] [articles_controller.rb: 1576]
word=三菱電
File size=13351------------------------=[end]

[begin]------------------------=
[2013/05/29 08:49:32] [articles_controller.rb: 1576]
word=セイコー
File size=13504------------------------=[end]

[begin]------------------------=
[2013/05/29 08:49:32] [articles_controller.rb: 1576]
word=ガソリン
File size=13660------------------------=[end]

[begin]------------------------=
[2013/05/29 08:49:32] [articles_controller.rb: 1576]
word=ソーラー
File size=13816------------------------=[end]

[begin]------------------------=
[2013/05/29 08:49:32] [articles_controller.rb: 1576]
word=原油
File size=13972------------------------=[end]

[begin]------------------------=
[2013/05/29 08:49:32] [articles_controller.rb: 1576]
word=原発
File size=14122------------------------=[end]

[begin]------------------------=
[2013/05/29 08:49:32] [articles_controller.rb: 1576]
word=石油
File size=14272------------------------=[end]

[begin]------------------------=
[2013/05/29 08:49:32] [articles_controller.rb: 1576]
word=エネルギー
File size=14422------------------------=[end]

[begin]------------------------=
[2013/05/29 08:49:32] [articles_controller.rb: 1576]
word=発電
File size=14581------------------------=[end]

[begin]------------------------=
[2013/05/29 08:49:32] [articles_controller.rb: 1576]
word=火力
File size=14731------------------------=[end]

[begin]------------------------=
[2013/05/29 08:49:32] [articles_controller.rb: 1576]
word=証券
File size=14881------------------------=[end]

[begin]------------------------=
[2013/05/29 08:49:32] [articles_controller.rb: 1576]
word=相場
File size=15031------------------------=[end]

[begin]------------------------=
[2013/05/29 08:49:32] [articles_controller.rb: 1576]
word=円
File size=15181------------------------=[end]

[begin]------------------------=
[2013/05/29 08:49:32] [articles_controller.rb: 1576]
word=日経平均
File size=15328------------------------=[end]

[begin]------------------------=
[2013/05/29 08:49:32] [articles_controller.rb: 1576]
word=ＥＵＲＩＢＯＲ
File size=15484------------------------=[end]

[begin]------------------------=
[2013/05/29 08:49:32] [articles_controller.rb: 1576]
word=米国
File size=15649------------------------=[end]

[begin]------------------------=
[2013/05/29 08:49:32] [articles_controller.rb: 1576]
word=米
File size=15799------------------------=[end]

[begin]------------------------=
[2013/05/29 08:49:32] [articles_controller.rb: 1576]
word=アメリカ
File size=15946------------------------=[end]

[begin]------------------------=
[2013/05/29 08:49:32] [articles_controller.rb: 1576]
word=中国
File size=16102------------------------=[end]

[begin]------------------------=
[2013/05/29 08:49:32] [articles_controller.rb: 1576]
word=中
File size=16252------------------------=[end]

[begin]------------------------=
[2013/05/29 08:49:32] [articles_controller.rb: 1576]
word=ヨーロッパ
File size=16399------------------------=[end]

[begin]------------------------=
[2013/05/29 08:49:32] [articles_controller.rb: 1576]
word=欧州
File size=16558------------------------=[end]

[begin]------------------------=
[2013/05/29 08:49:32] [articles_controller.rb: 1576]
word=欧
File size=16708------------------------=[end]

[begin]------------------------=
[2013/05/29 08:49:32] [articles_controller.rb: 1576]
word=EURIBOR
File size=16855------------------------=[end]

[begin]------------------------=
[2013/05/29 08:49:32] [articles_controller.rb: 1576]
word=EURO
File size=17006------------------------=[end]

[begin]------------------------=
[2013/05/29 08:49:32] [articles_controller.rb: 1576]
word=ユーロ
File size=17154------------------------=[end]

[begin]------------------------=
[2013/05/29 08:49:32] [articles_controller.rb: 1576]
word=ロシア
File size=17307------------------------=[end]

[begin]------------------------=
[2013/05/29 08:49:32] [articles_controller.rb: 1576]
word=東欧
File size=17460------------------------=[end]

[begin]------------------------=
[2013/05/29 08:49:32] [articles_controller.rb: 1576]
word=ポーランド
File size=17610------------------------=[end]

[begin]------------------------=
[2013/05/29 08:49:32] [articles_controller.rb: 1576]
word=イギリス
File size=17769------------------------=[end]

[begin]------------------------=
[2013/05/29 08:49:32] [articles_controller.rb: 1576]
word=フランス
File size=17925------------------------=[end]

[begin]------------------------=
[2013/05/29 08:49:32] [articles_controller.rb: 1576]
word=ドイツ
File size=18081------------------------=[end]

[begin]------------------------=
[2013/05/29 08:49:32] [articles_controller.rb: 1576]
word=スペイン
File size=18234------------------------=[end]

[begin]------------------------=
[2013/05/29 08:49:32] [articles_controller.rb: 1576]
word=イタリア
File size=18390------------------------=[end]

[begin]------------------------=
[2013/05/29 08:49:32] [articles_controller.rb: 1576]
word=伊
File size=18546------------------------=[end]

[begin]------------------------=
[2013/05/29 08:49:32] [articles_controller.rb: 1576]
word=ポルトガル
File size=18693------------------------=[end]

[begin]------------------------=
[2013/05/29 08:49:32] [articles_controller.rb: 1576]
word=韓国
File size=18852------------------------=[end]

[begin]------------------------=
[2013/05/29 08:49:32] [articles_controller.rb: 1576]
word=韓
File size=19002------------------------=[end]

[begin]------------------------=
[2013/05/29 08:49:32] [articles_controller.rb: 1576]
word=朝鮮
File size=19149------------------------=[end]

[begin]------------------------=
[2013/05/29 08:49:32] [articles_controller.rb: 1576]
word=サムスン
File size=19299------------------------=[end]

[begin]------------------------=
[2013/05/29 08:49:32] [articles_controller.rb: 1576]
word=現代
File size=19455------------------------=[end]

[begin]------------------------=
[2013/05/29 08:49:32] [articles_controller.rb: 1576]
word=イラン
File size=19605------------------------=[end]

[begin]------------------------=
[2013/05/29 08:49:32] [articles_controller.rb: 1576]
word=シリア
File size=19758------------------------=[end]

[begin]------------------------=
[2013/05/29 08:49:32] [articles_controller.rb: 1576]
word=イラク
File size=19911------------------------=[end]

