[begin]------------------------=
[2013/05/29 09:11:12] [articles_controller.rb: 1576]
word=ソーラー
File size=0------------------------=[end]

[begin]------------------------=
[2013/05/29 09:11:12] [articles_controller.rb: 1576]
word=原油
File size=152------------------------=[end]

[begin]------------------------=
[2013/05/29 09:11:12] [articles_controller.rb: 1576]
word=原発
File size=300------------------------=[end]

[begin]------------------------=
[2013/05/29 09:11:12] [articles_controller.rb: 1576]
word=石油
File size=448------------------------=[end]

[begin]------------------------=
[2013/05/29 09:11:12] [articles_controller.rb: 1576]
word=エネルギー
File size=596------------------------=[end]

[begin]------------------------=
[2013/05/29 09:11:12] [articles_controller.rb: 1576]
word=発電
File size=753------------------------=[end]

[begin]------------------------=
[2013/05/29 09:11:12] [articles_controller.rb: 1576]
word=火力
File size=901------------------------=[end]

[begin]------------------------=
[2013/05/29 09:11:12] [articles_controller.rb: 1576]
word=証券
File size=1049------------------------=[end]

[begin]------------------------=
[2013/05/29 09:11:12] [articles_controller.rb: 1576]
word=相場
File size=1198------------------------=[end]

[begin]------------------------=
[2013/05/29 09:11:12] [articles_controller.rb: 1576]
word=円
File size=1347------------------------=[end]

[begin]------------------------=
[2013/05/29 09:11:12] [articles_controller.rb: 1576]
word=日経平均
File size=1493------------------------=[end]

[begin]------------------------=
[2013/05/29 09:11:12] [articles_controller.rb: 1576]
word=ＥＵＲＩＢＯＲ
File size=1648------------------------=[end]

[begin]------------------------=
[2013/05/29 09:11:12] [articles_controller.rb: 1576]
word=米国
File size=1812------------------------=[end]

[begin]------------------------=
[2013/05/29 09:11:12] [articles_controller.rb: 1576]
word=米
File size=1961------------------------=[end]

[begin]------------------------=
[2013/05/29 09:11:12] [articles_controller.rb: 1576]
word=アメリカ
File size=2107------------------------=[end]

[begin]------------------------=
[2013/05/29 09:11:12] [articles_controller.rb: 1576]
word=中国
File size=2262------------------------=[end]

[begin]------------------------=
[2013/05/29 09:11:12] [articles_controller.rb: 1576]
word=中
File size=2411------------------------=[end]

[begin]------------------------=
[2013/05/29 09:11:12] [articles_controller.rb: 1576]
word=ヨーロッパ
File size=2557------------------------=[end]

[begin]------------------------=
[2013/05/29 09:11:12] [articles_controller.rb: 1576]
word=欧州
File size=2715------------------------=[end]

[begin]------------------------=
[2013/05/29 09:11:12] [articles_controller.rb: 1576]
word=欧
File size=2864------------------------=[end]

[begin]------------------------=
[2013/05/29 09:11:12] [articles_controller.rb: 1576]
word=EURIBOR
File size=3010------------------------=[end]

[begin]------------------------=
[2013/05/29 09:11:12] [articles_controller.rb: 1576]
word=EURO
File size=3160------------------------=[end]

[begin]------------------------=
[2013/05/29 09:11:12] [articles_controller.rb: 1576]
word=ユーロ
File size=3307------------------------=[end]

[begin]------------------------=
[2013/05/29 09:11:12] [articles_controller.rb: 1576]
word=ロシア
File size=3459------------------------=[end]

[begin]------------------------=
[2013/05/29 09:11:12] [articles_controller.rb: 1576]
word=東欧
File size=3611------------------------=[end]

[begin]------------------------=
[2013/05/29 09:11:12] [articles_controller.rb: 1576]
word=ポーランド
File size=3760------------------------=[end]

[begin]------------------------=
[2013/05/29 09:11:12] [articles_controller.rb: 1576]
word=イギリス
File size=3918------------------------=[end]

[begin]------------------------=
[2013/05/29 09:11:12] [articles_controller.rb: 1576]
word=フランス
File size=4073------------------------=[end]

[begin]------------------------=
[2013/05/29 09:11:12] [articles_controller.rb: 1576]
word=ドイツ
File size=4228------------------------=[end]

[begin]------------------------=
[2013/05/29 09:11:12] [articles_controller.rb: 1576]
word=スペイン
File size=4380------------------------=[end]

[begin]------------------------=
[2013/05/29 09:11:12] [articles_controller.rb: 1576]
word=イタリア
File size=4535------------------------=[end]

[begin]------------------------=
[2013/05/29 09:11:12] [articles_controller.rb: 1576]
word=伊
File size=4690------------------------=[end]

[begin]------------------------=
[2013/05/29 09:11:12] [articles_controller.rb: 1576]
word=ポルトガル
File size=4836------------------------=[end]

[begin]------------------------=
[2013/05/29 09:11:12] [articles_controller.rb: 1576]
word=韓国
File size=4994------------------------=[end]

[begin]------------------------=
[2013/05/29 09:11:12] [articles_controller.rb: 1576]
word=韓
File size=5143------------------------=[end]

[begin]------------------------=
[2013/05/29 09:11:12] [articles_controller.rb: 1576]
word=朝鮮
File size=5289------------------------=[end]

[begin]------------------------=
[2013/05/29 09:11:12] [articles_controller.rb: 1576]
word=サムスン
File size=5438------------------------=[end]

[begin]------------------------=
[2013/05/29 09:11:12] [articles_controller.rb: 1576]
word=現代
File size=5593------------------------=[end]

[begin]------------------------=
[2013/05/29 09:11:12] [articles_controller.rb: 1576]
word=イラン
File size=5742------------------------=[end]

[begin]------------------------=
[2013/05/29 09:11:12] [articles_controller.rb: 1576]
word=シリア
File size=5894------------------------=[end]

[begin]------------------------=
[2013/05/29 09:11:12] [articles_controller.rb: 1576]
word=イラク
File size=6046------------------------=[end]

[begin]------------------------=
[2013/05/29 09:11:12] [articles_controller.rb: 1576]
word=自動車
File size=6198------------------------=[end]

[begin]------------------------=
[2013/05/29 09:11:12] [articles_controller.rb: 1576]
word=乗用車
File size=6350------------------------=[end]

[begin]------------------------=
[2013/05/29 09:11:12] [articles_controller.rb: 1576]
word=日産
File size=6502------------------------=[end]

[begin]------------------------=
[2013/05/29 09:11:12] [articles_controller.rb: 1576]
word=日野
File size=6651------------------------=[end]

[begin]------------------------=
[2013/05/29 09:11:12] [articles_controller.rb: 1576]
word=三菱自
File size=6800------------------------=[end]

[begin]------------------------=
[2013/05/29 09:11:12] [articles_controller.rb: 1576]
word=トヨタ
File size=6952------------------------=[end]

[begin]------------------------=
[2013/05/29 09:11:12] [articles_controller.rb: 1576]
word=ダイハツ
File size=7104------------------------=[end]

[begin]------------------------=
[2013/05/29 09:11:12] [articles_controller.rb: 1576]
word=ホンダ
File size=7259------------------------=[end]

[begin]------------------------=
[2013/05/29 09:11:12] [articles_controller.rb: 1576]
word=マツダ
File size=7411------------------------=[end]

[begin]------------------------=
[2013/05/29 09:11:12] [articles_controller.rb: 1576]
word=ＢＭＷ
File size=7563------------------------=[end]

[begin]------------------------=
[2013/05/29 09:11:12] [articles_controller.rb: 1576]
word=BMW
File size=7715------------------------=[end]

[begin]------------------------=
[2013/05/29 09:11:12] [articles_controller.rb: 1576]
word=ベンツ
File size=7861------------------------=[end]

[begin]------------------------=
[2013/05/29 09:11:12] [articles_controller.rb: 1576]
word=ソニー
File size=8013------------------------=[end]

[begin]------------------------=
[2013/05/29 09:11:12] [articles_controller.rb: 1576]
word=パナソニック
File size=8165------------------------=[end]

[begin]------------------------=
[2013/05/29 09:11:12] [articles_controller.rb: 1576]
word=松下
File size=8326------------------------=[end]

[begin]------------------------=
[2013/05/29 09:11:12] [articles_controller.rb: 1576]
word=シャープ
File size=8475------------------------=[end]

[begin]------------------------=
[2013/05/29 09:11:12] [articles_controller.rb: 1576]
word=東芝
File size=8630------------------------=[end]

[begin]------------------------=
[2013/05/29 09:11:12] [articles_controller.rb: 1576]
word=三菱電
File size=8779------------------------=[end]

[begin]------------------------=
[2013/05/29 09:11:12] [articles_controller.rb: 1576]
word=セイコー
File size=8931------------------------=[end]

[begin]------------------------=
[2013/05/29 09:11:12] [articles_controller.rb: 1576]
word=ガソリン
File size=9086------------------------=[end]

[begin]------------------------=
[2013/05/29 09:11:12] [articles_controller.rb: 1576]
word=ソーラー
File size=9241------------------------=[end]

[begin]------------------------=
[2013/05/29 09:11:12] [articles_controller.rb: 1576]
word=原油
File size=9396------------------------=[end]

[begin]------------------------=
[2013/05/29 09:11:12] [articles_controller.rb: 1576]
word=原発
File size=9545------------------------=[end]

[begin]------------------------=
[2013/05/29 09:11:12] [articles_controller.rb: 1576]
word=石油
File size=9694------------------------=[end]

[begin]------------------------=
[2013/05/29 09:11:12] [articles_controller.rb: 1576]
word=エネルギー
File size=9843------------------------=[end]

[begin]------------------------=
[2013/05/29 09:11:12] [articles_controller.rb: 1576]
word=発電
File size=10001------------------------=[end]

[begin]------------------------=
[2013/05/29 09:11:12] [articles_controller.rb: 1576]
word=火力
File size=10151------------------------=[end]

[begin]------------------------=
[2013/05/29 09:11:12] [articles_controller.rb: 1576]
word=証券
File size=10301------------------------=[end]

[begin]------------------------=
[2013/05/29 09:11:12] [articles_controller.rb: 1576]
word=相場
File size=10451------------------------=[end]

[begin]------------------------=
[2013/05/29 09:11:12] [articles_controller.rb: 1576]
word=円
File size=10601------------------------=[end]

[begin]------------------------=
[2013/05/29 09:11:24] [articles_controller.rb: 1368]

number=3
File size=10748------------------------=[end]

[begin]------------------------=
[2013/05/29 09:11:24] [C:/WORKS/WS/WS_Android~/NewsReader3/app/controllers/articles_controller.rb: 1388]
int
File size=10897------------------------=[end]

[begin]------------------------=
[2013/05/29 09:11:24] [articles_controller.rb: 39]
genre=int
File size=11091------------------------=[end]

[begin]------------------------=
[2013/05/29 09:11:24] [articles_controller.rb: 140]
genre.name =>Overseas
File size=11237------------------------=[end]

[begin]------------------------=
[2013/05/29 09:11:24] [articles_controller.rb: 150]
genre != nil => Overseas
File size=11396------------------------=[end]

[begin]------------------------=
[2013/05/29 09:11:24] [articles_controller.rb: 159]
categories.size=1
File size=11558------------------------=[end]

[begin]------------------------=
[2013/05/29 09:11:24] [articles_controller.rb: 204]
category_names.size=2
File size=11713------------------------=[end]

[begin]------------------------=
[2013/05/29 09:11:42] [articles_controller.rb: 1368]

number=3
File size=11872------------------------=[end]

[begin]------------------------=
[2013/05/29 09:11:42] [C:/WORKS/WS/WS_Android~/NewsReader3/app/controllers/articles_controller.rb: 1388]
int
File size=12021------------------------=[end]

[begin]------------------------=
[2013/05/29 09:11:42] [articles_controller.rb: 39]
genre=int
File size=12215------------------------=[end]

[begin]------------------------=
[2013/05/29 09:11:42] [articles_controller.rb: 140]
genre.name =>Overseas
File size=12361------------------------=[end]

[begin]------------------------=
[2013/05/29 09:11:42] [articles_controller.rb: 150]
genre != nil => Overseas
File size=12520------------------------=[end]

[begin]------------------------=
[2013/05/29 09:11:42] [articles_controller.rb: 159]
categories.size=1
File size=12682------------------------=[end]

[begin]------------------------=
[2013/05/29 09:11:42] [articles_controller.rb: 204]
category_names.size=2
File size=12837------------------------=[end]

[begin]------------------------=
[2013/05/29 09:11:42] [articles_controller.rb: 78]
@category_names.size=2
File size=12996------------------------=[end]

[begin]------------------------=
[2013/05/29 09:11:42] [articles_controller.rb: 1298]
category.name=US
File size=13155------------------------=[end]

[begin]------------------------=
[2013/05/29 09:11:42] [articles_controller.rb: 1307]
kws.size=1
File size=13310------------------------=[end]

[begin]------------------------=
[2013/05/29 09:11:43] [articles_controller.rb: 492]
vendor_list.size=0/a_tags_href.size=75
File size=13459------------------------=[end]

[begin]------------------------=
[2013/05/29 09:11:43] [articles_controller.rb: 1649]
keywords.length=1
File size=13635------------------------=[end]

[begin]------------------------=
[2013/05/29 09:12:08] [articles_controller.rb: 1368]

number=3
File size=13791------------------------=[end]

[begin]------------------------=
[2013/05/29 09:12:08] [C:/WORKS/WS/WS_Android~/NewsReader3/app/controllers/articles_controller.rb: 1388]
int
File size=13940------------------------=[end]

[begin]------------------------=
[2013/05/29 09:12:08] [articles_controller.rb: 39]
genre=int
File size=14134------------------------=[end]

[begin]------------------------=
[2013/05/29 09:12:08] [articles_controller.rb: 140]
genre.name =>Overseas
File size=14280------------------------=[end]

[begin]------------------------=
[2013/05/29 09:12:08] [articles_controller.rb: 150]
genre != nil => Overseas
File size=14439------------------------=[end]

[begin]------------------------=
[2013/05/29 09:12:08] [articles_controller.rb: 159]
categories.size=1
File size=14601------------------------=[end]

[begin]------------------------=
[2013/05/29 09:12:08] [articles_controller.rb: 204]
category_names.size=2
File size=14756------------------------=[end]

[begin]------------------------=
[2013/05/29 09:12:08] [articles_controller.rb: 78]
@category_names.size=2
File size=14915------------------------=[end]

[begin]------------------------=
[2013/05/29 09:12:08] [articles_controller.rb: 1298]
category.name=US
File size=15074------------------------=[end]

[begin]------------------------=
[2013/05/29 09:12:08] [articles_controller.rb: 1307]
kws.size=1
File size=15229------------------------=[end]

[begin]------------------------=
[2013/05/29 09:12:09] [articles_controller.rb: 492]
vendor_list.size=0/a_tags_href.size=75
File size=15378------------------------=[end]

[begin]------------------------=
[2013/05/29 09:12:09] [articles_controller.rb: 1649]
keywords.length=1
File size=15554------------------------=[end]

[begin]------------------------=
[2013/05/29 09:13:43] [articles_controller.rb: 1368]

number=3
File size=15710------------------------=[end]

[begin]------------------------=
[2013/05/29 09:13:43] [C:/WORKS/WS/WS_Android~/NewsReader3/app/controllers/articles_controller.rb: 1388]
int
File size=15859------------------------=[end]

[begin]------------------------=
[2013/05/29 09:13:43] [articles_controller.rb: 39]
genre=int
File size=16053------------------------=[end]

[begin]------------------------=
[2013/05/29 09:13:43] [articles_controller.rb: 140]
genre.name =>Overseas
File size=16199------------------------=[end]

[begin]------------------------=
[2013/05/29 09:13:43] [articles_controller.rb: 150]
genre != nil => Overseas
File size=16358------------------------=[end]

[begin]------------------------=
[2013/05/29 09:13:43] [articles_controller.rb: 159]
categories.size=1
File size=16520------------------------=[end]

[begin]------------------------=
[2013/05/29 09:13:43] [articles_controller.rb: 204]
category_names.size=2
File size=16675------------------------=[end]

[begin]------------------------=
[2013/05/29 09:13:43] [articles_controller.rb: 78]
@category_names.size=2
File size=16834------------------------=[end]

[begin]------------------------=
[2013/05/29 09:13:43] [articles_controller.rb: 1298]
category.name=US
File size=16993------------------------=[end]

[begin]------------------------=
[2013/05/29 09:13:43] [articles_controller.rb: 1307]
kws.size=1
File size=17148------------------------=[end]

[begin]------------------------=
[2013/05/29 09:13:44] [articles_controller.rb: 492]
vendor_list.size=0/a_tags_href.size=75
File size=17297------------------------=[end]

[begin]------------------------=
[2013/05/29 09:13:44] [articles_controller.rb: 1649]
keywords.length=1
File size=17473------------------------=[end]

[begin]------------------------=
[2013/05/29 09:13:55] [articles_controller.rb: 1368]

number=3
File size=17629------------------------=[end]

[begin]------------------------=
[2013/05/29 09:13:55] [C:/WORKS/WS/WS_Android~/NewsReader3/app/controllers/articles_controller.rb: 1388]
int
File size=17778------------------------=[end]

[begin]------------------------=
[2013/05/29 09:13:55] [articles_controller.rb: 39]
genre=int
File size=17972------------------------=[end]

[begin]------------------------=
[2013/05/29 09:13:55] [articles_controller.rb: 140]
genre.name =>Overseas
File size=18118------------------------=[end]

[begin]------------------------=
[2013/05/29 09:13:55] [articles_controller.rb: 150]
genre != nil => Overseas
File size=18277------------------------=[end]

[begin]------------------------=
[2013/05/29 09:13:55] [articles_controller.rb: 159]
categories.size=1
File size=18439------------------------=[end]

[begin]------------------------=
[2013/05/29 09:13:55] [articles_controller.rb: 204]
category_names.size=2
File size=18594------------------------=[end]

[begin]------------------------=
[2013/05/29 09:13:55] [articles_controller.rb: 78]
@category_names.size=2
File size=18753------------------------=[end]

[begin]------------------------=
[2013/05/29 09:13:55] [articles_controller.rb: 1298]
category.name=US
File size=18912------------------------=[end]

[begin]------------------------=
[2013/05/29 09:13:55] [articles_controller.rb: 1307]
kws.size=1
File size=19067------------------------=[end]

[begin]------------------------=
[2013/05/29 09:13:56] [articles_controller.rb: 492]
vendor_list.size=0/a_tags_href.size=75
File size=19216------------------------=[end]

[begin]------------------------=
[2013/05/29 09:13:56] [articles_controller.rb: 1649]
keywords.length=1
File size=19392------------------------=[end]

[begin]------------------------=
[2013/05/29 09:13:56] [articles_controller.rb: 1668]
kw=米国
File size=19548------------------------=[end]

[begin]------------------------=
[2013/05/29 09:13:56] [articles_controller.rb: 1668]
kw=米国
File size=19696------------------------=[end]

[begin]------------------------=
[2013/05/29 09:13:56] [articles_controller.rb: 1668]
kw=米国
File size=19844------------------------=[end]

[begin]------------------------=
[2013/05/29 09:13:56] [articles_controller.rb: 1668]
kw=米国
File size=19992------------------------=[end]

